[35m[Appium][39m Welcome to Appium v1.8.1
[35m[Appium][39m Non-default server args:
[35m[Appium][39m   port: 57704
[35m[Appium][39m   loglevel: info
[35m[Appium][39m   chromeDriverPort: 57711
[35m[Appium][39m   tmpDir: C:\Users\APERSH~1\AppData\Local\Temp\\Katalon\Appium\Temp1574949265691
[35m[Appium][39m Appium REST http interface listener started on 0.0.0.0:57704
[35m[HTTP][39m [37m-->[39m [37mGET[39m [37m/wd/hub/status[39m
[35m[HTTP][39m [90m{}[39m
[35m[HTTP][39m [37m<-- GET /wd/hub/status [39m[32m200[39m [90m19 ms - 83[39m
[35m[HTTP][39m [90m[39m
[35m[HTTP][39m [37m-->[39m [37mPOST[39m [37m/wd/hub/session[39m
[35m[HTTP][39m [90m{"desiredCapabilities":{"app":"C:\\Users\\apershina\\Desktop\\Projects\\Floors\\FloorsApp\\app\\build\\outputs\\apk\\debug\\app-debug.apk","autoGrantPermissions":true,"automationName":"uiautomator2","deviceName":"samsung SM-A530F (Android 9)","fullReset":false,"newCommandTimeout":1800,"noReset":true,"platform":"ANDROID","platformName":"Android","udid":"5200502e5b11c491"},"capabilities":{"desiredCapabilities":{"app":"C:\\Users\\apershina\\Desktop\\Projects\\Floors\\FloorsApp\\app\\build\\outputs\\apk\\debug\\app-debug.apk","autoGrantPermissions":true,"automationName":"uiautomator2","deviceName":"samsung SM-A530F (Android 9)","fullReset":false,"newCommandTimeout":1800,"noReset":true,"platform":"ANDROID","platformName":"Android","udid":"5200502e5b11c491"},"firstMatch":[{"platformName":"android"}]}}[39m
[35m[Appium][39m Could not parse W3C capabilities: 'deviceName' can't be blank. Falling back to JSONWP protocol.
[35m[Appium][39m The following capabilities were provided in the JSONWP desired capabilities that are missing in W3C capabilities: ["app","autoGrantPermissions","automationName","deviceName","fullReset","newCommandTimeout","noReset","platform","platformName","udid"]. Falling back to JSONWP protocol.
[35m[Appium][39m Creating new AndroidUiautomator2Driver (v1.12.0) session
[35m[Appium][39m Capabilities:
[35m[Appium][39m   app: C:\Users\apershina\Desktop\Projects\Floors\FloorsApp\app\build\outputs\apk\debug\app-debug.apk
[35m[Appium][39m   autoGrantPermissions: true
[35m[Appium][39m   automationName: uiautomator2
[35m[Appium][39m   deviceName: samsung SM-A530F (Android 9)
[35m[Appium][39m   fullReset: false
[35m[Appium][39m   newCommandTimeout: 1800
[35m[Appium][39m   noReset: true
[35m[Appium][39m   platform: ANDROID
[35m[Appium][39m   platformName: Android
[35m[Appium][39m   udid: 5200502e5b11c491
[35m[BaseDriver][39m The following capabilities were provided, but are not recognized by appium: platform.
[35m[BaseDriver][39m Session created with session id: 8c63d5bf-3bf3-41e8-9ea3-40c6a1810a2f
[35m[BaseDriver][39m Using local app 'C:\Users\apershina\Desktop\Projects\Floors\FloorsApp\app\build\outputs\apk\debug\app-debug.apk'
[35m[AndroidDriver][39m Java version is: 1.8.0_181
[35m[ADB][39m Checking whether adb is present
[35m[ADB][39m Found 1 'build-tools' folders under 'C:\Users\apershina\.katalon\tools\android_sdk' (newest first):
[35m[ADB][39m     C:/Users/apershina/.katalon/tools/android_sdk/build-tools/28.0.3
[35m[ADB][39m Using adb.exe from C:\Users\apershina\.katalon\tools\android_sdk\platform-tools\adb.exe
[35m[AndroidDriver][39m Retrieving device list
[35m[AndroidDriver][39m Using device: 5200502e5b11c491
[35m[ADB][39m Using the alternative activity name detection method because of: Could not find apkanalyzer.bat in C:\Users\apershina\.katalon\tools\android_sdk\platform-tools\apkanalyzer.bat,C:\Users\apershina\.katalon\tools\android_sdk\emulator\apkanalyzer.bat,C:\Users\apershina\.katalon\tools\android_sdk\tools\apkanalyzer.bat,C:\Users\apershina\.katalon\tools\android_sdk\tools\bin\apkanalyzer.bat,C:\Users\apershina\.katalon\tools\android_sdk\build-tools\28.0.3\apkanalyzer.bat. Do you have the Android SDK installed at 'C:\Users\apershina\.katalon\tools\android_sdk'?
[35m[ADB][39m Checking whether aapt is present
[35m[ADB][39m Using aapt.exe from C:\Users\apershina\.katalon\tools\android_sdk\build-tools\28.0.3\aapt.exe
[35m[ADB][39m Extracting package and launch activity from manifest
[35m[ADB][39m Package name: 'com.msteam.floors.nsu'
[35m[ADB][39m Main activity name: 'com.msteam.floors.SplashActivity'
[35m[ADB][39m Getting device platform version
[35m[ADB][39m Using apksigner.bat from C:\Users\apershina\.katalon\tools\android_sdk\build-tools\28.0.3\apksigner.bat
[35m[ADB][39m Checking whether zipalign is present
[35m[ADB][39m Using zipalign.exe from C:\Users\apershina\.katalon\tools\android_sdk\build-tools\28.0.3\zipalign.exe
[35m[ADB][39m io.appium.uiautomator2.server was successfully uninstalled
[35m[ADB][39m io.appium.uiautomator2.server.test was successfully uninstalled
[35m[AndroidDriver][39m setDeviceLanguageCountry requires language or country.
[35m[AndroidDriver][39m Got language: 'null' and country: 'null'
[35m[ADB][39m Successfully extracted 132 strings from 'C:\Users\apershina\Desktop\Projects\Floors\FloorsApp\app\build\outputs\apk\debug\app-debug.apk' resources for '(default)' configuration
[35m[UiAutomator2][39m Starting uiautomator2 server 1.12.0
[35m[UiAutomator2][39m Using UIAutomator2 server from 'C:\Users\apershina\AppData\Roaming\npm\node_modules\appium\node_modules\appium-uiautomator2-server\apks\appium-uiautomator2-server-v1.12.0.apk' and test from 'C:\Users\apershina\AppData\Roaming\npm\node_modules\appium\node_modules\appium-uiautomator2-server\apks\appium-uiautomator2-server-debug-androidTest.apk'
[35m[UiAutomator2][39m Running command: 'adb -s 5200502e5b11c491 shell am instrument -w io.appium.uiautomator2.server.test/android.support.test.runner.AndroidJUnitRunner'
[35m[UiAutomator2][39m Waiting up to 20000ms for UiAutomator2 to be online...
[35m[AndroidDriver][39m Screen already unlocked, doing nothing
[35m[UiAutomator2][39m UiAutomator2 did not start the activity we were waiting for, 'com.msteam.floors.nsu/com.msteam.floors.SplashActivity'. Starting it ourselves
[35m[Appium][39m New AndroidUiautomator2Driver session created successfully, session 8c63d5bf-3bf3-41e8-9ea3-40c6a1810a2f added to master session list
[35m[HTTP][39m [37m<-- POST /wd/hub/session [39m[32m200[39m [90m28579 ms - 1266[39m
[35m[HTTP][39m [90m[39m
[35m[HTTP][39m [37m-->[39m [37mGET[39m [37m/wd/hub/status[39m
[35m[HTTP][39m [90m{}[39m
[35m[HTTP][39m [37m<-- GET /wd/hub/status [39m[32m200[39m [90m7 ms - 55[39m
[35m[HTTP][39m [90m[39m
[35m[HTTP][39m [37m-->[39m [37mPOST[39m [37m/wd/hub/session/8c63d5bf-3bf3-41e8-9ea3-40c6a1810a2f/timeouts[39m
[35m[HTTP][39m [90m{"type":"implicit","ms":30000}[39m
[35m[HTTP][39m [37m<-- POST /wd/hub/session/8c63d5bf-3bf3-41e8-9ea3-40c6a1810a2f/timeouts [39m[33m400[39m [90m27 ms - 5332[39m
[35m[HTTP][39m [90m[39m
[35m[HTTP][39m [37m-->[39m [37mGET[39m [37m/wd/hub/session/8c63d5bf-3bf3-41e8-9ea3-40c6a1810a2f/window/current/size[39m
[35m[HTTP][39m [90m{}[39m
[35m[W3C][39m Driver proxy active, passing request on via HTTP proxy
[35m[JSONWP Proxy][39m Replacing sessionId beff8f0e-d390-4e12-b6a4-4b6969f41d7d with 8c63d5bf-3bf3-41e8-9ea3-40c6a1810a2f
[35m[HTTP][39m [37m<-- GET /wd/hub/session/8c63d5bf-3bf3-41e8-9ea3-40c6a1810a2f/window/current/size [39m[32m200[39m [90m111 ms - 100[39m
[35m[HTTP][39m [90m[39m
[35m[HTTP][39m [37m-->[39m [37mPOST[39m [37m/wd/hub/session/8c63d5bf-3bf3-41e8-9ea3-40c6a1810a2f/elements[39m
[35m[HTTP][39m [90m{"using":"-android uiautomator","value":"new UiSelector().className(\"android.widget.EditText\").text(\"Искать\").resourceId(\"com.msteam.floors.nsu:id/searchEditText_input\").instance(0)"}[39m
[35m[HTTP][39m [37m<-- POST /wd/hub/session/8c63d5bf-3bf3-41e8-9ea3-40c6a1810a2f/elements [39m[32m200[39m [90m133 ms - 74[39m
[35m[HTTP][39m [90m[39m
[35m[HTTP][39m [37m-->[39m [37mPOST[39m [37m/wd/hub/session/8c63d5bf-3bf3-41e8-9ea3-40c6a1810a2f/elements[39m
[35m[HTTP][39m [90m{"using":"-android uiautomator","value":"new UiSelector().className(\"android.widget.EditText\").text(\"Искать\").resourceId(\"com.msteam.floors.nsu:id/searchEditText_input\").instance(0)"}[39m
[35m[HTTP][39m [37m<-- POST /wd/hub/session/8c63d5bf-3bf3-41e8-9ea3-40c6a1810a2f/elements [39m[32m200[39m [90m105 ms - 74[39m
[35m[HTTP][39m [90m[39m
[35m[HTTP][39m [37m-->[39m [37mPOST[39m [37m/wd/hub/session/8c63d5bf-3bf3-41e8-9ea3-40c6a1810a2f/elements[39m
[35m[HTTP][39m [90m{"using":"-android uiautomator","value":"new UiSelector().className(\"android.widget.EditText\").text(\"Искать\").resourceId(\"com.msteam.floors.nsu:id/searchEditText_input\").instance(0)"}[39m
[35m[HTTP][39m [37m<-- POST /wd/hub/session/8c63d5bf-3bf3-41e8-9ea3-40c6a1810a2f/elements [39m[32m200[39m [90m94 ms - 74[39m
[35m[HTTP][39m [90m[39m
[35m[HTTP][39m [37m-->[39m [37mPOST[39m [37m/wd/hub/session/8c63d5bf-3bf3-41e8-9ea3-40c6a1810a2f/elements[39m
[35m[HTTP][39m [90m{"using":"-android uiautomator","value":"new UiSelector().className(\"android.widget.EditText\").text(\"Искать\").resourceId(\"com.msteam.floors.nsu:id/searchEditText_input\").instance(0)"}[39m
[35m[HTTP][39m [37m<-- POST /wd/hub/session/8c63d5bf-3bf3-41e8-9ea3-40c6a1810a2f/elements [39m[32m200[39m [90m89 ms - 74[39m
[35m[HTTP][39m [90m[39m
[35m[HTTP][39m [37m-->[39m [37mPOST[39m [37m/wd/hub/session/8c63d5bf-3bf3-41e8-9ea3-40c6a1810a2f/elements[39m
[35m[HTTP][39m [90m{"using":"-android uiautomator","value":"new UiSelector().className(\"android.widget.EditText\").text(\"Искать\").resourceId(\"com.msteam.floors.nsu:id/searchEditText_input\").instance(0)"}[39m
[35m[HTTP][39m [37m<-- POST /wd/hub/session/8c63d5bf-3bf3-41e8-9ea3-40c6a1810a2f/elements [39m[32m200[39m [90m88 ms - 74[39m
[35m[HTTP][39m [90m[39m
[35m[HTTP][39m [37m-->[39m [37mPOST[39m [37m/wd/hub/session/8c63d5bf-3bf3-41e8-9ea3-40c6a1810a2f/elements[39m
[35m[HTTP][39m [90m{"using":"-android uiautomator","value":"new UiSelector().className(\"android.widget.EditText\").text(\"Искать\").resourceId(\"com.msteam.floors.nsu:id/searchEditText_input\").instance(0)"}[39m
[35m[HTTP][39m [37m<-- POST /wd/hub/session/8c63d5bf-3bf3-41e8-9ea3-40c6a1810a2f/elements [39m[32m200[39m [90m92 ms - 74[39m
[35m[HTTP][39m [90m[39m
[35m[HTTP][39m [37m-->[39m [37mPOST[39m [37m/wd/hub/session/8c63d5bf-3bf3-41e8-9ea3-40c6a1810a2f/elements[39m
[35m[HTTP][39m [90m{"using":"-android uiautomator","value":"new UiSelector().className(\"android.widget.EditText\").text(\"Искать\").resourceId(\"com.msteam.floors.nsu:id/searchEditText_input\").instance(0)"}[39m
[35m[HTTP][39m [37m<-- POST /wd/hub/session/8c63d5bf-3bf3-41e8-9ea3-40c6a1810a2f/elements [39m[32m200[39m [90m87 ms - 74[39m
[35m[HTTP][39m [90m[39m
[35m[HTTP][39m [37m-->[39m [37mPOST[39m [37m/wd/hub/session/8c63d5bf-3bf3-41e8-9ea3-40c6a1810a2f/elements[39m
[35m[HTTP][39m [90m{"using":"-android uiautomator","value":"new UiSelector().className(\"android.widget.EditText\").text(\"Искать\").resourceId(\"com.msteam.floors.nsu:id/searchEditText_input\").instance(0)"}[39m
[35m[HTTP][39m [37m<-- POST /wd/hub/session/8c63d5bf-3bf3-41e8-9ea3-40c6a1810a2f/elements [39m[32m200[39m [90m89 ms - 74[39m
[35m[HTTP][39m [90m[39m
[35m[HTTP][39m [37m-->[39m [37mPOST[39m [37m/wd/hub/session/8c63d5bf-3bf3-41e8-9ea3-40c6a1810a2f/elements[39m
[35m[HTTP][39m [90m{"using":"-android uiautomator","value":"new UiSelector().className(\"android.widget.EditText\").text(\"Искать\").resourceId(\"com.msteam.floors.nsu:id/searchEditText_input\").instance(0)"}[39m
[35m[HTTP][39m [37m<-- POST /wd/hub/session/8c63d5bf-3bf3-41e8-9ea3-40c6a1810a2f/elements [39m[32m200[39m [90m95 ms - 74[39m
[35m[HTTP][39m [90m[39m
[35m[HTTP][39m [37m-->[39m [37mPOST[39m [37m/wd/hub/session/8c63d5bf-3bf3-41e8-9ea3-40c6a1810a2f/elements[39m
[35m[HTTP][39m [90m{"using":"-android uiautomator","value":"new UiSelector().className(\"android.widget.EditText\").text(\"Искать\").resourceId(\"com.msteam.floors.nsu:id/searchEditText_input\").instance(0)"}[39m
[35m[HTTP][39m [37m<-- POST /wd/hub/session/8c63d5bf-3bf3-41e8-9ea3-40c6a1810a2f/elements [39m[32m200[39m [90m54 ms - 74[39m
[35m[HTTP][39m [90m[39m
[35m[HTTP][39m [37m-->[39m [37mPOST[39m [37m/wd/hub/session/8c63d5bf-3bf3-41e8-9ea3-40c6a1810a2f/elements[39m
[35m[HTTP][39m [90m{"using":"-android uiautomator","value":"new UiSelector().className(\"android.widget.EditText\").text(\"Искать\").resourceId(\"com.msteam.floors.nsu:id/searchEditText_input\").instance(0)"}[39m
[35m[HTTP][39m [37m<-- POST /wd/hub/session/8c63d5bf-3bf3-41e8-9ea3-40c6a1810a2f/elements [39m[32m200[39m [90m1599 ms - 74[39m
[35m[HTTP][39m [90m[39m
[35m[HTTP][39m [37m-->[39m [37mPOST[39m [37m/wd/hub/session/8c63d5bf-3bf3-41e8-9ea3-40c6a1810a2f/elements[39m
[35m[HTTP][39m [90m{"using":"-android uiautomator","value":"new UiSelector().className(\"android.widget.EditText\").text(\"Искать\").resourceId(\"com.msteam.floors.nsu:id/searchEditText_input\").instance(0)"}[39m
[35m[HTTP][39m [37m<-- POST /wd/hub/session/8c63d5bf-3bf3-41e8-9ea3-40c6a1810a2f/elements [39m[32m200[39m [90m451 ms - 74[39m
[35m[HTTP][39m [90m[39m
[35m[HTTP][39m [37m-->[39m [37mPOST[39m [37m/wd/hub/session/8c63d5bf-3bf3-41e8-9ea3-40c6a1810a2f/elements[39m
[35m[HTTP][39m [90m{"using":"-android uiautomator","value":"new UiSelector().className(\"android.widget.EditText\").text(\"Искать\").resourceId(\"com.msteam.floors.nsu:id/searchEditText_input\").instance(0)"}[39m
[35m[HTTP][39m [37m<-- POST /wd/hub/session/8c63d5bf-3bf3-41e8-9ea3-40c6a1810a2f/elements [39m[32m200[39m [90m1561 ms - 124[39m
[35m[HTTP][39m [90m[39m
[35m[HTTP][39m [37m-->[39m [37mGET[39m [37m/wd/hub/session/8c63d5bf-3bf3-41e8-9ea3-40c6a1810a2f[39m
[35m[HTTP][39m [90m{}[39m
[35m[HTTP][39m [37m<-- GET /wd/hub/session/8c63d5bf-3bf3-41e8-9ea3-40c6a1810a2f [39m[32m200[39m [90m33 ms - 1266[39m
[35m[HTTP][39m [90m[39m
[35m[HTTP][39m [37m-->[39m [37mGET[39m [37m/wd/hub/session/8c63d5bf-3bf3-41e8-9ea3-40c6a1810a2f[39m
[35m[HTTP][39m [90m{}[39m
[35m[HTTP][39m [37m<-- GET /wd/hub/session/8c63d5bf-3bf3-41e8-9ea3-40c6a1810a2f [39m[32m200[39m [90m29 ms - 1266[39m
[35m[HTTP][39m [90m[39m
[35m[HTTP][39m [37m-->[39m [37mGET[39m [37m/wd/hub/session/8c63d5bf-3bf3-41e8-9ea3-40c6a1810a2f[39m
[35m[HTTP][39m [90m{}[39m
[35m[HTTP][39m [37m<-- GET /wd/hub/session/8c63d5bf-3bf3-41e8-9ea3-40c6a1810a2f [39m[32m200[39m [90m28 ms - 1266[39m
[35m[HTTP][39m [90m[39m
[35m[HTTP][39m [37m-->[39m [37mGET[39m [37m/wd/hub/session/8c63d5bf-3bf3-41e8-9ea3-40c6a1810a2f[39m
[35m[HTTP][39m [90m{}[39m
[35m[HTTP][39m [37m<-- GET /wd/hub/session/8c63d5bf-3bf3-41e8-9ea3-40c6a1810a2f [39m[32m200[39m [90m28 ms - 1266[39m
[35m[HTTP][39m [90m[39m
[35m[HTTP][39m [37m-->[39m [37mGET[39m [37m/wd/hub/session/8c63d5bf-3bf3-41e8-9ea3-40c6a1810a2f/element/561f8371-a414-42c4-a494-dbf8676870a9/location[39m
[35m[HTTP][39m [90m{}[39m
[35m[W3C][39m Driver proxy active, passing request on via HTTP proxy
[35m[JSONWP Proxy][39m Replacing sessionId beff8f0e-d390-4e12-b6a4-4b6969f41d7d with 8c63d5bf-3bf3-41e8-9ea3-40c6a1810a2f
[35m[HTTP][39m [37m<-- GET /wd/hub/session/8c63d5bf-3bf3-41e8-9ea3-40c6a1810a2f/element/561f8371-a414-42c4-a494-dbf8676870a9/location [39m[32m200[39m [90m98 ms - 88[39m
[35m[HTTP][39m [90m[39m
[35m[HTTP][39m [37m-->[39m [37mPOST[39m [37m/wd/hub/session/8c63d5bf-3bf3-41e8-9ea3-40c6a1810a2f/touch/perform[39m
[35m[HTTP][39m [90m{"actions":[{"action":"tap","options":{"element":"561f8371-a414-42c4-a494-dbf8676870a9","x":1,"y":1}}]}[39m
[35m[UiAutomator2][39m calling get location: 561f8371-a414-42c4-a494-dbf8676870a9
[35m[HTTP][39m [37m<-- POST /wd/hub/session/8c63d5bf-3bf3-41e8-9ea3-40c6a1810a2f/touch/perform [39m[32m200[39m [90m1633 ms - 76[39m
[35m[HTTP][39m [90m[39m
[35m[HTTP][39m [37m-->[39m [37mGET[39m [37m/wd/hub/session/8c63d5bf-3bf3-41e8-9ea3-40c6a1810a2f/window/current/size[39m
[35m[HTTP][39m [90m{}[39m
[35m[W3C][39m Driver proxy active, passing request on via HTTP proxy
[35m[JSONWP Proxy][39m Replacing sessionId beff8f0e-d390-4e12-b6a4-4b6969f41d7d with 8c63d5bf-3bf3-41e8-9ea3-40c6a1810a2f
[35m[HTTP][39m [37m<-- GET /wd/hub/session/8c63d5bf-3bf3-41e8-9ea3-40c6a1810a2f/window/current/size [39m[32m200[39m [90m83 ms - 100[39m
[35m[HTTP][39m [90m[39m
[35m[HTTP][39m [37m-->[39m [37mPOST[39m [37m/wd/hub/session/8c63d5bf-3bf3-41e8-9ea3-40c6a1810a2f/elements[39m
[35m[HTTP][39m [90m{"using":"-android uiautomator","value":"new UiSelector().className(\"android.widget.EditText\").text(\"Искать\").resourceId(\"com.msteam.floors.nsu:id/searchEditText_input\").instance(0)"}[39m
[35m[HTTP][39m [37m<-- POST /wd/hub/session/8c63d5bf-3bf3-41e8-9ea3-40c6a1810a2f/elements [39m[32m200[39m [90m233 ms - 124[39m
[35m[HTTP][39m [90m[39m
[35m[HTTP][39m [37m-->[39m [37mGET[39m [37m/wd/hub/session/8c63d5bf-3bf3-41e8-9ea3-40c6a1810a2f[39m
[35m[HTTP][39m [90m{}[39m
[35m[HTTP][39m [37m<-- GET /wd/hub/session/8c63d5bf-3bf3-41e8-9ea3-40c6a1810a2f [39m[32m200[39m [90m30 ms - 1266[39m
[35m[HTTP][39m [90m[39m
[35m[HTTP][39m [37m-->[39m [37mGET[39m [37m/wd/hub/session/8c63d5bf-3bf3-41e8-9ea3-40c6a1810a2f[39m
[35m[HTTP][39m [90m{}[39m
[35m[HTTP][39m [37m<-- GET /wd/hub/session/8c63d5bf-3bf3-41e8-9ea3-40c6a1810a2f [39m[32m200[39m [90m29 ms - 1266[39m
[35m[HTTP][39m [90m[39m
[35m[HTTP][39m [37m-->[39m [37mGET[39m [37m/wd/hub/session/8c63d5bf-3bf3-41e8-9ea3-40c6a1810a2f[39m
[35m[HTTP][39m [90m{}[39m
[35m[HTTP][39m [37m<-- GET /wd/hub/session/8c63d5bf-3bf3-41e8-9ea3-40c6a1810a2f [39m[32m200[39m [90m28 ms - 1266[39m
[35m[HTTP][39m [90m[39m
[35m[HTTP][39m [37m-->[39m [37mGET[39m [37m/wd/hub/session/8c63d5bf-3bf3-41e8-9ea3-40c6a1810a2f[39m
[35m[HTTP][39m [90m{}[39m
[35m[HTTP][39m [37m<-- GET /wd/hub/session/8c63d5bf-3bf3-41e8-9ea3-40c6a1810a2f [39m[32m200[39m [90m31 ms - 1266[39m
[35m[HTTP][39m [90m[39m
[35m[HTTP][39m [37m-->[39m [37mGET[39m [37m/wd/hub/session/8c63d5bf-3bf3-41e8-9ea3-40c6a1810a2f/element/4a5d02d0-9c2f-452e-9aa1-6764330e4fcb/location[39m
[35m[HTTP][39m [90m{}[39m
[35m[W3C][39m Driver proxy active, passing request on via HTTP proxy
[35m[JSONWP Proxy][39m Replacing sessionId beff8f0e-d390-4e12-b6a4-4b6969f41d7d with 8c63d5bf-3bf3-41e8-9ea3-40c6a1810a2f
[35m[HTTP][39m [37m<-- GET /wd/hub/session/8c63d5bf-3bf3-41e8-9ea3-40c6a1810a2f/element/4a5d02d0-9c2f-452e-9aa1-6764330e4fcb/location [39m[32m200[39m [90m93 ms - 88[39m
[35m[HTTP][39m [90m[39m
[35m[HTTP][39m [37m-->[39m [37mPOST[39m [37m/wd/hub/session/8c63d5bf-3bf3-41e8-9ea3-40c6a1810a2f/element/4a5d02d0-9c2f-452e-9aa1-6764330e4fcb/clear[39m
[35m[HTTP][39m [90m{"id":"4a5d02d0-9c2f-452e-9aa1-6764330e4fcb"}[39m
[35m[HTTP][39m [37m<-- POST /wd/hub/session/8c63d5bf-3bf3-41e8-9ea3-40c6a1810a2f/element/4a5d02d0-9c2f-452e-9aa1-6764330e4fcb/clear [39m[32m200[39m [90m160 ms - 89[39m
[35m[HTTP][39m [90m[39m
[35m[HTTP][39m [37m-->[39m [37mPOST[39m [37m/wd/hub/session/8c63d5bf-3bf3-41e8-9ea3-40c6a1810a2f/element/4a5d02d0-9c2f-452e-9aa1-6764330e4fcb/value[39m
[35m[HTTP][39m [90m{"id":"4a5d02d0-9c2f-452e-9aa1-6764330e4fcb","value":["1226"]}[39m
[35m[HTTP][39m [37m<-- POST /wd/hub/session/8c63d5bf-3bf3-41e8-9ea3-40c6a1810a2f/element/4a5d02d0-9c2f-452e-9aa1-6764330e4fcb/value [39m[32m200[39m [90m1954 ms - 74[39m
[35m[HTTP][39m [90m[39m
[35m[HTTP][39m [37m-->[39m [37mGET[39m [37m/wd/hub/session/8c63d5bf-3bf3-41e8-9ea3-40c6a1810a2f/window/current/size[39m
[35m[HTTP][39m [90m{}[39m
[35m[W3C][39m Driver proxy active, passing request on via HTTP proxy
[35m[JSONWP Proxy][39m Replacing sessionId beff8f0e-d390-4e12-b6a4-4b6969f41d7d with 8c63d5bf-3bf3-41e8-9ea3-40c6a1810a2f
[35m[HTTP][39m [37m<-- GET /wd/hub/session/8c63d5bf-3bf3-41e8-9ea3-40c6a1810a2f/window/current/size [39m[32m200[39m [90m45 ms - 100[39m
[35m[HTTP][39m [90m[39m
[35m[HTTP][39m [37m-->[39m [37mPOST[39m [37m/wd/hub/session/8c63d5bf-3bf3-41e8-9ea3-40c6a1810a2f/elements[39m
[35m[HTTP][39m [90m{"using":"-android uiautomator","value":"new UiSelector().className(\"android.widget.LinearLayout\").resourceId(\"com.msteam.floors.nsu:id/search_view_item\").instance(5)"}[39m
[35m[HTTP][39m [37m<-- POST /wd/hub/session/8c63d5bf-3bf3-41e8-9ea3-40c6a1810a2f/elements [39m[32m200[39m [90m699 ms - 124[39m
[35m[HTTP][39m [90m[39m
[35m[HTTP][39m [37m-->[39m [37mGET[39m [37m/wd/hub/session/8c63d5bf-3bf3-41e8-9ea3-40c6a1810a2f[39m
[35m[HTTP][39m [90m{}[39m
[35m[HTTP][39m [37m<-- GET /wd/hub/session/8c63d5bf-3bf3-41e8-9ea3-40c6a1810a2f [39m[32m200[39m [90m32 ms - 1266[39m
[35m[HTTP][39m [90m[39m
[35m[HTTP][39m [37m-->[39m [37mGET[39m [37m/wd/hub/session/8c63d5bf-3bf3-41e8-9ea3-40c6a1810a2f[39m
[35m[HTTP][39m [90m{}[39m
[35m[HTTP][39m [37m<-- GET /wd/hub/session/8c63d5bf-3bf3-41e8-9ea3-40c6a1810a2f [39m[32m200[39m [90m26 ms - 1266[39m
[35m[HTTP][39m [90m[39m
[35m[HTTP][39m [37m-->[39m [37mGET[39m [37m/wd/hub/session/8c63d5bf-3bf3-41e8-9ea3-40c6a1810a2f[39m
[35m[HTTP][39m [90m{}[39m
[35m[HTTP][39m [37m<-- GET /wd/hub/session/8c63d5bf-3bf3-41e8-9ea3-40c6a1810a2f [39m[32m200[39m [90m32 ms - 1266[39m
[35m[HTTP][39m [90m[39m
[35m[HTTP][39m [37m-->[39m [37mGET[39m [37m/wd/hub/session/8c63d5bf-3bf3-41e8-9ea3-40c6a1810a2f[39m
[35m[HTTP][39m [90m{}[39m
[35m[HTTP][39m [37m<-- GET /wd/hub/session/8c63d5bf-3bf3-41e8-9ea3-40c6a1810a2f [39m[32m200[39m [90m32 ms - 1266[39m
[35m[HTTP][39m [90m[39m
[35m[HTTP][39m [37m-->[39m [37mGET[39m [37m/wd/hub/session/8c63d5bf-3bf3-41e8-9ea3-40c6a1810a2f/element/75e6689f-7790-4d23-a224-7e91b7bbcbdf/location[39m
[35m[HTTP][39m [90m{}[39m
[35m[W3C][39m Driver proxy active, passing request on via HTTP proxy
[35m[JSONWP Proxy][39m Replacing sessionId beff8f0e-d390-4e12-b6a4-4b6969f41d7d with 8c63d5bf-3bf3-41e8-9ea3-40c6a1810a2f
[35m[HTTP][39m [37m<-- GET /wd/hub/session/8c63d5bf-3bf3-41e8-9ea3-40c6a1810a2f/element/75e6689f-7790-4d23-a224-7e91b7bbcbdf/location [39m[32m200[39m [90m89 ms - 88[39m
[35m[HTTP][39m [90m[39m
[35m[HTTP][39m [37m-->[39m [37mPOST[39m [37m/wd/hub/session/8c63d5bf-3bf3-41e8-9ea3-40c6a1810a2f/touch/perform[39m
[35m[HTTP][39m [90m{"actions":[{"action":"tap","options":{"element":"75e6689f-7790-4d23-a224-7e91b7bbcbdf","x":1,"y":1}}]}[39m
[35m[UiAutomator2][39m calling get location: 75e6689f-7790-4d23-a224-7e91b7bbcbdf
[35m[HTTP][39m [37m<-- POST /wd/hub/session/8c63d5bf-3bf3-41e8-9ea3-40c6a1810a2f/touch/perform [39m[32m200[39m [90m1408 ms - 76[39m
[35m[HTTP][39m [90m[39m
[35m[HTTP][39m [37m-->[39m [37mGET[39m [37m/wd/hub/session/8c63d5bf-3bf3-41e8-9ea3-40c6a1810a2f/window/current/size[39m
[35m[HTTP][39m [90m{}[39m
[35m[W3C][39m Driver proxy active, passing request on via HTTP proxy
[35m[JSONWP Proxy][39m Replacing sessionId beff8f0e-d390-4e12-b6a4-4b6969f41d7d with 8c63d5bf-3bf3-41e8-9ea3-40c6a1810a2f
[35m[HTTP][39m [37m<-- GET /wd/hub/session/8c63d5bf-3bf3-41e8-9ea3-40c6a1810a2f/window/current/size [39m[32m200[39m [90m39 ms - 100[39m
[35m[HTTP][39m [90m[39m
[35m[HTTP][39m [37m-->[39m [37mPOST[39m [37m/wd/hub/session/8c63d5bf-3bf3-41e8-9ea3-40c6a1810a2f/elements[39m
[35m[HTTP][39m [90m{"using":"-android uiautomator","value":"new UiSelector().className(\"android.widget.Button\").text(\"МАРШРУТ\").instance(0)"}[39m
[35m[HTTP][39m [37m<-- POST /wd/hub/session/8c63d5bf-3bf3-41e8-9ea3-40c6a1810a2f/elements [39m[32m200[39m [90m152 ms - 74[39m
[35m[HTTP][39m [90m[39m
[35m[HTTP][39m [37m-->[39m [37mPOST[39m [37m/wd/hub/session/8c63d5bf-3bf3-41e8-9ea3-40c6a1810a2f/elements[39m
[35m[HTTP][39m [90m{"using":"-android uiautomator","value":"new UiSelector().className(\"android.widget.Button\").text(\"МАРШРУТ\").instance(0)"}[39m
[35m[HTTP][39m [37m<-- POST /wd/hub/session/8c63d5bf-3bf3-41e8-9ea3-40c6a1810a2f/elements [39m[32m200[39m [90m1284 ms - 124[39m
[35m[HTTP][39m [90m[39m
[35m[HTTP][39m [37m-->[39m [37mGET[39m [37m/wd/hub/session/8c63d5bf-3bf3-41e8-9ea3-40c6a1810a2f[39m
[35m[HTTP][39m [90m{}[39m
[35m[HTTP][39m [37m<-- GET /wd/hub/session/8c63d5bf-3bf3-41e8-9ea3-40c6a1810a2f [39m[32m200[39m [90m31 ms - 1266[39m
[35m[HTTP][39m [90m[39m
[35m[HTTP][39m [37m-->[39m [37mGET[39m [37m/wd/hub/session/8c63d5bf-3bf3-41e8-9ea3-40c6a1810a2f[39m
[35m[HTTP][39m [90m{}[39m
[35m[HTTP][39m [37m<-- GET /wd/hub/session/8c63d5bf-3bf3-41e8-9ea3-40c6a1810a2f [39m[32m200[39m [90m31 ms - 1266[39m
[35m[HTTP][39m [90m[39m
[35m[HTTP][39m [37m-->[39m [37mGET[39m [37m/wd/hub/session/8c63d5bf-3bf3-41e8-9ea3-40c6a1810a2f[39m
[35m[HTTP][39m [90m{}[39m
[35m[HTTP][39m [37m<-- GET /wd/hub/session/8c63d5bf-3bf3-41e8-9ea3-40c6a1810a2f [39m[32m200[39m [90m29 ms - 1266[39m
[35m[HTTP][39m [90m[39m
[35m[HTTP][39m [37m-->[39m [37mGET[39m [37m/wd/hub/session/8c63d5bf-3bf3-41e8-9ea3-40c6a1810a2f[39m
[35m[HTTP][39m [90m{}[39m
[35m[HTTP][39m [37m<-- GET /wd/hub/session/8c63d5bf-3bf3-41e8-9ea3-40c6a1810a2f [39m[32m200[39m [90m31 ms - 1266[39m
[35m[HTTP][39m [90m[39m
[35m[HTTP][39m [37m-->[39m [37mGET[39m [37m/wd/hub/session/8c63d5bf-3bf3-41e8-9ea3-40c6a1810a2f/element/1183913e-4cb4-49b0-84e6-6b719868176b/location[39m
[35m[HTTP][39m [90m{}[39m
[35m[W3C][39m Driver proxy active, passing request on via HTTP proxy
[35m[JSONWP Proxy][39m Replacing sessionId beff8f0e-d390-4e12-b6a4-4b6969f41d7d with 8c63d5bf-3bf3-41e8-9ea3-40c6a1810a2f
[35m[HTTP][39m [37m<-- GET /wd/hub/session/8c63d5bf-3bf3-41e8-9ea3-40c6a1810a2f/element/1183913e-4cb4-49b0-84e6-6b719868176b/location [39m[32m200[39m [90m70 ms - 90[39m
[35m[HTTP][39m [90m[39m
[35m[HTTP][39m [37m-->[39m [37mPOST[39m [37m/wd/hub/session/8c63d5bf-3bf3-41e8-9ea3-40c6a1810a2f/touch/perform[39m
[35m[HTTP][39m [90m{"actions":[{"action":"tap","options":{"element":"1183913e-4cb4-49b0-84e6-6b719868176b","x":1,"y":1}}]}[39m
[35m[UiAutomator2][39m calling get location: 1183913e-4cb4-49b0-84e6-6b719868176b
[35m[HTTP][39m [37m<-- POST /wd/hub/session/8c63d5bf-3bf3-41e8-9ea3-40c6a1810a2f/touch/perform [39m[32m200[39m [90m1180 ms - 76[39m
[35m[HTTP][39m [90m[39m
[35m[HTTP][39m [37m-->[39m [37mGET[39m [37m/wd/hub/session/8c63d5bf-3bf3-41e8-9ea3-40c6a1810a2f/window/current/size[39m
[35m[HTTP][39m [90m{}[39m
[35m[W3C][39m Driver proxy active, passing request on via HTTP proxy
[35m[JSONWP Proxy][39m Replacing sessionId beff8f0e-d390-4e12-b6a4-4b6969f41d7d with 8c63d5bf-3bf3-41e8-9ea3-40c6a1810a2f
[35m[HTTP][39m [37m<-- GET /wd/hub/session/8c63d5bf-3bf3-41e8-9ea3-40c6a1810a2f/window/current/size [39m[32m200[39m [90m54 ms - 100[39m
[35m[HTTP][39m [90m[39m
[35m[HTTP][39m [37m-->[39m [37mPOST[39m [37m/wd/hub/session/8c63d5bf-3bf3-41e8-9ea3-40c6a1810a2f/elements[39m
[35m[HTTP][39m [90m{"using":"-android uiautomator","value":"new UiSelector().className(\"TextInputLayout\").text(\"Начало маршрута\").resourceId(\"com.msteam.floors.nsu:id/tilFrom\").instance(0)"}[39m
[35m[HTTP][39m [37m<-- POST /wd/hub/session/8c63d5bf-3bf3-41e8-9ea3-40c6a1810a2f/elements [39m[32m200[39m [90m188 ms - 124[39m
[35m[HTTP][39m [90m[39m
[35m[HTTP][39m [37m-->[39m [37mGET[39m [37m/wd/hub/session/8c63d5bf-3bf3-41e8-9ea3-40c6a1810a2f[39m
[35m[HTTP][39m [90m{}[39m
[35m[HTTP][39m [37m<-- GET /wd/hub/session/8c63d5bf-3bf3-41e8-9ea3-40c6a1810a2f [39m[32m200[39m [90m30 ms - 1266[39m
[35m[HTTP][39m [90m[39m
[35m[HTTP][39m [37m-->[39m [37mGET[39m [37m/wd/hub/session/8c63d5bf-3bf3-41e8-9ea3-40c6a1810a2f[39m
[35m[HTTP][39m [90m{}[39m
[35m[HTTP][39m [37m<-- GET /wd/hub/session/8c63d5bf-3bf3-41e8-9ea3-40c6a1810a2f [39m[32m200[39m [90m31 ms - 1266[39m
[35m[HTTP][39m [90m[39m
[35m[HTTP][39m [37m-->[39m [37mGET[39m [37m/wd/hub/session/8c63d5bf-3bf3-41e8-9ea3-40c6a1810a2f[39m
[35m[HTTP][39m [90m{}[39m
[35m[HTTP][39m [37m<-- GET /wd/hub/session/8c63d5bf-3bf3-41e8-9ea3-40c6a1810a2f [39m[32m200[39m [90m29 ms - 1266[39m
[35m[HTTP][39m [90m[39m
[35m[HTTP][39m [37m-->[39m [37mGET[39m [37m/wd/hub/session/8c63d5bf-3bf3-41e8-9ea3-40c6a1810a2f[39m
[35m[HTTP][39m [90m{}[39m
[35m[HTTP][39m [37m<-- GET /wd/hub/session/8c63d5bf-3bf3-41e8-9ea3-40c6a1810a2f [39m[32m200[39m [90m32 ms - 1266[39m
[35m[HTTP][39m [90m[39m
[35m[HTTP][39m [37m-->[39m [37mGET[39m [37m/wd/hub/session/8c63d5bf-3bf3-41e8-9ea3-40c6a1810a2f/element/2f947636-dab5-4140-a68a-bcd908faff76/location[39m
[35m[HTTP][39m [90m{}[39m
[35m[W3C][39m Driver proxy active, passing request on via HTTP proxy
[35m[JSONWP Proxy][39m Replacing sessionId beff8f0e-d390-4e12-b6a4-4b6969f41d7d with 8c63d5bf-3bf3-41e8-9ea3-40c6a1810a2f
[35m[HTTP][39m [37m<-- GET /wd/hub/session/8c63d5bf-3bf3-41e8-9ea3-40c6a1810a2f/element/2f947636-dab5-4140-a68a-bcd908faff76/location [39m[32m200[39m [90m58 ms - 90[39m
[35m[HTTP][39m [90m[39m
[35m[HTTP][39m [37m-->[39m [37mPOST[39m [37m/wd/hub/session/8c63d5bf-3bf3-41e8-9ea3-40c6a1810a2f/touch/perform[39m
[35m[HTTP][39m [90m{"actions":[{"action":"tap","options":{"element":"2f947636-dab5-4140-a68a-bcd908faff76","x":1,"y":1}}]}[39m
[35m[UiAutomator2][39m calling get location: 2f947636-dab5-4140-a68a-bcd908faff76
[35m[HTTP][39m [37m<-- POST /wd/hub/session/8c63d5bf-3bf3-41e8-9ea3-40c6a1810a2f/touch/perform [39m[32m200[39m [90m1331 ms - 76[39m
[35m[HTTP][39m [90m[39m
[35m[HTTP][39m [37m-->[39m [37mGET[39m [37m/wd/hub/session/8c63d5bf-3bf3-41e8-9ea3-40c6a1810a2f/window/current/size[39m
[35m[HTTP][39m [90m{}[39m
[35m[W3C][39m Driver proxy active, passing request on via HTTP proxy
[35m[JSONWP Proxy][39m Replacing sessionId beff8f0e-d390-4e12-b6a4-4b6969f41d7d with 8c63d5bf-3bf3-41e8-9ea3-40c6a1810a2f
[35m[HTTP][39m [37m<-- GET /wd/hub/session/8c63d5bf-3bf3-41e8-9ea3-40c6a1810a2f/window/current/size [39m[32m200[39m [90m59 ms - 100[39m
[35m[HTTP][39m [90m[39m
[35m[HTTP][39m [37m-->[39m [37mPOST[39m [37m/wd/hub/session/8c63d5bf-3bf3-41e8-9ea3-40c6a1810a2f/elements[39m
[35m[HTTP][39m [90m{"using":"-android uiautomator","value":"new UiSelector().className(\"android.widget.EditText\").resourceId(\"com.msteam.floors.nsu:id/labelFrom\").instance(1)"}[39m
[35m[HTTP][39m [37m<-- POST /wd/hub/session/8c63d5bf-3bf3-41e8-9ea3-40c6a1810a2f/elements [39m[32m200[39m [90m199 ms - 124[39m
[35m[HTTP][39m [90m[39m
[35m[HTTP][39m [37m-->[39m [37mGET[39m [37m/wd/hub/session/8c63d5bf-3bf3-41e8-9ea3-40c6a1810a2f[39m
[35m[HTTP][39m [90m{}[39m
[35m[HTTP][39m [37m<-- GET /wd/hub/session/8c63d5bf-3bf3-41e8-9ea3-40c6a1810a2f [39m[32m200[39m [90m33 ms - 1266[39m
[35m[HTTP][39m [90m[39m
[35m[HTTP][39m [37m-->[39m [37mGET[39m [37m/wd/hub/session/8c63d5bf-3bf3-41e8-9ea3-40c6a1810a2f[39m
[35m[HTTP][39m [90m{}[39m
[35m[HTTP][39m [37m<-- GET /wd/hub/session/8c63d5bf-3bf3-41e8-9ea3-40c6a1810a2f [39m[32m200[39m [90m30 ms - 1266[39m
[35m[HTTP][39m [90m[39m
[35m[HTTP][39m [37m-->[39m [37mGET[39m [37m/wd/hub/session/8c63d5bf-3bf3-41e8-9ea3-40c6a1810a2f[39m
[35m[HTTP][39m [90m{}[39m
[35m[HTTP][39m [37m<-- GET /wd/hub/session/8c63d5bf-3bf3-41e8-9ea3-40c6a1810a2f [39m[32m200[39m [90m27 ms - 1266[39m
[35m[HTTP][39m [90m[39m
[35m[HTTP][39m [37m-->[39m [37mGET[39m [37m/wd/hub/session/8c63d5bf-3bf3-41e8-9ea3-40c6a1810a2f[39m
[35m[HTTP][39m [90m{}[39m
[35m[HTTP][39m [37m<-- GET /wd/hub/session/8c63d5bf-3bf3-41e8-9ea3-40c6a1810a2f [39m[32m200[39m [90m26 ms - 1266[39m
[35m[HTTP][39m [90m[39m
[35m[HTTP][39m [37m-->[39m [37mGET[39m [37m/wd/hub/session/8c63d5bf-3bf3-41e8-9ea3-40c6a1810a2f/element/0a475a50-1dc9-4de2-8cd8-b4fb836e164e/location[39m
[35m[HTTP][39m [90m{}[39m
[35m[W3C][39m Driver proxy active, passing request on via HTTP proxy
[35m[JSONWP Proxy][39m Replacing sessionId beff8f0e-d390-4e12-b6a4-4b6969f41d7d with 8c63d5bf-3bf3-41e8-9ea3-40c6a1810a2f
[35m[HTTP][39m [37m<-- GET /wd/hub/session/8c63d5bf-3bf3-41e8-9ea3-40c6a1810a2f/element/0a475a50-1dc9-4de2-8cd8-b4fb836e164e/location [39m[32m200[39m [90m59 ms - 89[39m
[35m[HTTP][39m [90m[39m
[35m[HTTP][39m [37m-->[39m [37mPOST[39m [37m/wd/hub/session/8c63d5bf-3bf3-41e8-9ea3-40c6a1810a2f/element/0a475a50-1dc9-4de2-8cd8-b4fb836e164e/clear[39m
[35m[HTTP][39m [90m{"id":"0a475a50-1dc9-4de2-8cd8-b4fb836e164e"}[39m
[35m[HTTP][39m [37m<-- POST /wd/hub/session/8c63d5bf-3bf3-41e8-9ea3-40c6a1810a2f/element/0a475a50-1dc9-4de2-8cd8-b4fb836e164e/clear [39m[32m200[39m [90m106 ms - 89[39m
[35m[HTTP][39m [90m[39m
[35m[HTTP][39m [37m-->[39m [37mPOST[39m [37m/wd/hub/session/8c63d5bf-3bf3-41e8-9ea3-40c6a1810a2f/element/0a475a50-1dc9-4de2-8cd8-b4fb836e164e/value[39m
[35m[HTTP][39m [90m{"id":"0a475a50-1dc9-4de2-8cd8-b4fb836e164e","value":["4229"]}[39m
[35m[HTTP][39m [37m<-- POST /wd/hub/session/8c63d5bf-3bf3-41e8-9ea3-40c6a1810a2f/element/0a475a50-1dc9-4de2-8cd8-b4fb836e164e/value [39m[32m200[39m [90m938 ms - 74[39m
[35m[HTTP][39m [90m[39m
[35m[HTTP][39m [37m-->[39m [37mGET[39m [37m/wd/hub/session/8c63d5bf-3bf3-41e8-9ea3-40c6a1810a2f/window/current/size[39m
[35m[HTTP][39m [90m{}[39m
[35m[W3C][39m Driver proxy active, passing request on via HTTP proxy
[35m[JSONWP Proxy][39m Replacing sessionId beff8f0e-d390-4e12-b6a4-4b6969f41d7d with 8c63d5bf-3bf3-41e8-9ea3-40c6a1810a2f
[35m[HTTP][39m [37m<-- GET /wd/hub/session/8c63d5bf-3bf3-41e8-9ea3-40c6a1810a2f/window/current/size [39m[32m200[39m [90m40 ms - 100[39m
[35m[HTTP][39m [90m[39m
[35m[HTTP][39m [37m-->[39m [37mPOST[39m [37m/wd/hub/session/8c63d5bf-3bf3-41e8-9ea3-40c6a1810a2f/elements[39m
[35m[HTTP][39m [90m{"using":"-android uiautomator","value":"new UiSelector().className(\"android.widget.FrameLayout\").instance(9)"}[39m
[35m[HTTP][39m [37m<-- POST /wd/hub/session/8c63d5bf-3bf3-41e8-9ea3-40c6a1810a2f/elements [39m[32m200[39m [90m844 ms - 124[39m
[35m[HTTP][39m [90m[39m
[35m[HTTP][39m [37m-->[39m [37mGET[39m [37m/wd/hub/session/8c63d5bf-3bf3-41e8-9ea3-40c6a1810a2f[39m
[35m[HTTP][39m [90m{}[39m
[35m[HTTP][39m [37m<-- GET /wd/hub/session/8c63d5bf-3bf3-41e8-9ea3-40c6a1810a2f [39m[32m200[39m [90m29 ms - 1266[39m
[35m[HTTP][39m [90m[39m
[35m[HTTP][39m [37m-->[39m [37mGET[39m [37m/wd/hub/session/8c63d5bf-3bf3-41e8-9ea3-40c6a1810a2f[39m
[35m[HTTP][39m [90m{}[39m
[35m[HTTP][39m [37m<-- GET /wd/hub/session/8c63d5bf-3bf3-41e8-9ea3-40c6a1810a2f [39m[32m200[39m [90m32 ms - 1266[39m
[35m[HTTP][39m [90m[39m
[35m[HTTP][39m [37m-->[39m [37mGET[39m [37m/wd/hub/session/8c63d5bf-3bf3-41e8-9ea3-40c6a1810a2f[39m
[35m[HTTP][39m [90m{}[39m
[35m[HTTP][39m [37m<-- GET /wd/hub/session/8c63d5bf-3bf3-41e8-9ea3-40c6a1810a2f [39m[32m200[39m [90m29 ms - 1266[39m
[35m[HTTP][39m [90m[39m
[35m[HTTP][39m [37m-->[39m [37mGET[39m [37m/wd/hub/session/8c63d5bf-3bf3-41e8-9ea3-40c6a1810a2f[39m
[35m[HTTP][39m [90m{}[39m
[35m[HTTP][39m [37m<-- GET /wd/hub/session/8c63d5bf-3bf3-41e8-9ea3-40c6a1810a2f [39m[32m200[39m [90m28 ms - 1266[39m
[35m[HTTP][39m [90m[39m
[35m[HTTP][39m [37m-->[39m [37mGET[39m [37m/wd/hub/session/8c63d5bf-3bf3-41e8-9ea3-40c6a1810a2f/element/762fd5f3-0264-4a17-9032-fa3b02dca9af/location[39m
[35m[HTTP][39m [90m{}[39m
[35m[W3C][39m Driver proxy active, passing request on via HTTP proxy
[35m[JSONWP Proxy][39m Replacing sessionId beff8f0e-d390-4e12-b6a4-4b6969f41d7d with 8c63d5bf-3bf3-41e8-9ea3-40c6a1810a2f
[35m[HTTP][39m [37m<-- GET /wd/hub/session/8c63d5bf-3bf3-41e8-9ea3-40c6a1810a2f/element/762fd5f3-0264-4a17-9032-fa3b02dca9af/location [39m[32m200[39m [90m56 ms - 88[39m
[35m[HTTP][39m [90m[39m
[35m[HTTP][39m [37m-->[39m [37mPOST[39m [37m/wd/hub/session/8c63d5bf-3bf3-41e8-9ea3-40c6a1810a2f/touch/perform[39m
[35m[HTTP][39m [90m{"actions":[{"action":"tap","options":{"element":"762fd5f3-0264-4a17-9032-fa3b02dca9af","x":1,"y":1}}]}[39m
[35m[UiAutomator2][39m calling get location: 762fd5f3-0264-4a17-9032-fa3b02dca9af
[35m[HTTP][39m [37m<-- POST /wd/hub/session/8c63d5bf-3bf3-41e8-9ea3-40c6a1810a2f/touch/perform [39m[32m200[39m [90m2073 ms - 76[39m
[35m[HTTP][39m [90m[39m
[35m[HTTP][39m [37m-->[39m [37mGET[39m [37m/wd/hub/session/8c63d5bf-3bf3-41e8-9ea3-40c6a1810a2f/window/current/size[39m
[35m[HTTP][39m [90m{}[39m
[35m[W3C][39m Driver proxy active, passing request on via HTTP proxy
[35m[JSONWP Proxy][39m Replacing sessionId beff8f0e-d390-4e12-b6a4-4b6969f41d7d with 8c63d5bf-3bf3-41e8-9ea3-40c6a1810a2f
[35m[HTTP][39m [37m<-- GET /wd/hub/session/8c63d5bf-3bf3-41e8-9ea3-40c6a1810a2f/window/current/size [39m[32m200[39m [90m56 ms - 100[39m
[35m[HTTP][39m [90m[39m
[35m[HTTP][39m [37m-->[39m [37mPOST[39m [37m/wd/hub/session/8c63d5bf-3bf3-41e8-9ea3-40c6a1810a2f/elements[39m
[35m[HTTP][39m [90m{"using":"-android uiautomator","value":"new UiSelector().className(\"android.widget.ImageButton\").resourceId(\"com.msteam.floors.nsu:id/fab\").instance(8)"}[39m
[35m[HTTP][39m [37m<-- POST /wd/hub/session/8c63d5bf-3bf3-41e8-9ea3-40c6a1810a2f/elements [39m[32m200[39m [90m153 ms - 124[39m
[35m[HTTP][39m [90m[39m
[35m[HTTP][39m [37m-->[39m [37mGET[39m [37m/wd/hub/session/8c63d5bf-3bf3-41e8-9ea3-40c6a1810a2f[39m
[35m[HTTP][39m [90m{}[39m
[35m[HTTP][39m [37m<-- GET /wd/hub/session/8c63d5bf-3bf3-41e8-9ea3-40c6a1810a2f [39m[32m200[39m [90m26 ms - 1266[39m
[35m[HTTP][39m [90m[39m
[35m[HTTP][39m [37m-->[39m [37mGET[39m [37m/wd/hub/session/8c63d5bf-3bf3-41e8-9ea3-40c6a1810a2f[39m
[35m[HTTP][39m [90m{}[39m
[35m[HTTP][39m [37m<-- GET /wd/hub/session/8c63d5bf-3bf3-41e8-9ea3-40c6a1810a2f [39m[32m200[39m [90m32 ms - 1266[39m
[35m[HTTP][39m [90m[39m
[35m[HTTP][39m [37m-->[39m [37mGET[39m [37m/wd/hub/session/8c63d5bf-3bf3-41e8-9ea3-40c6a1810a2f[39m
[35m[HTTP][39m [90m{}[39m
[35m[HTTP][39m [37m<-- GET /wd/hub/session/8c63d5bf-3bf3-41e8-9ea3-40c6a1810a2f [39m[32m200[39m [90m28 ms - 1266[39m
[35m[HTTP][39m [90m[39m
[35m[HTTP][39m [37m-->[39m [37mGET[39m [37m/wd/hub/session/8c63d5bf-3bf3-41e8-9ea3-40c6a1810a2f[39m
[35m[HTTP][39m [90m{}[39m
[35m[HTTP][39m [37m<-- GET /wd/hub/session/8c63d5bf-3bf3-41e8-9ea3-40c6a1810a2f [39m[32m200[39m [90m27 ms - 1266[39m
[35m[HTTP][39m [90m[39m
[35m[HTTP][39m [37m-->[39m [37mGET[39m [37m/wd/hub/session/8c63d5bf-3bf3-41e8-9ea3-40c6a1810a2f/element/c6180152-1daf-436a-891a-81e4241163fa/location[39m
[35m[HTTP][39m [90m{}[39m
[35m[W3C][39m Driver proxy active, passing request on via HTTP proxy
[35m[JSONWP Proxy][39m Replacing sessionId beff8f0e-d390-4e12-b6a4-4b6969f41d7d with 8c63d5bf-3bf3-41e8-9ea3-40c6a1810a2f
[35m[HTTP][39m [37m<-- GET /wd/hub/session/8c63d5bf-3bf3-41e8-9ea3-40c6a1810a2f/element/c6180152-1daf-436a-891a-81e4241163fa/location [39m[32m200[39m [90m49 ms - 90[39m
[35m[HTTP][39m [90m[39m
[35m[HTTP][39m [37m-->[39m [37mPOST[39m [37m/wd/hub/session/8c63d5bf-3bf3-41e8-9ea3-40c6a1810a2f/touch/perform[39m
[35m[HTTP][39m [90m{"actions":[{"action":"tap","options":{"element":"c6180152-1daf-436a-891a-81e4241163fa","x":1,"y":1}}]}[39m
[35m[UiAutomator2][39m calling get location: c6180152-1daf-436a-891a-81e4241163fa
[35m[HTTP][39m [37m<-- POST /wd/hub/session/8c63d5bf-3bf3-41e8-9ea3-40c6a1810a2f/touch/perform [39m[32m200[39m [90m1313 ms - 76[39m
[35m[HTTP][39m [90m[39m
[35m[HTTP][39m [37m-->[39m [37mGET[39m [37m/wd/hub/session/8c63d5bf-3bf3-41e8-9ea3-40c6a1810a2f/window/current/size[39m
[35m[HTTP][39m [90m{}[39m
[35m[W3C][39m Driver proxy active, passing request on via HTTP proxy
[35m[JSONWP Proxy][39m Replacing sessionId beff8f0e-d390-4e12-b6a4-4b6969f41d7d with 8c63d5bf-3bf3-41e8-9ea3-40c6a1810a2f
[35m[HTTP][39m [37m<-- GET /wd/hub/session/8c63d5bf-3bf3-41e8-9ea3-40c6a1810a2f/window/current/size [39m[32m200[39m [90m56 ms - 100[39m
[35m[HTTP][39m [90m[39m
[35m[HTTP][39m [37m-->[39m [37mPOST[39m [37m/wd/hub/session/8c63d5bf-3bf3-41e8-9ea3-40c6a1810a2f/elements[39m
[35m[HTTP][39m [90m{"using":"-android uiautomator","value":"new UiSelector().className(\"android.widget.ImageView\").resourceId(\"com.msteam.floors.nsu:id/imageView_arrow_back\").instance(0)"}[39m
[35m[HTTP][39m [37m<-- POST /wd/hub/session/8c63d5bf-3bf3-41e8-9ea3-40c6a1810a2f/elements [39m[32m200[39m [90m129 ms - 124[39m
[35m[HTTP][39m [90m[39m
[35m[HTTP][39m [37m-->[39m [37mGET[39m [37m/wd/hub/session/8c63d5bf-3bf3-41e8-9ea3-40c6a1810a2f[39m
[35m[HTTP][39m [90m{}[39m
[35m[HTTP][39m [37m<-- GET /wd/hub/session/8c63d5bf-3bf3-41e8-9ea3-40c6a1810a2f [39m[32m200[39m [90m26 ms - 1266[39m
[35m[HTTP][39m [90m[39m
[35m[HTTP][39m [37m-->[39m [37mGET[39m [37m/wd/hub/session/8c63d5bf-3bf3-41e8-9ea3-40c6a1810a2f[39m
[35m[HTTP][39m [90m{}[39m
[35m[HTTP][39m [37m<-- GET /wd/hub/session/8c63d5bf-3bf3-41e8-9ea3-40c6a1810a2f [39m[32m200[39m [90m30 ms - 1266[39m
[35m[HTTP][39m [90m[39m
[35m[HTTP][39m [37m-->[39m [37mGET[39m [37m/wd/hub/session/8c63d5bf-3bf3-41e8-9ea3-40c6a1810a2f[39m
[35m[HTTP][39m [90m{}[39m
[35m[HTTP][39m [37m<-- GET /wd/hub/session/8c63d5bf-3bf3-41e8-9ea3-40c6a1810a2f [39m[32m200[39m [90m28 ms - 1266[39m
[35m[HTTP][39m [90m[39m
[35m[HTTP][39m [37m-->[39m [37mGET[39m [37m/wd/hub/session/8c63d5bf-3bf3-41e8-9ea3-40c6a1810a2f[39m
[35m[HTTP][39m [90m{}[39m
[35m[HTTP][39m [37m<-- GET /wd/hub/session/8c63d5bf-3bf3-41e8-9ea3-40c6a1810a2f [39m[32m200[39m [90m26 ms - 1266[39m
[35m[HTTP][39m [90m[39m
[35m[HTTP][39m [37m-->[39m [37mGET[39m [37m/wd/hub/session/8c63d5bf-3bf3-41e8-9ea3-40c6a1810a2f/element/4b0ecd94-eac4-463b-a926-4ff4dd714fc9/location[39m
[35m[HTTP][39m [90m{}[39m
[35m[W3C][39m Driver proxy active, passing request on via HTTP proxy
[35m[JSONWP Proxy][39m Replacing sessionId beff8f0e-d390-4e12-b6a4-4b6969f41d7d with 8c63d5bf-3bf3-41e8-9ea3-40c6a1810a2f
[35m[HTTP][39m [37m<-- GET /wd/hub/session/8c63d5bf-3bf3-41e8-9ea3-40c6a1810a2f/element/4b0ecd94-eac4-463b-a926-4ff4dd714fc9/location [39m[32m200[39m [90m62 ms - 87[39m
[35m[HTTP][39m [90m[39m
[35m[HTTP][39m [37m-->[39m [37mPOST[39m [37m/wd/hub/session/8c63d5bf-3bf3-41e8-9ea3-40c6a1810a2f/touch/perform[39m
[35m[HTTP][39m [90m{"actions":[{"action":"tap","options":{"element":"4b0ecd94-eac4-463b-a926-4ff4dd714fc9","x":1,"y":1}}]}[39m
[35m[UiAutomator2][39m calling get location: 4b0ecd94-eac4-463b-a926-4ff4dd714fc9
[35m[HTTP][39m [37m<-- POST /wd/hub/session/8c63d5bf-3bf3-41e8-9ea3-40c6a1810a2f/touch/perform [39m[32m200[39m [90m1178 ms - 76[39m
[35m[HTTP][39m [90m[39m
[35m[HTTP][39m [37m-->[39m [37mGET[39m [37m/wd/hub/session/8c63d5bf-3bf3-41e8-9ea3-40c6a1810a2f/window/current/size[39m
[35m[HTTP][39m [90m{}[39m
[35m[W3C][39m Driver proxy active, passing request on via HTTP proxy
[35m[JSONWP Proxy][39m Replacing sessionId beff8f0e-d390-4e12-b6a4-4b6969f41d7d with 8c63d5bf-3bf3-41e8-9ea3-40c6a1810a2f
[35m[HTTP][39m [37m<-- GET /wd/hub/session/8c63d5bf-3bf3-41e8-9ea3-40c6a1810a2f/window/current/size [39m[32m200[39m [90m55 ms - 100[39m
[35m[HTTP][39m [90m[39m
[35m[HTTP][39m [37m-->[39m [37mPOST[39m [37m/wd/hub/session/8c63d5bf-3bf3-41e8-9ea3-40c6a1810a2f/elements[39m
[35m[HTTP][39m [90m{"using":"-android uiautomator","value":"new UiSelector().className(\"android.support.v7.widget.LinearLayoutCompat\").instance(0)"}[39m
[35m[HTTP][39m [37m<-- POST /wd/hub/session/8c63d5bf-3bf3-41e8-9ea3-40c6a1810a2f/elements [39m[32m200[39m [90m107 ms - 124[39m
[35m[HTTP][39m [90m[39m
[35m[HTTP][39m [37m-->[39m [37mGET[39m [37m/wd/hub/session/8c63d5bf-3bf3-41e8-9ea3-40c6a1810a2f[39m
[35m[HTTP][39m [90m{}[39m
[35m[HTTP][39m [37m<-- GET /wd/hub/session/8c63d5bf-3bf3-41e8-9ea3-40c6a1810a2f [39m[32m200[39m [90m31 ms - 1266[39m
[35m[HTTP][39m [90m[39m
[35m[HTTP][39m [37m-->[39m [37mGET[39m [37m/wd/hub/session/8c63d5bf-3bf3-41e8-9ea3-40c6a1810a2f[39m
[35m[HTTP][39m [90m{}[39m
[35m[HTTP][39m [37m<-- GET /wd/hub/session/8c63d5bf-3bf3-41e8-9ea3-40c6a1810a2f [39m[32m200[39m [90m26 ms - 1266[39m
[35m[HTTP][39m [90m[39m
[35m[HTTP][39m [37m-->[39m [37mGET[39m [37m/wd/hub/session/8c63d5bf-3bf3-41e8-9ea3-40c6a1810a2f[39m
[35m[HTTP][39m [90m{}[39m
[35m[HTTP][39m [37m<-- GET /wd/hub/session/8c63d5bf-3bf3-41e8-9ea3-40c6a1810a2f [39m[32m200[39m [90m27 ms - 1266[39m
[35m[HTTP][39m [90m[39m
[35m[HTTP][39m [37m-->[39m [37mGET[39m [37m/wd/hub/session/8c63d5bf-3bf3-41e8-9ea3-40c6a1810a2f[39m
[35m[HTTP][39m [90m{}[39m
[35m[HTTP][39m [37m<-- GET /wd/hub/session/8c63d5bf-3bf3-41e8-9ea3-40c6a1810a2f [39m[32m200[39m [90m24 ms - 1266[39m
[35m[HTTP][39m [90m[39m
[35m[HTTP][39m [37m-->[39m [37mGET[39m [37m/wd/hub/session/8c63d5bf-3bf3-41e8-9ea3-40c6a1810a2f/element/6e5fd753-664b-4e7b-946e-75c197cc6418/location[39m
[35m[HTTP][39m [90m{}[39m
[35m[W3C][39m Driver proxy active, passing request on via HTTP proxy
[35m[JSONWP Proxy][39m Replacing sessionId beff8f0e-d390-4e12-b6a4-4b6969f41d7d with 8c63d5bf-3bf3-41e8-9ea3-40c6a1810a2f
[35m[HTTP][39m [37m<-- GET /wd/hub/session/8c63d5bf-3bf3-41e8-9ea3-40c6a1810a2f/element/6e5fd753-664b-4e7b-946e-75c197cc6418/location [39m[32m200[39m [90m62 ms - 87[39m
[35m[HTTP][39m [90m[39m
[35m[HTTP][39m [37m-->[39m [37mPOST[39m [37m/wd/hub/session/8c63d5bf-3bf3-41e8-9ea3-40c6a1810a2f/touch/perform[39m
[35m[HTTP][39m [90m{"actions":[{"action":"tap","options":{"element":"6e5fd753-664b-4e7b-946e-75c197cc6418","x":1,"y":1}}]}[39m
[35m[UiAutomator2][39m calling get location: 6e5fd753-664b-4e7b-946e-75c197cc6418
[35m[HTTP][39m [37m<-- POST /wd/hub/session/8c63d5bf-3bf3-41e8-9ea3-40c6a1810a2f/touch/perform [39m[32m200[39m [90m1202 ms - 76[39m
[35m[HTTP][39m [90m[39m
[35m[HTTP][39m [37m-->[39m [37mGET[39m [37m/wd/hub/session/8c63d5bf-3bf3-41e8-9ea3-40c6a1810a2f/window/current/size[39m
[35m[HTTP][39m [90m{}[39m
[35m[W3C][39m Driver proxy active, passing request on via HTTP proxy
[35m[JSONWP Proxy][39m Replacing sessionId beff8f0e-d390-4e12-b6a4-4b6969f41d7d with 8c63d5bf-3bf3-41e8-9ea3-40c6a1810a2f
[35m[HTTP][39m [37m<-- GET /wd/hub/session/8c63d5bf-3bf3-41e8-9ea3-40c6a1810a2f/window/current/size [39m[32m200[39m [90m60 ms - 100[39m
[35m[HTTP][39m [90m[39m
[35m[HTTP][39m [37m-->[39m [37mPOST[39m [37m/wd/hub/session/8c63d5bf-3bf3-41e8-9ea3-40c6a1810a2f/elements[39m
[35m[HTTP][39m [90m{"using":"-android uiautomator","value":"new UiSelector().className(\"android.widget.EditText\").text(\"Искать\").resourceId(\"com.msteam.floors.nsu:id/searchEditText_input\").instance(0)"}[39m
[35m[HTTP][39m [37m<-- POST /wd/hub/session/8c63d5bf-3bf3-41e8-9ea3-40c6a1810a2f/elements [39m[32m200[39m [90m146 ms - 124[39m
[35m[HTTP][39m [90m[39m
[35m[HTTP][39m [37m-->[39m [37mGET[39m [37m/wd/hub/session/8c63d5bf-3bf3-41e8-9ea3-40c6a1810a2f[39m
[35m[HTTP][39m [90m{}[39m
[35m[HTTP][39m [37m<-- GET /wd/hub/session/8c63d5bf-3bf3-41e8-9ea3-40c6a1810a2f [39m[32m200[39m [90m27 ms - 1266[39m
[35m[HTTP][39m [90m[39m
[35m[HTTP][39m [37m-->[39m [37mGET[39m [37m/wd/hub/session/8c63d5bf-3bf3-41e8-9ea3-40c6a1810a2f[39m
[35m[HTTP][39m [90m{}[39m
[35m[HTTP][39m [37m<-- GET /wd/hub/session/8c63d5bf-3bf3-41e8-9ea3-40c6a1810a2f [39m[32m200[39m [90m27 ms - 1266[39m
[35m[HTTP][39m [90m[39m
[35m[HTTP][39m [37m-->[39m [37mGET[39m [37m/wd/hub/session/8c63d5bf-3bf3-41e8-9ea3-40c6a1810a2f[39m
[35m[HTTP][39m [90m{}[39m
[35m[HTTP][39m [37m<-- GET /wd/hub/session/8c63d5bf-3bf3-41e8-9ea3-40c6a1810a2f [39m[32m200[39m [90m27 ms - 1266[39m
[35m[HTTP][39m [90m[39m
[35m[HTTP][39m [37m-->[39m [37mGET[39m [37m/wd/hub/session/8c63d5bf-3bf3-41e8-9ea3-40c6a1810a2f[39m
[35m[HTTP][39m [90m{}[39m
[35m[HTTP][39m [37m<-- GET /wd/hub/session/8c63d5bf-3bf3-41e8-9ea3-40c6a1810a2f [39m[32m200[39m [90m33 ms - 1266[39m
[35m[HTTP][39m [90m[39m
[35m[HTTP][39m [37m-->[39m [37mGET[39m [37m/wd/hub/session/8c63d5bf-3bf3-41e8-9ea3-40c6a1810a2f/element/44839248-046a-4b6c-8fac-d6c980bf5fff/location[39m
[35m[HTTP][39m [90m{}[39m
[35m[W3C][39m Driver proxy active, passing request on via HTTP proxy
[35m[JSONWP Proxy][39m Replacing sessionId beff8f0e-d390-4e12-b6a4-4b6969f41d7d with 8c63d5bf-3bf3-41e8-9ea3-40c6a1810a2f
[35m[HTTP][39m [37m<-- GET /wd/hub/session/8c63d5bf-3bf3-41e8-9ea3-40c6a1810a2f/element/44839248-046a-4b6c-8fac-d6c980bf5fff/location [39m[32m200[39m [90m61 ms - 88[39m
[35m[HTTP][39m [90m[39m
[35m[HTTP][39m [37m-->[39m [37mPOST[39m [37m/wd/hub/session/8c63d5bf-3bf3-41e8-9ea3-40c6a1810a2f/touch/perform[39m
[35m[HTTP][39m [90m{"actions":[{"action":"tap","options":{"element":"44839248-046a-4b6c-8fac-d6c980bf5fff","x":1,"y":1}}]}[39m
[35m[UiAutomator2][39m calling get location: 44839248-046a-4b6c-8fac-d6c980bf5fff
[35m[HTTP][39m [37m<-- POST /wd/hub/session/8c63d5bf-3bf3-41e8-9ea3-40c6a1810a2f/touch/perform [39m[32m200[39m [90m1478 ms - 76[39m
[35m[HTTP][39m [90m[39m
[35m[HTTP][39m [37m-->[39m [37mGET[39m [37m/wd/hub/session/8c63d5bf-3bf3-41e8-9ea3-40c6a1810a2f/window/current/size[39m
[35m[HTTP][39m [90m{}[39m
[35m[W3C][39m Driver proxy active, passing request on via HTTP proxy
[35m[JSONWP Proxy][39m Replacing sessionId beff8f0e-d390-4e12-b6a4-4b6969f41d7d with 8c63d5bf-3bf3-41e8-9ea3-40c6a1810a2f
[35m[HTTP][39m [37m<-- GET /wd/hub/session/8c63d5bf-3bf3-41e8-9ea3-40c6a1810a2f/window/current/size [39m[32m200[39m [90m55 ms - 100[39m
[35m[HTTP][39m [90m[39m
[35m[HTTP][39m [37m-->[39m [37mPOST[39m [37m/wd/hub/session/8c63d5bf-3bf3-41e8-9ea3-40c6a1810a2f/elements[39m
[35m[HTTP][39m [90m{"using":"-android uiautomator","value":"new UiSelector().className(\"android.widget.EditText\").text(\"Искать\").resourceId(\"com.msteam.floors.nsu:id/searchEditText_input\").instance(0)"}[39m
[35m[HTTP][39m [37m<-- POST /wd/hub/session/8c63d5bf-3bf3-41e8-9ea3-40c6a1810a2f/elements [39m[32m200[39m [90m143 ms - 124[39m
[35m[HTTP][39m [90m[39m
[35m[HTTP][39m [37m-->[39m [37mGET[39m [37m/wd/hub/session/8c63d5bf-3bf3-41e8-9ea3-40c6a1810a2f[39m
[35m[HTTP][39m [90m{}[39m
[35m[HTTP][39m [37m<-- GET /wd/hub/session/8c63d5bf-3bf3-41e8-9ea3-40c6a1810a2f [39m[32m200[39m [90m25 ms - 1266[39m
[35m[HTTP][39m [90m[39m
[35m[HTTP][39m [37m-->[39m [37mGET[39m [37m/wd/hub/session/8c63d5bf-3bf3-41e8-9ea3-40c6a1810a2f[39m
[35m[HTTP][39m [90m{}[39m
[35m[HTTP][39m [37m<-- GET /wd/hub/session/8c63d5bf-3bf3-41e8-9ea3-40c6a1810a2f [39m[32m200[39m [90m33 ms - 1266[39m
[35m[HTTP][39m [90m[39m
[35m[HTTP][39m [37m-->[39m [37mGET[39m [37m/wd/hub/session/8c63d5bf-3bf3-41e8-9ea3-40c6a1810a2f[39m
[35m[HTTP][39m [90m{}[39m
[35m[HTTP][39m [37m<-- GET /wd/hub/session/8c63d5bf-3bf3-41e8-9ea3-40c6a1810a2f [39m[32m200[39m [90m34 ms - 1266[39m
[35m[HTTP][39m [90m[39m
[35m[HTTP][39m [37m-->[39m [37mGET[39m [37m/wd/hub/session/8c63d5bf-3bf3-41e8-9ea3-40c6a1810a2f[39m
[35m[HTTP][39m [90m{}[39m
[35m[HTTP][39m [37m<-- GET /wd/hub/session/8c63d5bf-3bf3-41e8-9ea3-40c6a1810a2f [39m[32m200[39m [90m41 ms - 1266[39m
[35m[HTTP][39m [90m[39m
[35m[HTTP][39m [37m-->[39m [37mGET[39m [37m/wd/hub/session/8c63d5bf-3bf3-41e8-9ea3-40c6a1810a2f/element/35010078-bd0f-4bab-bc51-e12e7bb25675/location[39m
[35m[HTTP][39m [90m{}[39m
[35m[W3C][39m Driver proxy active, passing request on via HTTP proxy
[35m[JSONWP Proxy][39m Replacing sessionId beff8f0e-d390-4e12-b6a4-4b6969f41d7d with 8c63d5bf-3bf3-41e8-9ea3-40c6a1810a2f
[35m[HTTP][39m [37m<-- GET /wd/hub/session/8c63d5bf-3bf3-41e8-9ea3-40c6a1810a2f/element/35010078-bd0f-4bab-bc51-e12e7bb25675/location [39m[32m200[39m [90m79 ms - 88[39m
[35m[HTTP][39m [90m[39m
[35m[HTTP][39m [37m-->[39m [37mPOST[39m [37m/wd/hub/session/8c63d5bf-3bf3-41e8-9ea3-40c6a1810a2f/element/35010078-bd0f-4bab-bc51-e12e7bb25675/clear[39m
[35m[HTTP][39m [90m{"id":"35010078-bd0f-4bab-bc51-e12e7bb25675"}[39m
[35m[HTTP][39m [37m<-- POST /wd/hub/session/8c63d5bf-3bf3-41e8-9ea3-40c6a1810a2f/element/35010078-bd0f-4bab-bc51-e12e7bb25675/clear [39m[32m200[39m [90m128 ms - 89[39m
[35m[HTTP][39m [90m[39m
[35m[HTTP][39m [37m-->[39m [37mPOST[39m [37m/wd/hub/session/8c63d5bf-3bf3-41e8-9ea3-40c6a1810a2f/element/35010078-bd0f-4bab-bc51-e12e7bb25675/value[39m
[35m[HTTP][39m [90m{"id":"35010078-bd0f-4bab-bc51-e12e7bb25675","value":["4231"]}[39m
[35m[HTTP][39m [37m<-- POST /wd/hub/session/8c63d5bf-3bf3-41e8-9ea3-40c6a1810a2f/element/35010078-bd0f-4bab-bc51-e12e7bb25675/value [39m[32m200[39m [90m1741 ms - 74[39m
[35m[HTTP][39m [90m[39m
[35m[HTTP][39m [37m-->[39m [37mGET[39m [37m/wd/hub/session/8c63d5bf-3bf3-41e8-9ea3-40c6a1810a2f/window/current/size[39m
[35m[HTTP][39m [90m{}[39m
[35m[W3C][39m Driver proxy active, passing request on via HTTP proxy
[35m[JSONWP Proxy][39m Replacing sessionId beff8f0e-d390-4e12-b6a4-4b6969f41d7d with 8c63d5bf-3bf3-41e8-9ea3-40c6a1810a2f
[35m[HTTP][39m [37m<-- GET /wd/hub/session/8c63d5bf-3bf3-41e8-9ea3-40c6a1810a2f/window/current/size [39m[32m200[39m [90m51 ms - 100[39m
[35m[HTTP][39m [90m[39m
[35m[HTTP][39m [37m-->[39m [37mPOST[39m [37m/wd/hub/session/8c63d5bf-3bf3-41e8-9ea3-40c6a1810a2f/elements[39m
[35m[HTTP][39m [90m{"using":"-android uiautomator","value":"new UiSelector().className(\"android.widget.LinearLayout\").resourceId(\"com.msteam.floors.nsu:id/search_view_item\").instance(5)"}[39m
[35m[HTTP][39m [37m<-- POST /wd/hub/session/8c63d5bf-3bf3-41e8-9ea3-40c6a1810a2f/elements [39m[32m200[39m [90m688 ms - 124[39m
[35m[HTTP][39m [90m[39m
[35m[HTTP][39m [37m-->[39m [37mGET[39m [37m/wd/hub/session/8c63d5bf-3bf3-41e8-9ea3-40c6a1810a2f[39m
[35m[HTTP][39m [90m{}[39m
[35m[HTTP][39m [37m<-- GET /wd/hub/session/8c63d5bf-3bf3-41e8-9ea3-40c6a1810a2f [39m[32m200[39m [90m26 ms - 1266[39m
[35m[HTTP][39m [90m[39m
[35m[HTTP][39m [37m-->[39m [37mGET[39m [37m/wd/hub/session/8c63d5bf-3bf3-41e8-9ea3-40c6a1810a2f[39m
[35m[HTTP][39m [90m{}[39m
[35m[HTTP][39m [37m<-- GET /wd/hub/session/8c63d5bf-3bf3-41e8-9ea3-40c6a1810a2f [39m[32m200[39m [90m25 ms - 1266[39m
[35m[HTTP][39m [90m[39m
[35m[HTTP][39m [37m-->[39m [37mGET[39m [37m/wd/hub/session/8c63d5bf-3bf3-41e8-9ea3-40c6a1810a2f[39m
[35m[HTTP][39m [90m{}[39m
[35m[HTTP][39m [37m<-- GET /wd/hub/session/8c63d5bf-3bf3-41e8-9ea3-40c6a1810a2f [39m[32m200[39m [90m23 ms - 1266[39m
[35m[HTTP][39m [90m[39m
[35m[HTTP][39m [37m-->[39m [37mGET[39m [37m/wd/hub/session/8c63d5bf-3bf3-41e8-9ea3-40c6a1810a2f[39m
[35m[HTTP][39m [90m{}[39m
[35m[HTTP][39m [37m<-- GET /wd/hub/session/8c63d5bf-3bf3-41e8-9ea3-40c6a1810a2f [39m[32m200[39m [90m28 ms - 1266[39m
[35m[HTTP][39m [90m[39m
[35m[HTTP][39m [37m-->[39m [37mGET[39m [37m/wd/hub/session/8c63d5bf-3bf3-41e8-9ea3-40c6a1810a2f/element/67ea7855-7b90-4cfc-95fe-f1fa5d1f18ac/location[39m
[35m[HTTP][39m [90m{}[39m
[35m[W3C][39m Driver proxy active, passing request on via HTTP proxy
[35m[JSONWP Proxy][39m Replacing sessionId beff8f0e-d390-4e12-b6a4-4b6969f41d7d with 8c63d5bf-3bf3-41e8-9ea3-40c6a1810a2f
[35m[HTTP][39m [37m<-- GET /wd/hub/session/8c63d5bf-3bf3-41e8-9ea3-40c6a1810a2f/element/67ea7855-7b90-4cfc-95fe-f1fa5d1f18ac/location [39m[32m200[39m [90m56 ms - 88[39m
[35m[HTTP][39m [90m[39m
[35m[HTTP][39m [37m-->[39m [37mPOST[39m [37m/wd/hub/session/8c63d5bf-3bf3-41e8-9ea3-40c6a1810a2f/touch/perform[39m
[35m[HTTP][39m [90m{"actions":[{"action":"tap","options":{"element":"67ea7855-7b90-4cfc-95fe-f1fa5d1f18ac","x":1,"y":1}}]}[39m
[35m[UiAutomator2][39m calling get location: 67ea7855-7b90-4cfc-95fe-f1fa5d1f18ac
[35m[HTTP][39m [37m<-- POST /wd/hub/session/8c63d5bf-3bf3-41e8-9ea3-40c6a1810a2f/touch/perform [39m[32m200[39m [90m1414 ms - 76[39m
[35m[HTTP][39m [90m[39m
[35m[BaseDriver][39m Shutting down because we waited 1800 seconds for a command
[35m[Appium][39m Closing session, cause was 'New Command Timeout of 1800 seconds expired. Try customizing the timeout using the 'newCommandTimeout' desired capability'
[35m[Appium][39m Removing session 8c63d5bf-3bf3-41e8-9ea3-40c6a1810a2f from our master session list
