[35m[Appium][39m Welcome to Appium v1.8.1
[35m[Appium][39m Non-default server args:
[35m[Appium][39m   port: 51606
[35m[Appium][39m   loglevel: info
[35m[Appium][39m   chromeDriverPort: 51610
[35m[Appium][39m   tmpDir: C:\Users\APERSH~1\AppData\Local\Temp\\Katalon\Appium\Temp1575011067121
[35m[Appium][39m Appium REST http interface listener started on 0.0.0.0:51606
[35m[HTTP][39m [37m-->[39m [37mGET[39m [37m/wd/hub/status[39m
[35m[HTTP][39m [90m{}[39m
[35m[HTTP][39m [37m<-- GET /wd/hub/status [39m[32m200[39m [90m18 ms - 83[39m
[35m[HTTP][39m [90m[39m
[35m[HTTP][39m [37m-->[39m [37mPOST[39m [37m/wd/hub/session[39m
[35m[HTTP][39m [90m{"desiredCapabilities":{"app":"C:\\Users\\apershina\\Desktop\\Projects\\Floors\\FloorsApp\\app\\build\\outputs\\apk\\debug\\app-debug.apk","autoGrantPermissions":true,"automationName":"uiautomator2","deviceName":"samsung SM-A530F (Android 9)","fullReset":false,"newCommandTimeout":1800,"noReset":true,"platform":"ANDROID","platformName":"Android","udid":"5200502e5b11c491"},"capabilities":{"desiredCapabilities":{"app":"C:\\Users\\apershina\\Desktop\\Projects\\Floors\\FloorsApp\\app\\build\\outputs\\apk\\debug\\app-debug.apk","autoGrantPermissions":true,"automationName":"uiautomator2","deviceName":"samsung SM-A530F (Android 9)","fullReset":false,"newCommandTimeout":1800,"noReset":true,"platform":"ANDROID","platformName":"Android","udid":"5200502e5b11c491"},"firstMatch":[{"platformName":"android"}]}}[39m
[35m[Appium][39m Could not parse W3C capabilities: 'deviceName' can't be blank. Falling back to JSONWP protocol.
[35m[Appium][39m The following capabilities were provided in the JSONWP desired capabilities that are missing in W3C capabilities: ["app","autoGrantPermissions","automationName","deviceName","fullReset","newCommandTimeout","noReset","platform","platformName","udid"]. Falling back to JSONWP protocol.
[35m[Appium][39m Creating new AndroidUiautomator2Driver (v1.12.0) session
[35m[Appium][39m Capabilities:
[35m[Appium][39m   app: C:\Users\apershina\Desktop\Projects\Floors\FloorsApp\app\build\outputs\apk\debug\app-debug.apk
[35m[Appium][39m   autoGrantPermissions: true
[35m[Appium][39m   automationName: uiautomator2
[35m[Appium][39m   deviceName: samsung SM-A530F (Android 9)
[35m[Appium][39m   fullReset: false
[35m[Appium][39m   newCommandTimeout: 1800
[35m[Appium][39m   noReset: true
[35m[Appium][39m   platform: ANDROID
[35m[Appium][39m   platformName: Android
[35m[Appium][39m   udid: 5200502e5b11c491
[35m[BaseDriver][39m The following capabilities were provided, but are not recognized by appium: platform.
[35m[BaseDriver][39m Session created with session id: f0a3dd6b-9d51-4717-bcb6-8999f0c55980
[35m[BaseDriver][39m Using local app 'C:\Users\apershina\Desktop\Projects\Floors\FloorsApp\app\build\outputs\apk\debug\app-debug.apk'
[35m[AndroidDriver][39m Java version is: 1.8.0_181
[35m[ADB][39m Checking whether adb is present
[35m[ADB][39m Found 1 'build-tools' folders under 'C:\Users\apershina\.katalon\tools\android_sdk' (newest first):
[35m[ADB][39m     C:/Users/apershina/.katalon/tools/android_sdk/build-tools/28.0.3
[35m[ADB][39m Using adb.exe from C:\Users\apershina\.katalon\tools\android_sdk\platform-tools\adb.exe
[35m[AndroidDriver][39m Retrieving device list
[35m[AndroidDriver][39m Using device: 5200502e5b11c491
[35m[ADB][39m Using the alternative activity name detection method because of: Could not find apkanalyzer.bat in C:\Users\apershina\.katalon\tools\android_sdk\platform-tools\apkanalyzer.bat,C:\Users\apershina\.katalon\tools\android_sdk\emulator\apkanalyzer.bat,C:\Users\apershina\.katalon\tools\android_sdk\tools\apkanalyzer.bat,C:\Users\apershina\.katalon\tools\android_sdk\tools\bin\apkanalyzer.bat,C:\Users\apershina\.katalon\tools\android_sdk\build-tools\28.0.3\apkanalyzer.bat. Do you have the Android SDK installed at 'C:\Users\apershina\.katalon\tools\android_sdk'?
[35m[ADB][39m Checking whether aapt is present
[35m[ADB][39m Using aapt.exe from C:\Users\apershina\.katalon\tools\android_sdk\build-tools\28.0.3\aapt.exe
[35m[ADB][39m Extracting package and launch activity from manifest
[35m[ADB][39m Package name: 'com.msteam.floors.nsu'
[35m[ADB][39m Main activity name: 'com.msteam.floors.SplashActivity'
[35m[ADB][39m Getting device platform version
[35m[ADB][39m Using apksigner.bat from C:\Users\apershina\.katalon\tools\android_sdk\build-tools\28.0.3\apksigner.bat
[35m[ADB][39m Checking whether zipalign is present
[35m[ADB][39m Using zipalign.exe from C:\Users\apershina\.katalon\tools\android_sdk\build-tools\28.0.3\zipalign.exe
[35m[ADB][39m io.appium.uiautomator2.server was successfully uninstalled
[35m[ADB][39m io.appium.uiautomator2.server.test was successfully uninstalled
[35m[AndroidDriver][39m setDeviceLanguageCountry requires language or country.
[35m[AndroidDriver][39m Got language: 'null' and country: 'null'
[35m[ADB][39m Successfully extracted 132 strings from 'C:\Users\apershina\Desktop\Projects\Floors\FloorsApp\app\build\outputs\apk\debug\app-debug.apk' resources for '(default)' configuration
[35m[UiAutomator2][39m Starting uiautomator2 server 1.12.0
[35m[UiAutomator2][39m Using UIAutomator2 server from 'C:\Users\apershina\AppData\Roaming\npm\node_modules\appium\node_modules\appium-uiautomator2-server\apks\appium-uiautomator2-server-v1.12.0.apk' and test from 'C:\Users\apershina\AppData\Roaming\npm\node_modules\appium\node_modules\appium-uiautomator2-server\apks\appium-uiautomator2-server-debug-androidTest.apk'
[35m[UiAutomator2][39m Running command: 'adb -s 5200502e5b11c491 shell am instrument -w io.appium.uiautomator2.server.test/android.support.test.runner.AndroidJUnitRunner'
[35m[UiAutomator2][39m Waiting up to 20000ms for UiAutomator2 to be online...
[35m[AndroidDriver][39m Screen already unlocked, doing nothing
[35m[UiAutomator2][39m UiAutomator2 did not start the activity we were waiting for, 'com.msteam.floors.nsu/com.msteam.floors.SplashActivity'. Starting it ourselves
[35m[Appium][39m New AndroidUiautomator2Driver session created successfully, session f0a3dd6b-9d51-4717-bcb6-8999f0c55980 added to master session list
[35m[HTTP][39m [37m<-- POST /wd/hub/session [39m[32m200[39m [90m32753 ms - 1266[39m
[35m[HTTP][39m [90m[39m
[35m[HTTP][39m [37m-->[39m [37mGET[39m [37m/wd/hub/status[39m
[35m[HTTP][39m [90m{}[39m
[35m[HTTP][39m [37m<-- GET /wd/hub/status [39m[32m200[39m [90m7 ms - 55[39m
[35m[HTTP][39m [90m[39m
[35m[HTTP][39m [37m-->[39m [37mPOST[39m [37m/wd/hub/session/f0a3dd6b-9d51-4717-bcb6-8999f0c55980/timeouts[39m
[35m[HTTP][39m [90m{"type":"implicit","ms":30000}[39m
[35m[HTTP][39m [37m<-- POST /wd/hub/session/f0a3dd6b-9d51-4717-bcb6-8999f0c55980/timeouts [39m[33m400[39m [90m24 ms - 5332[39m
[35m[HTTP][39m [90m[39m
[35m[HTTP][39m [37m-->[39m [37mGET[39m [37m/wd/hub/session/f0a3dd6b-9d51-4717-bcb6-8999f0c55980/window/current/size[39m
[35m[HTTP][39m [90m{}[39m
[35m[W3C][39m Driver proxy active, passing request on via HTTP proxy
[35m[JSONWP Proxy][39m Replacing sessionId 6e2e79c4-0b53-4492-accc-4834b21b17a6 with f0a3dd6b-9d51-4717-bcb6-8999f0c55980
[35m[HTTP][39m [37m<-- GET /wd/hub/session/f0a3dd6b-9d51-4717-bcb6-8999f0c55980/window/current/size [39m[32m200[39m [90m150 ms - 100[39m
[35m[HTTP][39m [90m[39m
[35m[HTTP][39m [37m-->[39m [37mPOST[39m [37m/wd/hub/session/f0a3dd6b-9d51-4717-bcb6-8999f0c55980/elements[39m
[35m[HTTP][39m [90m{"using":"-android uiautomator","value":"new UiSelector().className(\"android.widget.EditText\").text(\"Искать\").resourceId(\"com.msteam.floors.nsu:id/searchEditText_input\").instance(0)"}[39m
[35m[HTTP][39m [37m<-- POST /wd/hub/session/f0a3dd6b-9d51-4717-bcb6-8999f0c55980/elements [39m[32m200[39m [90m145 ms - 74[39m
[35m[HTTP][39m [90m[39m
[35m[HTTP][39m [37m-->[39m [37mPOST[39m [37m/wd/hub/session/f0a3dd6b-9d51-4717-bcb6-8999f0c55980/elements[39m
[35m[HTTP][39m [90m{"using":"-android uiautomator","value":"new UiSelector().className(\"android.widget.EditText\").text(\"Искать\").resourceId(\"com.msteam.floors.nsu:id/searchEditText_input\").instance(0)"}[39m
[35m[HTTP][39m [37m<-- POST /wd/hub/session/f0a3dd6b-9d51-4717-bcb6-8999f0c55980/elements [39m[32m200[39m [90m113 ms - 74[39m
[35m[HTTP][39m [90m[39m
[35m[HTTP][39m [37m-->[39m [37mPOST[39m [37m/wd/hub/session/f0a3dd6b-9d51-4717-bcb6-8999f0c55980/elements[39m
[35m[HTTP][39m [90m{"using":"-android uiautomator","value":"new UiSelector().className(\"android.widget.EditText\").text(\"Искать\").resourceId(\"com.msteam.floors.nsu:id/searchEditText_input\").instance(0)"}[39m
[35m[HTTP][39m [37m<-- POST /wd/hub/session/f0a3dd6b-9d51-4717-bcb6-8999f0c55980/elements [39m[32m200[39m [90m97 ms - 74[39m
[35m[HTTP][39m [90m[39m
[35m[HTTP][39m [37m-->[39m [37mPOST[39m [37m/wd/hub/session/f0a3dd6b-9d51-4717-bcb6-8999f0c55980/elements[39m
[35m[HTTP][39m [90m{"using":"-android uiautomator","value":"new UiSelector().className(\"android.widget.EditText\").text(\"Искать\").resourceId(\"com.msteam.floors.nsu:id/searchEditText_input\").instance(0)"}[39m
[35m[HTTP][39m [37m<-- POST /wd/hub/session/f0a3dd6b-9d51-4717-bcb6-8999f0c55980/elements [39m[32m200[39m [90m88 ms - 74[39m
[35m[HTTP][39m [90m[39m
[35m[HTTP][39m [37m-->[39m [37mPOST[39m [37m/wd/hub/session/f0a3dd6b-9d51-4717-bcb6-8999f0c55980/elements[39m
[35m[HTTP][39m [90m{"using":"-android uiautomator","value":"new UiSelector().className(\"android.widget.EditText\").text(\"Искать\").resourceId(\"com.msteam.floors.nsu:id/searchEditText_input\").instance(0)"}[39m
[35m[HTTP][39m [37m<-- POST /wd/hub/session/f0a3dd6b-9d51-4717-bcb6-8999f0c55980/elements [39m[32m200[39m [90m90 ms - 74[39m
[35m[HTTP][39m [90m[39m
[35m[HTTP][39m [37m-->[39m [37mPOST[39m [37m/wd/hub/session/f0a3dd6b-9d51-4717-bcb6-8999f0c55980/elements[39m
[35m[HTTP][39m [90m{"using":"-android uiautomator","value":"new UiSelector().className(\"android.widget.EditText\").text(\"Искать\").resourceId(\"com.msteam.floors.nsu:id/searchEditText_input\").instance(0)"}[39m
[35m[HTTP][39m [37m<-- POST /wd/hub/session/f0a3dd6b-9d51-4717-bcb6-8999f0c55980/elements [39m[32m200[39m [90m86 ms - 74[39m
[35m[HTTP][39m [90m[39m
[35m[HTTP][39m [37m-->[39m [37mPOST[39m [37m/wd/hub/session/f0a3dd6b-9d51-4717-bcb6-8999f0c55980/elements[39m
[35m[HTTP][39m [90m{"using":"-android uiautomator","value":"new UiSelector().className(\"android.widget.EditText\").text(\"Искать\").resourceId(\"com.msteam.floors.nsu:id/searchEditText_input\").instance(0)"}[39m
[35m[HTTP][39m [37m<-- POST /wd/hub/session/f0a3dd6b-9d51-4717-bcb6-8999f0c55980/elements [39m[32m200[39m [90m85 ms - 74[39m
[35m[HTTP][39m [90m[39m
[35m[HTTP][39m [37m-->[39m [37mPOST[39m [37m/wd/hub/session/f0a3dd6b-9d51-4717-bcb6-8999f0c55980/elements[39m
[35m[HTTP][39m [90m{"using":"-android uiautomator","value":"new UiSelector().className(\"android.widget.EditText\").text(\"Искать\").resourceId(\"com.msteam.floors.nsu:id/searchEditText_input\").instance(0)"}[39m
[35m[HTTP][39m [37m<-- POST /wd/hub/session/f0a3dd6b-9d51-4717-bcb6-8999f0c55980/elements [39m[32m200[39m [90m67 ms - 74[39m
[35m[HTTP][39m [90m[39m
[35m[HTTP][39m [37m-->[39m [37mPOST[39m [37m/wd/hub/session/f0a3dd6b-9d51-4717-bcb6-8999f0c55980/elements[39m
[35m[HTTP][39m [90m{"using":"-android uiautomator","value":"new UiSelector().className(\"android.widget.EditText\").text(\"Искать\").resourceId(\"com.msteam.floors.nsu:id/searchEditText_input\").instance(0)"}[39m
[35m[HTTP][39m [37m<-- POST /wd/hub/session/f0a3dd6b-9d51-4717-bcb6-8999f0c55980/elements [39m[32m200[39m [90m1308 ms - 74[39m
[35m[HTTP][39m [90m[39m
[35m[HTTP][39m [37m-->[39m [37mPOST[39m [37m/wd/hub/session/f0a3dd6b-9d51-4717-bcb6-8999f0c55980/elements[39m
[35m[HTTP][39m [90m{"using":"-android uiautomator","value":"new UiSelector().className(\"android.widget.EditText\").text(\"Искать\").resourceId(\"com.msteam.floors.nsu:id/searchEditText_input\").instance(0)"}[39m
[35m[HTTP][39m [37m<-- POST /wd/hub/session/f0a3dd6b-9d51-4717-bcb6-8999f0c55980/elements [39m[32m200[39m [90m457 ms - 74[39m
[35m[HTTP][39m [90m[39m
[35m[HTTP][39m [37m-->[39m [37mPOST[39m [37m/wd/hub/session/f0a3dd6b-9d51-4717-bcb6-8999f0c55980/elements[39m
[35m[HTTP][39m [90m{"using":"-android uiautomator","value":"new UiSelector().className(\"android.widget.EditText\").text(\"Искать\").resourceId(\"com.msteam.floors.nsu:id/searchEditText_input\").instance(0)"}[39m
[35m[HTTP][39m [37m<-- POST /wd/hub/session/f0a3dd6b-9d51-4717-bcb6-8999f0c55980/elements [39m[32m200[39m [90m1517 ms - 124[39m
[35m[HTTP][39m [90m[39m
[35m[HTTP][39m [37m-->[39m [37mGET[39m [37m/wd/hub/session/f0a3dd6b-9d51-4717-bcb6-8999f0c55980[39m
[35m[HTTP][39m [90m{}[39m
[35m[HTTP][39m [37m<-- GET /wd/hub/session/f0a3dd6b-9d51-4717-bcb6-8999f0c55980 [39m[32m200[39m [90m33 ms - 1266[39m
[35m[HTTP][39m [90m[39m
[35m[HTTP][39m [37m-->[39m [37mGET[39m [37m/wd/hub/session/f0a3dd6b-9d51-4717-bcb6-8999f0c55980[39m
[35m[HTTP][39m [90m{}[39m
[35m[HTTP][39m [37m<-- GET /wd/hub/session/f0a3dd6b-9d51-4717-bcb6-8999f0c55980 [39m[32m200[39m [90m31 ms - 1266[39m
[35m[HTTP][39m [90m[39m
[35m[HTTP][39m [37m-->[39m [37mGET[39m [37m/wd/hub/session/f0a3dd6b-9d51-4717-bcb6-8999f0c55980[39m
[35m[HTTP][39m [90m{}[39m
[35m[HTTP][39m [37m<-- GET /wd/hub/session/f0a3dd6b-9d51-4717-bcb6-8999f0c55980 [39m[32m200[39m [90m33 ms - 1266[39m
[35m[HTTP][39m [90m[39m
[35m[HTTP][39m [37m-->[39m [37mGET[39m [37m/wd/hub/session/f0a3dd6b-9d51-4717-bcb6-8999f0c55980[39m
[35m[HTTP][39m [90m{}[39m
[35m[HTTP][39m [37m<-- GET /wd/hub/session/f0a3dd6b-9d51-4717-bcb6-8999f0c55980 [39m[32m200[39m [90m30 ms - 1266[39m
[35m[HTTP][39m [90m[39m
[35m[HTTP][39m [37m-->[39m [37mGET[39m [37m/wd/hub/session/f0a3dd6b-9d51-4717-bcb6-8999f0c55980/element/63b402b2-7fac-40be-a752-6e693c986012/location[39m
[35m[HTTP][39m [90m{}[39m
[35m[W3C][39m Driver proxy active, passing request on via HTTP proxy
[35m[JSONWP Proxy][39m Replacing sessionId 6e2e79c4-0b53-4492-accc-4834b21b17a6 with f0a3dd6b-9d51-4717-bcb6-8999f0c55980
[35m[HTTP][39m [37m<-- GET /wd/hub/session/f0a3dd6b-9d51-4717-bcb6-8999f0c55980/element/63b402b2-7fac-40be-a752-6e693c986012/location [39m[32m200[39m [90m140 ms - 88[39m
[35m[HTTP][39m [90m[39m
[35m[HTTP][39m [37m-->[39m [37mPOST[39m [37m/wd/hub/session/f0a3dd6b-9d51-4717-bcb6-8999f0c55980/touch/perform[39m
[35m[HTTP][39m [90m{"actions":[{"action":"tap","options":{"element":"63b402b2-7fac-40be-a752-6e693c986012","x":1,"y":1}}]}[39m
[35m[UiAutomator2][39m calling get location: 63b402b2-7fac-40be-a752-6e693c986012
[35m[HTTP][39m [37m<-- POST /wd/hub/session/f0a3dd6b-9d51-4717-bcb6-8999f0c55980/touch/perform [39m[32m200[39m [90m1543 ms - 76[39m
[35m[HTTP][39m [90m[39m
[35m[HTTP][39m [37m-->[39m [37mGET[39m [37m/wd/hub/session/f0a3dd6b-9d51-4717-bcb6-8999f0c55980/window/current/size[39m
[35m[HTTP][39m [90m{}[39m
[35m[W3C][39m Driver proxy active, passing request on via HTTP proxy
[35m[JSONWP Proxy][39m Replacing sessionId 6e2e79c4-0b53-4492-accc-4834b21b17a6 with f0a3dd6b-9d51-4717-bcb6-8999f0c55980
[35m[HTTP][39m [37m<-- GET /wd/hub/session/f0a3dd6b-9d51-4717-bcb6-8999f0c55980/window/current/size [39m[32m200[39m [90m92 ms - 100[39m
[35m[HTTP][39m [90m[39m
[35m[HTTP][39m [37m-->[39m [37mPOST[39m [37m/wd/hub/session/f0a3dd6b-9d51-4717-bcb6-8999f0c55980/elements[39m
[35m[HTTP][39m [90m{"using":"-android uiautomator","value":"new UiSelector().className(\"android.widget.EditText\").text(\"Искать\").resourceId(\"com.msteam.floors.nsu:id/searchEditText_input\").instance(0)"}[39m
[35m[HTTP][39m [37m<-- POST /wd/hub/session/f0a3dd6b-9d51-4717-bcb6-8999f0c55980/elements [39m[32m200[39m [90m255 ms - 124[39m
[35m[HTTP][39m [90m[39m
[35m[HTTP][39m [37m-->[39m [37mGET[39m [37m/wd/hub/session/f0a3dd6b-9d51-4717-bcb6-8999f0c55980[39m
[35m[HTTP][39m [90m{}[39m
[35m[HTTP][39m [37m<-- GET /wd/hub/session/f0a3dd6b-9d51-4717-bcb6-8999f0c55980 [39m[32m200[39m [90m51 ms - 1266[39m
[35m[HTTP][39m [90m[39m
[35m[HTTP][39m [37m-->[39m [37mGET[39m [37m/wd/hub/session/f0a3dd6b-9d51-4717-bcb6-8999f0c55980[39m
[35m[HTTP][39m [90m{}[39m
[35m[HTTP][39m [37m<-- GET /wd/hub/session/f0a3dd6b-9d51-4717-bcb6-8999f0c55980 [39m[32m200[39m [90m34 ms - 1266[39m
[35m[HTTP][39m [90m[39m
[35m[HTTP][39m [37m-->[39m [37mGET[39m [37m/wd/hub/session/f0a3dd6b-9d51-4717-bcb6-8999f0c55980[39m
[35m[HTTP][39m [90m{}[39m
[35m[HTTP][39m [37m<-- GET /wd/hub/session/f0a3dd6b-9d51-4717-bcb6-8999f0c55980 [39m[32m200[39m [90m39 ms - 1266[39m
[35m[HTTP][39m [90m[39m
[35m[HTTP][39m [37m-->[39m [37mGET[39m [37m/wd/hub/session/f0a3dd6b-9d51-4717-bcb6-8999f0c55980[39m
[35m[HTTP][39m [90m{}[39m
[35m[HTTP][39m [37m<-- GET /wd/hub/session/f0a3dd6b-9d51-4717-bcb6-8999f0c55980 [39m[32m200[39m [90m115 ms - 1266[39m
[35m[HTTP][39m [90m[39m
[35m[HTTP][39m [37m-->[39m [37mGET[39m [37m/wd/hub/session/f0a3dd6b-9d51-4717-bcb6-8999f0c55980/element/2b204dea-e19a-4756-a06b-e7e16c86c034/location[39m
[35m[HTTP][39m [90m{}[39m
[35m[W3C][39m Driver proxy active, passing request on via HTTP proxy
[35m[JSONWP Proxy][39m Replacing sessionId 6e2e79c4-0b53-4492-accc-4834b21b17a6 with f0a3dd6b-9d51-4717-bcb6-8999f0c55980
[35m[HTTP][39m [37m<-- GET /wd/hub/session/f0a3dd6b-9d51-4717-bcb6-8999f0c55980/element/2b204dea-e19a-4756-a06b-e7e16c86c034/location [39m[32m200[39m [90m161 ms - 88[39m
[35m[HTTP][39m [90m[39m
[35m[HTTP][39m [37m-->[39m [37mPOST[39m [37m/wd/hub/session/f0a3dd6b-9d51-4717-bcb6-8999f0c55980/element/2b204dea-e19a-4756-a06b-e7e16c86c034/clear[39m
[35m[HTTP][39m [90m{"id":"2b204dea-e19a-4756-a06b-e7e16c86c034"}[39m
[35m[HTTP][39m [37m<-- POST /wd/hub/session/f0a3dd6b-9d51-4717-bcb6-8999f0c55980/element/2b204dea-e19a-4756-a06b-e7e16c86c034/clear [39m[32m200[39m [90m151 ms - 89[39m
[35m[HTTP][39m [90m[39m
[35m[HTTP][39m [37m-->[39m [37mPOST[39m [37m/wd/hub/session/f0a3dd6b-9d51-4717-bcb6-8999f0c55980/element/2b204dea-e19a-4756-a06b-e7e16c86c034/value[39m
[35m[HTTP][39m [90m{"id":"2b204dea-e19a-4756-a06b-e7e16c86c034","value":["4204"]}[39m
[35m[HTTP][39m [37m<-- POST /wd/hub/session/f0a3dd6b-9d51-4717-bcb6-8999f0c55980/element/2b204dea-e19a-4756-a06b-e7e16c86c034/value [39m[32m200[39m [90m1960 ms - 74[39m
[35m[HTTP][39m [90m[39m
[35m[HTTP][39m [37m-->[39m [37mGET[39m [37m/wd/hub/session/f0a3dd6b-9d51-4717-bcb6-8999f0c55980/window/current/size[39m
[35m[HTTP][39m [90m{}[39m
[35m[W3C][39m Driver proxy active, passing request on via HTTP proxy
[35m[JSONWP Proxy][39m Replacing sessionId 6e2e79c4-0b53-4492-accc-4834b21b17a6 with f0a3dd6b-9d51-4717-bcb6-8999f0c55980
[35m[HTTP][39m [37m<-- GET /wd/hub/session/f0a3dd6b-9d51-4717-bcb6-8999f0c55980/window/current/size [39m[32m200[39m [90m41 ms - 100[39m
[35m[HTTP][39m [90m[39m
[35m[HTTP][39m [37m-->[39m [37mPOST[39m [37m/wd/hub/session/f0a3dd6b-9d51-4717-bcb6-8999f0c55980/elements[39m
[35m[HTTP][39m [90m{"using":"-android uiautomator","value":"new UiSelector().className(\"android.widget.LinearLayout\").resourceId(\"com.msteam.floors.nsu:id/search_view_item\").instance(5)"}[39m
[35m[HTTP][39m [37m<-- POST /wd/hub/session/f0a3dd6b-9d51-4717-bcb6-8999f0c55980/elements [39m[32m200[39m [90m681 ms - 124[39m
[35m[HTTP][39m [90m[39m
[35m[HTTP][39m [37m-->[39m [37mGET[39m [37m/wd/hub/session/f0a3dd6b-9d51-4717-bcb6-8999f0c55980[39m
[35m[HTTP][39m [90m{}[39m
[35m[HTTP][39m [37m<-- GET /wd/hub/session/f0a3dd6b-9d51-4717-bcb6-8999f0c55980 [39m[32m200[39m [90m36 ms - 1266[39m
[35m[HTTP][39m [90m[39m
[35m[HTTP][39m [37m-->[39m [37mGET[39m [37m/wd/hub/session/f0a3dd6b-9d51-4717-bcb6-8999f0c55980[39m
[35m[HTTP][39m [90m{}[39m
[35m[HTTP][39m [37m<-- GET /wd/hub/session/f0a3dd6b-9d51-4717-bcb6-8999f0c55980 [39m[32m200[39m [90m33 ms - 1266[39m
[35m[HTTP][39m [90m[39m
[35m[HTTP][39m [37m-->[39m [37mGET[39m [37m/wd/hub/session/f0a3dd6b-9d51-4717-bcb6-8999f0c55980[39m
[35m[HTTP][39m [90m{}[39m
[35m[HTTP][39m [37m<-- GET /wd/hub/session/f0a3dd6b-9d51-4717-bcb6-8999f0c55980 [39m[32m200[39m [90m35 ms - 1266[39m
[35m[HTTP][39m [90m[39m
[35m[HTTP][39m [37m-->[39m [37mGET[39m [37m/wd/hub/session/f0a3dd6b-9d51-4717-bcb6-8999f0c55980[39m
[35m[HTTP][39m [90m{}[39m
[35m[HTTP][39m [37m<-- GET /wd/hub/session/f0a3dd6b-9d51-4717-bcb6-8999f0c55980 [39m[32m200[39m [90m68 ms - 1266[39m
[35m[HTTP][39m [90m[39m
[35m[HTTP][39m [37m-->[39m [37mGET[39m [37m/wd/hub/session/f0a3dd6b-9d51-4717-bcb6-8999f0c55980/element/452f51b3-f444-46cc-b7c1-f9bc3cd9fea2/location[39m
[35m[HTTP][39m [90m{}[39m
[35m[W3C][39m Driver proxy active, passing request on via HTTP proxy
[35m[JSONWP Proxy][39m Replacing sessionId 6e2e79c4-0b53-4492-accc-4834b21b17a6 with f0a3dd6b-9d51-4717-bcb6-8999f0c55980
[35m[HTTP][39m [37m<-- GET /wd/hub/session/f0a3dd6b-9d51-4717-bcb6-8999f0c55980/element/452f51b3-f444-46cc-b7c1-f9bc3cd9fea2/location [39m[32m200[39m [90m63 ms - 88[39m
[35m[HTTP][39m [90m[39m
[35m[HTTP][39m [37m-->[39m [37mPOST[39m [37m/wd/hub/session/f0a3dd6b-9d51-4717-bcb6-8999f0c55980/touch/perform[39m
[35m[HTTP][39m [90m{"actions":[{"action":"tap","options":{"element":"452f51b3-f444-46cc-b7c1-f9bc3cd9fea2","x":1,"y":1}}]}[39m
[35m[UiAutomator2][39m calling get location: 452f51b3-f444-46cc-b7c1-f9bc3cd9fea2
[35m[HTTP][39m [37m<-- POST /wd/hub/session/f0a3dd6b-9d51-4717-bcb6-8999f0c55980/touch/perform [39m[32m200[39m [90m1550 ms - 76[39m
[35m[HTTP][39m [90m[39m
[35m[HTTP][39m [37m-->[39m [37mGET[39m [37m/wd/hub/session/f0a3dd6b-9d51-4717-bcb6-8999f0c55980/window/current/size[39m
[35m[HTTP][39m [90m{}[39m
[35m[W3C][39m Driver proxy active, passing request on via HTTP proxy
[35m[JSONWP Proxy][39m Replacing sessionId 6e2e79c4-0b53-4492-accc-4834b21b17a6 with f0a3dd6b-9d51-4717-bcb6-8999f0c55980
[35m[HTTP][39m [37m<-- GET /wd/hub/session/f0a3dd6b-9d51-4717-bcb6-8999f0c55980/window/current/size [39m[32m200[39m [90m82 ms - 100[39m
[35m[HTTP][39m [90m[39m
[35m[HTTP][39m [37m-->[39m [37mPOST[39m [37m/wd/hub/session/f0a3dd6b-9d51-4717-bcb6-8999f0c55980/elements[39m
[35m[HTTP][39m [90m{"using":"-android uiautomator","value":"new UiSelector().className(\"android.widget.Button\").text(\"МАРШРУТ\").instance(0)"}[39m
[35m[HTTP][39m [37m<-- POST /wd/hub/session/f0a3dd6b-9d51-4717-bcb6-8999f0c55980/elements [39m[32m200[39m [90m1253 ms - 124[39m
[35m[HTTP][39m [90m[39m
[35m[HTTP][39m [37m-->[39m [37mGET[39m [37m/wd/hub/session/f0a3dd6b-9d51-4717-bcb6-8999f0c55980[39m
[35m[HTTP][39m [90m{}[39m
[35m[HTTP][39m [37m<-- GET /wd/hub/session/f0a3dd6b-9d51-4717-bcb6-8999f0c55980 [39m[32m200[39m [90m36 ms - 1266[39m
[35m[HTTP][39m [90m[39m
[35m[HTTP][39m [37m-->[39m [37mGET[39m [37m/wd/hub/session/f0a3dd6b-9d51-4717-bcb6-8999f0c55980[39m
[35m[HTTP][39m [90m{}[39m
[35m[HTTP][39m [37m<-- GET /wd/hub/session/f0a3dd6b-9d51-4717-bcb6-8999f0c55980 [39m[32m200[39m [90m30 ms - 1266[39m
[35m[HTTP][39m [90m[39m
[35m[HTTP][39m [37m-->[39m [37mGET[39m [37m/wd/hub/session/f0a3dd6b-9d51-4717-bcb6-8999f0c55980[39m
[35m[HTTP][39m [90m{}[39m
[35m[HTTP][39m [37m<-- GET /wd/hub/session/f0a3dd6b-9d51-4717-bcb6-8999f0c55980 [39m[32m200[39m [90m33 ms - 1266[39m
[35m[HTTP][39m [90m[39m
[35m[HTTP][39m [37m-->[39m [37mGET[39m [37m/wd/hub/session/f0a3dd6b-9d51-4717-bcb6-8999f0c55980[39m
[35m[HTTP][39m [90m{}[39m
[35m[HTTP][39m [37m<-- GET /wd/hub/session/f0a3dd6b-9d51-4717-bcb6-8999f0c55980 [39m[32m200[39m [90m33 ms - 1266[39m
[35m[HTTP][39m [90m[39m
[35m[HTTP][39m [37m-->[39m [37mGET[39m [37m/wd/hub/session/f0a3dd6b-9d51-4717-bcb6-8999f0c55980/element/e9819bdd-7287-4270-ab9f-98f5dba19049/location[39m
[35m[HTTP][39m [90m{}[39m
[35m[W3C][39m Driver proxy active, passing request on via HTTP proxy
[35m[JSONWP Proxy][39m Replacing sessionId 6e2e79c4-0b53-4492-accc-4834b21b17a6 with f0a3dd6b-9d51-4717-bcb6-8999f0c55980
[35m[HTTP][39m [37m<-- GET /wd/hub/session/f0a3dd6b-9d51-4717-bcb6-8999f0c55980/element/e9819bdd-7287-4270-ab9f-98f5dba19049/location [39m[32m200[39m [90m65 ms - 90[39m
[35m[HTTP][39m [90m[39m
[35m[HTTP][39m [37m-->[39m [37mPOST[39m [37m/wd/hub/session/f0a3dd6b-9d51-4717-bcb6-8999f0c55980/touch/perform[39m
[35m[HTTP][39m [90m{"actions":[{"action":"tap","options":{"element":"e9819bdd-7287-4270-ab9f-98f5dba19049","x":1,"y":1}}]}[39m
[35m[UiAutomator2][39m calling get location: e9819bdd-7287-4270-ab9f-98f5dba19049
[35m[HTTP][39m [37m<-- POST /wd/hub/session/f0a3dd6b-9d51-4717-bcb6-8999f0c55980/touch/perform [39m[32m200[39m [90m1176 ms - 76[39m
[35m[HTTP][39m [90m[39m
[35m[HTTP][39m [37m-->[39m [37mGET[39m [37m/wd/hub/session/f0a3dd6b-9d51-4717-bcb6-8999f0c55980/window/current/size[39m
[35m[HTTP][39m [90m{}[39m
[35m[W3C][39m Driver proxy active, passing request on via HTTP proxy
[35m[JSONWP Proxy][39m Replacing sessionId 6e2e79c4-0b53-4492-accc-4834b21b17a6 with f0a3dd6b-9d51-4717-bcb6-8999f0c55980
[35m[HTTP][39m [37m<-- GET /wd/hub/session/f0a3dd6b-9d51-4717-bcb6-8999f0c55980/window/current/size [39m[32m200[39m [90m88 ms - 100[39m
[35m[HTTP][39m [90m[39m
[35m[HTTP][39m [37m-->[39m [37mPOST[39m [37m/wd/hub/session/f0a3dd6b-9d51-4717-bcb6-8999f0c55980/elements[39m
[35m[HTTP][39m [90m{"using":"-android uiautomator","value":"new UiSelector().className(\"TextInputLayout\").text(\"Начало маршрута\").resourceId(\"com.msteam.floors.nsu:id/tilFrom\").instance(0)"}[39m
[35m[HTTP][39m [37m<-- POST /wd/hub/session/f0a3dd6b-9d51-4717-bcb6-8999f0c55980/elements [39m[32m200[39m [90m235 ms - 124[39m
[35m[HTTP][39m [90m[39m
[35m[HTTP][39m [37m-->[39m [37mGET[39m [37m/wd/hub/session/f0a3dd6b-9d51-4717-bcb6-8999f0c55980[39m
[35m[HTTP][39m [90m{}[39m
[35m[HTTP][39m [37m<-- GET /wd/hub/session/f0a3dd6b-9d51-4717-bcb6-8999f0c55980 [39m[32m200[39m [90m35 ms - 1266[39m
[35m[HTTP][39m [90m[39m
[35m[HTTP][39m [37m-->[39m [37mGET[39m [37m/wd/hub/session/f0a3dd6b-9d51-4717-bcb6-8999f0c55980[39m
[35m[HTTP][39m [90m{}[39m
[35m[HTTP][39m [37m<-- GET /wd/hub/session/f0a3dd6b-9d51-4717-bcb6-8999f0c55980 [39m[32m200[39m [90m36 ms - 1266[39m
[35m[HTTP][39m [90m[39m
[35m[HTTP][39m [37m-->[39m [37mGET[39m [37m/wd/hub/session/f0a3dd6b-9d51-4717-bcb6-8999f0c55980[39m
[35m[HTTP][39m [90m{}[39m
[35m[HTTP][39m [37m<-- GET /wd/hub/session/f0a3dd6b-9d51-4717-bcb6-8999f0c55980 [39m[32m200[39m [90m31 ms - 1266[39m
[35m[HTTP][39m [90m[39m
[35m[HTTP][39m [37m-->[39m [37mGET[39m [37m/wd/hub/session/f0a3dd6b-9d51-4717-bcb6-8999f0c55980[39m
[35m[HTTP][39m [90m{}[39m
[35m[HTTP][39m [37m<-- GET /wd/hub/session/f0a3dd6b-9d51-4717-bcb6-8999f0c55980 [39m[32m200[39m [90m46 ms - 1266[39m
[35m[HTTP][39m [90m[39m
[35m[HTTP][39m [37m-->[39m [37mGET[39m [37m/wd/hub/session/f0a3dd6b-9d51-4717-bcb6-8999f0c55980/element/486b2bbd-be5c-45d8-a606-4b035ff25302/location[39m
[35m[HTTP][39m [90m{}[39m
[35m[W3C][39m Driver proxy active, passing request on via HTTP proxy
[35m[JSONWP Proxy][39m Replacing sessionId 6e2e79c4-0b53-4492-accc-4834b21b17a6 with f0a3dd6b-9d51-4717-bcb6-8999f0c55980
[35m[HTTP][39m [37m<-- GET /wd/hub/session/f0a3dd6b-9d51-4717-bcb6-8999f0c55980/element/486b2bbd-be5c-45d8-a606-4b035ff25302/location [39m[32m200[39m [90m59 ms - 90[39m
[35m[HTTP][39m [90m[39m
[35m[HTTP][39m [37m-->[39m [37mPOST[39m [37m/wd/hub/session/f0a3dd6b-9d51-4717-bcb6-8999f0c55980/touch/perform[39m
[35m[HTTP][39m [90m{"actions":[{"action":"tap","options":{"element":"486b2bbd-be5c-45d8-a606-4b035ff25302","x":1,"y":1}}]}[39m
[35m[UiAutomator2][39m calling get location: 486b2bbd-be5c-45d8-a606-4b035ff25302
[35m[HTTP][39m [37m<-- POST /wd/hub/session/f0a3dd6b-9d51-4717-bcb6-8999f0c55980/touch/perform [39m[32m200[39m [90m1293 ms - 76[39m
[35m[HTTP][39m [90m[39m
[35m[HTTP][39m [37m-->[39m [37mGET[39m [37m/wd/hub/session/f0a3dd6b-9d51-4717-bcb6-8999f0c55980/window/current/size[39m
[35m[HTTP][39m [90m{}[39m
[35m[W3C][39m Driver proxy active, passing request on via HTTP proxy
[35m[JSONWP Proxy][39m Replacing sessionId 6e2e79c4-0b53-4492-accc-4834b21b17a6 with f0a3dd6b-9d51-4717-bcb6-8999f0c55980
[35m[HTTP][39m [37m<-- GET /wd/hub/session/f0a3dd6b-9d51-4717-bcb6-8999f0c55980/window/current/size [39m[32m200[39m [90m75 ms - 100[39m
[35m[HTTP][39m [90m[39m
[35m[HTTP][39m [37m-->[39m [37mPOST[39m [37m/wd/hub/session/f0a3dd6b-9d51-4717-bcb6-8999f0c55980/elements[39m
[35m[HTTP][39m [90m{"using":"-android uiautomator","value":"new UiSelector().className(\"android.widget.EditText\").resourceId(\"com.msteam.floors.nsu:id/labelFrom\").instance(1)"}[39m
[35m[HTTP][39m [37m<-- POST /wd/hub/session/f0a3dd6b-9d51-4717-bcb6-8999f0c55980/elements [39m[32m200[39m [90m162 ms - 124[39m
[35m[HTTP][39m [90m[39m
[35m[HTTP][39m [37m-->[39m [37mGET[39m [37m/wd/hub/session/f0a3dd6b-9d51-4717-bcb6-8999f0c55980[39m
[35m[HTTP][39m [90m{}[39m
[35m[HTTP][39m [37m<-- GET /wd/hub/session/f0a3dd6b-9d51-4717-bcb6-8999f0c55980 [39m[32m200[39m [90m28 ms - 1266[39m
[35m[HTTP][39m [90m[39m
[35m[HTTP][39m [37m-->[39m [37mGET[39m [37m/wd/hub/session/f0a3dd6b-9d51-4717-bcb6-8999f0c55980[39m
[35m[HTTP][39m [90m{}[39m
[35m[HTTP][39m [37m<-- GET /wd/hub/session/f0a3dd6b-9d51-4717-bcb6-8999f0c55980 [39m[32m200[39m [90m30 ms - 1266[39m
[35m[HTTP][39m [90m[39m
[35m[HTTP][39m [37m-->[39m [37mGET[39m [37m/wd/hub/session/f0a3dd6b-9d51-4717-bcb6-8999f0c55980[39m
[35m[HTTP][39m [90m{}[39m
[35m[HTTP][39m [37m<-- GET /wd/hub/session/f0a3dd6b-9d51-4717-bcb6-8999f0c55980 [39m[32m200[39m [90m26 ms - 1266[39m
[35m[HTTP][39m [90m[39m
[35m[HTTP][39m [37m-->[39m [37mGET[39m [37m/wd/hub/session/f0a3dd6b-9d51-4717-bcb6-8999f0c55980[39m
[35m[HTTP][39m [90m{}[39m
[35m[HTTP][39m [37m<-- GET /wd/hub/session/f0a3dd6b-9d51-4717-bcb6-8999f0c55980 [39m[32m200[39m [90m26 ms - 1266[39m
[35m[HTTP][39m [90m[39m
[35m[HTTP][39m [37m-->[39m [37mGET[39m [37m/wd/hub/session/f0a3dd6b-9d51-4717-bcb6-8999f0c55980/element/7d850896-f028-4c71-a3b9-a53cf62df3cc/location[39m
[35m[HTTP][39m [90m{}[39m
[35m[W3C][39m Driver proxy active, passing request on via HTTP proxy
[35m[JSONWP Proxy][39m Replacing sessionId 6e2e79c4-0b53-4492-accc-4834b21b17a6 with f0a3dd6b-9d51-4717-bcb6-8999f0c55980
[35m[HTTP][39m [37m<-- GET /wd/hub/session/f0a3dd6b-9d51-4717-bcb6-8999f0c55980/element/7d850896-f028-4c71-a3b9-a53cf62df3cc/location [39m[32m200[39m [90m83 ms - 89[39m
[35m[HTTP][39m [90m[39m
[35m[HTTP][39m [37m-->[39m [37mPOST[39m [37m/wd/hub/session/f0a3dd6b-9d51-4717-bcb6-8999f0c55980/element/7d850896-f028-4c71-a3b9-a53cf62df3cc/clear[39m
[35m[HTTP][39m [90m{"id":"7d850896-f028-4c71-a3b9-a53cf62df3cc"}[39m
[35m[HTTP][39m [37m<-- POST /wd/hub/session/f0a3dd6b-9d51-4717-bcb6-8999f0c55980/element/7d850896-f028-4c71-a3b9-a53cf62df3cc/clear [39m[32m200[39m [90m109 ms - 89[39m
[35m[HTTP][39m [90m[39m
[35m[HTTP][39m [37m-->[39m [37mPOST[39m [37m/wd/hub/session/f0a3dd6b-9d51-4717-bcb6-8999f0c55980/element/7d850896-f028-4c71-a3b9-a53cf62df3cc/value[39m
[35m[HTTP][39m [90m{"id":"7d850896-f028-4c71-a3b9-a53cf62df3cc","value":["1267"]}[39m
[35m[HTTP][39m [37m<-- POST /wd/hub/session/f0a3dd6b-9d51-4717-bcb6-8999f0c55980/element/7d850896-f028-4c71-a3b9-a53cf62df3cc/value [39m[32m200[39m [90m946 ms - 74[39m
[35m[HTTP][39m [90m[39m
[35m[HTTP][39m [37m-->[39m [37mGET[39m [37m/wd/hub/session/f0a3dd6b-9d51-4717-bcb6-8999f0c55980/window/current/size[39m
[35m[HTTP][39m [90m{}[39m
[35m[W3C][39m Driver proxy active, passing request on via HTTP proxy
[35m[JSONWP Proxy][39m Replacing sessionId 6e2e79c4-0b53-4492-accc-4834b21b17a6 with f0a3dd6b-9d51-4717-bcb6-8999f0c55980
[35m[HTTP][39m [37m<-- GET /wd/hub/session/f0a3dd6b-9d51-4717-bcb6-8999f0c55980/window/current/size [39m[32m200[39m [90m52 ms - 100[39m
[35m[HTTP][39m [90m[39m
[35m[HTTP][39m [37m-->[39m [37mPOST[39m [37m/wd/hub/session/f0a3dd6b-9d51-4717-bcb6-8999f0c55980/elements[39m
[35m[HTTP][39m [90m{"using":"-android uiautomator","value":"new UiSelector().className(\"android.widget.FrameLayout\").instance(9)"}[39m
[35m[HTTP][39m [37m<-- POST /wd/hub/session/f0a3dd6b-9d51-4717-bcb6-8999f0c55980/elements [39m[32m200[39m [90m872 ms - 124[39m
[35m[HTTP][39m [90m[39m
[35m[HTTP][39m [37m-->[39m [37mGET[39m [37m/wd/hub/session/f0a3dd6b-9d51-4717-bcb6-8999f0c55980[39m
[35m[HTTP][39m [90m{}[39m
[35m[HTTP][39m [37m<-- GET /wd/hub/session/f0a3dd6b-9d51-4717-bcb6-8999f0c55980 [39m[32m200[39m [90m29 ms - 1266[39m
[35m[HTTP][39m [90m[39m
[35m[HTTP][39m [37m-->[39m [37mGET[39m [37m/wd/hub/session/f0a3dd6b-9d51-4717-bcb6-8999f0c55980[39m
[35m[HTTP][39m [90m{}[39m
[35m[HTTP][39m [37m<-- GET /wd/hub/session/f0a3dd6b-9d51-4717-bcb6-8999f0c55980 [39m[32m200[39m [90m25 ms - 1266[39m
[35m[HTTP][39m [90m[39m
[35m[HTTP][39m [37m-->[39m [37mGET[39m [37m/wd/hub/session/f0a3dd6b-9d51-4717-bcb6-8999f0c55980[39m
[35m[HTTP][39m [90m{}[39m
[35m[HTTP][39m [37m<-- GET /wd/hub/session/f0a3dd6b-9d51-4717-bcb6-8999f0c55980 [39m[32m200[39m [90m31 ms - 1266[39m
[35m[HTTP][39m [90m[39m
[35m[HTTP][39m [37m-->[39m [37mGET[39m [37m/wd/hub/session/f0a3dd6b-9d51-4717-bcb6-8999f0c55980[39m
[35m[HTTP][39m [90m{}[39m
[35m[HTTP][39m [37m<-- GET /wd/hub/session/f0a3dd6b-9d51-4717-bcb6-8999f0c55980 [39m[32m200[39m [90m42 ms - 1266[39m
[35m[HTTP][39m [90m[39m
[35m[HTTP][39m [37m-->[39m [37mGET[39m [37m/wd/hub/session/f0a3dd6b-9d51-4717-bcb6-8999f0c55980/element/f0ad6cc4-f892-4008-bee4-ec4dd682ccca/location[39m
[35m[HTTP][39m [90m{}[39m
[35m[W3C][39m Driver proxy active, passing request on via HTTP proxy
[35m[JSONWP Proxy][39m Replacing sessionId 6e2e79c4-0b53-4492-accc-4834b21b17a6 with f0a3dd6b-9d51-4717-bcb6-8999f0c55980
[35m[HTTP][39m [37m<-- GET /wd/hub/session/f0a3dd6b-9d51-4717-bcb6-8999f0c55980/element/f0ad6cc4-f892-4008-bee4-ec4dd682ccca/location [39m[32m200[39m [90m61 ms - 88[39m
[35m[HTTP][39m [90m[39m
[35m[HTTP][39m [37m-->[39m [37mPOST[39m [37m/wd/hub/session/f0a3dd6b-9d51-4717-bcb6-8999f0c55980/touch/perform[39m
[35m[HTTP][39m [90m{"actions":[{"action":"tap","options":{"element":"f0ad6cc4-f892-4008-bee4-ec4dd682ccca","x":1,"y":1}}]}[39m
[35m[UiAutomator2][39m calling get location: f0ad6cc4-f892-4008-bee4-ec4dd682ccca
[35m[HTTP][39m [37m<-- POST /wd/hub/session/f0a3dd6b-9d51-4717-bcb6-8999f0c55980/touch/perform [39m[32m200[39m [90m1977 ms - 76[39m
[35m[HTTP][39m [90m[39m
[35m[HTTP][39m [37m-->[39m [37mGET[39m [37m/wd/hub/session/f0a3dd6b-9d51-4717-bcb6-8999f0c55980/window/current/size[39m
[35m[HTTP][39m [90m{}[39m
[35m[W3C][39m Driver proxy active, passing request on via HTTP proxy
[35m[JSONWP Proxy][39m Replacing sessionId 6e2e79c4-0b53-4492-accc-4834b21b17a6 with f0a3dd6b-9d51-4717-bcb6-8999f0c55980
[35m[HTTP][39m [37m<-- GET /wd/hub/session/f0a3dd6b-9d51-4717-bcb6-8999f0c55980/window/current/size [39m[32m200[39m [90m54 ms - 100[39m
[35m[HTTP][39m [90m[39m
[35m[HTTP][39m [37m-->[39m [37mPOST[39m [37m/wd/hub/session/f0a3dd6b-9d51-4717-bcb6-8999f0c55980/elements[39m
[35m[HTTP][39m [90m{"using":"-android uiautomator","value":"new UiSelector().className(\"android.widget.ImageButton\").resourceId(\"com.msteam.floors.nsu:id/fab\").instance(8)"}[39m
[35m[HTTP][39m [37m<-- POST /wd/hub/session/f0a3dd6b-9d51-4717-bcb6-8999f0c55980/elements [39m[32m200[39m [90m140 ms - 124[39m
[35m[HTTP][39m [90m[39m
[35m[HTTP][39m [37m-->[39m [37mGET[39m [37m/wd/hub/session/f0a3dd6b-9d51-4717-bcb6-8999f0c55980[39m
[35m[HTTP][39m [90m{}[39m
[35m[HTTP][39m [37m<-- GET /wd/hub/session/f0a3dd6b-9d51-4717-bcb6-8999f0c55980 [39m[32m200[39m [90m28 ms - 1266[39m
[35m[HTTP][39m [90m[39m
[35m[HTTP][39m [37m-->[39m [37mGET[39m [37m/wd/hub/session/f0a3dd6b-9d51-4717-bcb6-8999f0c55980[39m
[35m[HTTP][39m [90m{}[39m
[35m[HTTP][39m [37m<-- GET /wd/hub/session/f0a3dd6b-9d51-4717-bcb6-8999f0c55980 [39m[32m200[39m [90m28 ms - 1266[39m
[35m[HTTP][39m [90m[39m
[35m[HTTP][39m [37m-->[39m [37mGET[39m [37m/wd/hub/session/f0a3dd6b-9d51-4717-bcb6-8999f0c55980[39m
[35m[HTTP][39m [90m{}[39m
[35m[HTTP][39m [37m<-- GET /wd/hub/session/f0a3dd6b-9d51-4717-bcb6-8999f0c55980 [39m[32m200[39m [90m39 ms - 1266[39m
[35m[HTTP][39m [90m[39m
[35m[HTTP][39m [37m-->[39m [37mGET[39m [37m/wd/hub/session/f0a3dd6b-9d51-4717-bcb6-8999f0c55980[39m
[35m[HTTP][39m [90m{}[39m
[35m[HTTP][39m [37m<-- GET /wd/hub/session/f0a3dd6b-9d51-4717-bcb6-8999f0c55980 [39m[32m200[39m [90m31 ms - 1266[39m
[35m[HTTP][39m [90m[39m
[35m[HTTP][39m [37m-->[39m [37mGET[39m [37m/wd/hub/session/f0a3dd6b-9d51-4717-bcb6-8999f0c55980/element/213216a4-cb96-4ce6-9beb-3c64dead7f7e/location[39m
[35m[HTTP][39m [90m{}[39m
[35m[W3C][39m Driver proxy active, passing request on via HTTP proxy
[35m[JSONWP Proxy][39m Replacing sessionId 6e2e79c4-0b53-4492-accc-4834b21b17a6 with f0a3dd6b-9d51-4717-bcb6-8999f0c55980
[35m[HTTP][39m [37m<-- GET /wd/hub/session/f0a3dd6b-9d51-4717-bcb6-8999f0c55980/element/213216a4-cb96-4ce6-9beb-3c64dead7f7e/location [39m[32m200[39m [90m55 ms - 90[39m
[35m[HTTP][39m [90m[39m
[35m[HTTP][39m [37m-->[39m [37mPOST[39m [37m/wd/hub/session/f0a3dd6b-9d51-4717-bcb6-8999f0c55980/touch/perform[39m
[35m[HTTP][39m [90m{"actions":[{"action":"tap","options":{"element":"213216a4-cb96-4ce6-9beb-3c64dead7f7e","x":1,"y":1}}]}[39m
[35m[UiAutomator2][39m calling get location: 213216a4-cb96-4ce6-9beb-3c64dead7f7e
[35m[HTTP][39m [37m<-- POST /wd/hub/session/f0a3dd6b-9d51-4717-bcb6-8999f0c55980/touch/perform [39m[32m200[39m [90m1303 ms - 76[39m
[35m[HTTP][39m [90m[39m
[35m[HTTP][39m [37m-->[39m [37mGET[39m [37m/wd/hub/session/f0a3dd6b-9d51-4717-bcb6-8999f0c55980/window/current/size[39m
[35m[HTTP][39m [90m{}[39m
[35m[W3C][39m Driver proxy active, passing request on via HTTP proxy
[35m[JSONWP Proxy][39m Replacing sessionId 6e2e79c4-0b53-4492-accc-4834b21b17a6 with f0a3dd6b-9d51-4717-bcb6-8999f0c55980
[35m[HTTP][39m [37m<-- GET /wd/hub/session/f0a3dd6b-9d51-4717-bcb6-8999f0c55980/window/current/size [39m[32m200[39m [90m69 ms - 100[39m
[35m[HTTP][39m [90m[39m
[35m[HTTP][39m [37m-->[39m [37mPOST[39m [37m/wd/hub/session/f0a3dd6b-9d51-4717-bcb6-8999f0c55980/elements[39m
[35m[HTTP][39m [90m{"using":"-android uiautomator","value":"new UiSelector().className(\"android.widget.ImageView\").resourceId(\"com.msteam.floors.nsu:id/imageView_arrow_back\").instance(0)"}[39m
[35m[HTTP][39m [37m<-- POST /wd/hub/session/f0a3dd6b-9d51-4717-bcb6-8999f0c55980/elements [39m[32m200[39m [90m131 ms - 124[39m
[35m[HTTP][39m [90m[39m
[35m[HTTP][39m [37m-->[39m [37mGET[39m [37m/wd/hub/session/f0a3dd6b-9d51-4717-bcb6-8999f0c55980[39m
[35m[HTTP][39m [90m{}[39m
[35m[HTTP][39m [37m<-- GET /wd/hub/session/f0a3dd6b-9d51-4717-bcb6-8999f0c55980 [39m[32m200[39m [90m31 ms - 1266[39m
[35m[HTTP][39m [90m[39m
[35m[HTTP][39m [37m-->[39m [37mGET[39m [37m/wd/hub/session/f0a3dd6b-9d51-4717-bcb6-8999f0c55980[39m
[35m[HTTP][39m [90m{}[39m
[35m[HTTP][39m [37m<-- GET /wd/hub/session/f0a3dd6b-9d51-4717-bcb6-8999f0c55980 [39m[32m200[39m [90m28 ms - 1266[39m
[35m[HTTP][39m [90m[39m
[35m[HTTP][39m [37m-->[39m [37mGET[39m [37m/wd/hub/session/f0a3dd6b-9d51-4717-bcb6-8999f0c55980[39m
[35m[HTTP][39m [90m{}[39m
[35m[HTTP][39m [37m<-- GET /wd/hub/session/f0a3dd6b-9d51-4717-bcb6-8999f0c55980 [39m[32m200[39m [90m28 ms - 1266[39m
[35m[HTTP][39m [90m[39m
[35m[HTTP][39m [37m-->[39m [37mGET[39m [37m/wd/hub/session/f0a3dd6b-9d51-4717-bcb6-8999f0c55980[39m
[35m[HTTP][39m [90m{}[39m
[35m[HTTP][39m [37m<-- GET /wd/hub/session/f0a3dd6b-9d51-4717-bcb6-8999f0c55980 [39m[32m200[39m [90m28 ms - 1266[39m
[35m[HTTP][39m [90m[39m
[35m[HTTP][39m [37m-->[39m [37mGET[39m [37m/wd/hub/session/f0a3dd6b-9d51-4717-bcb6-8999f0c55980/element/28839f0b-4a84-4422-bbc2-367149a979cf/location[39m
[35m[HTTP][39m [90m{}[39m
[35m[W3C][39m Driver proxy active, passing request on via HTTP proxy
[35m[JSONWP Proxy][39m Replacing sessionId 6e2e79c4-0b53-4492-accc-4834b21b17a6 with f0a3dd6b-9d51-4717-bcb6-8999f0c55980
[35m[HTTP][39m [37m<-- GET /wd/hub/session/f0a3dd6b-9d51-4717-bcb6-8999f0c55980/element/28839f0b-4a84-4422-bbc2-367149a979cf/location [39m[32m200[39m [90m52 ms - 87[39m
[35m[HTTP][39m [90m[39m
[35m[HTTP][39m [37m-->[39m [37mPOST[39m [37m/wd/hub/session/f0a3dd6b-9d51-4717-bcb6-8999f0c55980/touch/perform[39m
[35m[HTTP][39m [90m{"actions":[{"action":"tap","options":{"element":"28839f0b-4a84-4422-bbc2-367149a979cf","x":1,"y":1}}]}[39m
[35m[UiAutomator2][39m calling get location: 28839f0b-4a84-4422-bbc2-367149a979cf
[35m[HTTP][39m [37m<-- POST /wd/hub/session/f0a3dd6b-9d51-4717-bcb6-8999f0c55980/touch/perform [39m[32m200[39m [90m1197 ms - 76[39m
[35m[HTTP][39m [90m[39m
[35m[HTTP][39m [37m-->[39m [37mGET[39m [37m/wd/hub/session/f0a3dd6b-9d51-4717-bcb6-8999f0c55980/window/current/size[39m
[35m[HTTP][39m [90m{}[39m
[35m[W3C][39m Driver proxy active, passing request on via HTTP proxy
[35m[JSONWP Proxy][39m Replacing sessionId 6e2e79c4-0b53-4492-accc-4834b21b17a6 with f0a3dd6b-9d51-4717-bcb6-8999f0c55980
[35m[HTTP][39m [37m<-- GET /wd/hub/session/f0a3dd6b-9d51-4717-bcb6-8999f0c55980/window/current/size [39m[32m200[39m [90m102 ms - 100[39m
[35m[HTTP][39m [90m[39m
[35m[HTTP][39m [37m-->[39m [37mPOST[39m [37m/wd/hub/session/f0a3dd6b-9d51-4717-bcb6-8999f0c55980/elements[39m
[35m[HTTP][39m [90m{"using":"-android uiautomator","value":"new UiSelector().className(\"android.support.v7.widget.LinearLayoutCompat\").instance(0)"}[39m
[35m[HTTP][39m [37m<-- POST /wd/hub/session/f0a3dd6b-9d51-4717-bcb6-8999f0c55980/elements [39m[32m200[39m [90m131 ms - 124[39m
[35m[HTTP][39m [90m[39m
[35m[HTTP][39m [37m-->[39m [37mGET[39m [37m/wd/hub/session/f0a3dd6b-9d51-4717-bcb6-8999f0c55980[39m
[35m[HTTP][39m [90m{}[39m
[35m[HTTP][39m [37m<-- GET /wd/hub/session/f0a3dd6b-9d51-4717-bcb6-8999f0c55980 [39m[32m200[39m [90m30 ms - 1266[39m
[35m[HTTP][39m [90m[39m
[35m[HTTP][39m [37m-->[39m [37mGET[39m [37m/wd/hub/session/f0a3dd6b-9d51-4717-bcb6-8999f0c55980[39m
[35m[HTTP][39m [90m{}[39m
[35m[HTTP][39m [37m<-- GET /wd/hub/session/f0a3dd6b-9d51-4717-bcb6-8999f0c55980 [39m[32m200[39m [90m33 ms - 1266[39m
[35m[HTTP][39m [90m[39m
[35m[HTTP][39m [37m-->[39m [37mGET[39m [37m/wd/hub/session/f0a3dd6b-9d51-4717-bcb6-8999f0c55980[39m
[35m[HTTP][39m [90m{}[39m
[35m[HTTP][39m [37m<-- GET /wd/hub/session/f0a3dd6b-9d51-4717-bcb6-8999f0c55980 [39m[32m200[39m [90m68 ms - 1266[39m
[35m[HTTP][39m [90m[39m
[35m[HTTP][39m [37m-->[39m [37mGET[39m [37m/wd/hub/session/f0a3dd6b-9d51-4717-bcb6-8999f0c55980[39m
[35m[HTTP][39m [90m{}[39m
[35m[HTTP][39m [37m<-- GET /wd/hub/session/f0a3dd6b-9d51-4717-bcb6-8999f0c55980 [39m[32m200[39m [90m31 ms - 1266[39m
[35m[HTTP][39m [90m[39m
[35m[HTTP][39m [37m-->[39m [37mGET[39m [37m/wd/hub/session/f0a3dd6b-9d51-4717-bcb6-8999f0c55980/element/0464c230-9637-4a9c-9928-ca8233c46466/location[39m
[35m[HTTP][39m [90m{}[39m
[35m[W3C][39m Driver proxy active, passing request on via HTTP proxy
[35m[JSONWP Proxy][39m Replacing sessionId 6e2e79c4-0b53-4492-accc-4834b21b17a6 with f0a3dd6b-9d51-4717-bcb6-8999f0c55980
[35m[HTTP][39m [37m<-- GET /wd/hub/session/f0a3dd6b-9d51-4717-bcb6-8999f0c55980/element/0464c230-9637-4a9c-9928-ca8233c46466/location [39m[32m200[39m [90m78 ms - 87[39m
[35m[HTTP][39m [90m[39m
[35m[HTTP][39m [37m-->[39m [37mPOST[39m [37m/wd/hub/session/f0a3dd6b-9d51-4717-bcb6-8999f0c55980/touch/perform[39m
[35m[HTTP][39m [90m{"actions":[{"action":"tap","options":{"element":"0464c230-9637-4a9c-9928-ca8233c46466","x":1,"y":1}}]}[39m
[35m[UiAutomator2][39m calling get location: 0464c230-9637-4a9c-9928-ca8233c46466
[35m[HTTP][39m [37m<-- POST /wd/hub/session/f0a3dd6b-9d51-4717-bcb6-8999f0c55980/touch/perform [39m[32m200[39m [90m1229 ms - 76[39m
[35m[HTTP][39m [90m[39m
[35m[HTTP][39m [37m-->[39m [37mGET[39m [37m/wd/hub/session/f0a3dd6b-9d51-4717-bcb6-8999f0c55980/window/current/size[39m
[35m[HTTP][39m [90m{}[39m
[35m[W3C][39m Driver proxy active, passing request on via HTTP proxy
[35m[JSONWP Proxy][39m Replacing sessionId 6e2e79c4-0b53-4492-accc-4834b21b17a6 with f0a3dd6b-9d51-4717-bcb6-8999f0c55980
[35m[HTTP][39m [37m<-- GET /wd/hub/session/f0a3dd6b-9d51-4717-bcb6-8999f0c55980/window/current/size [39m[32m200[39m [90m69 ms - 100[39m
[35m[HTTP][39m [90m[39m
[35m[HTTP][39m [37m-->[39m [37mPOST[39m [37m/wd/hub/session/f0a3dd6b-9d51-4717-bcb6-8999f0c55980/elements[39m
[35m[HTTP][39m [90m{"using":"-android uiautomator","value":"new UiSelector().className(\"android.widget.EditText\").text(\"Искать\").resourceId(\"com.msteam.floors.nsu:id/searchEditText_input\").instance(0)"}[39m
[35m[HTTP][39m [37m<-- POST /wd/hub/session/f0a3dd6b-9d51-4717-bcb6-8999f0c55980/elements [39m[32m200[39m [90m127 ms - 124[39m
[35m[HTTP][39m [90m[39m
[35m[HTTP][39m [37m-->[39m [37mGET[39m [37m/wd/hub/session/f0a3dd6b-9d51-4717-bcb6-8999f0c55980[39m
[35m[HTTP][39m [90m{}[39m
[35m[HTTP][39m [37m<-- GET /wd/hub/session/f0a3dd6b-9d51-4717-bcb6-8999f0c55980 [39m[32m200[39m [90m26 ms - 1266[39m
[35m[HTTP][39m [90m[39m
[35m[HTTP][39m [37m-->[39m [37mGET[39m [37m/wd/hub/session/f0a3dd6b-9d51-4717-bcb6-8999f0c55980[39m
[35m[HTTP][39m [90m{}[39m
[35m[HTTP][39m [37m<-- GET /wd/hub/session/f0a3dd6b-9d51-4717-bcb6-8999f0c55980 [39m[32m200[39m [90m25 ms - 1266[39m
[35m[HTTP][39m [90m[39m
[35m[HTTP][39m [37m-->[39m [37mGET[39m [37m/wd/hub/session/f0a3dd6b-9d51-4717-bcb6-8999f0c55980[39m
[35m[HTTP][39m [90m{}[39m
[35m[HTTP][39m [37m<-- GET /wd/hub/session/f0a3dd6b-9d51-4717-bcb6-8999f0c55980 [39m[32m200[39m [90m33 ms - 1266[39m
[35m[HTTP][39m [90m[39m
[35m[HTTP][39m [37m-->[39m [37mGET[39m [37m/wd/hub/session/f0a3dd6b-9d51-4717-bcb6-8999f0c55980[39m
[35m[HTTP][39m [90m{}[39m
[35m[HTTP][39m [37m<-- GET /wd/hub/session/f0a3dd6b-9d51-4717-bcb6-8999f0c55980 [39m[32m200[39m [90m27 ms - 1266[39m
[35m[HTTP][39m [90m[39m
[35m[HTTP][39m [37m-->[39m [37mGET[39m [37m/wd/hub/session/f0a3dd6b-9d51-4717-bcb6-8999f0c55980/element/f43c4b8f-7d4b-4dbe-bed4-05256fe3aa76/location[39m
[35m[HTTP][39m [90m{}[39m
[35m[W3C][39m Driver proxy active, passing request on via HTTP proxy
[35m[JSONWP Proxy][39m Replacing sessionId 6e2e79c4-0b53-4492-accc-4834b21b17a6 with f0a3dd6b-9d51-4717-bcb6-8999f0c55980
[35m[HTTP][39m [37m<-- GET /wd/hub/session/f0a3dd6b-9d51-4717-bcb6-8999f0c55980/element/f43c4b8f-7d4b-4dbe-bed4-05256fe3aa76/location [39m[32m200[39m [90m62 ms - 88[39m
[35m[HTTP][39m [90m[39m
[35m[HTTP][39m [37m-->[39m [37mPOST[39m [37m/wd/hub/session/f0a3dd6b-9d51-4717-bcb6-8999f0c55980/touch/perform[39m
[35m[HTTP][39m [90m{"actions":[{"action":"tap","options":{"element":"f43c4b8f-7d4b-4dbe-bed4-05256fe3aa76","x":1,"y":1}}]}[39m
[35m[UiAutomator2][39m calling get location: f43c4b8f-7d4b-4dbe-bed4-05256fe3aa76
[35m[HTTP][39m [37m<-- POST /wd/hub/session/f0a3dd6b-9d51-4717-bcb6-8999f0c55980/touch/perform [39m[32m200[39m [90m1473 ms - 76[39m
[35m[HTTP][39m [90m[39m
[35m[HTTP][39m [37m-->[39m [37mGET[39m [37m/wd/hub/session/f0a3dd6b-9d51-4717-bcb6-8999f0c55980/window/current/size[39m
[35m[HTTP][39m [90m{}[39m
[35m[W3C][39m Driver proxy active, passing request on via HTTP proxy
[35m[JSONWP Proxy][39m Replacing sessionId 6e2e79c4-0b53-4492-accc-4834b21b17a6 with f0a3dd6b-9d51-4717-bcb6-8999f0c55980
[35m[HTTP][39m [37m<-- GET /wd/hub/session/f0a3dd6b-9d51-4717-bcb6-8999f0c55980/window/current/size [39m[32m200[39m [90m99 ms - 100[39m
[35m[HTTP][39m [90m[39m
[35m[HTTP][39m [37m-->[39m [37mPOST[39m [37m/wd/hub/session/f0a3dd6b-9d51-4717-bcb6-8999f0c55980/elements[39m
[35m[HTTP][39m [90m{"using":"-android uiautomator","value":"new UiSelector().className(\"android.widget.EditText\").text(\"Искать\").resourceId(\"com.msteam.floors.nsu:id/searchEditText_input\").instance(0)"}[39m
[35m[HTTP][39m [37m<-- POST /wd/hub/session/f0a3dd6b-9d51-4717-bcb6-8999f0c55980/elements [39m[32m200[39m [90m143 ms - 124[39m
[35m[HTTP][39m [90m[39m
[35m[HTTP][39m [37m-->[39m [37mGET[39m [37m/wd/hub/session/f0a3dd6b-9d51-4717-bcb6-8999f0c55980[39m
[35m[HTTP][39m [90m{}[39m
[35m[HTTP][39m [37m<-- GET /wd/hub/session/f0a3dd6b-9d51-4717-bcb6-8999f0c55980 [39m[32m200[39m [90m28 ms - 1266[39m
[35m[HTTP][39m [90m[39m
[35m[HTTP][39m [37m-->[39m [37mGET[39m [37m/wd/hub/session/f0a3dd6b-9d51-4717-bcb6-8999f0c55980[39m
[35m[HTTP][39m [90m{}[39m
[35m[HTTP][39m [37m<-- GET /wd/hub/session/f0a3dd6b-9d51-4717-bcb6-8999f0c55980 [39m[32m200[39m [90m30 ms - 1266[39m
[35m[HTTP][39m [90m[39m
[35m[HTTP][39m [37m-->[39m [37mGET[39m [37m/wd/hub/session/f0a3dd6b-9d51-4717-bcb6-8999f0c55980[39m
[35m[HTTP][39m [90m{}[39m
[35m[HTTP][39m [37m<-- GET /wd/hub/session/f0a3dd6b-9d51-4717-bcb6-8999f0c55980 [39m[32m200[39m [90m31 ms - 1266[39m
[35m[HTTP][39m [90m[39m
[35m[HTTP][39m [37m-->[39m [37mGET[39m [37m/wd/hub/session/f0a3dd6b-9d51-4717-bcb6-8999f0c55980[39m
[35m[HTTP][39m [90m{}[39m
[35m[HTTP][39m [37m<-- GET /wd/hub/session/f0a3dd6b-9d51-4717-bcb6-8999f0c55980 [39m[32m200[39m [90m34 ms - 1266[39m
[35m[HTTP][39m [90m[39m
[35m[HTTP][39m [37m-->[39m [37mGET[39m [37m/wd/hub/session/f0a3dd6b-9d51-4717-bcb6-8999f0c55980/element/8f90bbbd-5688-45cc-b2c0-d170bcb04395/location[39m
[35m[HTTP][39m [90m{}[39m
[35m[W3C][39m Driver proxy active, passing request on via HTTP proxy
[35m[JSONWP Proxy][39m Replacing sessionId 6e2e79c4-0b53-4492-accc-4834b21b17a6 with f0a3dd6b-9d51-4717-bcb6-8999f0c55980
[35m[HTTP][39m [37m<-- GET /wd/hub/session/f0a3dd6b-9d51-4717-bcb6-8999f0c55980/element/8f90bbbd-5688-45cc-b2c0-d170bcb04395/location [39m[32m200[39m [90m65 ms - 88[39m
[35m[HTTP][39m [90m[39m
[35m[HTTP][39m [37m-->[39m [37mPOST[39m [37m/wd/hub/session/f0a3dd6b-9d51-4717-bcb6-8999f0c55980/element/8f90bbbd-5688-45cc-b2c0-d170bcb04395/clear[39m
[35m[HTTP][39m [90m{"id":"8f90bbbd-5688-45cc-b2c0-d170bcb04395"}[39m
[35m[HTTP][39m [37m<-- POST /wd/hub/session/f0a3dd6b-9d51-4717-bcb6-8999f0c55980/element/8f90bbbd-5688-45cc-b2c0-d170bcb04395/clear [39m[32m200[39m [90m97 ms - 89[39m
[35m[HTTP][39m [90m[39m
[35m[HTTP][39m [37m-->[39m [37mPOST[39m [37m/wd/hub/session/f0a3dd6b-9d51-4717-bcb6-8999f0c55980/element/8f90bbbd-5688-45cc-b2c0-d170bcb04395/value[39m
[35m[HTTP][39m [90m{"id":"8f90bbbd-5688-45cc-b2c0-d170bcb04395","value":["4210"]}[39m
[35m[HTTP][39m [37m<-- POST /wd/hub/session/f0a3dd6b-9d51-4717-bcb6-8999f0c55980/element/8f90bbbd-5688-45cc-b2c0-d170bcb04395/value [39m[32m200[39m [90m1808 ms - 74[39m
[35m[HTTP][39m [90m[39m
[35m[HTTP][39m [37m-->[39m [37mGET[39m [37m/wd/hub/session/f0a3dd6b-9d51-4717-bcb6-8999f0c55980/window/current/size[39m
[35m[HTTP][39m [90m{}[39m
[35m[W3C][39m Driver proxy active, passing request on via HTTP proxy
[35m[JSONWP Proxy][39m Replacing sessionId 6e2e79c4-0b53-4492-accc-4834b21b17a6 with f0a3dd6b-9d51-4717-bcb6-8999f0c55980
[35m[HTTP][39m [37m<-- GET /wd/hub/session/f0a3dd6b-9d51-4717-bcb6-8999f0c55980/window/current/size [39m[32m200[39m [90m56 ms - 100[39m
[35m[HTTP][39m [90m[39m
[35m[HTTP][39m [37m-->[39m [37mPOST[39m [37m/wd/hub/session/f0a3dd6b-9d51-4717-bcb6-8999f0c55980/elements[39m
[35m[HTTP][39m [90m{"using":"-android uiautomator","value":"new UiSelector().className(\"android.widget.LinearLayout\").resourceId(\"com.msteam.floors.nsu:id/search_view_item\").instance(5)"}[39m
[35m[HTTP][39m [37m<-- POST /wd/hub/session/f0a3dd6b-9d51-4717-bcb6-8999f0c55980/elements [39m[32m200[39m [90m699 ms - 124[39m
[35m[HTTP][39m [90m[39m
[35m[HTTP][39m [37m-->[39m [37mGET[39m [37m/wd/hub/session/f0a3dd6b-9d51-4717-bcb6-8999f0c55980[39m
[35m[HTTP][39m [90m{}[39m
[35m[HTTP][39m [37m<-- GET /wd/hub/session/f0a3dd6b-9d51-4717-bcb6-8999f0c55980 [39m[32m200[39m [90m30 ms - 1266[39m
[35m[HTTP][39m [90m[39m
[35m[HTTP][39m [37m-->[39m [37mGET[39m [37m/wd/hub/session/f0a3dd6b-9d51-4717-bcb6-8999f0c55980[39m
[35m[HTTP][39m [90m{}[39m
[35m[HTTP][39m [37m<-- GET /wd/hub/session/f0a3dd6b-9d51-4717-bcb6-8999f0c55980 [39m[32m200[39m [90m39 ms - 1266[39m
[35m[HTTP][39m [90m[39m
[35m[HTTP][39m [37m-->[39m [37mGET[39m [37m/wd/hub/session/f0a3dd6b-9d51-4717-bcb6-8999f0c55980[39m
[35m[HTTP][39m [90m{}[39m
[35m[HTTP][39m [37m<-- GET /wd/hub/session/f0a3dd6b-9d51-4717-bcb6-8999f0c55980 [39m[32m200[39m [90m30 ms - 1266[39m
[35m[HTTP][39m [90m[39m
[35m[HTTP][39m [37m-->[39m [37mGET[39m [37m/wd/hub/session/f0a3dd6b-9d51-4717-bcb6-8999f0c55980[39m
[35m[HTTP][39m [90m{}[39m
[35m[HTTP][39m [37m<-- GET /wd/hub/session/f0a3dd6b-9d51-4717-bcb6-8999f0c55980 [39m[32m200[39m [90m35 ms - 1266[39m
[35m[HTTP][39m [90m[39m
[35m[HTTP][39m [37m-->[39m [37mGET[39m [37m/wd/hub/session/f0a3dd6b-9d51-4717-bcb6-8999f0c55980/element/c14e2ef4-1e8b-4c25-98f5-c222a843f8e2/location[39m
[35m[HTTP][39m [90m{}[39m
[35m[W3C][39m Driver proxy active, passing request on via HTTP proxy
[35m[JSONWP Proxy][39m Replacing sessionId 6e2e79c4-0b53-4492-accc-4834b21b17a6 with f0a3dd6b-9d51-4717-bcb6-8999f0c55980
[35m[HTTP][39m [37m<-- GET /wd/hub/session/f0a3dd6b-9d51-4717-bcb6-8999f0c55980/element/c14e2ef4-1e8b-4c25-98f5-c222a843f8e2/location [39m[32m200[39m [90m77 ms - 88[39m
[35m[HTTP][39m [90m[39m
[35m[HTTP][39m [37m-->[39m [37mPOST[39m [37m/wd/hub/session/f0a3dd6b-9d51-4717-bcb6-8999f0c55980/touch/perform[39m
[35m[HTTP][39m [90m{"actions":[{"action":"tap","options":{"element":"c14e2ef4-1e8b-4c25-98f5-c222a843f8e2","x":1,"y":1}}]}[39m
[35m[UiAutomator2][39m calling get location: c14e2ef4-1e8b-4c25-98f5-c222a843f8e2
[35m[HTTP][39m [37m<-- POST /wd/hub/session/f0a3dd6b-9d51-4717-bcb6-8999f0c55980/touch/perform [39m[32m200[39m [90m1370 ms - 76[39m
[35m[HTTP][39m [90m[39m
[35m[BaseDriver][39m Shutting down because we waited 1800 seconds for a command
[35m[Appium][39m Closing session, cause was 'New Command Timeout of 1800 seconds expired. Try customizing the timeout using the 'newCommandTimeout' desired capability'
[35m[Appium][39m Removing session f0a3dd6b-9d51-4717-bcb6-8999f0c55980 from our master session list
