[35m[Appium][39m Welcome to Appium v1.8.1
[35m[Appium][39m Non-default server args:
[35m[Appium][39m   port: 49446
[35m[Appium][39m   loglevel: info
[35m[Appium][39m   chromeDriverPort: 49447
[35m[Appium][39m   tmpDir: C:\Users\APERSH~1\AppData\Local\Temp\\Katalon\Appium\Temp1574941106486
[35m[Appium][39m Appium REST http interface listener started on 0.0.0.0:49446
[35m[HTTP][39m [37m-->[39m [37mGET[39m [37m/wd/hub/status[39m
[35m[HTTP][39m [90m{}[39m
[35m[HTTP][39m [37m<-- GET /wd/hub/status [39m[32m200[39m [90m12 ms - 83[39m
[35m[HTTP][39m [90m[39m
[35m[HTTP][39m [37m-->[39m [37mPOST[39m [37m/wd/hub/session[39m
[35m[HTTP][39m [90m{"desiredCapabilities":{"app":"C:\\Users\\apershina\\Desktop\\Projects\\Floors\\FloorsApp\\app\\build\\outputs\\apk\\debug\\app-debug.apk","autoGrantPermissions":true,"automationName":"uiautomator2","deviceName":"samsung SM-A530F (Android 9)","fullReset":false,"newCommandTimeout":1800,"noReset":true,"platform":"ANDROID","platformName":"Android","udid":"5200502e5b11c491"},"capabilities":{"desiredCapabilities":{"app":"C:\\Users\\apershina\\Desktop\\Projects\\Floors\\FloorsApp\\app\\build\\outputs\\apk\\debug\\app-debug.apk","autoGrantPermissions":true,"automationName":"uiautomator2","deviceName":"samsung SM-A530F (Android 9)","fullReset":false,"newCommandTimeout":1800,"noReset":true,"platform":"ANDROID","platformName":"Android","udid":"5200502e5b11c491"},"firstMatch":[{"platformName":"android"}]}}[39m
[35m[Appium][39m Could not parse W3C capabilities: 'deviceName' can't be blank. Falling back to JSONWP protocol.
[35m[Appium][39m The following capabilities were provided in the JSONWP desired capabilities that are missing in W3C capabilities: ["app","autoGrantPermissions","automationName","deviceName","fullReset","newCommandTimeout","noReset","platform","platformName","udid"]. Falling back to JSONWP protocol.
[35m[Appium][39m Creating new AndroidUiautomator2Driver (v1.12.0) session
[35m[Appium][39m Capabilities:
[35m[Appium][39m   app: C:\Users\apershina\Desktop\Projects\Floors\FloorsApp\app\build\outputs\apk\debug\app-debug.apk
[35m[Appium][39m   autoGrantPermissions: true
[35m[Appium][39m   automationName: uiautomator2
[35m[Appium][39m   deviceName: samsung SM-A530F (Android 9)
[35m[Appium][39m   fullReset: false
[35m[Appium][39m   newCommandTimeout: 1800
[35m[Appium][39m   noReset: true
[35m[Appium][39m   platform: ANDROID
[35m[Appium][39m   platformName: Android
[35m[Appium][39m   udid: 5200502e5b11c491
[35m[BaseDriver][39m The following capabilities were provided, but are not recognized by appium: platform.
[35m[BaseDriver][39m Session created with session id: 09f5d2ff-75d3-417f-9a9b-fd630277858e
[35m[BaseDriver][39m Using local app 'C:\Users\apershina\Desktop\Projects\Floors\FloorsApp\app\build\outputs\apk\debug\app-debug.apk'
[35m[AndroidDriver][39m Java version is: 1.8.0_181
[35m[ADB][39m Checking whether adb is present
[35m[ADB][39m Found 1 'build-tools' folders under 'C:\Users\apershina\.katalon\tools\android_sdk' (newest first):
[35m[ADB][39m     C:/Users/apershina/.katalon/tools/android_sdk/build-tools/28.0.3
[35m[ADB][39m Using adb.exe from C:\Users\apershina\.katalon\tools\android_sdk\platform-tools\adb.exe
[35m[AndroidDriver][39m Retrieving device list
[35m[AndroidDriver][39m Using device: 5200502e5b11c491
[35m[ADB][39m Using the alternative activity name detection method because of: Could not find apkanalyzer.bat in C:\Users\apershina\.katalon\tools\android_sdk\platform-tools\apkanalyzer.bat,C:\Users\apershina\.katalon\tools\android_sdk\emulator\apkanalyzer.bat,C:\Users\apershina\.katalon\tools\android_sdk\tools\apkanalyzer.bat,C:\Users\apershina\.katalon\tools\android_sdk\tools\bin\apkanalyzer.bat,C:\Users\apershina\.katalon\tools\android_sdk\build-tools\28.0.3\apkanalyzer.bat. Do you have the Android SDK installed at 'C:\Users\apershina\.katalon\tools\android_sdk'?
[35m[ADB][39m Checking whether aapt is present
[35m[ADB][39m Using aapt.exe from C:\Users\apershina\.katalon\tools\android_sdk\build-tools\28.0.3\aapt.exe
[35m[ADB][39m Extracting package and launch activity from manifest
[35m[ADB][39m Package name: 'com.msteam.floors.nsu'
[35m[ADB][39m Main activity name: 'com.msteam.floors.SplashActivity'
[35m[ADB][39m Getting device platform version
[35m[ADB][39m Using apksigner.bat from C:\Users\apershina\.katalon\tools\android_sdk\build-tools\28.0.3\apksigner.bat
[35m[ADB][39m Checking whether zipalign is present
[35m[ADB][39m Using zipalign.exe from C:\Users\apershina\.katalon\tools\android_sdk\build-tools\28.0.3\zipalign.exe
[35m[ADB][39m io.appium.uiautomator2.server was successfully uninstalled
[35m[ADB][39m io.appium.uiautomator2.server.test was successfully uninstalled
[35m[AndroidDriver][39m setDeviceLanguageCountry requires language or country.
[35m[AndroidDriver][39m Got language: 'null' and country: 'null'
[35m[ADB][39m Successfully extracted 132 strings from 'C:\Users\apershina\Desktop\Projects\Floors\FloorsApp\app\build\outputs\apk\debug\app-debug.apk' resources for '(default)' configuration
[35m[UiAutomator2][39m Starting uiautomator2 server 1.12.0
[35m[UiAutomator2][39m Using UIAutomator2 server from 'C:\Users\apershina\AppData\Roaming\npm\node_modules\appium\node_modules\appium-uiautomator2-server\apks\appium-uiautomator2-server-v1.12.0.apk' and test from 'C:\Users\apershina\AppData\Roaming\npm\node_modules\appium\node_modules\appium-uiautomator2-server\apks\appium-uiautomator2-server-debug-androidTest.apk'
[35m[UiAutomator2][39m Running command: 'adb -s 5200502e5b11c491 shell am instrument -w io.appium.uiautomator2.server.test/android.support.test.runner.AndroidJUnitRunner'
[35m[UiAutomator2][39m Waiting up to 20000ms for UiAutomator2 to be online...
[35m[AndroidDriver][39m Screen already unlocked, doing nothing
[35m[UiAutomator2][39m UiAutomator2 did not start the activity we were waiting for, 'com.msteam.floors.nsu/com.msteam.floors.SplashActivity'. Starting it ourselves
[35m[Appium][39m New AndroidUiautomator2Driver session created successfully, session 09f5d2ff-75d3-417f-9a9b-fd630277858e added to master session list
[35m[HTTP][39m [37m<-- POST /wd/hub/session [39m[32m200[39m [90m24647 ms - 1266[39m
[35m[HTTP][39m [90m[39m
[35m[HTTP][39m [37m-->[39m [37mGET[39m [37m/wd/hub/status[39m
[35m[HTTP][39m [90m{}[39m
[35m[HTTP][39m [37m<-- GET /wd/hub/status [39m[32m200[39m [90m6 ms - 55[39m
[35m[HTTP][39m [90m[39m
[35m[HTTP][39m [37m-->[39m [37mPOST[39m [37m/wd/hub/session/09f5d2ff-75d3-417f-9a9b-fd630277858e/timeouts[39m
[35m[HTTP][39m [90m{"type":"implicit","ms":30000}[39m
[35m[HTTP][39m [37m<-- POST /wd/hub/session/09f5d2ff-75d3-417f-9a9b-fd630277858e/timeouts [39m[33m400[39m [90m19 ms - 5332[39m
[35m[HTTP][39m [90m[39m
[35m[HTTP][39m [37m-->[39m [37mGET[39m [37m/wd/hub/session/09f5d2ff-75d3-417f-9a9b-fd630277858e/window/current/size[39m
[35m[HTTP][39m [90m{}[39m
[35m[W3C][39m Driver proxy active, passing request on via HTTP proxy
[35m[JSONWP Proxy][39m Replacing sessionId 614e271a-b61a-4135-a6f3-715b2ac6a8c1 with 09f5d2ff-75d3-417f-9a9b-fd630277858e
[35m[HTTP][39m [37m<-- GET /wd/hub/session/09f5d2ff-75d3-417f-9a9b-fd630277858e/window/current/size [39m[32m200[39m [90m93 ms - 100[39m
[35m[HTTP][39m [90m[39m
[35m[HTTP][39m [37m-->[39m [37mPOST[39m [37m/wd/hub/session/09f5d2ff-75d3-417f-9a9b-fd630277858e/elements[39m
[35m[HTTP][39m [90m{"using":"-android uiautomator","value":"new UiSelector().className(\"android.widget.EditText\").text(\"Искать\").resourceId(\"com.msteam.floors.nsu:id/searchEditText_input\").instance(0)"}[39m
[35m[HTTP][39m [37m<-- POST /wd/hub/session/09f5d2ff-75d3-417f-9a9b-fd630277858e/elements [39m[32m200[39m [90m137 ms - 74[39m
[35m[HTTP][39m [90m[39m
[35m[HTTP][39m [37m-->[39m [37mPOST[39m [37m/wd/hub/session/09f5d2ff-75d3-417f-9a9b-fd630277858e/elements[39m
[35m[HTTP][39m [90m{"using":"-android uiautomator","value":"new UiSelector().className(\"android.widget.EditText\").text(\"Искать\").resourceId(\"com.msteam.floors.nsu:id/searchEditText_input\").instance(0)"}[39m
[35m[HTTP][39m [37m<-- POST /wd/hub/session/09f5d2ff-75d3-417f-9a9b-fd630277858e/elements [39m[32m200[39m [90m102 ms - 74[39m
[35m[HTTP][39m [90m[39m
[35m[HTTP][39m [37m-->[39m [37mPOST[39m [37m/wd/hub/session/09f5d2ff-75d3-417f-9a9b-fd630277858e/elements[39m
[35m[HTTP][39m [90m{"using":"-android uiautomator","value":"new UiSelector().className(\"android.widget.EditText\").text(\"Искать\").resourceId(\"com.msteam.floors.nsu:id/searchEditText_input\").instance(0)"}[39m
[35m[HTTP][39m [37m<-- POST /wd/hub/session/09f5d2ff-75d3-417f-9a9b-fd630277858e/elements [39m[32m200[39m [90m103 ms - 74[39m
[35m[HTTP][39m [90m[39m
[35m[HTTP][39m [37m-->[39m [37mPOST[39m [37m/wd/hub/session/09f5d2ff-75d3-417f-9a9b-fd630277858e/elements[39m
[35m[HTTP][39m [90m{"using":"-android uiautomator","value":"new UiSelector().className(\"android.widget.EditText\").text(\"Искать\").resourceId(\"com.msteam.floors.nsu:id/searchEditText_input\").instance(0)"}[39m
[35m[HTTP][39m [37m<-- POST /wd/hub/session/09f5d2ff-75d3-417f-9a9b-fd630277858e/elements [39m[32m200[39m [90m96 ms - 74[39m
[35m[HTTP][39m [90m[39m
[35m[HTTP][39m [37m-->[39m [37mPOST[39m [37m/wd/hub/session/09f5d2ff-75d3-417f-9a9b-fd630277858e/elements[39m
[35m[HTTP][39m [90m{"using":"-android uiautomator","value":"new UiSelector().className(\"android.widget.EditText\").text(\"Искать\").resourceId(\"com.msteam.floors.nsu:id/searchEditText_input\").instance(0)"}[39m
[35m[HTTP][39m [37m<-- POST /wd/hub/session/09f5d2ff-75d3-417f-9a9b-fd630277858e/elements [39m[32m200[39m [90m90 ms - 74[39m
[35m[HTTP][39m [90m[39m
[35m[HTTP][39m [37m-->[39m [37mPOST[39m [37m/wd/hub/session/09f5d2ff-75d3-417f-9a9b-fd630277858e/elements[39m
[35m[HTTP][39m [90m{"using":"-android uiautomator","value":"new UiSelector().className(\"android.widget.EditText\").text(\"Искать\").resourceId(\"com.msteam.floors.nsu:id/searchEditText_input\").instance(0)"}[39m
[35m[HTTP][39m [37m<-- POST /wd/hub/session/09f5d2ff-75d3-417f-9a9b-fd630277858e/elements [39m[32m200[39m [90m95 ms - 74[39m
[35m[HTTP][39m [90m[39m
[35m[HTTP][39m [37m-->[39m [37mPOST[39m [37m/wd/hub/session/09f5d2ff-75d3-417f-9a9b-fd630277858e/elements[39m
[35m[HTTP][39m [90m{"using":"-android uiautomator","value":"new UiSelector().className(\"android.widget.EditText\").text(\"Искать\").resourceId(\"com.msteam.floors.nsu:id/searchEditText_input\").instance(0)"}[39m
[35m[HTTP][39m [37m<-- POST /wd/hub/session/09f5d2ff-75d3-417f-9a9b-fd630277858e/elements [39m[32m200[39m [90m90 ms - 74[39m
[35m[HTTP][39m [90m[39m
[35m[HTTP][39m [37m-->[39m [37mPOST[39m [37m/wd/hub/session/09f5d2ff-75d3-417f-9a9b-fd630277858e/elements[39m
[35m[HTTP][39m [90m{"using":"-android uiautomator","value":"new UiSelector().className(\"android.widget.EditText\").text(\"Искать\").resourceId(\"com.msteam.floors.nsu:id/searchEditText_input\").instance(0)"}[39m
[35m[HTTP][39m [37m<-- POST /wd/hub/session/09f5d2ff-75d3-417f-9a9b-fd630277858e/elements [39m[32m200[39m [90m90 ms - 74[39m
[35m[HTTP][39m [90m[39m
[35m[HTTP][39m [37m-->[39m [37mPOST[39m [37m/wd/hub/session/09f5d2ff-75d3-417f-9a9b-fd630277858e/elements[39m
[35m[HTTP][39m [90m{"using":"-android uiautomator","value":"new UiSelector().className(\"android.widget.EditText\").text(\"Искать\").resourceId(\"com.msteam.floors.nsu:id/searchEditText_input\").instance(0)"}[39m
[35m[HTTP][39m [37m<-- POST /wd/hub/session/09f5d2ff-75d3-417f-9a9b-fd630277858e/elements [39m[32m200[39m [90m134 ms - 74[39m
[35m[HTTP][39m [90m[39m
[35m[HTTP][39m [37m-->[39m [37mPOST[39m [37m/wd/hub/session/09f5d2ff-75d3-417f-9a9b-fd630277858e/elements[39m
[35m[HTTP][39m [90m{"using":"-android uiautomator","value":"new UiSelector().className(\"android.widget.EditText\").text(\"Искать\").resourceId(\"com.msteam.floors.nsu:id/searchEditText_input\").instance(0)"}[39m
[35m[HTTP][39m [37m<-- POST /wd/hub/session/09f5d2ff-75d3-417f-9a9b-fd630277858e/elements [39m[32m200[39m [90m1651 ms - 74[39m
[35m[HTTP][39m [90m[39m
[35m[HTTP][39m [37m-->[39m [37mPOST[39m [37m/wd/hub/session/09f5d2ff-75d3-417f-9a9b-fd630277858e/elements[39m
[35m[HTTP][39m [90m{"using":"-android uiautomator","value":"new UiSelector().className(\"android.widget.EditText\").text(\"Искать\").resourceId(\"com.msteam.floors.nsu:id/searchEditText_input\").instance(0)"}[39m
[35m[HTTP][39m [37m<-- POST /wd/hub/session/09f5d2ff-75d3-417f-9a9b-fd630277858e/elements [39m[32m200[39m [90m548 ms - 74[39m
[35m[HTTP][39m [90m[39m
[35m[HTTP][39m [37m-->[39m [37mPOST[39m [37m/wd/hub/session/09f5d2ff-75d3-417f-9a9b-fd630277858e/elements[39m
[35m[HTTP][39m [90m{"using":"-android uiautomator","value":"new UiSelector().className(\"android.widget.EditText\").text(\"Искать\").resourceId(\"com.msteam.floors.nsu:id/searchEditText_input\").instance(0)"}[39m
[35m[HTTP][39m [37m<-- POST /wd/hub/session/09f5d2ff-75d3-417f-9a9b-fd630277858e/elements [39m[32m200[39m [90m1391 ms - 124[39m
[35m[HTTP][39m [90m[39m
[35m[HTTP][39m [37m-->[39m [37mGET[39m [37m/wd/hub/session/09f5d2ff-75d3-417f-9a9b-fd630277858e[39m
[35m[HTTP][39m [90m{}[39m
[35m[HTTP][39m [37m<-- GET /wd/hub/session/09f5d2ff-75d3-417f-9a9b-fd630277858e [39m[32m200[39m [90m37 ms - 1266[39m
[35m[HTTP][39m [90m[39m
[35m[HTTP][39m [37m-->[39m [37mGET[39m [37m/wd/hub/session/09f5d2ff-75d3-417f-9a9b-fd630277858e[39m
[35m[HTTP][39m [90m{}[39m
[35m[HTTP][39m [37m<-- GET /wd/hub/session/09f5d2ff-75d3-417f-9a9b-fd630277858e [39m[32m200[39m [90m29 ms - 1266[39m
[35m[HTTP][39m [90m[39m
[35m[HTTP][39m [37m-->[39m [37mGET[39m [37m/wd/hub/session/09f5d2ff-75d3-417f-9a9b-fd630277858e[39m
[35m[HTTP][39m [90m{}[39m
[35m[HTTP][39m [37m<-- GET /wd/hub/session/09f5d2ff-75d3-417f-9a9b-fd630277858e [39m[32m200[39m [90m29 ms - 1266[39m
[35m[HTTP][39m [90m[39m
[35m[HTTP][39m [37m-->[39m [37mGET[39m [37m/wd/hub/session/09f5d2ff-75d3-417f-9a9b-fd630277858e[39m
[35m[HTTP][39m [90m{}[39m
[35m[HTTP][39m [37m<-- GET /wd/hub/session/09f5d2ff-75d3-417f-9a9b-fd630277858e [39m[32m200[39m [90m29 ms - 1266[39m
[35m[HTTP][39m [90m[39m
[35m[HTTP][39m [37m-->[39m [37mGET[39m [37m/wd/hub/session/09f5d2ff-75d3-417f-9a9b-fd630277858e/element/4ef86554-1fec-4aef-a66b-1ecbe8cfcf26/location[39m
[35m[HTTP][39m [90m{}[39m
[35m[W3C][39m Driver proxy active, passing request on via HTTP proxy
[35m[JSONWP Proxy][39m Replacing sessionId 614e271a-b61a-4135-a6f3-715b2ac6a8c1 with 09f5d2ff-75d3-417f-9a9b-fd630277858e
[35m[HTTP][39m [37m<-- GET /wd/hub/session/09f5d2ff-75d3-417f-9a9b-fd630277858e/element/4ef86554-1fec-4aef-a66b-1ecbe8cfcf26/location [39m[32m200[39m [90m107 ms - 88[39m
[35m[HTTP][39m [90m[39m
[35m[HTTP][39m [37m-->[39m [37mPOST[39m [37m/wd/hub/session/09f5d2ff-75d3-417f-9a9b-fd630277858e/touch/perform[39m
[35m[HTTP][39m [90m{"actions":[{"action":"tap","options":{"element":"4ef86554-1fec-4aef-a66b-1ecbe8cfcf26","x":1,"y":1}}]}[39m
[35m[UiAutomator2][39m calling get location: 4ef86554-1fec-4aef-a66b-1ecbe8cfcf26
[35m[HTTP][39m [37m<-- POST /wd/hub/session/09f5d2ff-75d3-417f-9a9b-fd630277858e/touch/perform [39m[32m200[39m [90m1615 ms - 76[39m
[35m[HTTP][39m [90m[39m
[35m[HTTP][39m [37m-->[39m [37mGET[39m [37m/wd/hub/session/09f5d2ff-75d3-417f-9a9b-fd630277858e/window/current/size[39m
[35m[HTTP][39m [90m{}[39m
[35m[W3C][39m Driver proxy active, passing request on via HTTP proxy
[35m[JSONWP Proxy][39m Replacing sessionId 614e271a-b61a-4135-a6f3-715b2ac6a8c1 with 09f5d2ff-75d3-417f-9a9b-fd630277858e
[35m[HTTP][39m [37m<-- GET /wd/hub/session/09f5d2ff-75d3-417f-9a9b-fd630277858e/window/current/size [39m[32m200[39m [90m69 ms - 100[39m
[35m[HTTP][39m [90m[39m
[35m[HTTP][39m [37m-->[39m [37mPOST[39m [37m/wd/hub/session/09f5d2ff-75d3-417f-9a9b-fd630277858e/elements[39m
[35m[HTTP][39m [90m{"using":"-android uiautomator","value":"new UiSelector().className(\"android.widget.EditText\").text(\"Искать\").resourceId(\"com.msteam.floors.nsu:id/searchEditText_input\").instance(0)"}[39m
[35m[HTTP][39m [37m<-- POST /wd/hub/session/09f5d2ff-75d3-417f-9a9b-fd630277858e/elements [39m[32m200[39m [90m233 ms - 124[39m
[35m[HTTP][39m [90m[39m
[35m[HTTP][39m [37m-->[39m [37mGET[39m [37m/wd/hub/session/09f5d2ff-75d3-417f-9a9b-fd630277858e[39m
[35m[HTTP][39m [90m{}[39m
[35m[HTTP][39m [37m<-- GET /wd/hub/session/09f5d2ff-75d3-417f-9a9b-fd630277858e [39m[32m200[39m [90m35 ms - 1266[39m
[35m[HTTP][39m [90m[39m
[35m[HTTP][39m [37m-->[39m [37mGET[39m [37m/wd/hub/session/09f5d2ff-75d3-417f-9a9b-fd630277858e[39m
[35m[HTTP][39m [90m{}[39m
[35m[HTTP][39m [37m<-- GET /wd/hub/session/09f5d2ff-75d3-417f-9a9b-fd630277858e [39m[32m200[39m [90m30 ms - 1266[39m
[35m[HTTP][39m [90m[39m
[35m[HTTP][39m [37m-->[39m [37mGET[39m [37m/wd/hub/session/09f5d2ff-75d3-417f-9a9b-fd630277858e[39m
[35m[HTTP][39m [90m{}[39m
[35m[HTTP][39m [37m<-- GET /wd/hub/session/09f5d2ff-75d3-417f-9a9b-fd630277858e [39m[32m200[39m [90m33 ms - 1266[39m
[35m[HTTP][39m [90m[39m
[35m[HTTP][39m [37m-->[39m [37mGET[39m [37m/wd/hub/session/09f5d2ff-75d3-417f-9a9b-fd630277858e[39m
[35m[HTTP][39m [90m{}[39m
[35m[HTTP][39m [37m<-- GET /wd/hub/session/09f5d2ff-75d3-417f-9a9b-fd630277858e [39m[32m200[39m [90m33 ms - 1266[39m
[35m[HTTP][39m [90m[39m
[35m[HTTP][39m [37m-->[39m [37mGET[39m [37m/wd/hub/session/09f5d2ff-75d3-417f-9a9b-fd630277858e/element/039fdeec-e67c-4fb0-adb5-dcc2af87d75d/location[39m
[35m[HTTP][39m [90m{}[39m
[35m[W3C][39m Driver proxy active, passing request on via HTTP proxy
[35m[JSONWP Proxy][39m Replacing sessionId 614e271a-b61a-4135-a6f3-715b2ac6a8c1 with 09f5d2ff-75d3-417f-9a9b-fd630277858e
[35m[HTTP][39m [37m<-- GET /wd/hub/session/09f5d2ff-75d3-417f-9a9b-fd630277858e/element/039fdeec-e67c-4fb0-adb5-dcc2af87d75d/location [39m[32m200[39m [90m87 ms - 88[39m
[35m[HTTP][39m [90m[39m
[35m[HTTP][39m [37m-->[39m [37mPOST[39m [37m/wd/hub/session/09f5d2ff-75d3-417f-9a9b-fd630277858e/element/039fdeec-e67c-4fb0-adb5-dcc2af87d75d/clear[39m
[35m[HTTP][39m [90m{"id":"039fdeec-e67c-4fb0-adb5-dcc2af87d75d"}[39m
[35m[HTTP][39m [37m<-- POST /wd/hub/session/09f5d2ff-75d3-417f-9a9b-fd630277858e/element/039fdeec-e67c-4fb0-adb5-dcc2af87d75d/clear [39m[32m200[39m [90m157 ms - 89[39m
[35m[HTTP][39m [90m[39m
[35m[HTTP][39m [37m-->[39m [37mPOST[39m [37m/wd/hub/session/09f5d2ff-75d3-417f-9a9b-fd630277858e/element/039fdeec-e67c-4fb0-adb5-dcc2af87d75d/value[39m
[35m[HTTP][39m [90m{"id":"039fdeec-e67c-4fb0-adb5-dcc2af87d75d","value":["4212"]}[39m
[35m[HTTP][39m [37m<-- POST /wd/hub/session/09f5d2ff-75d3-417f-9a9b-fd630277858e/element/039fdeec-e67c-4fb0-adb5-dcc2af87d75d/value [39m[32m200[39m [90m2034 ms - 74[39m
[35m[HTTP][39m [90m[39m
[35m[HTTP][39m [37m-->[39m [37mGET[39m [37m/wd/hub/session/09f5d2ff-75d3-417f-9a9b-fd630277858e/window/current/size[39m
[35m[HTTP][39m [90m{}[39m
[35m[W3C][39m Driver proxy active, passing request on via HTTP proxy
[35m[JSONWP Proxy][39m Replacing sessionId 614e271a-b61a-4135-a6f3-715b2ac6a8c1 with 09f5d2ff-75d3-417f-9a9b-fd630277858e
[35m[HTTP][39m [37m<-- GET /wd/hub/session/09f5d2ff-75d3-417f-9a9b-fd630277858e/window/current/size [39m[32m200[39m [90m51 ms - 100[39m
[35m[HTTP][39m [90m[39m
[35m[HTTP][39m [37m-->[39m [37mPOST[39m [37m/wd/hub/session/09f5d2ff-75d3-417f-9a9b-fd630277858e/elements[39m
[35m[HTTP][39m [90m{"using":"-android uiautomator","value":"new UiSelector().className(\"android.widget.LinearLayout\").resourceId(\"com.msteam.floors.nsu:id/search_view_item\").instance(5)"}[39m
[35m[HTTP][39m [37m<-- POST /wd/hub/session/09f5d2ff-75d3-417f-9a9b-fd630277858e/elements [39m[32m200[39m [90m741 ms - 124[39m
[35m[HTTP][39m [90m[39m
[35m[HTTP][39m [37m-->[39m [37mGET[39m [37m/wd/hub/session/09f5d2ff-75d3-417f-9a9b-fd630277858e[39m
[35m[HTTP][39m [90m{}[39m
[35m[HTTP][39m [37m<-- GET /wd/hub/session/09f5d2ff-75d3-417f-9a9b-fd630277858e [39m[32m200[39m [90m33 ms - 1266[39m
[35m[HTTP][39m [90m[39m
[35m[HTTP][39m [37m-->[39m [37mGET[39m [37m/wd/hub/session/09f5d2ff-75d3-417f-9a9b-fd630277858e[39m
[35m[HTTP][39m [90m{}[39m
[35m[HTTP][39m [37m<-- GET /wd/hub/session/09f5d2ff-75d3-417f-9a9b-fd630277858e [39m[32m200[39m [90m42 ms - 1266[39m
[35m[HTTP][39m [90m[39m
[35m[HTTP][39m [37m-->[39m [37mGET[39m [37m/wd/hub/session/09f5d2ff-75d3-417f-9a9b-fd630277858e[39m
[35m[HTTP][39m [90m{}[39m
[35m[HTTP][39m [37m<-- GET /wd/hub/session/09f5d2ff-75d3-417f-9a9b-fd630277858e [39m[32m200[39m [90m40 ms - 1266[39m
[35m[HTTP][39m [90m[39m
[35m[HTTP][39m [37m-->[39m [37mGET[39m [37m/wd/hub/session/09f5d2ff-75d3-417f-9a9b-fd630277858e[39m
[35m[HTTP][39m [90m{}[39m
[35m[HTTP][39m [37m<-- GET /wd/hub/session/09f5d2ff-75d3-417f-9a9b-fd630277858e [39m[32m200[39m [90m36 ms - 1266[39m
[35m[HTTP][39m [90m[39m
[35m[HTTP][39m [37m-->[39m [37mGET[39m [37m/wd/hub/session/09f5d2ff-75d3-417f-9a9b-fd630277858e/element/eaf6f896-861f-48c9-b510-cfb9574e22a9/location[39m
[35m[HTTP][39m [90m{}[39m
[35m[W3C][39m Driver proxy active, passing request on via HTTP proxy
[35m[JSONWP Proxy][39m Replacing sessionId 614e271a-b61a-4135-a6f3-715b2ac6a8c1 with 09f5d2ff-75d3-417f-9a9b-fd630277858e
[35m[HTTP][39m [37m<-- GET /wd/hub/session/09f5d2ff-75d3-417f-9a9b-fd630277858e/element/eaf6f896-861f-48c9-b510-cfb9574e22a9/location [39m[32m200[39m [90m85 ms - 88[39m
[35m[HTTP][39m [90m[39m
[35m[HTTP][39m [37m-->[39m [37mPOST[39m [37m/wd/hub/session/09f5d2ff-75d3-417f-9a9b-fd630277858e/touch/perform[39m
[35m[HTTP][39m [90m{"actions":[{"action":"tap","options":{"element":"eaf6f896-861f-48c9-b510-cfb9574e22a9","x":1,"y":1}}]}[39m
[35m[UiAutomator2][39m calling get location: eaf6f896-861f-48c9-b510-cfb9574e22a9
[35m[HTTP][39m [37m<-- POST /wd/hub/session/09f5d2ff-75d3-417f-9a9b-fd630277858e/touch/perform [39m[32m200[39m [90m1601 ms - 76[39m
[35m[HTTP][39m [90m[39m
[35m[HTTP][39m [37m-->[39m [37mGET[39m [37m/wd/hub/session/09f5d2ff-75d3-417f-9a9b-fd630277858e/window/current/size[39m
[35m[HTTP][39m [90m{}[39m
[35m[W3C][39m Driver proxy active, passing request on via HTTP proxy
[35m[JSONWP Proxy][39m Replacing sessionId 614e271a-b61a-4135-a6f3-715b2ac6a8c1 with 09f5d2ff-75d3-417f-9a9b-fd630277858e
[35m[HTTP][39m [37m<-- GET /wd/hub/session/09f5d2ff-75d3-417f-9a9b-fd630277858e/window/current/size [39m[32m200[39m [90m44 ms - 100[39m
[35m[HTTP][39m [90m[39m
[35m[HTTP][39m [37m-->[39m [37mPOST[39m [37m/wd/hub/session/09f5d2ff-75d3-417f-9a9b-fd630277858e/elements[39m
[35m[HTTP][39m [90m{"using":"-android uiautomator","value":"new UiSelector().className(\"android.widget.Button\").text(\"МАРШРУТ\").instance(0)"}[39m
[35m[HTTP][39m [37m<-- POST /wd/hub/session/09f5d2ff-75d3-417f-9a9b-fd630277858e/elements [39m[32m200[39m [90m1269 ms - 124[39m
[35m[HTTP][39m [90m[39m
[35m[HTTP][39m [37m-->[39m [37mGET[39m [37m/wd/hub/session/09f5d2ff-75d3-417f-9a9b-fd630277858e[39m
[35m[HTTP][39m [90m{}[39m
[35m[HTTP][39m [37m<-- GET /wd/hub/session/09f5d2ff-75d3-417f-9a9b-fd630277858e [39m[32m200[39m [90m34 ms - 1266[39m
[35m[HTTP][39m [90m[39m
[35m[HTTP][39m [37m-->[39m [37mGET[39m [37m/wd/hub/session/09f5d2ff-75d3-417f-9a9b-fd630277858e[39m
[35m[HTTP][39m [90m{}[39m
[35m[HTTP][39m [37m<-- GET /wd/hub/session/09f5d2ff-75d3-417f-9a9b-fd630277858e [39m[32m200[39m [90m32 ms - 1266[39m
[35m[HTTP][39m [90m[39m
[35m[HTTP][39m [37m-->[39m [37mGET[39m [37m/wd/hub/session/09f5d2ff-75d3-417f-9a9b-fd630277858e[39m
[35m[HTTP][39m [90m{}[39m
[35m[HTTP][39m [37m<-- GET /wd/hub/session/09f5d2ff-75d3-417f-9a9b-fd630277858e [39m[32m200[39m [90m30 ms - 1266[39m
[35m[HTTP][39m [90m[39m
[35m[HTTP][39m [37m-->[39m [37mGET[39m [37m/wd/hub/session/09f5d2ff-75d3-417f-9a9b-fd630277858e[39m
[35m[HTTP][39m [90m{}[39m
[35m[HTTP][39m [37m<-- GET /wd/hub/session/09f5d2ff-75d3-417f-9a9b-fd630277858e [39m[32m200[39m [90m27 ms - 1266[39m
[35m[HTTP][39m [90m[39m
[35m[HTTP][39m [37m-->[39m [37mGET[39m [37m/wd/hub/session/09f5d2ff-75d3-417f-9a9b-fd630277858e/element/67f3edd0-15f4-44c2-bc8d-ec648d282243/location[39m
[35m[HTTP][39m [90m{}[39m
[35m[W3C][39m Driver proxy active, passing request on via HTTP proxy
[35m[JSONWP Proxy][39m Replacing sessionId 614e271a-b61a-4135-a6f3-715b2ac6a8c1 with 09f5d2ff-75d3-417f-9a9b-fd630277858e
[35m[HTTP][39m [37m<-- GET /wd/hub/session/09f5d2ff-75d3-417f-9a9b-fd630277858e/element/67f3edd0-15f4-44c2-bc8d-ec648d282243/location [39m[32m200[39m [90m65 ms - 90[39m
[35m[HTTP][39m [90m[39m
[35m[HTTP][39m [37m-->[39m [37mPOST[39m [37m/wd/hub/session/09f5d2ff-75d3-417f-9a9b-fd630277858e/touch/perform[39m
[35m[HTTP][39m [90m{"actions":[{"action":"tap","options":{"element":"67f3edd0-15f4-44c2-bc8d-ec648d282243","x":1,"y":1}}]}[39m
[35m[UiAutomator2][39m calling get location: 67f3edd0-15f4-44c2-bc8d-ec648d282243
[35m[HTTP][39m [37m<-- POST /wd/hub/session/09f5d2ff-75d3-417f-9a9b-fd630277858e/touch/perform [39m[32m200[39m [90m1190 ms - 76[39m
[35m[HTTP][39m [90m[39m
[35m[HTTP][39m [37m-->[39m [37mGET[39m [37m/wd/hub/session/09f5d2ff-75d3-417f-9a9b-fd630277858e/window/current/size[39m
[35m[HTTP][39m [90m{}[39m
[35m[W3C][39m Driver proxy active, passing request on via HTTP proxy
[35m[JSONWP Proxy][39m Replacing sessionId 614e271a-b61a-4135-a6f3-715b2ac6a8c1 with 09f5d2ff-75d3-417f-9a9b-fd630277858e
[35m[HTTP][39m [37m<-- GET /wd/hub/session/09f5d2ff-75d3-417f-9a9b-fd630277858e/window/current/size [39m[32m200[39m [90m41 ms - 100[39m
[35m[HTTP][39m [90m[39m
[35m[HTTP][39m [37m-->[39m [37mPOST[39m [37m/wd/hub/session/09f5d2ff-75d3-417f-9a9b-fd630277858e/elements[39m
[35m[HTTP][39m [90m{"using":"-android uiautomator","value":"new UiSelector().className(\"TextInputLayout\").text(\"Начало маршрута\").resourceId(\"com.msteam.floors.nsu:id/tilFrom\").instance(0)"}[39m
[35m[HTTP][39m [37m<-- POST /wd/hub/session/09f5d2ff-75d3-417f-9a9b-fd630277858e/elements [39m[32m200[39m [90m192 ms - 124[39m
[35m[HTTP][39m [90m[39m
[35m[HTTP][39m [37m-->[39m [37mGET[39m [37m/wd/hub/session/09f5d2ff-75d3-417f-9a9b-fd630277858e[39m
[35m[HTTP][39m [90m{}[39m
[35m[HTTP][39m [37m<-- GET /wd/hub/session/09f5d2ff-75d3-417f-9a9b-fd630277858e [39m[32m200[39m [90m30 ms - 1266[39m
[35m[HTTP][39m [90m[39m
[35m[HTTP][39m [37m-->[39m [37mGET[39m [37m/wd/hub/session/09f5d2ff-75d3-417f-9a9b-fd630277858e[39m
[35m[HTTP][39m [90m{}[39m
[35m[HTTP][39m [37m<-- GET /wd/hub/session/09f5d2ff-75d3-417f-9a9b-fd630277858e [39m[32m200[39m [90m29 ms - 1266[39m
[35m[HTTP][39m [90m[39m
[35m[HTTP][39m [37m-->[39m [37mGET[39m [37m/wd/hub/session/09f5d2ff-75d3-417f-9a9b-fd630277858e[39m
[35m[HTTP][39m [90m{}[39m
[35m[HTTP][39m [37m<-- GET /wd/hub/session/09f5d2ff-75d3-417f-9a9b-fd630277858e [39m[32m200[39m [90m27 ms - 1266[39m
[35m[HTTP][39m [90m[39m
[35m[HTTP][39m [37m-->[39m [37mGET[39m [37m/wd/hub/session/09f5d2ff-75d3-417f-9a9b-fd630277858e[39m
[35m[HTTP][39m [90m{}[39m
[35m[HTTP][39m [37m<-- GET /wd/hub/session/09f5d2ff-75d3-417f-9a9b-fd630277858e [39m[32m200[39m [90m29 ms - 1266[39m
[35m[HTTP][39m [90m[39m
[35m[HTTP][39m [37m-->[39m [37mGET[39m [37m/wd/hub/session/09f5d2ff-75d3-417f-9a9b-fd630277858e/element/9f81a364-305e-4e01-a7b1-e2767d90faf0/location[39m
[35m[HTTP][39m [90m{}[39m
[35m[W3C][39m Driver proxy active, passing request on via HTTP proxy
[35m[JSONWP Proxy][39m Replacing sessionId 614e271a-b61a-4135-a6f3-715b2ac6a8c1 with 09f5d2ff-75d3-417f-9a9b-fd630277858e
[35m[HTTP][39m [37m<-- GET /wd/hub/session/09f5d2ff-75d3-417f-9a9b-fd630277858e/element/9f81a364-305e-4e01-a7b1-e2767d90faf0/location [39m[32m200[39m [90m75 ms - 90[39m
[35m[HTTP][39m [90m[39m
[35m[HTTP][39m [37m-->[39m [37mPOST[39m [37m/wd/hub/session/09f5d2ff-75d3-417f-9a9b-fd630277858e/touch/perform[39m
[35m[HTTP][39m [90m{"actions":[{"action":"tap","options":{"element":"9f81a364-305e-4e01-a7b1-e2767d90faf0","x":1,"y":1}}]}[39m
[35m[UiAutomator2][39m calling get location: 9f81a364-305e-4e01-a7b1-e2767d90faf0
[35m[HTTP][39m [37m<-- POST /wd/hub/session/09f5d2ff-75d3-417f-9a9b-fd630277858e/touch/perform [39m[32m200[39m [90m1308 ms - 76[39m
[35m[HTTP][39m [90m[39m
[35m[HTTP][39m [37m-->[39m [37mGET[39m [37m/wd/hub/session/09f5d2ff-75d3-417f-9a9b-fd630277858e/window/current/size[39m
[35m[HTTP][39m [90m{}[39m
[35m[W3C][39m Driver proxy active, passing request on via HTTP proxy
[35m[JSONWP Proxy][39m Replacing sessionId 614e271a-b61a-4135-a6f3-715b2ac6a8c1 with 09f5d2ff-75d3-417f-9a9b-fd630277858e
[35m[HTTP][39m [37m<-- GET /wd/hub/session/09f5d2ff-75d3-417f-9a9b-fd630277858e/window/current/size [39m[32m200[39m [90m54 ms - 100[39m
[35m[HTTP][39m [90m[39m
[35m[HTTP][39m [37m-->[39m [37mPOST[39m [37m/wd/hub/session/09f5d2ff-75d3-417f-9a9b-fd630277858e/elements[39m
[35m[HTTP][39m [90m{"using":"-android uiautomator","value":"new UiSelector().className(\"android.widget.EditText\").resourceId(\"com.msteam.floors.nsu:id/labelFrom\").instance(1)"}[39m
[35m[HTTP][39m [37m<-- POST /wd/hub/session/09f5d2ff-75d3-417f-9a9b-fd630277858e/elements [39m[32m200[39m [90m202 ms - 124[39m
[35m[HTTP][39m [90m[39m
[35m[HTTP][39m [37m-->[39m [37mGET[39m [37m/wd/hub/session/09f5d2ff-75d3-417f-9a9b-fd630277858e[39m
[35m[HTTP][39m [90m{}[39m
[35m[HTTP][39m [37m<-- GET /wd/hub/session/09f5d2ff-75d3-417f-9a9b-fd630277858e [39m[32m200[39m [90m27 ms - 1266[39m
[35m[HTTP][39m [90m[39m
[35m[HTTP][39m [37m-->[39m [37mGET[39m [37m/wd/hub/session/09f5d2ff-75d3-417f-9a9b-fd630277858e[39m
[35m[HTTP][39m [90m{}[39m
[35m[HTTP][39m [37m<-- GET /wd/hub/session/09f5d2ff-75d3-417f-9a9b-fd630277858e [39m[32m200[39m [90m25 ms - 1266[39m
[35m[HTTP][39m [90m[39m
[35m[HTTP][39m [37m-->[39m [37mGET[39m [37m/wd/hub/session/09f5d2ff-75d3-417f-9a9b-fd630277858e[39m
[35m[HTTP][39m [90m{}[39m
[35m[HTTP][39m [37m<-- GET /wd/hub/session/09f5d2ff-75d3-417f-9a9b-fd630277858e [39m[32m200[39m [90m27 ms - 1266[39m
[35m[HTTP][39m [90m[39m
[35m[HTTP][39m [37m-->[39m [37mGET[39m [37m/wd/hub/session/09f5d2ff-75d3-417f-9a9b-fd630277858e[39m
[35m[HTTP][39m [90m{}[39m
[35m[HTTP][39m [37m<-- GET /wd/hub/session/09f5d2ff-75d3-417f-9a9b-fd630277858e [39m[32m200[39m [90m26 ms - 1266[39m
[35m[HTTP][39m [90m[39m
[35m[HTTP][39m [37m-->[39m [37mGET[39m [37m/wd/hub/session/09f5d2ff-75d3-417f-9a9b-fd630277858e/element/464fe74a-5f78-473c-b9a1-5c74b3e0aa82/location[39m
[35m[HTTP][39m [90m{}[39m
[35m[W3C][39m Driver proxy active, passing request on via HTTP proxy
[35m[JSONWP Proxy][39m Replacing sessionId 614e271a-b61a-4135-a6f3-715b2ac6a8c1 with 09f5d2ff-75d3-417f-9a9b-fd630277858e
[35m[HTTP][39m [37m<-- GET /wd/hub/session/09f5d2ff-75d3-417f-9a9b-fd630277858e/element/464fe74a-5f78-473c-b9a1-5c74b3e0aa82/location [39m[32m200[39m [90m58 ms - 89[39m
[35m[HTTP][39m [90m[39m
[35m[HTTP][39m [37m-->[39m [37mPOST[39m [37m/wd/hub/session/09f5d2ff-75d3-417f-9a9b-fd630277858e/element/464fe74a-5f78-473c-b9a1-5c74b3e0aa82/clear[39m
[35m[HTTP][39m [90m{"id":"464fe74a-5f78-473c-b9a1-5c74b3e0aa82"}[39m
[35m[HTTP][39m [37m<-- POST /wd/hub/session/09f5d2ff-75d3-417f-9a9b-fd630277858e/element/464fe74a-5f78-473c-b9a1-5c74b3e0aa82/clear [39m[32m200[39m [90m114 ms - 89[39m
[35m[HTTP][39m [90m[39m
[35m[HTTP][39m [37m-->[39m [37mPOST[39m [37m/wd/hub/session/09f5d2ff-75d3-417f-9a9b-fd630277858e/element/464fe74a-5f78-473c-b9a1-5c74b3e0aa82/value[39m
[35m[HTTP][39m [90m{"id":"464fe74a-5f78-473c-b9a1-5c74b3e0aa82","value":["3116"]}[39m
[35m[HTTP][39m [37m<-- POST /wd/hub/session/09f5d2ff-75d3-417f-9a9b-fd630277858e/element/464fe74a-5f78-473c-b9a1-5c74b3e0aa82/value [39m[32m200[39m [90m977 ms - 74[39m
[35m[HTTP][39m [90m[39m
[35m[HTTP][39m [37m-->[39m [37mGET[39m [37m/wd/hub/session/09f5d2ff-75d3-417f-9a9b-fd630277858e/window/current/size[39m
[35m[HTTP][39m [90m{}[39m
[35m[W3C][39m Driver proxy active, passing request on via HTTP proxy
[35m[JSONWP Proxy][39m Replacing sessionId 614e271a-b61a-4135-a6f3-715b2ac6a8c1 with 09f5d2ff-75d3-417f-9a9b-fd630277858e
[35m[HTTP][39m [37m<-- GET /wd/hub/session/09f5d2ff-75d3-417f-9a9b-fd630277858e/window/current/size [39m[32m200[39m [90m37 ms - 100[39m
[35m[HTTP][39m [90m[39m
[35m[HTTP][39m [37m-->[39m [37mPOST[39m [37m/wd/hub/session/09f5d2ff-75d3-417f-9a9b-fd630277858e/elements[39m
[35m[HTTP][39m [90m{"using":"-android uiautomator","value":"new UiSelector().className(\"android.widget.FrameLayout\").instance(9)"}[39m
[35m[HTTP][39m [37m<-- POST /wd/hub/session/09f5d2ff-75d3-417f-9a9b-fd630277858e/elements [39m[32m200[39m [90m923 ms - 124[39m
[35m[HTTP][39m [90m[39m
[35m[HTTP][39m [37m-->[39m [37mGET[39m [37m/wd/hub/session/09f5d2ff-75d3-417f-9a9b-fd630277858e[39m
[35m[HTTP][39m [90m{}[39m
[35m[HTTP][39m [37m<-- GET /wd/hub/session/09f5d2ff-75d3-417f-9a9b-fd630277858e [39m[32m200[39m [90m33 ms - 1266[39m
[35m[HTTP][39m [90m[39m
[35m[HTTP][39m [37m-->[39m [37mGET[39m [37m/wd/hub/session/09f5d2ff-75d3-417f-9a9b-fd630277858e[39m
[35m[HTTP][39m [90m{}[39m
[35m[HTTP][39m [37m<-- GET /wd/hub/session/09f5d2ff-75d3-417f-9a9b-fd630277858e [39m[32m200[39m [90m28 ms - 1266[39m
[35m[HTTP][39m [90m[39m
[35m[HTTP][39m [37m-->[39m [37mGET[39m [37m/wd/hub/session/09f5d2ff-75d3-417f-9a9b-fd630277858e[39m
[35m[HTTP][39m [90m{}[39m
[35m[HTTP][39m [37m<-- GET /wd/hub/session/09f5d2ff-75d3-417f-9a9b-fd630277858e [39m[32m200[39m [90m37 ms - 1266[39m
[35m[HTTP][39m [90m[39m
[35m[HTTP][39m [37m-->[39m [37mGET[39m [37m/wd/hub/session/09f5d2ff-75d3-417f-9a9b-fd630277858e[39m
[35m[HTTP][39m [90m{}[39m
[35m[HTTP][39m [37m<-- GET /wd/hub/session/09f5d2ff-75d3-417f-9a9b-fd630277858e [39m[32m200[39m [90m36 ms - 1266[39m
[35m[HTTP][39m [90m[39m
[35m[HTTP][39m [37m-->[39m [37mGET[39m [37m/wd/hub/session/09f5d2ff-75d3-417f-9a9b-fd630277858e/element/4b14ed69-ec31-439f-b604-a01bbd0a3a65/location[39m
[35m[HTTP][39m [90m{}[39m
[35m[W3C][39m Driver proxy active, passing request on via HTTP proxy
[35m[JSONWP Proxy][39m Replacing sessionId 614e271a-b61a-4135-a6f3-715b2ac6a8c1 with 09f5d2ff-75d3-417f-9a9b-fd630277858e
[35m[HTTP][39m [37m<-- GET /wd/hub/session/09f5d2ff-75d3-417f-9a9b-fd630277858e/element/4b14ed69-ec31-439f-b604-a01bbd0a3a65/location [39m[32m200[39m [90m60 ms - 88[39m
[35m[HTTP][39m [90m[39m
[35m[HTTP][39m [37m-->[39m [37mPOST[39m [37m/wd/hub/session/09f5d2ff-75d3-417f-9a9b-fd630277858e/touch/perform[39m
[35m[HTTP][39m [90m{"actions":[{"action":"tap","options":{"element":"4b14ed69-ec31-439f-b604-a01bbd0a3a65","x":1,"y":1}}]}[39m
[35m[UiAutomator2][39m calling get location: 4b14ed69-ec31-439f-b604-a01bbd0a3a65
[35m[HTTP][39m [37m<-- POST /wd/hub/session/09f5d2ff-75d3-417f-9a9b-fd630277858e/touch/perform [39m[32m200[39m [90m2133 ms - 76[39m
[35m[HTTP][39m [90m[39m
[35m[HTTP][39m [37m-->[39m [37mGET[39m [37m/wd/hub/session/09f5d2ff-75d3-417f-9a9b-fd630277858e/window/current/size[39m
[35m[HTTP][39m [90m{}[39m
[35m[W3C][39m Driver proxy active, passing request on via HTTP proxy
[35m[JSONWP Proxy][39m Replacing sessionId 614e271a-b61a-4135-a6f3-715b2ac6a8c1 with 09f5d2ff-75d3-417f-9a9b-fd630277858e
[35m[HTTP][39m [37m<-- GET /wd/hub/session/09f5d2ff-75d3-417f-9a9b-fd630277858e/window/current/size [39m[32m200[39m [90m47 ms - 100[39m
[35m[HTTP][39m [90m[39m
[35m[HTTP][39m [37m-->[39m [37mPOST[39m [37m/wd/hub/session/09f5d2ff-75d3-417f-9a9b-fd630277858e/elements[39m
[35m[HTTP][39m [90m{"using":"-android uiautomator","value":"new UiSelector().className(\"android.widget.ImageButton\").resourceId(\"com.msteam.floors.nsu:id/fab\").instance(8)"}[39m
[35m[HTTP][39m [37m<-- POST /wd/hub/session/09f5d2ff-75d3-417f-9a9b-fd630277858e/elements [39m[32m200[39m [90m141 ms - 124[39m
[35m[HTTP][39m [90m[39m
[35m[HTTP][39m [37m-->[39m [37mGET[39m [37m/wd/hub/session/09f5d2ff-75d3-417f-9a9b-fd630277858e[39m
[35m[HTTP][39m [90m{}[39m
[35m[HTTP][39m [37m<-- GET /wd/hub/session/09f5d2ff-75d3-417f-9a9b-fd630277858e [39m[32m200[39m [90m31 ms - 1266[39m
[35m[HTTP][39m [90m[39m
[35m[HTTP][39m [37m-->[39m [37mGET[39m [37m/wd/hub/session/09f5d2ff-75d3-417f-9a9b-fd630277858e[39m
[35m[HTTP][39m [90m{}[39m
[35m[HTTP][39m [37m<-- GET /wd/hub/session/09f5d2ff-75d3-417f-9a9b-fd630277858e [39m[32m200[39m [90m27 ms - 1266[39m
[35m[HTTP][39m [90m[39m
[35m[HTTP][39m [37m-->[39m [37mGET[39m [37m/wd/hub/session/09f5d2ff-75d3-417f-9a9b-fd630277858e[39m
[35m[HTTP][39m [90m{}[39m
[35m[HTTP][39m [37m<-- GET /wd/hub/session/09f5d2ff-75d3-417f-9a9b-fd630277858e [39m[32m200[39m [90m28 ms - 1266[39m
[35m[HTTP][39m [90m[39m
[35m[HTTP][39m [37m-->[39m [37mGET[39m [37m/wd/hub/session/09f5d2ff-75d3-417f-9a9b-fd630277858e[39m
[35m[HTTP][39m [90m{}[39m
[35m[HTTP][39m [37m<-- GET /wd/hub/session/09f5d2ff-75d3-417f-9a9b-fd630277858e [39m[32m200[39m [90m28 ms - 1266[39m
[35m[HTTP][39m [90m[39m
[35m[HTTP][39m [37m-->[39m [37mGET[39m [37m/wd/hub/session/09f5d2ff-75d3-417f-9a9b-fd630277858e/element/62b570d0-67cf-4efc-a390-731b9d88bbd1/location[39m
[35m[HTTP][39m [90m{}[39m
[35m[W3C][39m Driver proxy active, passing request on via HTTP proxy
[35m[JSONWP Proxy][39m Replacing sessionId 614e271a-b61a-4135-a6f3-715b2ac6a8c1 with 09f5d2ff-75d3-417f-9a9b-fd630277858e
[35m[HTTP][39m [37m<-- GET /wd/hub/session/09f5d2ff-75d3-417f-9a9b-fd630277858e/element/62b570d0-67cf-4efc-a390-731b9d88bbd1/location [39m[32m200[39m [90m58 ms - 90[39m
[35m[HTTP][39m [90m[39m
[35m[HTTP][39m [37m-->[39m [37mPOST[39m [37m/wd/hub/session/09f5d2ff-75d3-417f-9a9b-fd630277858e/touch/perform[39m
[35m[HTTP][39m [90m{"actions":[{"action":"tap","options":{"element":"62b570d0-67cf-4efc-a390-731b9d88bbd1","x":1,"y":1}}]}[39m
[35m[UiAutomator2][39m calling get location: 62b570d0-67cf-4efc-a390-731b9d88bbd1
[35m[HTTP][39m [37m<-- POST /wd/hub/session/09f5d2ff-75d3-417f-9a9b-fd630277858e/touch/perform [39m[32m200[39m [90m1273 ms - 76[39m
[35m[HTTP][39m [90m[39m
[35m[HTTP][39m [37m-->[39m [37mGET[39m [37m/wd/hub/session/09f5d2ff-75d3-417f-9a9b-fd630277858e/window/current/size[39m
[35m[HTTP][39m [90m{}[39m
[35m[W3C][39m Driver proxy active, passing request on via HTTP proxy
[35m[JSONWP Proxy][39m Replacing sessionId 614e271a-b61a-4135-a6f3-715b2ac6a8c1 with 09f5d2ff-75d3-417f-9a9b-fd630277858e
[35m[HTTP][39m [37m<-- GET /wd/hub/session/09f5d2ff-75d3-417f-9a9b-fd630277858e/window/current/size [39m[32m200[39m [90m67 ms - 100[39m
[35m[HTTP][39m [90m[39m
[35m[HTTP][39m [37m-->[39m [37mPOST[39m [37m/wd/hub/session/09f5d2ff-75d3-417f-9a9b-fd630277858e/elements[39m
[35m[HTTP][39m [90m{"using":"-android uiautomator","value":"new UiSelector().className(\"android.widget.ImageView\").resourceId(\"com.msteam.floors.nsu:id/imageView_arrow_back\").instance(0)"}[39m
[35m[HTTP][39m [37m<-- POST /wd/hub/session/09f5d2ff-75d3-417f-9a9b-fd630277858e/elements [39m[32m200[39m [90m132 ms - 124[39m
[35m[HTTP][39m [90m[39m
[35m[HTTP][39m [37m-->[39m [37mGET[39m [37m/wd/hub/session/09f5d2ff-75d3-417f-9a9b-fd630277858e[39m
[35m[HTTP][39m [90m{}[39m
[35m[HTTP][39m [37m<-- GET /wd/hub/session/09f5d2ff-75d3-417f-9a9b-fd630277858e [39m[32m200[39m [90m27 ms - 1266[39m
[35m[HTTP][39m [90m[39m
[35m[HTTP][39m [37m-->[39m [37mGET[39m [37m/wd/hub/session/09f5d2ff-75d3-417f-9a9b-fd630277858e[39m
[35m[HTTP][39m [90m{}[39m
[35m[HTTP][39m [37m<-- GET /wd/hub/session/09f5d2ff-75d3-417f-9a9b-fd630277858e [39m[32m200[39m [90m27 ms - 1266[39m
[35m[HTTP][39m [90m[39m
[35m[HTTP][39m [37m-->[39m [37mGET[39m [37m/wd/hub/session/09f5d2ff-75d3-417f-9a9b-fd630277858e[39m
[35m[HTTP][39m [90m{}[39m
[35m[HTTP][39m [37m<-- GET /wd/hub/session/09f5d2ff-75d3-417f-9a9b-fd630277858e [39m[32m200[39m [90m27 ms - 1266[39m
[35m[HTTP][39m [90m[39m
[35m[HTTP][39m [37m-->[39m [37mGET[39m [37m/wd/hub/session/09f5d2ff-75d3-417f-9a9b-fd630277858e[39m
[35m[HTTP][39m [90m{}[39m
[35m[HTTP][39m [37m<-- GET /wd/hub/session/09f5d2ff-75d3-417f-9a9b-fd630277858e [39m[32m200[39m [90m26 ms - 1266[39m
[35m[HTTP][39m [90m[39m
[35m[HTTP][39m [37m-->[39m [37mGET[39m [37m/wd/hub/session/09f5d2ff-75d3-417f-9a9b-fd630277858e/element/a072d821-f34d-432a-9e64-350f452210cc/location[39m
[35m[HTTP][39m [90m{}[39m
[35m[W3C][39m Driver proxy active, passing request on via HTTP proxy
[35m[JSONWP Proxy][39m Replacing sessionId 614e271a-b61a-4135-a6f3-715b2ac6a8c1 with 09f5d2ff-75d3-417f-9a9b-fd630277858e
[35m[HTTP][39m [37m<-- GET /wd/hub/session/09f5d2ff-75d3-417f-9a9b-fd630277858e/element/a072d821-f34d-432a-9e64-350f452210cc/location [39m[32m200[39m [90m51 ms - 87[39m
[35m[HTTP][39m [90m[39m
[35m[HTTP][39m [37m-->[39m [37mPOST[39m [37m/wd/hub/session/09f5d2ff-75d3-417f-9a9b-fd630277858e/touch/perform[39m
[35m[HTTP][39m [90m{"actions":[{"action":"tap","options":{"element":"a072d821-f34d-432a-9e64-350f452210cc","x":1,"y":1}}]}[39m
[35m[UiAutomator2][39m calling get location: a072d821-f34d-432a-9e64-350f452210cc
[35m[HTTP][39m [37m<-- POST /wd/hub/session/09f5d2ff-75d3-417f-9a9b-fd630277858e/touch/perform [39m[32m200[39m [90m1164 ms - 76[39m
[35m[HTTP][39m [90m[39m
[35m[HTTP][39m [37m-->[39m [37mGET[39m [37m/wd/hub/session/09f5d2ff-75d3-417f-9a9b-fd630277858e/window/current/size[39m
[35m[HTTP][39m [90m{}[39m
[35m[W3C][39m Driver proxy active, passing request on via HTTP proxy
[35m[JSONWP Proxy][39m Replacing sessionId 614e271a-b61a-4135-a6f3-715b2ac6a8c1 with 09f5d2ff-75d3-417f-9a9b-fd630277858e
[35m[HTTP][39m [37m<-- GET /wd/hub/session/09f5d2ff-75d3-417f-9a9b-fd630277858e/window/current/size [39m[32m200[39m [90m40 ms - 100[39m
[35m[HTTP][39m [90m[39m
[35m[HTTP][39m [37m-->[39m [37mPOST[39m [37m/wd/hub/session/09f5d2ff-75d3-417f-9a9b-fd630277858e/elements[39m
[35m[HTTP][39m [90m{"using":"-android uiautomator","value":"new UiSelector().className(\"android.support.v7.widget.LinearLayoutCompat\").instance(0)"}[39m
[35m[HTTP][39m [37m<-- POST /wd/hub/session/09f5d2ff-75d3-417f-9a9b-fd630277858e/elements [39m[32m200[39m [90m113 ms - 124[39m
[35m[HTTP][39m [90m[39m
[35m[HTTP][39m [37m-->[39m [37mGET[39m [37m/wd/hub/session/09f5d2ff-75d3-417f-9a9b-fd630277858e[39m
[35m[HTTP][39m [90m{}[39m
[35m[HTTP][39m [37m<-- GET /wd/hub/session/09f5d2ff-75d3-417f-9a9b-fd630277858e [39m[32m200[39m [90m25 ms - 1266[39m
[35m[HTTP][39m [90m[39m
[35m[HTTP][39m [37m-->[39m [37mGET[39m [37m/wd/hub/session/09f5d2ff-75d3-417f-9a9b-fd630277858e[39m
[35m[HTTP][39m [90m{}[39m
[35m[HTTP][39m [37m<-- GET /wd/hub/session/09f5d2ff-75d3-417f-9a9b-fd630277858e [39m[32m200[39m [90m40 ms - 1266[39m
[35m[HTTP][39m [90m[39m
[35m[HTTP][39m [37m-->[39m [37mGET[39m [37m/wd/hub/session/09f5d2ff-75d3-417f-9a9b-fd630277858e[39m
[35m[HTTP][39m [90m{}[39m
[35m[HTTP][39m [37m<-- GET /wd/hub/session/09f5d2ff-75d3-417f-9a9b-fd630277858e [39m[32m200[39m [90m27 ms - 1266[39m
[35m[HTTP][39m [90m[39m
[35m[HTTP][39m [37m-->[39m [37mGET[39m [37m/wd/hub/session/09f5d2ff-75d3-417f-9a9b-fd630277858e[39m
[35m[HTTP][39m [90m{}[39m
[35m[HTTP][39m [37m<-- GET /wd/hub/session/09f5d2ff-75d3-417f-9a9b-fd630277858e [39m[32m200[39m [90m28 ms - 1266[39m
[35m[HTTP][39m [90m[39m
[35m[HTTP][39m [37m-->[39m [37mGET[39m [37m/wd/hub/session/09f5d2ff-75d3-417f-9a9b-fd630277858e/element/02bb5e17-6f46-4859-8e87-72452ed10f15/location[39m
[35m[HTTP][39m [90m{}[39m
[35m[W3C][39m Driver proxy active, passing request on via HTTP proxy
[35m[JSONWP Proxy][39m Replacing sessionId 614e271a-b61a-4135-a6f3-715b2ac6a8c1 with 09f5d2ff-75d3-417f-9a9b-fd630277858e
[35m[HTTP][39m [37m<-- GET /wd/hub/session/09f5d2ff-75d3-417f-9a9b-fd630277858e/element/02bb5e17-6f46-4859-8e87-72452ed10f15/location [39m[32m200[39m [90m67 ms - 87[39m
[35m[HTTP][39m [90m[39m
[35m[HTTP][39m [37m-->[39m [37mPOST[39m [37m/wd/hub/session/09f5d2ff-75d3-417f-9a9b-fd630277858e/touch/perform[39m
[35m[HTTP][39m [90m{"actions":[{"action":"tap","options":{"element":"02bb5e17-6f46-4859-8e87-72452ed10f15","x":1,"y":1}}]}[39m
[35m[UiAutomator2][39m calling get location: 02bb5e17-6f46-4859-8e87-72452ed10f15
[35m[HTTP][39m [37m<-- POST /wd/hub/session/09f5d2ff-75d3-417f-9a9b-fd630277858e/touch/perform [39m[32m200[39m [90m1264 ms - 76[39m
[35m[HTTP][39m [90m[39m
[35m[HTTP][39m [37m-->[39m [37mGET[39m [37m/wd/hub/session/09f5d2ff-75d3-417f-9a9b-fd630277858e/window/current/size[39m
[35m[HTTP][39m [90m{}[39m
[35m[W3C][39m Driver proxy active, passing request on via HTTP proxy
[35m[JSONWP Proxy][39m Replacing sessionId 614e271a-b61a-4135-a6f3-715b2ac6a8c1 with 09f5d2ff-75d3-417f-9a9b-fd630277858e
[35m[HTTP][39m [37m<-- GET /wd/hub/session/09f5d2ff-75d3-417f-9a9b-fd630277858e/window/current/size [39m[32m200[39m [90m101 ms - 100[39m
[35m[HTTP][39m [90m[39m
[35m[HTTP][39m [37m-->[39m [37mPOST[39m [37m/wd/hub/session/09f5d2ff-75d3-417f-9a9b-fd630277858e/elements[39m
[35m[HTTP][39m [90m{"using":"-android uiautomator","value":"new UiSelector().className(\"android.widget.EditText\").text(\"Искать\").resourceId(\"com.msteam.floors.nsu:id/searchEditText_input\").instance(0)"}[39m
[35m[HTTP][39m [37m<-- POST /wd/hub/session/09f5d2ff-75d3-417f-9a9b-fd630277858e/elements [39m[32m200[39m [90m145 ms - 124[39m
[35m[HTTP][39m [90m[39m
[35m[HTTP][39m [37m-->[39m [37mGET[39m [37m/wd/hub/session/09f5d2ff-75d3-417f-9a9b-fd630277858e[39m
[35m[HTTP][39m [90m{}[39m
[35m[HTTP][39m [37m<-- GET /wd/hub/session/09f5d2ff-75d3-417f-9a9b-fd630277858e [39m[32m200[39m [90m26 ms - 1266[39m
[35m[HTTP][39m [90m[39m
[35m[HTTP][39m [37m-->[39m [37mGET[39m [37m/wd/hub/session/09f5d2ff-75d3-417f-9a9b-fd630277858e[39m
[35m[HTTP][39m [90m{}[39m
[35m[HTTP][39m [37m<-- GET /wd/hub/session/09f5d2ff-75d3-417f-9a9b-fd630277858e [39m[32m200[39m [90m29 ms - 1266[39m
[35m[HTTP][39m [90m[39m
[35m[HTTP][39m [37m-->[39m [37mGET[39m [37m/wd/hub/session/09f5d2ff-75d3-417f-9a9b-fd630277858e[39m
[35m[HTTP][39m [90m{}[39m
[35m[HTTP][39m [37m<-- GET /wd/hub/session/09f5d2ff-75d3-417f-9a9b-fd630277858e [39m[32m200[39m [90m28 ms - 1266[39m
[35m[HTTP][39m [90m[39m
[35m[HTTP][39m [37m-->[39m [37mGET[39m [37m/wd/hub/session/09f5d2ff-75d3-417f-9a9b-fd630277858e[39m
[35m[HTTP][39m [90m{}[39m
[35m[HTTP][39m [37m<-- GET /wd/hub/session/09f5d2ff-75d3-417f-9a9b-fd630277858e [39m[32m200[39m [90m29 ms - 1266[39m
[35m[HTTP][39m [90m[39m
[35m[HTTP][39m [37m-->[39m [37mGET[39m [37m/wd/hub/session/09f5d2ff-75d3-417f-9a9b-fd630277858e/element/c7cb6cbc-d4ab-4f95-afd0-ad51391ec4c1/location[39m
[35m[HTTP][39m [90m{}[39m
[35m[W3C][39m Driver proxy active, passing request on via HTTP proxy
[35m[JSONWP Proxy][39m Replacing sessionId 614e271a-b61a-4135-a6f3-715b2ac6a8c1 with 09f5d2ff-75d3-417f-9a9b-fd630277858e
[35m[HTTP][39m [37m<-- GET /wd/hub/session/09f5d2ff-75d3-417f-9a9b-fd630277858e/element/c7cb6cbc-d4ab-4f95-afd0-ad51391ec4c1/location [39m[32m200[39m [90m54 ms - 88[39m
[35m[HTTP][39m [90m[39m
[35m[HTTP][39m [37m-->[39m [37mPOST[39m [37m/wd/hub/session/09f5d2ff-75d3-417f-9a9b-fd630277858e/touch/perform[39m
[35m[HTTP][39m [90m{"actions":[{"action":"tap","options":{"element":"c7cb6cbc-d4ab-4f95-afd0-ad51391ec4c1","x":1,"y":1}}]}[39m
[35m[UiAutomator2][39m calling get location: c7cb6cbc-d4ab-4f95-afd0-ad51391ec4c1
[35m[HTTP][39m [37m<-- POST /wd/hub/session/09f5d2ff-75d3-417f-9a9b-fd630277858e/touch/perform [39m[32m200[39m [90m1454 ms - 76[39m
[35m[HTTP][39m [90m[39m
[35m[HTTP][39m [37m-->[39m [37mGET[39m [37m/wd/hub/session/09f5d2ff-75d3-417f-9a9b-fd630277858e/window/current/size[39m
[35m[HTTP][39m [90m{}[39m
[35m[W3C][39m Driver proxy active, passing request on via HTTP proxy
[35m[JSONWP Proxy][39m Replacing sessionId 614e271a-b61a-4135-a6f3-715b2ac6a8c1 with 09f5d2ff-75d3-417f-9a9b-fd630277858e
[35m[HTTP][39m [37m<-- GET /wd/hub/session/09f5d2ff-75d3-417f-9a9b-fd630277858e/window/current/size [39m[32m200[39m [90m47 ms - 100[39m
[35m[HTTP][39m [90m[39m
[35m[HTTP][39m [37m-->[39m [37mPOST[39m [37m/wd/hub/session/09f5d2ff-75d3-417f-9a9b-fd630277858e/elements[39m
[35m[HTTP][39m [90m{"using":"-android uiautomator","value":"new UiSelector().className(\"android.widget.EditText\").text(\"Искать\").resourceId(\"com.msteam.floors.nsu:id/searchEditText_input\").instance(0)"}[39m
[35m[HTTP][39m [37m<-- POST /wd/hub/session/09f5d2ff-75d3-417f-9a9b-fd630277858e/elements [39m[32m200[39m [90m164 ms - 124[39m
[35m[HTTP][39m [90m[39m
[35m[HTTP][39m [37m-->[39m [37mGET[39m [37m/wd/hub/session/09f5d2ff-75d3-417f-9a9b-fd630277858e[39m
[35m[HTTP][39m [90m{}[39m
[35m[HTTP][39m [37m<-- GET /wd/hub/session/09f5d2ff-75d3-417f-9a9b-fd630277858e [39m[32m200[39m [90m28 ms - 1266[39m
[35m[HTTP][39m [90m[39m
[35m[HTTP][39m [37m-->[39m [37mGET[39m [37m/wd/hub/session/09f5d2ff-75d3-417f-9a9b-fd630277858e[39m
[35m[HTTP][39m [90m{}[39m
[35m[HTTP][39m [37m<-- GET /wd/hub/session/09f5d2ff-75d3-417f-9a9b-fd630277858e [39m[32m200[39m [90m26 ms - 1266[39m
[35m[HTTP][39m [90m[39m
[35m[HTTP][39m [37m-->[39m [37mGET[39m [37m/wd/hub/session/09f5d2ff-75d3-417f-9a9b-fd630277858e[39m
[35m[HTTP][39m [90m{}[39m
[35m[HTTP][39m [37m<-- GET /wd/hub/session/09f5d2ff-75d3-417f-9a9b-fd630277858e [39m[32m200[39m [90m24 ms - 1266[39m
[35m[HTTP][39m [90m[39m
[35m[HTTP][39m [37m-->[39m [37mGET[39m [37m/wd/hub/session/09f5d2ff-75d3-417f-9a9b-fd630277858e[39m
[35m[HTTP][39m [90m{}[39m
[35m[HTTP][39m [37m<-- GET /wd/hub/session/09f5d2ff-75d3-417f-9a9b-fd630277858e [39m[32m200[39m [90m30 ms - 1266[39m
[35m[HTTP][39m [90m[39m
[35m[HTTP][39m [37m-->[39m [37mGET[39m [37m/wd/hub/session/09f5d2ff-75d3-417f-9a9b-fd630277858e/element/ca15388b-5d00-45fa-92cb-a08881b48633/location[39m
[35m[HTTP][39m [90m{}[39m
[35m[W3C][39m Driver proxy active, passing request on via HTTP proxy
[35m[JSONWP Proxy][39m Replacing sessionId 614e271a-b61a-4135-a6f3-715b2ac6a8c1 with 09f5d2ff-75d3-417f-9a9b-fd630277858e
[35m[HTTP][39m [37m<-- GET /wd/hub/session/09f5d2ff-75d3-417f-9a9b-fd630277858e/element/ca15388b-5d00-45fa-92cb-a08881b48633/location [39m[32m200[39m [90m65 ms - 88[39m
[35m[HTTP][39m [90m[39m
[35m[HTTP][39m [37m-->[39m [37mPOST[39m [37m/wd/hub/session/09f5d2ff-75d3-417f-9a9b-fd630277858e/element/ca15388b-5d00-45fa-92cb-a08881b48633/clear[39m
[35m[HTTP][39m [90m{"id":"ca15388b-5d00-45fa-92cb-a08881b48633"}[39m
[35m[HTTP][39m [37m<-- POST /wd/hub/session/09f5d2ff-75d3-417f-9a9b-fd630277858e/element/ca15388b-5d00-45fa-92cb-a08881b48633/clear [39m[32m200[39m [90m121 ms - 89[39m
[35m[HTTP][39m [90m[39m
[35m[HTTP][39m [37m-->[39m [37mPOST[39m [37m/wd/hub/session/09f5d2ff-75d3-417f-9a9b-fd630277858e/element/ca15388b-5d00-45fa-92cb-a08881b48633/value[39m
[35m[HTTP][39m [90m{"id":"ca15388b-5d00-45fa-92cb-a08881b48633","value":["3213"]}[39m
[35m[HTTP][39m [37m<-- POST /wd/hub/session/09f5d2ff-75d3-417f-9a9b-fd630277858e/element/ca15388b-5d00-45fa-92cb-a08881b48633/value [39m[32m200[39m [90m1812 ms - 74[39m
[35m[HTTP][39m [90m[39m
[35m[HTTP][39m [37m-->[39m [37mGET[39m [37m/wd/hub/session/09f5d2ff-75d3-417f-9a9b-fd630277858e/window/current/size[39m
[35m[HTTP][39m [90m{}[39m
[35m[W3C][39m Driver proxy active, passing request on via HTTP proxy
[35m[JSONWP Proxy][39m Replacing sessionId 614e271a-b61a-4135-a6f3-715b2ac6a8c1 with 09f5d2ff-75d3-417f-9a9b-fd630277858e
[35m[HTTP][39m [37m<-- GET /wd/hub/session/09f5d2ff-75d3-417f-9a9b-fd630277858e/window/current/size [39m[32m200[39m [90m101 ms - 100[39m
[35m[HTTP][39m [90m[39m
[35m[HTTP][39m [37m-->[39m [37mPOST[39m [37m/wd/hub/session/09f5d2ff-75d3-417f-9a9b-fd630277858e/elements[39m
[35m[HTTP][39m [90m{"using":"-android uiautomator","value":"new UiSelector().className(\"android.widget.LinearLayout\").resourceId(\"com.msteam.floors.nsu:id/search_view_item\").instance(5)"}[39m
[35m[HTTP][39m [37m<-- POST /wd/hub/session/09f5d2ff-75d3-417f-9a9b-fd630277858e/elements [39m[32m200[39m [90m610 ms - 124[39m
[35m[HTTP][39m [90m[39m
[35m[HTTP][39m [37m-->[39m [37mGET[39m [37m/wd/hub/session/09f5d2ff-75d3-417f-9a9b-fd630277858e[39m
[35m[HTTP][39m [90m{}[39m
[35m[HTTP][39m [37m<-- GET /wd/hub/session/09f5d2ff-75d3-417f-9a9b-fd630277858e [39m[32m200[39m [90m33 ms - 1266[39m
[35m[HTTP][39m [90m[39m
[35m[HTTP][39m [37m-->[39m [37mGET[39m [37m/wd/hub/session/09f5d2ff-75d3-417f-9a9b-fd630277858e[39m
[35m[HTTP][39m [90m{}[39m
[35m[HTTP][39m [37m<-- GET /wd/hub/session/09f5d2ff-75d3-417f-9a9b-fd630277858e [39m[32m200[39m [90m30 ms - 1266[39m
[35m[HTTP][39m [90m[39m
[35m[HTTP][39m [37m-->[39m [37mGET[39m [37m/wd/hub/session/09f5d2ff-75d3-417f-9a9b-fd630277858e[39m
[35m[HTTP][39m [90m{}[39m
[35m[HTTP][39m [37m<-- GET /wd/hub/session/09f5d2ff-75d3-417f-9a9b-fd630277858e [39m[32m200[39m [90m26 ms - 1266[39m
[35m[HTTP][39m [90m[39m
[35m[HTTP][39m [37m-->[39m [37mGET[39m [37m/wd/hub/session/09f5d2ff-75d3-417f-9a9b-fd630277858e[39m
[35m[HTTP][39m [90m{}[39m
[35m[HTTP][39m [37m<-- GET /wd/hub/session/09f5d2ff-75d3-417f-9a9b-fd630277858e [39m[32m200[39m [90m31 ms - 1266[39m
[35m[HTTP][39m [90m[39m
[35m[HTTP][39m [37m-->[39m [37mGET[39m [37m/wd/hub/session/09f5d2ff-75d3-417f-9a9b-fd630277858e/element/4b1ea60e-8318-4000-8792-eb8eb0e6346d/location[39m
[35m[HTTP][39m [90m{}[39m
[35m[W3C][39m Driver proxy active, passing request on via HTTP proxy
[35m[JSONWP Proxy][39m Replacing sessionId 614e271a-b61a-4135-a6f3-715b2ac6a8c1 with 09f5d2ff-75d3-417f-9a9b-fd630277858e
[35m[HTTP][39m [37m<-- GET /wd/hub/session/09f5d2ff-75d3-417f-9a9b-fd630277858e/element/4b1ea60e-8318-4000-8792-eb8eb0e6346d/location [39m[32m200[39m [90m57 ms - 88[39m
[35m[HTTP][39m [90m[39m
[35m[HTTP][39m [37m-->[39m [37mPOST[39m [37m/wd/hub/session/09f5d2ff-75d3-417f-9a9b-fd630277858e/touch/perform[39m
[35m[HTTP][39m [90m{"actions":[{"action":"tap","options":{"element":"4b1ea60e-8318-4000-8792-eb8eb0e6346d","x":1,"y":1}}]}[39m
[35m[UiAutomator2][39m calling get location: 4b1ea60e-8318-4000-8792-eb8eb0e6346d
[35m[HTTP][39m [37m<-- POST /wd/hub/session/09f5d2ff-75d3-417f-9a9b-fd630277858e/touch/perform [39m[32m200[39m [90m1555 ms - 76[39m
[35m[HTTP][39m [90m[39m
[35m[BaseDriver][39m Shutting down because we waited 1800 seconds for a command
[35m[Appium][39m Closing session, cause was 'New Command Timeout of 1800 seconds expired. Try customizing the timeout using the 'newCommandTimeout' desired capability'
[35m[Appium][39m Removing session 09f5d2ff-75d3-417f-9a9b-fd630277858e from our master session list
[35m[UiAutomator2][39m Did not get confirmation UiAutomator2 deleteSession worked; Error was: ProxyRequestError: Could not proxy command to remote server. Original error: Error: read ECONNRESET
