[35m[Appium][39m Welcome to Appium v1.8.1
[35m[Appium][39m Non-default server args:
[35m[Appium][39m   port: 64925
[35m[Appium][39m   loglevel: info
[35m[Appium][39m   chromeDriverPort: 64928
[35m[Appium][39m   tmpDir: C:\Users\APERSH~1\AppData\Local\Temp\\Katalon\Appium\Temp1574940968758
[35m[Appium][39m Appium REST http interface listener started on 0.0.0.0:64925
[35m[HTTP][39m [37m-->[39m [37mGET[39m [37m/wd/hub/status[39m
[35m[HTTP][39m [90m{}[39m
[35m[HTTP][39m [37m<-- GET /wd/hub/status [39m[32m200[39m [90m13 ms - 83[39m
[35m[HTTP][39m [90m[39m
[35m[HTTP][39m [37m-->[39m [37mPOST[39m [37m/wd/hub/session[39m
[35m[HTTP][39m [90m{"desiredCapabilities":{"app":"C:\\Users\\apershina\\Desktop\\Projects\\Floors\\FloorsApp\\app\\build\\outputs\\apk\\debug\\app-debug.apk","autoGrantPermissions":true,"automationName":"uiautomator2","deviceName":"samsung SM-A530F (Android 9)","fullReset":false,"newCommandTimeout":1800,"noReset":true,"platform":"ANDROID","platformName":"Android","udid":"5200502e5b11c491"},"capabilities":{"desiredCapabilities":{"app":"C:\\Users\\apershina\\Desktop\\Projects\\Floors\\FloorsApp\\app\\build\\outputs\\apk\\debug\\app-debug.apk","autoGrantPermissions":true,"automationName":"uiautomator2","deviceName":"samsung SM-A530F (Android 9)","fullReset":false,"newCommandTimeout":1800,"noReset":true,"platform":"ANDROID","platformName":"Android","udid":"5200502e5b11c491"},"firstMatch":[{"platformName":"android"}]}}[39m
[35m[Appium][39m Could not parse W3C capabilities: 'deviceName' can't be blank. Falling back to JSONWP protocol.
[35m[Appium][39m The following capabilities were provided in the JSONWP desired capabilities that are missing in W3C capabilities: ["app","autoGrantPermissions","automationName","deviceName","fullReset","newCommandTimeout","noReset","platform","platformName","udid"]. Falling back to JSONWP protocol.
[35m[Appium][39m Creating new AndroidUiautomator2Driver (v1.12.0) session
[35m[Appium][39m Capabilities:
[35m[Appium][39m   app: C:\Users\apershina\Desktop\Projects\Floors\FloorsApp\app\build\outputs\apk\debug\app-debug.apk
[35m[Appium][39m   autoGrantPermissions: true
[35m[Appium][39m   automationName: uiautomator2
[35m[Appium][39m   deviceName: samsung SM-A530F (Android 9)
[35m[Appium][39m   fullReset: false
[35m[Appium][39m   newCommandTimeout: 1800
[35m[Appium][39m   noReset: true
[35m[Appium][39m   platform: ANDROID
[35m[Appium][39m   platformName: Android
[35m[Appium][39m   udid: 5200502e5b11c491
[35m[BaseDriver][39m The following capabilities were provided, but are not recognized by appium: platform.
[35m[BaseDriver][39m Session created with session id: 87fc1abf-f2bd-4879-a7cc-911ab363950d
[35m[BaseDriver][39m Using local app 'C:\Users\apershina\Desktop\Projects\Floors\FloorsApp\app\build\outputs\apk\debug\app-debug.apk'
[35m[AndroidDriver][39m Java version is: 1.8.0_181
[35m[ADB][39m Checking whether adb is present
[35m[ADB][39m Found 1 'build-tools' folders under 'C:\Users\apershina\.katalon\tools\android_sdk' (newest first):
[35m[ADB][39m     C:/Users/apershina/.katalon/tools/android_sdk/build-tools/28.0.3
[35m[ADB][39m Using adb.exe from C:\Users\apershina\.katalon\tools\android_sdk\platform-tools\adb.exe
[35m[AndroidDriver][39m Retrieving device list
[35m[AndroidDriver][39m Using device: 5200502e5b11c491
[35m[ADB][39m Using the alternative activity name detection method because of: Could not find apkanalyzer.bat in C:\Users\apershina\.katalon\tools\android_sdk\platform-tools\apkanalyzer.bat,C:\Users\apershina\.katalon\tools\android_sdk\emulator\apkanalyzer.bat,C:\Users\apershina\.katalon\tools\android_sdk\tools\apkanalyzer.bat,C:\Users\apershina\.katalon\tools\android_sdk\tools\bin\apkanalyzer.bat,C:\Users\apershina\.katalon\tools\android_sdk\build-tools\28.0.3\apkanalyzer.bat. Do you have the Android SDK installed at 'C:\Users\apershina\.katalon\tools\android_sdk'?
[35m[ADB][39m Checking whether aapt is present
[35m[ADB][39m Using aapt.exe from C:\Users\apershina\.katalon\tools\android_sdk\build-tools\28.0.3\aapt.exe
[35m[ADB][39m Extracting package and launch activity from manifest
[35m[ADB][39m Package name: 'com.msteam.floors.nsu'
[35m[ADB][39m Main activity name: 'com.msteam.floors.SplashActivity'
[35m[ADB][39m Getting device platform version
[35m[ADB][39m Using apksigner.bat from C:\Users\apershina\.katalon\tools\android_sdk\build-tools\28.0.3\apksigner.bat
[35m[ADB][39m Checking whether zipalign is present
[35m[ADB][39m Using zipalign.exe from C:\Users\apershina\.katalon\tools\android_sdk\build-tools\28.0.3\zipalign.exe
[35m[ADB][39m io.appium.uiautomator2.server was successfully uninstalled
[35m[ADB][39m io.appium.uiautomator2.server.test was successfully uninstalled
[35m[AndroidDriver][39m setDeviceLanguageCountry requires language or country.
[35m[AndroidDriver][39m Got language: 'null' and country: 'null'
[35m[ADB][39m Successfully extracted 132 strings from 'C:\Users\apershina\Desktop\Projects\Floors\FloorsApp\app\build\outputs\apk\debug\app-debug.apk' resources for '(default)' configuration
[35m[UiAutomator2][39m Starting uiautomator2 server 1.12.0
[35m[UiAutomator2][39m Using UIAutomator2 server from 'C:\Users\apershina\AppData\Roaming\npm\node_modules\appium\node_modules\appium-uiautomator2-server\apks\appium-uiautomator2-server-v1.12.0.apk' and test from 'C:\Users\apershina\AppData\Roaming\npm\node_modules\appium\node_modules\appium-uiautomator2-server\apks\appium-uiautomator2-server-debug-androidTest.apk'
[35m[UiAutomator2][39m Running command: 'adb -s 5200502e5b11c491 shell am instrument -w io.appium.uiautomator2.server.test/android.support.test.runner.AndroidJUnitRunner'
[35m[UiAutomator2][39m Waiting up to 20000ms for UiAutomator2 to be online...
[35m[AndroidDriver][39m Screen already unlocked, doing nothing
[35m[UiAutomator2][39m UiAutomator2 did not start the activity we were waiting for, 'com.msteam.floors.nsu/com.msteam.floors.SplashActivity'. Starting it ourselves
[35m[Appium][39m New AndroidUiautomator2Driver session created successfully, session 87fc1abf-f2bd-4879-a7cc-911ab363950d added to master session list
[35m[HTTP][39m [37m<-- POST /wd/hub/session [39m[32m200[39m [90m24834 ms - 1266[39m
[35m[HTTP][39m [90m[39m
[35m[HTTP][39m [37m-->[39m [37mGET[39m [37m/wd/hub/status[39m
[35m[HTTP][39m [90m{}[39m
[35m[HTTP][39m [37m<-- GET /wd/hub/status [39m[32m200[39m [90m6 ms - 55[39m
[35m[HTTP][39m [90m[39m
[35m[HTTP][39m [37m-->[39m [37mPOST[39m [37m/wd/hub/session/87fc1abf-f2bd-4879-a7cc-911ab363950d/timeouts[39m
[35m[HTTP][39m [90m{"type":"implicit","ms":30000}[39m
[35m[HTTP][39m [37m<-- POST /wd/hub/session/87fc1abf-f2bd-4879-a7cc-911ab363950d/timeouts [39m[33m400[39m [90m18 ms - 5332[39m
[35m[HTTP][39m [90m[39m
[35m[HTTP][39m [37m-->[39m [37mGET[39m [37m/wd/hub/session/87fc1abf-f2bd-4879-a7cc-911ab363950d/window/current/size[39m
[35m[HTTP][39m [90m{}[39m
[35m[W3C][39m Driver proxy active, passing request on via HTTP proxy
[35m[JSONWP Proxy][39m Replacing sessionId d8e60b4a-7e61-4164-873e-604b29dcb39a with 87fc1abf-f2bd-4879-a7cc-911ab363950d
[35m[HTTP][39m [37m<-- GET /wd/hub/session/87fc1abf-f2bd-4879-a7cc-911ab363950d/window/current/size [39m[32m200[39m [90m98 ms - 100[39m
[35m[HTTP][39m [90m[39m
[35m[HTTP][39m [37m-->[39m [37mPOST[39m [37m/wd/hub/session/87fc1abf-f2bd-4879-a7cc-911ab363950d/elements[39m
[35m[HTTP][39m [90m{"using":"-android uiautomator","value":"new UiSelector().className(\"android.widget.EditText\").text(\"Искать\").resourceId(\"com.msteam.floors.nsu:id/searchEditText_input\").instance(0)"}[39m
[35m[HTTP][39m [37m<-- POST /wd/hub/session/87fc1abf-f2bd-4879-a7cc-911ab363950d/elements [39m[32m200[39m [90m124 ms - 74[39m
[35m[HTTP][39m [90m[39m
[35m[HTTP][39m [37m-->[39m [37mPOST[39m [37m/wd/hub/session/87fc1abf-f2bd-4879-a7cc-911ab363950d/elements[39m
[35m[HTTP][39m [90m{"using":"-android uiautomator","value":"new UiSelector().className(\"android.widget.EditText\").text(\"Искать\").resourceId(\"com.msteam.floors.nsu:id/searchEditText_input\").instance(0)"}[39m
[35m[HTTP][39m [37m<-- POST /wd/hub/session/87fc1abf-f2bd-4879-a7cc-911ab363950d/elements [39m[32m200[39m [90m134 ms - 74[39m
[35m[HTTP][39m [90m[39m
[35m[HTTP][39m [37m-->[39m [37mPOST[39m [37m/wd/hub/session/87fc1abf-f2bd-4879-a7cc-911ab363950d/elements[39m
[35m[HTTP][39m [90m{"using":"-android uiautomator","value":"new UiSelector().className(\"android.widget.EditText\").text(\"Искать\").resourceId(\"com.msteam.floors.nsu:id/searchEditText_input\").instance(0)"}[39m
[35m[HTTP][39m [37m<-- POST /wd/hub/session/87fc1abf-f2bd-4879-a7cc-911ab363950d/elements [39m[32m200[39m [90m91 ms - 74[39m
[35m[HTTP][39m [90m[39m
[35m[HTTP][39m [37m-->[39m [37mPOST[39m [37m/wd/hub/session/87fc1abf-f2bd-4879-a7cc-911ab363950d/elements[39m
[35m[HTTP][39m [90m{"using":"-android uiautomator","value":"new UiSelector().className(\"android.widget.EditText\").text(\"Искать\").resourceId(\"com.msteam.floors.nsu:id/searchEditText_input\").instance(0)"}[39m
[35m[HTTP][39m [37m<-- POST /wd/hub/session/87fc1abf-f2bd-4879-a7cc-911ab363950d/elements [39m[32m200[39m [90m95 ms - 74[39m
[35m[HTTP][39m [90m[39m
[35m[HTTP][39m [37m-->[39m [37mPOST[39m [37m/wd/hub/session/87fc1abf-f2bd-4879-a7cc-911ab363950d/elements[39m
[35m[HTTP][39m [90m{"using":"-android uiautomator","value":"new UiSelector().className(\"android.widget.EditText\").text(\"Искать\").resourceId(\"com.msteam.floors.nsu:id/searchEditText_input\").instance(0)"}[39m
[35m[HTTP][39m [37m<-- POST /wd/hub/session/87fc1abf-f2bd-4879-a7cc-911ab363950d/elements [39m[32m200[39m [90m101 ms - 74[39m
[35m[HTTP][39m [90m[39m
[35m[HTTP][39m [37m-->[39m [37mPOST[39m [37m/wd/hub/session/87fc1abf-f2bd-4879-a7cc-911ab363950d/elements[39m
[35m[HTTP][39m [90m{"using":"-android uiautomator","value":"new UiSelector().className(\"android.widget.EditText\").text(\"Искать\").resourceId(\"com.msteam.floors.nsu:id/searchEditText_input\").instance(0)"}[39m
[35m[HTTP][39m [37m<-- POST /wd/hub/session/87fc1abf-f2bd-4879-a7cc-911ab363950d/elements [39m[32m200[39m [90m86 ms - 74[39m
[35m[HTTP][39m [90m[39m
[35m[HTTP][39m [37m-->[39m [37mPOST[39m [37m/wd/hub/session/87fc1abf-f2bd-4879-a7cc-911ab363950d/elements[39m
[35m[HTTP][39m [90m{"using":"-android uiautomator","value":"new UiSelector().className(\"android.widget.EditText\").text(\"Искать\").resourceId(\"com.msteam.floors.nsu:id/searchEditText_input\").instance(0)"}[39m
[35m[HTTP][39m [37m<-- POST /wd/hub/session/87fc1abf-f2bd-4879-a7cc-911ab363950d/elements [39m[32m200[39m [90m87 ms - 74[39m
[35m[HTTP][39m [90m[39m
[35m[HTTP][39m [37m-->[39m [37mPOST[39m [37m/wd/hub/session/87fc1abf-f2bd-4879-a7cc-911ab363950d/elements[39m
[35m[HTTP][39m [90m{"using":"-android uiautomator","value":"new UiSelector().className(\"android.widget.EditText\").text(\"Искать\").resourceId(\"com.msteam.floors.nsu:id/searchEditText_input\").instance(0)"}[39m
[35m[HTTP][39m [37m<-- POST /wd/hub/session/87fc1abf-f2bd-4879-a7cc-911ab363950d/elements [39m[32m200[39m [90m68 ms - 74[39m
[35m[HTTP][39m [90m[39m
[35m[HTTP][39m [37m-->[39m [37mPOST[39m [37m/wd/hub/session/87fc1abf-f2bd-4879-a7cc-911ab363950d/elements[39m
[35m[HTTP][39m [90m{"using":"-android uiautomator","value":"new UiSelector().className(\"android.widget.EditText\").text(\"Искать\").resourceId(\"com.msteam.floors.nsu:id/searchEditText_input\").instance(0)"}[39m
[35m[HTTP][39m [37m<-- POST /wd/hub/session/87fc1abf-f2bd-4879-a7cc-911ab363950d/elements [39m[32m200[39m [90m1605 ms - 74[39m
[35m[HTTP][39m [90m[39m
[35m[HTTP][39m [37m-->[39m [37mPOST[39m [37m/wd/hub/session/87fc1abf-f2bd-4879-a7cc-911ab363950d/elements[39m
[35m[HTTP][39m [90m{"using":"-android uiautomator","value":"new UiSelector().className(\"android.widget.EditText\").text(\"Искать\").resourceId(\"com.msteam.floors.nsu:id/searchEditText_input\").instance(0)"}[39m
[35m[HTTP][39m [37m<-- POST /wd/hub/session/87fc1abf-f2bd-4879-a7cc-911ab363950d/elements [39m[32m200[39m [90m614 ms - 74[39m
[35m[HTTP][39m [90m[39m
[35m[HTTP][39m [37m-->[39m [37mPOST[39m [37m/wd/hub/session/87fc1abf-f2bd-4879-a7cc-911ab363950d/elements[39m
[35m[HTTP][39m [90m{"using":"-android uiautomator","value":"new UiSelector().className(\"android.widget.EditText\").text(\"Искать\").resourceId(\"com.msteam.floors.nsu:id/searchEditText_input\").instance(0)"}[39m
[35m[HTTP][39m [37m<-- POST /wd/hub/session/87fc1abf-f2bd-4879-a7cc-911ab363950d/elements [39m[32m200[39m [90m1395 ms - 124[39m
[35m[HTTP][39m [90m[39m
[35m[HTTP][39m [37m-->[39m [37mGET[39m [37m/wd/hub/session/87fc1abf-f2bd-4879-a7cc-911ab363950d[39m
[35m[HTTP][39m [90m{}[39m
[35m[HTTP][39m [37m<-- GET /wd/hub/session/87fc1abf-f2bd-4879-a7cc-911ab363950d [39m[32m200[39m [90m35 ms - 1266[39m
[35m[HTTP][39m [90m[39m
[35m[HTTP][39m [37m-->[39m [37mGET[39m [37m/wd/hub/session/87fc1abf-f2bd-4879-a7cc-911ab363950d[39m
[35m[HTTP][39m [90m{}[39m
[35m[HTTP][39m [37m<-- GET /wd/hub/session/87fc1abf-f2bd-4879-a7cc-911ab363950d [39m[32m200[39m [90m32 ms - 1266[39m
[35m[HTTP][39m [90m[39m
[35m[HTTP][39m [37m-->[39m [37mGET[39m [37m/wd/hub/session/87fc1abf-f2bd-4879-a7cc-911ab363950d[39m
[35m[HTTP][39m [90m{}[39m
[35m[HTTP][39m [37m<-- GET /wd/hub/session/87fc1abf-f2bd-4879-a7cc-911ab363950d [39m[32m200[39m [90m32 ms - 1266[39m
[35m[HTTP][39m [90m[39m
[35m[HTTP][39m [37m-->[39m [37mGET[39m [37m/wd/hub/session/87fc1abf-f2bd-4879-a7cc-911ab363950d[39m
[35m[HTTP][39m [90m{}[39m
[35m[HTTP][39m [37m<-- GET /wd/hub/session/87fc1abf-f2bd-4879-a7cc-911ab363950d [39m[32m200[39m [90m32 ms - 1266[39m
[35m[HTTP][39m [90m[39m
[35m[HTTP][39m [37m-->[39m [37mGET[39m [37m/wd/hub/session/87fc1abf-f2bd-4879-a7cc-911ab363950d/element/66170068-a3f5-41e5-b420-8c410561be16/location[39m
[35m[HTTP][39m [90m{}[39m
[35m[W3C][39m Driver proxy active, passing request on via HTTP proxy
[35m[JSONWP Proxy][39m Replacing sessionId d8e60b4a-7e61-4164-873e-604b29dcb39a with 87fc1abf-f2bd-4879-a7cc-911ab363950d
[35m[HTTP][39m [37m<-- GET /wd/hub/session/87fc1abf-f2bd-4879-a7cc-911ab363950d/element/66170068-a3f5-41e5-b420-8c410561be16/location [39m[32m200[39m [90m95 ms - 88[39m
[35m[HTTP][39m [90m[39m
[35m[HTTP][39m [37m-->[39m [37mPOST[39m [37m/wd/hub/session/87fc1abf-f2bd-4879-a7cc-911ab363950d/touch/perform[39m
[35m[HTTP][39m [90m{"actions":[{"action":"tap","options":{"element":"66170068-a3f5-41e5-b420-8c410561be16","x":1,"y":1}}]}[39m
[35m[UiAutomator2][39m calling get location: 66170068-a3f5-41e5-b420-8c410561be16
[35m[HTTP][39m [37m<-- POST /wd/hub/session/87fc1abf-f2bd-4879-a7cc-911ab363950d/touch/perform [39m[32m200[39m [90m1511 ms - 76[39m
[35m[HTTP][39m [90m[39m
[35m[HTTP][39m [37m-->[39m [37mGET[39m [37m/wd/hub/session/87fc1abf-f2bd-4879-a7cc-911ab363950d/window/current/size[39m
[35m[HTTP][39m [90m{}[39m
[35m[W3C][39m Driver proxy active, passing request on via HTTP proxy
[35m[JSONWP Proxy][39m Replacing sessionId d8e60b4a-7e61-4164-873e-604b29dcb39a with 87fc1abf-f2bd-4879-a7cc-911ab363950d
[35m[HTTP][39m [37m<-- GET /wd/hub/session/87fc1abf-f2bd-4879-a7cc-911ab363950d/window/current/size [39m[32m200[39m [90m50 ms - 100[39m
[35m[HTTP][39m [90m[39m
[35m[HTTP][39m [37m-->[39m [37mPOST[39m [37m/wd/hub/session/87fc1abf-f2bd-4879-a7cc-911ab363950d/elements[39m
[35m[HTTP][39m [90m{"using":"-android uiautomator","value":"new UiSelector().className(\"android.widget.EditText\").text(\"Искать\").resourceId(\"com.msteam.floors.nsu:id/searchEditText_input\").instance(0)"}[39m
[35m[HTTP][39m [37m<-- POST /wd/hub/session/87fc1abf-f2bd-4879-a7cc-911ab363950d/elements [39m[32m200[39m [90m256 ms - 124[39m
[35m[HTTP][39m [90m[39m
[35m[HTTP][39m [37m-->[39m [37mGET[39m [37m/wd/hub/session/87fc1abf-f2bd-4879-a7cc-911ab363950d[39m
[35m[HTTP][39m [90m{}[39m
[35m[HTTP][39m [37m<-- GET /wd/hub/session/87fc1abf-f2bd-4879-a7cc-911ab363950d [39m[32m200[39m [90m33 ms - 1266[39m
[35m[HTTP][39m [90m[39m
[35m[HTTP][39m [37m-->[39m [37mGET[39m [37m/wd/hub/session/87fc1abf-f2bd-4879-a7cc-911ab363950d[39m
[35m[HTTP][39m [90m{}[39m
[35m[HTTP][39m [37m<-- GET /wd/hub/session/87fc1abf-f2bd-4879-a7cc-911ab363950d [39m[32m200[39m [90m33 ms - 1266[39m
[35m[HTTP][39m [90m[39m
[35m[HTTP][39m [37m-->[39m [37mGET[39m [37m/wd/hub/session/87fc1abf-f2bd-4879-a7cc-911ab363950d[39m
[35m[HTTP][39m [90m{}[39m
[35m[HTTP][39m [37m<-- GET /wd/hub/session/87fc1abf-f2bd-4879-a7cc-911ab363950d [39m[32m200[39m [90m31 ms - 1266[39m
[35m[HTTP][39m [90m[39m
[35m[HTTP][39m [37m-->[39m [37mGET[39m [37m/wd/hub/session/87fc1abf-f2bd-4879-a7cc-911ab363950d[39m
[35m[HTTP][39m [90m{}[39m
[35m[HTTP][39m [37m<-- GET /wd/hub/session/87fc1abf-f2bd-4879-a7cc-911ab363950d [39m[32m200[39m [90m27 ms - 1266[39m
[35m[HTTP][39m [90m[39m
[35m[HTTP][39m [37m-->[39m [37mGET[39m [37m/wd/hub/session/87fc1abf-f2bd-4879-a7cc-911ab363950d/element/bb233732-a511-4a76-8add-47dd12984836/location[39m
[35m[HTTP][39m [90m{}[39m
[35m[W3C][39m Driver proxy active, passing request on via HTTP proxy
[35m[JSONWP Proxy][39m Replacing sessionId d8e60b4a-7e61-4164-873e-604b29dcb39a with 87fc1abf-f2bd-4879-a7cc-911ab363950d
[35m[HTTP][39m [37m<-- GET /wd/hub/session/87fc1abf-f2bd-4879-a7cc-911ab363950d/element/bb233732-a511-4a76-8add-47dd12984836/location [39m[32m200[39m [90m77 ms - 88[39m
[35m[HTTP][39m [90m[39m
[35m[HTTP][39m [37m-->[39m [37mPOST[39m [37m/wd/hub/session/87fc1abf-f2bd-4879-a7cc-911ab363950d/element/bb233732-a511-4a76-8add-47dd12984836/clear[39m
[35m[HTTP][39m [90m{"id":"bb233732-a511-4a76-8add-47dd12984836"}[39m
[35m[HTTP][39m [37m<-- POST /wd/hub/session/87fc1abf-f2bd-4879-a7cc-911ab363950d/element/bb233732-a511-4a76-8add-47dd12984836/clear [39m[32m200[39m [90m135 ms - 89[39m
[35m[HTTP][39m [90m[39m
[35m[HTTP][39m [37m-->[39m [37mPOST[39m [37m/wd/hub/session/87fc1abf-f2bd-4879-a7cc-911ab363950d/element/bb233732-a511-4a76-8add-47dd12984836/value[39m
[35m[HTTP][39m [90m{"id":"bb233732-a511-4a76-8add-47dd12984836","value":["3319"]}[39m
[35m[HTTP][39m [37m<-- POST /wd/hub/session/87fc1abf-f2bd-4879-a7cc-911ab363950d/element/bb233732-a511-4a76-8add-47dd12984836/value [39m[32m200[39m [90m2018 ms - 74[39m
[35m[HTTP][39m [90m[39m
[35m[HTTP][39m [37m-->[39m [37mGET[39m [37m/wd/hub/session/87fc1abf-f2bd-4879-a7cc-911ab363950d/window/current/size[39m
[35m[HTTP][39m [90m{}[39m
[35m[W3C][39m Driver proxy active, passing request on via HTTP proxy
[35m[JSONWP Proxy][39m Replacing sessionId d8e60b4a-7e61-4164-873e-604b29dcb39a with 87fc1abf-f2bd-4879-a7cc-911ab363950d
[35m[HTTP][39m [37m<-- GET /wd/hub/session/87fc1abf-f2bd-4879-a7cc-911ab363950d/window/current/size [39m[32m200[39m [90m52 ms - 100[39m
[35m[HTTP][39m [90m[39m
[35m[HTTP][39m [37m-->[39m [37mPOST[39m [37m/wd/hub/session/87fc1abf-f2bd-4879-a7cc-911ab363950d/elements[39m
[35m[HTTP][39m [90m{"using":"-android uiautomator","value":"new UiSelector().className(\"android.widget.LinearLayout\").resourceId(\"com.msteam.floors.nsu:id/search_view_item\").instance(5)"}[39m
[35m[HTTP][39m [37m<-- POST /wd/hub/session/87fc1abf-f2bd-4879-a7cc-911ab363950d/elements [39m[32m200[39m [90m722 ms - 124[39m
[35m[HTTP][39m [90m[39m
[35m[HTTP][39m [37m-->[39m [37mGET[39m [37m/wd/hub/session/87fc1abf-f2bd-4879-a7cc-911ab363950d[39m
[35m[HTTP][39m [90m{}[39m
[35m[HTTP][39m [37m<-- GET /wd/hub/session/87fc1abf-f2bd-4879-a7cc-911ab363950d [39m[32m200[39m [90m30 ms - 1266[39m
[35m[HTTP][39m [90m[39m
[35m[HTTP][39m [37m-->[39m [37mGET[39m [37m/wd/hub/session/87fc1abf-f2bd-4879-a7cc-911ab363950d[39m
[35m[HTTP][39m [90m{}[39m
[35m[HTTP][39m [37m<-- GET /wd/hub/session/87fc1abf-f2bd-4879-a7cc-911ab363950d [39m[32m200[39m [90m29 ms - 1266[39m
[35m[HTTP][39m [90m[39m
[35m[HTTP][39m [37m-->[39m [37mGET[39m [37m/wd/hub/session/87fc1abf-f2bd-4879-a7cc-911ab363950d[39m
[35m[HTTP][39m [90m{}[39m
[35m[HTTP][39m [37m<-- GET /wd/hub/session/87fc1abf-f2bd-4879-a7cc-911ab363950d [39m[32m200[39m [90m29 ms - 1266[39m
[35m[HTTP][39m [90m[39m
[35m[HTTP][39m [37m-->[39m [37mGET[39m [37m/wd/hub/session/87fc1abf-f2bd-4879-a7cc-911ab363950d[39m
[35m[HTTP][39m [90m{}[39m
[35m[HTTP][39m [37m<-- GET /wd/hub/session/87fc1abf-f2bd-4879-a7cc-911ab363950d [39m[32m200[39m [90m26 ms - 1266[39m
[35m[HTTP][39m [90m[39m
[35m[HTTP][39m [37m-->[39m [37mGET[39m [37m/wd/hub/session/87fc1abf-f2bd-4879-a7cc-911ab363950d/element/b5d70edb-bad8-42ca-b6ca-a832c2affd29/location[39m
[35m[HTTP][39m [90m{}[39m
[35m[W3C][39m Driver proxy active, passing request on via HTTP proxy
[35m[JSONWP Proxy][39m Replacing sessionId d8e60b4a-7e61-4164-873e-604b29dcb39a with 87fc1abf-f2bd-4879-a7cc-911ab363950d
[35m[HTTP][39m [37m<-- GET /wd/hub/session/87fc1abf-f2bd-4879-a7cc-911ab363950d/element/b5d70edb-bad8-42ca-b6ca-a832c2affd29/location [39m[32m200[39m [90m65 ms - 88[39m
[35m[HTTP][39m [90m[39m
[35m[HTTP][39m [37m-->[39m [37mPOST[39m [37m/wd/hub/session/87fc1abf-f2bd-4879-a7cc-911ab363950d/touch/perform[39m
[35m[HTTP][39m [90m{"actions":[{"action":"tap","options":{"element":"b5d70edb-bad8-42ca-b6ca-a832c2affd29","x":1,"y":1}}]}[39m
[35m[UiAutomator2][39m calling get location: b5d70edb-bad8-42ca-b6ca-a832c2affd29
[35m[HTTP][39m [37m<-- POST /wd/hub/session/87fc1abf-f2bd-4879-a7cc-911ab363950d/touch/perform [39m[32m200[39m [90m1552 ms - 76[39m
[35m[HTTP][39m [90m[39m
[35m[HTTP][39m [37m-->[39m [37mGET[39m [37m/wd/hub/session/87fc1abf-f2bd-4879-a7cc-911ab363950d/window/current/size[39m
[35m[HTTP][39m [90m{}[39m
[35m[W3C][39m Driver proxy active, passing request on via HTTP proxy
[35m[JSONWP Proxy][39m Replacing sessionId d8e60b4a-7e61-4164-873e-604b29dcb39a with 87fc1abf-f2bd-4879-a7cc-911ab363950d
[35m[HTTP][39m [37m<-- GET /wd/hub/session/87fc1abf-f2bd-4879-a7cc-911ab363950d/window/current/size [39m[32m200[39m [90m45 ms - 100[39m
[35m[HTTP][39m [90m[39m
[35m[HTTP][39m [37m-->[39m [37mPOST[39m [37m/wd/hub/session/87fc1abf-f2bd-4879-a7cc-911ab363950d/elements[39m
[35m[HTTP][39m [90m{"using":"-android uiautomator","value":"new UiSelector().className(\"android.widget.Button\").text(\"МАРШРУТ\").instance(0)"}[39m
[35m[HTTP][39m [37m<-- POST /wd/hub/session/87fc1abf-f2bd-4879-a7cc-911ab363950d/elements [39m[32m200[39m [90m1444 ms - 124[39m
[35m[HTTP][39m [90m[39m
[35m[HTTP][39m [37m-->[39m [37mGET[39m [37m/wd/hub/session/87fc1abf-f2bd-4879-a7cc-911ab363950d[39m
[35m[HTTP][39m [90m{}[39m
[35m[HTTP][39m [37m<-- GET /wd/hub/session/87fc1abf-f2bd-4879-a7cc-911ab363950d [39m[32m200[39m [90m37 ms - 1266[39m
[35m[HTTP][39m [90m[39m
[35m[HTTP][39m [37m-->[39m [37mGET[39m [37m/wd/hub/session/87fc1abf-f2bd-4879-a7cc-911ab363950d[39m
[35m[HTTP][39m [90m{}[39m
[35m[HTTP][39m [37m<-- GET /wd/hub/session/87fc1abf-f2bd-4879-a7cc-911ab363950d [39m[32m200[39m [90m45 ms - 1266[39m
[35m[HTTP][39m [90m[39m
[35m[HTTP][39m [37m-->[39m [37mGET[39m [37m/wd/hub/session/87fc1abf-f2bd-4879-a7cc-911ab363950d[39m
[35m[HTTP][39m [90m{}[39m
[35m[HTTP][39m [37m<-- GET /wd/hub/session/87fc1abf-f2bd-4879-a7cc-911ab363950d [39m[32m200[39m [90m34 ms - 1266[39m
[35m[HTTP][39m [90m[39m
[35m[HTTP][39m [37m-->[39m [37mGET[39m [37m/wd/hub/session/87fc1abf-f2bd-4879-a7cc-911ab363950d[39m
[35m[HTTP][39m [90m{}[39m
[35m[HTTP][39m [37m<-- GET /wd/hub/session/87fc1abf-f2bd-4879-a7cc-911ab363950d [39m[32m200[39m [90m30 ms - 1266[39m
[35m[HTTP][39m [90m[39m
[35m[HTTP][39m [37m-->[39m [37mGET[39m [37m/wd/hub/session/87fc1abf-f2bd-4879-a7cc-911ab363950d/element/15b2cdcb-7dba-400d-8eca-8e59c10c4e66/location[39m
[35m[HTTP][39m [90m{}[39m
[35m[W3C][39m Driver proxy active, passing request on via HTTP proxy
[35m[JSONWP Proxy][39m Replacing sessionId d8e60b4a-7e61-4164-873e-604b29dcb39a with 87fc1abf-f2bd-4879-a7cc-911ab363950d
[35m[HTTP][39m [37m<-- GET /wd/hub/session/87fc1abf-f2bd-4879-a7cc-911ab363950d/element/15b2cdcb-7dba-400d-8eca-8e59c10c4e66/location [39m[32m200[39m [90m82 ms - 90[39m
[35m[HTTP][39m [90m[39m
[35m[HTTP][39m [37m-->[39m [37mPOST[39m [37m/wd/hub/session/87fc1abf-f2bd-4879-a7cc-911ab363950d/touch/perform[39m
[35m[HTTP][39m [90m{"actions":[{"action":"tap","options":{"element":"15b2cdcb-7dba-400d-8eca-8e59c10c4e66","x":1,"y":1}}]}[39m
[35m[UiAutomator2][39m calling get location: 15b2cdcb-7dba-400d-8eca-8e59c10c4e66
[35m[HTTP][39m [37m<-- POST /wd/hub/session/87fc1abf-f2bd-4879-a7cc-911ab363950d/touch/perform [39m[32m200[39m [90m1201 ms - 76[39m
[35m[HTTP][39m [90m[39m
[35m[HTTP][39m [37m-->[39m [37mGET[39m [37m/wd/hub/session/87fc1abf-f2bd-4879-a7cc-911ab363950d/window/current/size[39m
[35m[HTTP][39m [90m{}[39m
[35m[W3C][39m Driver proxy active, passing request on via HTTP proxy
[35m[JSONWP Proxy][39m Replacing sessionId d8e60b4a-7e61-4164-873e-604b29dcb39a with 87fc1abf-f2bd-4879-a7cc-911ab363950d
[35m[HTTP][39m [37m<-- GET /wd/hub/session/87fc1abf-f2bd-4879-a7cc-911ab363950d/window/current/size [39m[32m200[39m [90m40 ms - 100[39m
[35m[HTTP][39m [90m[39m
[35m[HTTP][39m [37m-->[39m [37mPOST[39m [37m/wd/hub/session/87fc1abf-f2bd-4879-a7cc-911ab363950d/elements[39m
[35m[HTTP][39m [90m{"using":"-android uiautomator","value":"new UiSelector().className(\"TextInputLayout\").text(\"Начало маршрута\").resourceId(\"com.msteam.floors.nsu:id/tilFrom\").instance(0)"}[39m
[35m[HTTP][39m [37m<-- POST /wd/hub/session/87fc1abf-f2bd-4879-a7cc-911ab363950d/elements [39m[32m200[39m [90m184 ms - 124[39m
[35m[HTTP][39m [90m[39m
[35m[HTTP][39m [37m-->[39m [37mGET[39m [37m/wd/hub/session/87fc1abf-f2bd-4879-a7cc-911ab363950d[39m
[35m[HTTP][39m [90m{}[39m
[35m[HTTP][39m [37m<-- GET /wd/hub/session/87fc1abf-f2bd-4879-a7cc-911ab363950d [39m[32m200[39m [90m27 ms - 1266[39m
[35m[HTTP][39m [90m[39m
[35m[HTTP][39m [37m-->[39m [37mGET[39m [37m/wd/hub/session/87fc1abf-f2bd-4879-a7cc-911ab363950d[39m
[35m[HTTP][39m [90m{}[39m
[35m[HTTP][39m [37m<-- GET /wd/hub/session/87fc1abf-f2bd-4879-a7cc-911ab363950d [39m[32m200[39m [90m30 ms - 1266[39m
[35m[HTTP][39m [90m[39m
[35m[HTTP][39m [37m-->[39m [37mGET[39m [37m/wd/hub/session/87fc1abf-f2bd-4879-a7cc-911ab363950d[39m
[35m[HTTP][39m [90m{}[39m
[35m[HTTP][39m [37m<-- GET /wd/hub/session/87fc1abf-f2bd-4879-a7cc-911ab363950d [39m[32m200[39m [90m29 ms - 1266[39m
[35m[HTTP][39m [90m[39m
[35m[HTTP][39m [37m-->[39m [37mGET[39m [37m/wd/hub/session/87fc1abf-f2bd-4879-a7cc-911ab363950d[39m
[35m[HTTP][39m [90m{}[39m
[35m[HTTP][39m [37m<-- GET /wd/hub/session/87fc1abf-f2bd-4879-a7cc-911ab363950d [39m[32m200[39m [90m28 ms - 1266[39m
[35m[HTTP][39m [90m[39m
[35m[HTTP][39m [37m-->[39m [37mGET[39m [37m/wd/hub/session/87fc1abf-f2bd-4879-a7cc-911ab363950d/element/63aedab9-4fb8-4cac-b230-52dac58bed96/location[39m
[35m[HTTP][39m [90m{}[39m
[35m[W3C][39m Driver proxy active, passing request on via HTTP proxy
[35m[JSONWP Proxy][39m Replacing sessionId d8e60b4a-7e61-4164-873e-604b29dcb39a with 87fc1abf-f2bd-4879-a7cc-911ab363950d
[35m[HTTP][39m [37m<-- GET /wd/hub/session/87fc1abf-f2bd-4879-a7cc-911ab363950d/element/63aedab9-4fb8-4cac-b230-52dac58bed96/location [39m[32m200[39m [90m73 ms - 90[39m
[35m[HTTP][39m [90m[39m
[35m[HTTP][39m [37m-->[39m [37mPOST[39m [37m/wd/hub/session/87fc1abf-f2bd-4879-a7cc-911ab363950d/touch/perform[39m
[35m[HTTP][39m [90m{"actions":[{"action":"tap","options":{"element":"63aedab9-4fb8-4cac-b230-52dac58bed96","x":1,"y":1}}]}[39m
[35m[UiAutomator2][39m calling get location: 63aedab9-4fb8-4cac-b230-52dac58bed96
[35m[HTTP][39m [37m<-- POST /wd/hub/session/87fc1abf-f2bd-4879-a7cc-911ab363950d/touch/perform [39m[32m200[39m [90m1385 ms - 76[39m
[35m[HTTP][39m [90m[39m
[35m[HTTP][39m [37m-->[39m [37mGET[39m [37m/wd/hub/session/87fc1abf-f2bd-4879-a7cc-911ab363950d/window/current/size[39m
[35m[HTTP][39m [90m{}[39m
[35m[W3C][39m Driver proxy active, passing request on via HTTP proxy
[35m[JSONWP Proxy][39m Replacing sessionId d8e60b4a-7e61-4164-873e-604b29dcb39a with 87fc1abf-f2bd-4879-a7cc-911ab363950d
[35m[HTTP][39m [37m<-- GET /wd/hub/session/87fc1abf-f2bd-4879-a7cc-911ab363950d/window/current/size [39m[32m200[39m [90m98 ms - 100[39m
[35m[HTTP][39m [90m[39m
[35m[HTTP][39m [37m-->[39m [37mPOST[39m [37m/wd/hub/session/87fc1abf-f2bd-4879-a7cc-911ab363950d/elements[39m
[35m[HTTP][39m [90m{"using":"-android uiautomator","value":"new UiSelector().className(\"android.widget.EditText\").resourceId(\"com.msteam.floors.nsu:id/labelFrom\").instance(1)"}[39m
[35m[HTTP][39m [37m<-- POST /wd/hub/session/87fc1abf-f2bd-4879-a7cc-911ab363950d/elements [39m[32m200[39m [90m217 ms - 124[39m
[35m[HTTP][39m [90m[39m
[35m[HTTP][39m [37m-->[39m [37mGET[39m [37m/wd/hub/session/87fc1abf-f2bd-4879-a7cc-911ab363950d[39m
[35m[HTTP][39m [90m{}[39m
[35m[HTTP][39m [37m<-- GET /wd/hub/session/87fc1abf-f2bd-4879-a7cc-911ab363950d [39m[32m200[39m [90m28 ms - 1266[39m
[35m[HTTP][39m [90m[39m
[35m[HTTP][39m [37m-->[39m [37mGET[39m [37m/wd/hub/session/87fc1abf-f2bd-4879-a7cc-911ab363950d[39m
[35m[HTTP][39m [90m{}[39m
[35m[HTTP][39m [37m<-- GET /wd/hub/session/87fc1abf-f2bd-4879-a7cc-911ab363950d [39m[32m200[39m [90m28 ms - 1266[39m
[35m[HTTP][39m [90m[39m
[35m[HTTP][39m [37m-->[39m [37mGET[39m [37m/wd/hub/session/87fc1abf-f2bd-4879-a7cc-911ab363950d[39m
[35m[HTTP][39m [90m{}[39m
[35m[HTTP][39m [37m<-- GET /wd/hub/session/87fc1abf-f2bd-4879-a7cc-911ab363950d [39m[32m200[39m [90m26 ms - 1266[39m
[35m[HTTP][39m [90m[39m
[35m[HTTP][39m [37m-->[39m [37mGET[39m [37m/wd/hub/session/87fc1abf-f2bd-4879-a7cc-911ab363950d[39m
[35m[HTTP][39m [90m{}[39m
[35m[HTTP][39m [37m<-- GET /wd/hub/session/87fc1abf-f2bd-4879-a7cc-911ab363950d [39m[32m200[39m [90m25 ms - 1266[39m
[35m[HTTP][39m [90m[39m
[35m[HTTP][39m [37m-->[39m [37mGET[39m [37m/wd/hub/session/87fc1abf-f2bd-4879-a7cc-911ab363950d/element/bf496feb-30aa-404b-a21e-8593719f10a1/location[39m
[35m[HTTP][39m [90m{}[39m
[35m[W3C][39m Driver proxy active, passing request on via HTTP proxy
[35m[JSONWP Proxy][39m Replacing sessionId d8e60b4a-7e61-4164-873e-604b29dcb39a with 87fc1abf-f2bd-4879-a7cc-911ab363950d
[35m[HTTP][39m [37m<-- GET /wd/hub/session/87fc1abf-f2bd-4879-a7cc-911ab363950d/element/bf496feb-30aa-404b-a21e-8593719f10a1/location [39m[32m200[39m [90m79 ms - 89[39m
[35m[HTTP][39m [90m[39m
[35m[HTTP][39m [37m-->[39m [37mPOST[39m [37m/wd/hub/session/87fc1abf-f2bd-4879-a7cc-911ab363950d/element/bf496feb-30aa-404b-a21e-8593719f10a1/clear[39m
[35m[HTTP][39m [90m{"id":"bf496feb-30aa-404b-a21e-8593719f10a1"}[39m
[35m[HTTP][39m [37m<-- POST /wd/hub/session/87fc1abf-f2bd-4879-a7cc-911ab363950d/element/bf496feb-30aa-404b-a21e-8593719f10a1/clear [39m[32m200[39m [90m140 ms - 89[39m
[35m[HTTP][39m [90m[39m
[35m[HTTP][39m [37m-->[39m [37mPOST[39m [37m/wd/hub/session/87fc1abf-f2bd-4879-a7cc-911ab363950d/element/bf496feb-30aa-404b-a21e-8593719f10a1/value[39m
[35m[HTTP][39m [90m{"id":"bf496feb-30aa-404b-a21e-8593719f10a1","value":["3260"]}[39m
[35m[HTTP][39m [37m<-- POST /wd/hub/session/87fc1abf-f2bd-4879-a7cc-911ab363950d/element/bf496feb-30aa-404b-a21e-8593719f10a1/value [39m[32m200[39m [90m1037 ms - 74[39m
[35m[HTTP][39m [90m[39m
[35m[HTTP][39m [37m-->[39m [37mGET[39m [37m/wd/hub/session/87fc1abf-f2bd-4879-a7cc-911ab363950d/window/current/size[39m
[35m[HTTP][39m [90m{}[39m
[35m[W3C][39m Driver proxy active, passing request on via HTTP proxy
[35m[JSONWP Proxy][39m Replacing sessionId d8e60b4a-7e61-4164-873e-604b29dcb39a with 87fc1abf-f2bd-4879-a7cc-911ab363950d
[35m[HTTP][39m [37m<-- GET /wd/hub/session/87fc1abf-f2bd-4879-a7cc-911ab363950d/window/current/size [39m[32m200[39m [90m39 ms - 100[39m
[35m[HTTP][39m [90m[39m
[35m[HTTP][39m [37m-->[39m [37mPOST[39m [37m/wd/hub/session/87fc1abf-f2bd-4879-a7cc-911ab363950d/elements[39m
[35m[HTTP][39m [90m{"using":"-android uiautomator","value":"new UiSelector().className(\"android.widget.FrameLayout\").instance(9)"}[39m
[35m[HTTP][39m [37m<-- POST /wd/hub/session/87fc1abf-f2bd-4879-a7cc-911ab363950d/elements [39m[32m200[39m [90m1054 ms - 124[39m
[35m[HTTP][39m [90m[39m
[35m[HTTP][39m [37m-->[39m [37mGET[39m [37m/wd/hub/session/87fc1abf-f2bd-4879-a7cc-911ab363950d[39m
[35m[HTTP][39m [90m{}[39m
[35m[HTTP][39m [37m<-- GET /wd/hub/session/87fc1abf-f2bd-4879-a7cc-911ab363950d [39m[32m200[39m [90m35 ms - 1266[39m
[35m[HTTP][39m [90m[39m
[35m[HTTP][39m [37m-->[39m [37mGET[39m [37m/wd/hub/session/87fc1abf-f2bd-4879-a7cc-911ab363950d[39m
[35m[HTTP][39m [90m{}[39m
[35m[HTTP][39m [37m<-- GET /wd/hub/session/87fc1abf-f2bd-4879-a7cc-911ab363950d [39m[32m200[39m [90m42 ms - 1266[39m
[35m[HTTP][39m [90m[39m
[35m[HTTP][39m [37m-->[39m [37mGET[39m [37m/wd/hub/session/87fc1abf-f2bd-4879-a7cc-911ab363950d[39m
[35m[HTTP][39m [90m{}[39m
[35m[HTTP][39m [37m<-- GET /wd/hub/session/87fc1abf-f2bd-4879-a7cc-911ab363950d [39m[32m200[39m [90m27 ms - 1266[39m
[35m[HTTP][39m [90m[39m
[35m[HTTP][39m [37m-->[39m [37mGET[39m [37m/wd/hub/session/87fc1abf-f2bd-4879-a7cc-911ab363950d[39m
[35m[HTTP][39m [90m{}[39m
[35m[HTTP][39m [37m<-- GET /wd/hub/session/87fc1abf-f2bd-4879-a7cc-911ab363950d [39m[32m200[39m [90m26 ms - 1266[39m
[35m[HTTP][39m [90m[39m
[35m[HTTP][39m [37m-->[39m [37mGET[39m [37m/wd/hub/session/87fc1abf-f2bd-4879-a7cc-911ab363950d/element/57c6d356-2af5-4b73-a89e-a979819d1ea3/location[39m
[35m[HTTP][39m [90m{}[39m
[35m[W3C][39m Driver proxy active, passing request on via HTTP proxy
[35m[JSONWP Proxy][39m Replacing sessionId d8e60b4a-7e61-4164-873e-604b29dcb39a with 87fc1abf-f2bd-4879-a7cc-911ab363950d
[35m[HTTP][39m [37m<-- GET /wd/hub/session/87fc1abf-f2bd-4879-a7cc-911ab363950d/element/57c6d356-2af5-4b73-a89e-a979819d1ea3/location [39m[32m200[39m [90m63 ms - 88[39m
[35m[HTTP][39m [90m[39m
[35m[HTTP][39m [37m-->[39m [37mPOST[39m [37m/wd/hub/session/87fc1abf-f2bd-4879-a7cc-911ab363950d/touch/perform[39m
[35m[HTTP][39m [90m{"actions":[{"action":"tap","options":{"element":"57c6d356-2af5-4b73-a89e-a979819d1ea3","x":1,"y":1}}]}[39m
[35m[UiAutomator2][39m calling get location: 57c6d356-2af5-4b73-a89e-a979819d1ea3
[35m[HTTP][39m [37m<-- POST /wd/hub/session/87fc1abf-f2bd-4879-a7cc-911ab363950d/touch/perform [39m[32m200[39m [90m2025 ms - 76[39m
[35m[HTTP][39m [90m[39m
[35m[HTTP][39m [37m-->[39m [37mGET[39m [37m/wd/hub/session/87fc1abf-f2bd-4879-a7cc-911ab363950d/window/current/size[39m
[35m[HTTP][39m [90m{}[39m
[35m[W3C][39m Driver proxy active, passing request on via HTTP proxy
[35m[JSONWP Proxy][39m Replacing sessionId d8e60b4a-7e61-4164-873e-604b29dcb39a with 87fc1abf-f2bd-4879-a7cc-911ab363950d
[35m[HTTP][39m [37m<-- GET /wd/hub/session/87fc1abf-f2bd-4879-a7cc-911ab363950d/window/current/size [39m[32m200[39m [90m43 ms - 100[39m
[35m[HTTP][39m [90m[39m
[35m[HTTP][39m [37m-->[39m [37mPOST[39m [37m/wd/hub/session/87fc1abf-f2bd-4879-a7cc-911ab363950d/elements[39m
[35m[HTTP][39m [90m{"using":"-android uiautomator","value":"new UiSelector().className(\"android.widget.ImageButton\").resourceId(\"com.msteam.floors.nsu:id/fab\").instance(8)"}[39m
[35m[HTTP][39m [37m<-- POST /wd/hub/session/87fc1abf-f2bd-4879-a7cc-911ab363950d/elements [39m[32m200[39m [90m155 ms - 124[39m
[35m[HTTP][39m [90m[39m
[35m[HTTP][39m [37m-->[39m [37mGET[39m [37m/wd/hub/session/87fc1abf-f2bd-4879-a7cc-911ab363950d[39m
[35m[HTTP][39m [90m{}[39m
[35m[HTTP][39m [37m<-- GET /wd/hub/session/87fc1abf-f2bd-4879-a7cc-911ab363950d [39m[32m200[39m [90m32 ms - 1266[39m
[35m[HTTP][39m [90m[39m
[35m[HTTP][39m [37m-->[39m [37mGET[39m [37m/wd/hub/session/87fc1abf-f2bd-4879-a7cc-911ab363950d[39m
[35m[HTTP][39m [90m{}[39m
[35m[HTTP][39m [37m<-- GET /wd/hub/session/87fc1abf-f2bd-4879-a7cc-911ab363950d [39m[32m200[39m [90m39 ms - 1266[39m
[35m[HTTP][39m [90m[39m
[35m[HTTP][39m [37m-->[39m [37mGET[39m [37m/wd/hub/session/87fc1abf-f2bd-4879-a7cc-911ab363950d[39m
[35m[HTTP][39m [90m{}[39m
[35m[HTTP][39m [37m<-- GET /wd/hub/session/87fc1abf-f2bd-4879-a7cc-911ab363950d [39m[32m200[39m [90m40 ms - 1266[39m
[35m[HTTP][39m [90m[39m
[35m[HTTP][39m [37m-->[39m [37mGET[39m [37m/wd/hub/session/87fc1abf-f2bd-4879-a7cc-911ab363950d[39m
[35m[HTTP][39m [90m{}[39m
[35m[HTTP][39m [37m<-- GET /wd/hub/session/87fc1abf-f2bd-4879-a7cc-911ab363950d [39m[32m200[39m [90m39 ms - 1266[39m
[35m[HTTP][39m [90m[39m
[35m[HTTP][39m [37m-->[39m [37mGET[39m [37m/wd/hub/session/87fc1abf-f2bd-4879-a7cc-911ab363950d/element/335b20bf-f84b-424c-914e-6c348c722aa2/location[39m
[35m[HTTP][39m [90m{}[39m
[35m[W3C][39m Driver proxy active, passing request on via HTTP proxy
[35m[JSONWP Proxy][39m Replacing sessionId d8e60b4a-7e61-4164-873e-604b29dcb39a with 87fc1abf-f2bd-4879-a7cc-911ab363950d
[35m[HTTP][39m [37m<-- GET /wd/hub/session/87fc1abf-f2bd-4879-a7cc-911ab363950d/element/335b20bf-f84b-424c-914e-6c348c722aa2/location [39m[32m200[39m [90m71 ms - 90[39m
[35m[HTTP][39m [90m[39m
[35m[HTTP][39m [37m-->[39m [37mPOST[39m [37m/wd/hub/session/87fc1abf-f2bd-4879-a7cc-911ab363950d/touch/perform[39m
[35m[HTTP][39m [90m{"actions":[{"action":"tap","options":{"element":"335b20bf-f84b-424c-914e-6c348c722aa2","x":1,"y":1}}]}[39m
[35m[UiAutomator2][39m calling get location: 335b20bf-f84b-424c-914e-6c348c722aa2
[35m[HTTP][39m [37m<-- POST /wd/hub/session/87fc1abf-f2bd-4879-a7cc-911ab363950d/touch/perform [39m[32m200[39m [90m1306 ms - 76[39m
[35m[HTTP][39m [90m[39m
[35m[HTTP][39m [37m-->[39m [37mGET[39m [37m/wd/hub/status[39m
[35m[HTTP][39m [90m{}[39m
[35m[HTTP][39m [37m<-- GET /wd/hub/status [39m[32m200[39m [90m5 ms - 55[39m
[35m[HTTP][39m [90m[39m
[35m[HTTP][39m [37m-->[39m [37mPOST[39m [37m/wd/hub/session[39m
[35m[HTTP][39m [90m{"desiredCapabilities":{"app":"C:\\Users\\apershina\\Desktop\\Projects\\Floors\\FloorsApp\\app\\build\\outputs\\apk\\debug\\app-debug.apk","autoGrantPermissions":true,"automationName":"uiautomator2","deviceName":"samsung SM-A530F (Android 9)","fullReset":false,"newCommandTimeout":1800,"noReset":true,"platform":"ANDROID","platformName":"Android","udid":"5200502e5b11c491"},"capabilities":{"desiredCapabilities":{"app":"C:\\Users\\apershina\\Desktop\\Projects\\Floors\\FloorsApp\\app\\build\\outputs\\apk\\debug\\app-debug.apk","autoGrantPermissions":true,"automationName":"uiautomator2","deviceName":"samsung SM-A530F (Android 9)","fullReset":false,"newCommandTimeout":1800,"noReset":true,"platform":"ANDROID","platformName":"Android","udid":"5200502e5b11c491"},"firstMatch":[{"platformName":"android"}]}}[39m
[35m[Appium][39m Could not parse W3C capabilities: 'deviceName' can't be blank. Falling back to JSONWP protocol.
[35m[Appium][39m The following capabilities were provided in the JSONWP desired capabilities that are missing in W3C capabilities: ["app","autoGrantPermissions","automationName","deviceName","fullReset","newCommandTimeout","noReset","platform","platformName","udid"]. Falling back to JSONWP protocol.
[35m[Appium][39m Creating new AndroidUiautomator2Driver (v1.12.0) session
[35m[Appium][39m Capabilities:
[35m[Appium][39m   app: C:\Users\apershina\Desktop\Projects\Floors\FloorsApp\app\build\outputs\apk\debug\app-debug.apk
[35m[Appium][39m   autoGrantPermissions: true
[35m[Appium][39m   automationName: uiautomator2
[35m[Appium][39m   deviceName: samsung SM-A530F (Android 9)
[35m[Appium][39m   fullReset: false
[35m[Appium][39m   newCommandTimeout: 1800
[35m[Appium][39m   noReset: true
[35m[Appium][39m   platform: ANDROID
[35m[Appium][39m   platformName: Android
[35m[Appium][39m   udid: 5200502e5b11c491
[35m[BaseDriver][39m The following capabilities were provided, but are not recognized by appium: platform.
[35m[BaseDriver][39m Session created with session id: 1036060c-6adb-47b7-87eb-adba5dd8d70c
[35m[BaseDriver][39m Using local app 'C:\Users\apershina\Desktop\Projects\Floors\FloorsApp\app\build\outputs\apk\debug\app-debug.apk'
[35m[AndroidDriver][39m Java version is: 1.8.0_181
[35m[AndroidDriver][39m Retrieving device list
[35m[AndroidDriver][39m Using device: 5200502e5b11c491
[35m[ADB][39m Using the alternative activity name detection method because of: Could not find apkanalyzer.bat in C:\Users\apershina\.katalon\tools\android_sdk\platform-tools\apkanalyzer.bat,C:\Users\apershina\.katalon\tools\android_sdk\emulator\apkanalyzer.bat,C:\Users\apershina\.katalon\tools\android_sdk\tools\apkanalyzer.bat,C:\Users\apershina\.katalon\tools\android_sdk\tools\bin\apkanalyzer.bat,C:\Users\apershina\.katalon\tools\android_sdk\build-tools\28.0.3\apkanalyzer.bat. Do you have the Android SDK installed at 'C:\Users\apershina\.katalon\tools\android_sdk'?
[35m[ADB][39m Extracting package and launch activity from manifest
[35m[ADB][39m Package name: 'com.msteam.floors.nsu'
[35m[ADB][39m Main activity name: 'com.msteam.floors.SplashActivity'
[35m[ADB][39m Getting device platform version
[35m[ADB][39m io.appium.uiautomator2.server was successfully uninstalled
[35m[ADB][39m io.appium.uiautomator2.server.test was successfully uninstalled
[35m[AndroidDriver][39m setDeviceLanguageCountry requires language or country.
[35m[AndroidDriver][39m Got language: 'null' and country: 'null'
[35m[ADB][39m Successfully extracted 132 strings from 'C:\Users\apershina\Desktop\Projects\Floors\FloorsApp\app\build\outputs\apk\debug\app-debug.apk' resources for '(default)' configuration
[35m[UiAutomator2][39m Starting uiautomator2 server 1.12.0
[35m[UiAutomator2][39m Using UIAutomator2 server from 'C:\Users\apershina\AppData\Roaming\npm\node_modules\appium\node_modules\appium-uiautomator2-server\apks\appium-uiautomator2-server-v1.12.0.apk' and test from 'C:\Users\apershina\AppData\Roaming\npm\node_modules\appium\node_modules\appium-uiautomator2-server\apks\appium-uiautomator2-server-debug-androidTest.apk'
[35m[UiAutomator2][39m Running command: 'adb -s 5200502e5b11c491 shell am instrument -w io.appium.uiautomator2.server.test/android.support.test.runner.AndroidJUnitRunner'
[35m[UiAutomator2][39m Waiting up to 20000ms for UiAutomator2 to be online...
[35m[AndroidDriver][39m Screen already unlocked, doing nothing
[35m[UiAutomator2][39m UiAutomator2 did not start the activity we were waiting for, 'com.msteam.floors.nsu/com.msteam.floors.SplashActivity'. Starting it ourselves
[35m[Appium][39m New AndroidUiautomator2Driver session created successfully, session 1036060c-6adb-47b7-87eb-adba5dd8d70c added to master session list
[35m[HTTP][39m [37m<-- POST /wd/hub/session [39m[32m200[39m [90m25134 ms - 1266[39m
[35m[HTTP][39m [90m[39m
[35m[HTTP][39m [37m-->[39m [37mGET[39m [37m/wd/hub/status[39m
[35m[HTTP][39m [90m{}[39m
[35m[HTTP][39m [37m<-- GET /wd/hub/status [39m[32m200[39m [90m7 ms - 55[39m
[35m[HTTP][39m [90m[39m
[35m[HTTP][39m [37m-->[39m [37mPOST[39m [37m/wd/hub/session/1036060c-6adb-47b7-87eb-adba5dd8d70c/timeouts[39m
[35m[HTTP][39m [90m{"type":"implicit","ms":30000}[39m
[35m[HTTP][39m [37m<-- POST /wd/hub/session/1036060c-6adb-47b7-87eb-adba5dd8d70c/timeouts [39m[33m400[39m [90m6 ms - 5332[39m
[35m[HTTP][39m [90m[39m
[35m[HTTP][39m [37m-->[39m [37mGET[39m [37m/wd/hub/session/1036060c-6adb-47b7-87eb-adba5dd8d70c/window/current/size[39m
[35m[HTTP][39m [90m{}[39m
[35m[W3C][39m Driver proxy active, passing request on via HTTP proxy
[35m[JSONWP Proxy][39m Replacing sessionId 93e303a5-a751-4f35-8d0f-4bab14a4954f with 1036060c-6adb-47b7-87eb-adba5dd8d70c
[35m[HTTP][39m [37m<-- GET /wd/hub/session/1036060c-6adb-47b7-87eb-adba5dd8d70c/window/current/size [39m[32m200[39m [90m27 ms - 100[39m
[35m[HTTP][39m [90m[39m
[35m[HTTP][39m [37m-->[39m [37mPOST[39m [37m/wd/hub/session/1036060c-6adb-47b7-87eb-adba5dd8d70c/elements[39m
[35m[HTTP][39m [90m{"using":"-android uiautomator","value":"new UiSelector().className(\"android.widget.ImageView\").resourceId(\"com.msteam.floors.nsu:id/imageView_arrow_back\").instance(0)"}[39m
[35m[HTTP][39m [37m<-- POST /wd/hub/session/1036060c-6adb-47b7-87eb-adba5dd8d70c/elements [39m[32m200[39m [90m64 ms - 74[39m
[35m[HTTP][39m [90m[39m
[35m[HTTP][39m [37m-->[39m [37mPOST[39m [37m/wd/hub/session/1036060c-6adb-47b7-87eb-adba5dd8d70c/elements[39m
[35m[HTTP][39m [90m{"using":"-android uiautomator","value":"new UiSelector().className(\"android.widget.ImageView\").resourceId(\"com.msteam.floors.nsu:id/imageView_arrow_back\").instance(0)"}[39m
[35m[HTTP][39m [37m<-- POST /wd/hub/session/1036060c-6adb-47b7-87eb-adba5dd8d70c/elements [39m[32m200[39m [90m50 ms - 74[39m
[35m[HTTP][39m [90m[39m
[35m[HTTP][39m [37m-->[39m [37mPOST[39m [37m/wd/hub/session/1036060c-6adb-47b7-87eb-adba5dd8d70c/elements[39m
[35m[HTTP][39m [90m{"using":"-android uiautomator","value":"new UiSelector().className(\"android.widget.ImageView\").resourceId(\"com.msteam.floors.nsu:id/imageView_arrow_back\").instance(0)"}[39m
[35m[HTTP][39m [37m<-- POST /wd/hub/session/1036060c-6adb-47b7-87eb-adba5dd8d70c/elements [39m[32m200[39m [90m52 ms - 74[39m
[35m[HTTP][39m [90m[39m
[35m[HTTP][39m [37m-->[39m [37mPOST[39m [37m/wd/hub/session/1036060c-6adb-47b7-87eb-adba5dd8d70c/elements[39m
[35m[HTTP][39m [90m{"using":"-android uiautomator","value":"new UiSelector().className(\"android.widget.ImageView\").resourceId(\"com.msteam.floors.nsu:id/imageView_arrow_back\").instance(0)"}[39m
[35m[HTTP][39m [37m<-- POST /wd/hub/session/1036060c-6adb-47b7-87eb-adba5dd8d70c/elements [39m[32m200[39m [90m104 ms - 74[39m
[35m[HTTP][39m [90m[39m
[35m[HTTP][39m [37m-->[39m [37mPOST[39m [37m/wd/hub/session/1036060c-6adb-47b7-87eb-adba5dd8d70c/elements[39m
[35m[HTTP][39m [90m{"using":"-android uiautomator","value":"new UiSelector().className(\"android.widget.ImageView\").resourceId(\"com.msteam.floors.nsu:id/imageView_arrow_back\").instance(0)"}[39m
[35m[HTTP][39m [37m<-- POST /wd/hub/session/1036060c-6adb-47b7-87eb-adba5dd8d70c/elements [39m[32m200[39m [90m139 ms - 74[39m
[35m[HTTP][39m [90m[39m
[35m[HTTP][39m [37m-->[39m [37mPOST[39m [37m/wd/hub/session/1036060c-6adb-47b7-87eb-adba5dd8d70c/elements[39m
[35m[HTTP][39m [90m{"using":"-android uiautomator","value":"new UiSelector().className(\"android.widget.ImageView\").resourceId(\"com.msteam.floors.nsu:id/imageView_arrow_back\").instance(0)"}[39m
[35m[HTTP][39m [37m<-- POST /wd/hub/session/1036060c-6adb-47b7-87eb-adba5dd8d70c/elements [39m[32m200[39m [90m105 ms - 74[39m
[35m[HTTP][39m [90m[39m
[35m[HTTP][39m [37m-->[39m [37mPOST[39m [37m/wd/hub/session/1036060c-6adb-47b7-87eb-adba5dd8d70c/elements[39m
[35m[HTTP][39m [90m{"using":"-android uiautomator","value":"new UiSelector().className(\"android.widget.ImageView\").resourceId(\"com.msteam.floors.nsu:id/imageView_arrow_back\").instance(0)"}[39m
[35m[HTTP][39m [37m<-- POST /wd/hub/session/1036060c-6adb-47b7-87eb-adba5dd8d70c/elements [39m[32m200[39m [90m92 ms - 74[39m
[35m[HTTP][39m [90m[39m
[35m[HTTP][39m [37m-->[39m [37mPOST[39m [37m/wd/hub/session/1036060c-6adb-47b7-87eb-adba5dd8d70c/elements[39m
[35m[HTTP][39m [90m{"using":"-android uiautomator","value":"new UiSelector().className(\"android.widget.ImageView\").resourceId(\"com.msteam.floors.nsu:id/imageView_arrow_back\").instance(0)"}[39m
[35m[HTTP][39m [37m<-- POST /wd/hub/session/1036060c-6adb-47b7-87eb-adba5dd8d70c/elements [39m[32m200[39m [90m95 ms - 74[39m
[35m[HTTP][39m [90m[39m
[35m[HTTP][39m [37m-->[39m [37mPOST[39m [37m/wd/hub/session/1036060c-6adb-47b7-87eb-adba5dd8d70c/elements[39m
[35m[HTTP][39m [90m{"using":"-android uiautomator","value":"new UiSelector().className(\"android.widget.ImageView\").resourceId(\"com.msteam.floors.nsu:id/imageView_arrow_back\").instance(0)"}[39m
[35m[HTTP][39m [37m<-- POST /wd/hub/session/1036060c-6adb-47b7-87eb-adba5dd8d70c/elements [39m[32m200[39m [90m88 ms - 74[39m
[35m[HTTP][39m [90m[39m
[35m[HTTP][39m [37m-->[39m [37mPOST[39m [37m/wd/hub/session/1036060c-6adb-47b7-87eb-adba5dd8d70c/elements[39m
[35m[HTTP][39m [90m{"using":"-android uiautomator","value":"new UiSelector().className(\"android.widget.ImageView\").resourceId(\"com.msteam.floors.nsu:id/imageView_arrow_back\").instance(0)"}[39m
[35m[HTTP][39m [37m<-- POST /wd/hub/session/1036060c-6adb-47b7-87eb-adba5dd8d70c/elements [39m[32m200[39m [90m86 ms - 74[39m
[35m[HTTP][39m [90m[39m
[35m[HTTP][39m [37m-->[39m [37mPOST[39m [37m/wd/hub/session/1036060c-6adb-47b7-87eb-adba5dd8d70c/elements[39m
[35m[HTTP][39m [90m{"using":"-android uiautomator","value":"new UiSelector().className(\"android.widget.ImageView\").resourceId(\"com.msteam.floors.nsu:id/imageView_arrow_back\").instance(0)"}[39m
[35m[HTTP][39m [37m<-- POST /wd/hub/session/1036060c-6adb-47b7-87eb-adba5dd8d70c/elements [39m[32m200[39m [90m79 ms - 74[39m
[35m[HTTP][39m [90m[39m
[35m[HTTP][39m [37m-->[39m [37mPOST[39m [37m/wd/hub/session/1036060c-6adb-47b7-87eb-adba5dd8d70c/elements[39m
[35m[HTTP][39m [90m{"using":"-android uiautomator","value":"new UiSelector().className(\"android.widget.ImageView\").resourceId(\"com.msteam.floors.nsu:id/imageView_arrow_back\").instance(0)"}[39m
[35m[HTTP][39m [37m<-- POST /wd/hub/session/1036060c-6adb-47b7-87eb-adba5dd8d70c/elements [39m[32m200[39m [90m77 ms - 74[39m
[35m[HTTP][39m [90m[39m
[35m[HTTP][39m [37m-->[39m [37mPOST[39m [37m/wd/hub/session/1036060c-6adb-47b7-87eb-adba5dd8d70c/elements[39m
[35m[HTTP][39m [90m{"using":"-android uiautomator","value":"new UiSelector().className(\"android.widget.ImageView\").resourceId(\"com.msteam.floors.nsu:id/imageView_arrow_back\").instance(0)"}[39m
[35m[HTTP][39m [37m<-- POST /wd/hub/session/1036060c-6adb-47b7-87eb-adba5dd8d70c/elements [39m[32m200[39m [90m82 ms - 74[39m
[35m[HTTP][39m [90m[39m
[35m[HTTP][39m [37m-->[39m [37mPOST[39m [37m/wd/hub/session/1036060c-6adb-47b7-87eb-adba5dd8d70c/elements[39m
[35m[HTTP][39m [90m{"using":"-android uiautomator","value":"new UiSelector().className(\"android.widget.ImageView\").resourceId(\"com.msteam.floors.nsu:id/imageView_arrow_back\").instance(0)"}[39m
[35m[HTTP][39m [37m<-- POST /wd/hub/session/1036060c-6adb-47b7-87eb-adba5dd8d70c/elements [39m[32m200[39m [90m88 ms - 74[39m
[35m[HTTP][39m [90m[39m
[35m[HTTP][39m [37m-->[39m [37mPOST[39m [37m/wd/hub/session/1036060c-6adb-47b7-87eb-adba5dd8d70c/elements[39m
[35m[HTTP][39m [90m{"using":"-android uiautomator","value":"new UiSelector().className(\"android.widget.ImageView\").resourceId(\"com.msteam.floors.nsu:id/imageView_arrow_back\").instance(0)"}[39m
[35m[HTTP][39m [37m<-- POST /wd/hub/session/1036060c-6adb-47b7-87eb-adba5dd8d70c/elements [39m[32m200[39m [90m75 ms - 74[39m
[35m[HTTP][39m [90m[39m
[35m[HTTP][39m [37m-->[39m [37mPOST[39m [37m/wd/hub/session/1036060c-6adb-47b7-87eb-adba5dd8d70c/elements[39m
[35m[HTTP][39m [90m{"using":"-android uiautomator","value":"new UiSelector().className(\"android.widget.ImageView\").resourceId(\"com.msteam.floors.nsu:id/imageView_arrow_back\").instance(0)"}[39m
[35m[HTTP][39m [37m<-- POST /wd/hub/session/1036060c-6adb-47b7-87eb-adba5dd8d70c/elements [39m[32m200[39m [90m75 ms - 74[39m
[35m[HTTP][39m [90m[39m
[35m[HTTP][39m [37m-->[39m [37mPOST[39m [37m/wd/hub/session/1036060c-6adb-47b7-87eb-adba5dd8d70c/elements[39m
[35m[HTTP][39m [90m{"using":"-android uiautomator","value":"new UiSelector().className(\"android.widget.ImageView\").resourceId(\"com.msteam.floors.nsu:id/imageView_arrow_back\").instance(0)"}[39m
[35m[HTTP][39m [37m<-- POST /wd/hub/session/1036060c-6adb-47b7-87eb-adba5dd8d70c/elements [39m[32m200[39m [90m1639 ms - 74[39m
[35m[HTTP][39m [90m[39m
[35m[HTTP][39m [37m-->[39m [37mPOST[39m [37m/wd/hub/session/1036060c-6adb-47b7-87eb-adba5dd8d70c/elements[39m
[35m[HTTP][39m [90m{"using":"-android uiautomator","value":"new UiSelector().className(\"android.widget.ImageView\").resourceId(\"com.msteam.floors.nsu:id/imageView_arrow_back\").instance(0)"}[39m
[35m[HTTP][39m [37m<-- POST /wd/hub/session/1036060c-6adb-47b7-87eb-adba5dd8d70c/elements [39m[32m200[39m [90m542 ms - 74[39m
[35m[HTTP][39m [90m[39m
[35m[HTTP][39m [37m-->[39m [37mPOST[39m [37m/wd/hub/session/1036060c-6adb-47b7-87eb-adba5dd8d70c/elements[39m
[35m[HTTP][39m [90m{"using":"-android uiautomator","value":"new UiSelector().className(\"android.widget.ImageView\").resourceId(\"com.msteam.floors.nsu:id/imageView_arrow_back\").instance(0)"}[39m
[35m[HTTP][39m [37m<-- POST /wd/hub/session/1036060c-6adb-47b7-87eb-adba5dd8d70c/elements [39m[32m200[39m [90m1436 ms - 124[39m
[35m[HTTP][39m [90m[39m
[35m[HTTP][39m [37m-->[39m [37mGET[39m [37m/wd/hub/session/1036060c-6adb-47b7-87eb-adba5dd8d70c[39m
[35m[HTTP][39m [90m{}[39m
[35m[HTTP][39m [37m<-- GET /wd/hub/session/1036060c-6adb-47b7-87eb-adba5dd8d70c [39m[32m200[39m [90m31 ms - 1266[39m
[35m[HTTP][39m [90m[39m
[35m[HTTP][39m [37m-->[39m [37mGET[39m [37m/wd/hub/session/1036060c-6adb-47b7-87eb-adba5dd8d70c[39m
[35m[HTTP][39m [90m{}[39m
[35m[HTTP][39m [37m<-- GET /wd/hub/session/1036060c-6adb-47b7-87eb-adba5dd8d70c [39m[32m200[39m [90m29 ms - 1266[39m
[35m[HTTP][39m [90m[39m
[35m[HTTP][39m [37m-->[39m [37mGET[39m [37m/wd/hub/session/1036060c-6adb-47b7-87eb-adba5dd8d70c[39m
[35m[HTTP][39m [90m{}[39m
[35m[HTTP][39m [37m<-- GET /wd/hub/session/1036060c-6adb-47b7-87eb-adba5dd8d70c [39m[32m200[39m [90m30 ms - 1266[39m
[35m[HTTP][39m [90m[39m
[35m[HTTP][39m [37m-->[39m [37mGET[39m [37m/wd/hub/session/1036060c-6adb-47b7-87eb-adba5dd8d70c[39m
[35m[HTTP][39m [90m{}[39m
[35m[HTTP][39m [37m<-- GET /wd/hub/session/1036060c-6adb-47b7-87eb-adba5dd8d70c [39m[32m200[39m [90m31 ms - 1266[39m
[35m[HTTP][39m [90m[39m
[35m[HTTP][39m [37m-->[39m [37mGET[39m [37m/wd/hub/session/1036060c-6adb-47b7-87eb-adba5dd8d70c/element/31a740c2-b475-444f-a034-2bd88f3d2a6b/location[39m
[35m[HTTP][39m [90m{}[39m
[35m[W3C][39m Driver proxy active, passing request on via HTTP proxy
[35m[JSONWP Proxy][39m Replacing sessionId 93e303a5-a751-4f35-8d0f-4bab14a4954f with 1036060c-6adb-47b7-87eb-adba5dd8d70c
[35m[HTTP][39m [37m<-- GET /wd/hub/session/1036060c-6adb-47b7-87eb-adba5dd8d70c/element/31a740c2-b475-444f-a034-2bd88f3d2a6b/location [39m[32m200[39m [90m88 ms - 87[39m
[35m[HTTP][39m [90m[39m
[35m[HTTP][39m [37m-->[39m [37mPOST[39m [37m/wd/hub/session/1036060c-6adb-47b7-87eb-adba5dd8d70c/touch/perform[39m
[35m[HTTP][39m [90m{"actions":[{"action":"tap","options":{"element":"31a740c2-b475-444f-a034-2bd88f3d2a6b","x":1,"y":1}}]}[39m
[35m[UiAutomator2][39m calling get location: 31a740c2-b475-444f-a034-2bd88f3d2a6b
[35m[HTTP][39m [37m<-- POST /wd/hub/session/1036060c-6adb-47b7-87eb-adba5dd8d70c/touch/perform [39m[32m200[39m [90m1244 ms - 76[39m
[35m[HTTP][39m [90m[39m
[35m[HTTP][39m [37m-->[39m [37mGET[39m [37m/wd/hub/session/1036060c-6adb-47b7-87eb-adba5dd8d70c/window/current/size[39m
[35m[HTTP][39m [90m{}[39m
[35m[W3C][39m Driver proxy active, passing request on via HTTP proxy
[35m[JSONWP Proxy][39m Replacing sessionId 93e303a5-a751-4f35-8d0f-4bab14a4954f with 1036060c-6adb-47b7-87eb-adba5dd8d70c
[35m[HTTP][39m [37m<-- GET /wd/hub/session/1036060c-6adb-47b7-87eb-adba5dd8d70c/window/current/size [39m[32m200[39m [90m41 ms - 100[39m
[35m[HTTP][39m [90m[39m
[35m[HTTP][39m [37m-->[39m [37mPOST[39m [37m/wd/hub/session/1036060c-6adb-47b7-87eb-adba5dd8d70c/elements[39m
[35m[HTTP][39m [90m{"using":"-android uiautomator","value":"new UiSelector().className(\"android.support.v7.widget.LinearLayoutCompat\").instance(0)"}[39m
[35m[HTTP][39m [37m<-- POST /wd/hub/session/1036060c-6adb-47b7-87eb-adba5dd8d70c/elements [39m[32m200[39m [90m161 ms - 124[39m
[35m[HTTP][39m [90m[39m
[35m[HTTP][39m [37m-->[39m [37mGET[39m [37m/wd/hub/session/1036060c-6adb-47b7-87eb-adba5dd8d70c[39m
[35m[HTTP][39m [90m{}[39m
[35m[HTTP][39m [37m<-- GET /wd/hub/session/1036060c-6adb-47b7-87eb-adba5dd8d70c [39m[32m200[39m [90m28 ms - 1266[39m
[35m[HTTP][39m [90m[39m
[35m[HTTP][39m [37m-->[39m [37mGET[39m [37m/wd/hub/session/1036060c-6adb-47b7-87eb-adba5dd8d70c[39m
[35m[HTTP][39m [90m{}[39m
[35m[HTTP][39m [37m<-- GET /wd/hub/session/1036060c-6adb-47b7-87eb-adba5dd8d70c [39m[32m200[39m [90m28 ms - 1266[39m
[35m[HTTP][39m [90m[39m
[35m[HTTP][39m [37m-->[39m [37mGET[39m [37m/wd/hub/session/1036060c-6adb-47b7-87eb-adba5dd8d70c[39m
[35m[HTTP][39m [90m{}[39m
[35m[HTTP][39m [37m<-- GET /wd/hub/session/1036060c-6adb-47b7-87eb-adba5dd8d70c [39m[32m200[39m [90m29 ms - 1266[39m
[35m[HTTP][39m [90m[39m
[35m[HTTP][39m [37m-->[39m [37mGET[39m [37m/wd/hub/session/1036060c-6adb-47b7-87eb-adba5dd8d70c[39m
[35m[HTTP][39m [90m{}[39m
[35m[HTTP][39m [37m<-- GET /wd/hub/session/1036060c-6adb-47b7-87eb-adba5dd8d70c [39m[32m200[39m [90m28 ms - 1266[39m
[35m[HTTP][39m [90m[39m
[35m[HTTP][39m [37m-->[39m [37mGET[39m [37m/wd/hub/session/1036060c-6adb-47b7-87eb-adba5dd8d70c/element/f86bc392-c25f-4be2-b59f-b45dd4c2a524/location[39m
[35m[HTTP][39m [90m{}[39m
[35m[W3C][39m Driver proxy active, passing request on via HTTP proxy
[35m[JSONWP Proxy][39m Replacing sessionId 93e303a5-a751-4f35-8d0f-4bab14a4954f with 1036060c-6adb-47b7-87eb-adba5dd8d70c
[35m[HTTP][39m [37m<-- GET /wd/hub/session/1036060c-6adb-47b7-87eb-adba5dd8d70c/element/f86bc392-c25f-4be2-b59f-b45dd4c2a524/location [39m[32m200[39m [90m84 ms - 87[39m
[35m[HTTP][39m [90m[39m
[35m[HTTP][39m [37m-->[39m [37mPOST[39m [37m/wd/hub/session/1036060c-6adb-47b7-87eb-adba5dd8d70c/touch/perform[39m
[35m[HTTP][39m [90m{"actions":[{"action":"tap","options":{"element":"f86bc392-c25f-4be2-b59f-b45dd4c2a524","x":1,"y":1}}]}[39m
[35m[UiAutomator2][39m calling get location: f86bc392-c25f-4be2-b59f-b45dd4c2a524
[35m[HTTP][39m [37m<-- POST /wd/hub/session/1036060c-6adb-47b7-87eb-adba5dd8d70c/touch/perform [39m[32m200[39m [90m1240 ms - 76[39m
[35m[HTTP][39m [90m[39m
[35m[HTTP][39m [37m-->[39m [37mGET[39m [37m/wd/hub/session/1036060c-6adb-47b7-87eb-adba5dd8d70c/window/current/size[39m
[35m[HTTP][39m [90m{}[39m
[35m[W3C][39m Driver proxy active, passing request on via HTTP proxy
[35m[JSONWP Proxy][39m Replacing sessionId 93e303a5-a751-4f35-8d0f-4bab14a4954f with 1036060c-6adb-47b7-87eb-adba5dd8d70c
[35m[HTTP][39m [37m<-- GET /wd/hub/session/1036060c-6adb-47b7-87eb-adba5dd8d70c/window/current/size [39m[32m200[39m [90m51 ms - 100[39m
[35m[HTTP][39m [90m[39m
[35m[HTTP][39m [37m-->[39m [37mPOST[39m [37m/wd/hub/session/1036060c-6adb-47b7-87eb-adba5dd8d70c/elements[39m
[35m[HTTP][39m [90m{"using":"-android uiautomator","value":"new UiSelector().className(\"android.widget.EditText\").text(\"Искать\").resourceId(\"com.msteam.floors.nsu:id/searchEditText_input\").instance(0)"}[39m
[35m[HTTP][39m [37m<-- POST /wd/hub/session/1036060c-6adb-47b7-87eb-adba5dd8d70c/elements [39m[32m200[39m [90m168 ms - 124[39m
[35m[HTTP][39m [90m[39m
[35m[HTTP][39m [37m-->[39m [37mGET[39m [37m/wd/hub/session/1036060c-6adb-47b7-87eb-adba5dd8d70c[39m
[35m[HTTP][39m [90m{}[39m
[35m[HTTP][39m [37m<-- GET /wd/hub/session/1036060c-6adb-47b7-87eb-adba5dd8d70c [39m[32m200[39m [90m36 ms - 1266[39m
[35m[HTTP][39m [90m[39m
[35m[HTTP][39m [37m-->[39m [37mGET[39m [37m/wd/hub/session/1036060c-6adb-47b7-87eb-adba5dd8d70c[39m
[35m[HTTP][39m [90m{}[39m
[35m[HTTP][39m [37m<-- GET /wd/hub/session/1036060c-6adb-47b7-87eb-adba5dd8d70c [39m[32m200[39m [90m30 ms - 1266[39m
[35m[HTTP][39m [90m[39m
[35m[HTTP][39m [37m-->[39m [37mGET[39m [37m/wd/hub/session/1036060c-6adb-47b7-87eb-adba5dd8d70c[39m
[35m[HTTP][39m [90m{}[39m
[35m[HTTP][39m [37m<-- GET /wd/hub/session/1036060c-6adb-47b7-87eb-adba5dd8d70c [39m[32m200[39m [90m27 ms - 1266[39m
[35m[HTTP][39m [90m[39m
[35m[HTTP][39m [37m-->[39m [37mGET[39m [37m/wd/hub/session/1036060c-6adb-47b7-87eb-adba5dd8d70c[39m
[35m[HTTP][39m [90m{}[39m
[35m[HTTP][39m [37m<-- GET /wd/hub/session/1036060c-6adb-47b7-87eb-adba5dd8d70c [39m[32m200[39m [90m29 ms - 1266[39m
[35m[HTTP][39m [90m[39m
[35m[HTTP][39m [37m-->[39m [37mGET[39m [37m/wd/hub/session/1036060c-6adb-47b7-87eb-adba5dd8d70c/element/ec915bc0-52ca-489e-8d8a-28f13914ef65/location[39m
[35m[HTTP][39m [90m{}[39m
[35m[W3C][39m Driver proxy active, passing request on via HTTP proxy
[35m[JSONWP Proxy][39m Replacing sessionId 93e303a5-a751-4f35-8d0f-4bab14a4954f with 1036060c-6adb-47b7-87eb-adba5dd8d70c
[35m[HTTP][39m [37m<-- GET /wd/hub/session/1036060c-6adb-47b7-87eb-adba5dd8d70c/element/ec915bc0-52ca-489e-8d8a-28f13914ef65/location [39m[32m200[39m [90m67 ms - 88[39m
[35m[HTTP][39m [90m[39m
[35m[HTTP][39m [37m-->[39m [37mPOST[39m [37m/wd/hub/session/1036060c-6adb-47b7-87eb-adba5dd8d70c/touch/perform[39m
[35m[HTTP][39m [90m{"actions":[{"action":"tap","options":{"element":"ec915bc0-52ca-489e-8d8a-28f13914ef65","x":1,"y":1}}]}[39m
[35m[UiAutomator2][39m calling get location: ec915bc0-52ca-489e-8d8a-28f13914ef65
[35m[HTTP][39m [37m<-- POST /wd/hub/session/1036060c-6adb-47b7-87eb-adba5dd8d70c/touch/perform [39m[32m200[39m [90m1444 ms - 76[39m
[35m[HTTP][39m [90m[39m
[35m[HTTP][39m [37m-->[39m [37mGET[39m [37m/wd/hub/session/1036060c-6adb-47b7-87eb-adba5dd8d70c/window/current/size[39m
[35m[HTTP][39m [90m{}[39m
[35m[W3C][39m Driver proxy active, passing request on via HTTP proxy
[35m[JSONWP Proxy][39m Replacing sessionId 93e303a5-a751-4f35-8d0f-4bab14a4954f with 1036060c-6adb-47b7-87eb-adba5dd8d70c
[35m[HTTP][39m [37m<-- GET /wd/hub/session/1036060c-6adb-47b7-87eb-adba5dd8d70c/window/current/size [39m[32m200[39m [90m94 ms - 100[39m
[35m[HTTP][39m [90m[39m
[35m[HTTP][39m [37m-->[39m [37mPOST[39m [37m/wd/hub/session/1036060c-6adb-47b7-87eb-adba5dd8d70c/elements[39m
[35m[HTTP][39m [90m{"using":"-android uiautomator","value":"new UiSelector().className(\"android.widget.EditText\").text(\"Искать\").resourceId(\"com.msteam.floors.nsu:id/searchEditText_input\").instance(0)"}[39m
[35m[HTTP][39m [37m<-- POST /wd/hub/session/1036060c-6adb-47b7-87eb-adba5dd8d70c/elements [39m[32m200[39m [90m187 ms - 124[39m
[35m[HTTP][39m [90m[39m
[35m[HTTP][39m [37m-->[39m [37mGET[39m [37m/wd/hub/session/1036060c-6adb-47b7-87eb-adba5dd8d70c[39m
[35m[HTTP][39m [90m{}[39m
[35m[HTTP][39m [37m<-- GET /wd/hub/session/1036060c-6adb-47b7-87eb-adba5dd8d70c [39m[32m200[39m [90m34 ms - 1266[39m
[35m[HTTP][39m [90m[39m
[35m[HTTP][39m [37m-->[39m [37mGET[39m [37m/wd/hub/session/1036060c-6adb-47b7-87eb-adba5dd8d70c[39m
[35m[HTTP][39m [90m{}[39m
[35m[HTTP][39m [37m<-- GET /wd/hub/session/1036060c-6adb-47b7-87eb-adba5dd8d70c [39m[32m200[39m [90m36 ms - 1266[39m
[35m[HTTP][39m [90m[39m
[35m[HTTP][39m [37m-->[39m [37mGET[39m [37m/wd/hub/session/1036060c-6adb-47b7-87eb-adba5dd8d70c[39m
[35m[HTTP][39m [90m{}[39m
[35m[HTTP][39m [37m<-- GET /wd/hub/session/1036060c-6adb-47b7-87eb-adba5dd8d70c [39m[32m200[39m [90m29 ms - 1266[39m
[35m[HTTP][39m [90m[39m
[35m[HTTP][39m [37m-->[39m [37mGET[39m [37m/wd/hub/session/1036060c-6adb-47b7-87eb-adba5dd8d70c[39m
[35m[HTTP][39m [90m{}[39m
[35m[HTTP][39m [37m<-- GET /wd/hub/session/1036060c-6adb-47b7-87eb-adba5dd8d70c [39m[32m200[39m [90m24 ms - 1266[39m
[35m[HTTP][39m [90m[39m
[35m[HTTP][39m [37m-->[39m [37mGET[39m [37m/wd/hub/session/1036060c-6adb-47b7-87eb-adba5dd8d70c/element/8f434d5f-96a2-4f44-9e3e-8cb771db63b3/location[39m
[35m[HTTP][39m [90m{}[39m
[35m[W3C][39m Driver proxy active, passing request on via HTTP proxy
[35m[JSONWP Proxy][39m Replacing sessionId 93e303a5-a751-4f35-8d0f-4bab14a4954f with 1036060c-6adb-47b7-87eb-adba5dd8d70c
[35m[HTTP][39m [37m<-- GET /wd/hub/session/1036060c-6adb-47b7-87eb-adba5dd8d70c/element/8f434d5f-96a2-4f44-9e3e-8cb771db63b3/location [39m[32m200[39m [90m56 ms - 88[39m
[35m[HTTP][39m [90m[39m
[35m[HTTP][39m [37m-->[39m [37mPOST[39m [37m/wd/hub/session/1036060c-6adb-47b7-87eb-adba5dd8d70c/element/8f434d5f-96a2-4f44-9e3e-8cb771db63b3/clear[39m
[35m[HTTP][39m [90m{"id":"8f434d5f-96a2-4f44-9e3e-8cb771db63b3"}[39m
[35m[HTTP][39m [37m<-- POST /wd/hub/session/1036060c-6adb-47b7-87eb-adba5dd8d70c/element/8f434d5f-96a2-4f44-9e3e-8cb771db63b3/clear [39m[32m200[39m [90m127 ms - 89[39m
[35m[HTTP][39m [90m[39m
[35m[HTTP][39m [37m-->[39m [37mPOST[39m [37m/wd/hub/session/1036060c-6adb-47b7-87eb-adba5dd8d70c/element/8f434d5f-96a2-4f44-9e3e-8cb771db63b3/value[39m
[35m[HTTP][39m [90m{"id":"8f434d5f-96a2-4f44-9e3e-8cb771db63b3","value":["5274"]}[39m
[35m[HTTP][39m [37m<-- POST /wd/hub/session/1036060c-6adb-47b7-87eb-adba5dd8d70c/element/8f434d5f-96a2-4f44-9e3e-8cb771db63b3/value [39m[32m200[39m [90m1965 ms - 74[39m
[35m[HTTP][39m [90m[39m
[35m[HTTP][39m [37m-->[39m [37mGET[39m [37m/wd/hub/session/1036060c-6adb-47b7-87eb-adba5dd8d70c/window/current/size[39m
[35m[HTTP][39m [90m{}[39m
[35m[W3C][39m Driver proxy active, passing request on via HTTP proxy
[35m[JSONWP Proxy][39m Replacing sessionId 93e303a5-a751-4f35-8d0f-4bab14a4954f with 1036060c-6adb-47b7-87eb-adba5dd8d70c
[35m[HTTP][39m [37m<-- GET /wd/hub/session/1036060c-6adb-47b7-87eb-adba5dd8d70c/window/current/size [39m[32m200[39m [90m45 ms - 100[39m
[35m[HTTP][39m [90m[39m
[35m[HTTP][39m [37m-->[39m [37mPOST[39m [37m/wd/hub/session/1036060c-6adb-47b7-87eb-adba5dd8d70c/elements[39m
[35m[HTTP][39m [90m{"using":"-android uiautomator","value":"new UiSelector().className(\"android.widget.LinearLayout\").resourceId(\"com.msteam.floors.nsu:id/search_view_item\").instance(5)"}[39m
[35m[HTTP][39m [37m<-- POST /wd/hub/session/1036060c-6adb-47b7-87eb-adba5dd8d70c/elements [39m[32m200[39m [90m744 ms - 124[39m
[35m[HTTP][39m [90m[39m
[35m[HTTP][39m [37m-->[39m [37mGET[39m [37m/wd/hub/session/1036060c-6adb-47b7-87eb-adba5dd8d70c[39m
[35m[HTTP][39m [90m{}[39m
[35m[HTTP][39m [37m<-- GET /wd/hub/session/1036060c-6adb-47b7-87eb-adba5dd8d70c [39m[32m200[39m [90m27 ms - 1266[39m
[35m[HTTP][39m [90m[39m
[35m[HTTP][39m [37m-->[39m [37mGET[39m [37m/wd/hub/session/1036060c-6adb-47b7-87eb-adba5dd8d70c[39m
[35m[HTTP][39m [90m{}[39m
[35m[HTTP][39m [37m<-- GET /wd/hub/session/1036060c-6adb-47b7-87eb-adba5dd8d70c [39m[32m200[39m [90m28 ms - 1266[39m
[35m[HTTP][39m [90m[39m
[35m[HTTP][39m [37m-->[39m [37mGET[39m [37m/wd/hub/session/1036060c-6adb-47b7-87eb-adba5dd8d70c[39m
[35m[HTTP][39m [90m{}[39m
[35m[HTTP][39m [37m<-- GET /wd/hub/session/1036060c-6adb-47b7-87eb-adba5dd8d70c [39m[32m200[39m [90m27 ms - 1266[39m
[35m[HTTP][39m [90m[39m
[35m[HTTP][39m [37m-->[39m [37mGET[39m [37m/wd/hub/session/1036060c-6adb-47b7-87eb-adba5dd8d70c[39m
[35m[HTTP][39m [90m{}[39m
[35m[HTTP][39m [37m<-- GET /wd/hub/session/1036060c-6adb-47b7-87eb-adba5dd8d70c [39m[32m200[39m [90m29 ms - 1266[39m
[35m[HTTP][39m [90m[39m
[35m[HTTP][39m [37m-->[39m [37mGET[39m [37m/wd/hub/session/1036060c-6adb-47b7-87eb-adba5dd8d70c/element/b2f16e05-57dc-493e-be41-179bf44c024f/location[39m
[35m[HTTP][39m [90m{}[39m
[35m[W3C][39m Driver proxy active, passing request on via HTTP proxy
[35m[JSONWP Proxy][39m Replacing sessionId 93e303a5-a751-4f35-8d0f-4bab14a4954f with 1036060c-6adb-47b7-87eb-adba5dd8d70c
[35m[HTTP][39m [37m<-- GET /wd/hub/session/1036060c-6adb-47b7-87eb-adba5dd8d70c/element/b2f16e05-57dc-493e-be41-179bf44c024f/location [39m[32m200[39m [90m60 ms - 88[39m
[35m[HTTP][39m [90m[39m
[35m[HTTP][39m [37m-->[39m [37mPOST[39m [37m/wd/hub/session/1036060c-6adb-47b7-87eb-adba5dd8d70c/touch/perform[39m
[35m[HTTP][39m [90m{"actions":[{"action":"tap","options":{"element":"b2f16e05-57dc-493e-be41-179bf44c024f","x":1,"y":1}}]}[39m
[35m[UiAutomator2][39m calling get location: b2f16e05-57dc-493e-be41-179bf44c024f
[35m[HTTP][39m [37m<-- POST /wd/hub/session/1036060c-6adb-47b7-87eb-adba5dd8d70c/touch/perform [39m[32m200[39m [90m1570 ms - 76[39m
[35m[HTTP][39m [90m[39m
[35m[BaseDriver][39m Shutting down because we waited 1800 seconds for a command
[35m[Appium][39m Closing session, cause was 'New Command Timeout of 1800 seconds expired. Try customizing the timeout using the 'newCommandTimeout' desired capability'
[35m[Appium][39m Removing session 87fc1abf-f2bd-4879-a7cc-911ab363950d from our master session list
[35m[UiAutomator2][39m Did not get confirmation UiAutomator2 deleteSession worked; Error was: ProxyRequestError: Could not proxy command to remote server. Original error: Error: read ECONNRESET
[35m[BaseDriver][39m Shutting down because we waited 1800 seconds for a command
[35m[Appium][39m Closing session, cause was 'New Command Timeout of 1800 seconds expired. Try customizing the timeout using the 'newCommandTimeout' desired capability'
[35m[Appium][39m Removing session 1036060c-6adb-47b7-87eb-adba5dd8d70c from our master session list
[35m[UiAutomator2][39m Did not get confirmation UiAutomator2 deleteSession worked; Error was: ProxyRequestError: Could not proxy command to remote server. Original error: Error: read ECONNRESET
