[35m[Appium][39m Welcome to Appium v1.8.1
[35m[Appium][39m Non-default server args:
[35m[Appium][39m   port: 52461
[35m[Appium][39m   loglevel: info
[35m[Appium][39m   chromeDriverPort: 52470
[35m[Appium][39m   tmpDir: C:\Users\APERSH~1\AppData\Local\Temp\\Katalon\Appium\Temp1575461311102
[35m[Appium][39m Appium REST http interface listener started on 0.0.0.0:52461
[35m[HTTP][39m [37m-->[39m [37mGET[39m [37m/wd/hub/status[39m
[35m[HTTP][39m [90m{}[39m
[35m[HTTP][39m [37m<-- GET /wd/hub/status [39m[32m200[39m [90m18 ms - 83[39m
[35m[HTTP][39m [90m[39m
[35m[HTTP][39m [37m-->[39m [37mPOST[39m [37m/wd/hub/session[39m
[35m[HTTP][39m [90m{"desiredCapabilities":{"appActivity":".Settings","appPackage":"com.android.settings","newCommandTimeout":1800,"platformVersion":"9","automationName":"uiautomator2","autoGrantPermissions":true,"platformName":"Android","udid":"5200502e5b11c491","deviceName":"samsung SM-A530F (Android 9)","platform":"ANDROID","systemPort":8293},"capabilities":{"firstMatch":[{"appium:appActivity":".Settings","appium:appPackage":"com.android.settings","appium:autoGrantPermissions":true,"appium:automationName":"uiautomator2","appium:deviceName":"samsung SM-A530F (Android 9)","appium:newCommandTimeout":1800,"platform":"ANDROID","platformName":"android","appium:platformVersion":"9","appium:systemPort":8293,"appium:udid":"5200502e5b11c491"}]}}[39m
[35m[BaseDriver][39m The capabilities ["platform"] are not standard capabilities and should have an extension prefix
[35m[Appium][39m Creating new AndroidUiautomator2Driver (v1.12.0) session
[35m[Appium][39m Capabilities:
[35m[Appium][39m   platform: ANDROID
[35m[Appium][39m   platformName: android
[35m[Appium][39m   appActivity: .Settings
[35m[Appium][39m   appPackage: com.android.settings
[35m[Appium][39m   autoGrantPermissions: true
[35m[Appium][39m   automationName: uiautomator2
[35m[Appium][39m   deviceName: samsung SM-A530F (Android 9)
[35m[Appium][39m   newCommandTimeout: 1800
[35m[Appium][39m   platformVersion: 9
[35m[Appium][39m   systemPort: 8293
[35m[Appium][39m   udid: 5200502e5b11c491
[35m[BaseDriver][39m The following capabilities were provided, but are not recognized by appium: platform.
[35m[BaseDriver][39m Session created with session id: 0c887060-058e-458e-8d52-8b236ef24d4d
[35m[AndroidDriver][39m Java version is: 1.8.0_181
[35m[ADB][39m Checking whether adb is present
[35m[ADB][39m Found 1 'build-tools' folders under 'C:\Users\apershina\.katalon\tools\android_sdk' (newest first):
[35m[ADB][39m     C:/Users/apershina/.katalon/tools/android_sdk/build-tools/28.0.3
[35m[ADB][39m Using adb.exe from C:\Users\apershina\.katalon\tools\android_sdk\platform-tools\adb.exe
[35m[AndroidDriver][39m Retrieving device list
[35m[AndroidDriver][39m Using device: 5200502e5b11c491
[35m[AndroidDriver][39m No app sent in, not parsing package/activity
[35m[ADB][39m Getting device platform version
[35m[ADB][39m Using apksigner.bat from C:\Users\apershina\.katalon\tools\android_sdk\build-tools\28.0.3\apksigner.bat
[35m[ADB][39m Checking whether zipalign is present
[35m[ADB][39m Using zipalign.exe from C:\Users\apershina\.katalon\tools\android_sdk\build-tools\28.0.3\zipalign.exe
[35m[ADB][39m io.appium.uiautomator2.server was successfully uninstalled
[35m[ADB][39m io.appium.uiautomator2.server.test was successfully uninstalled
[35m[ADB][39m Checking whether aapt is present
[35m[ADB][39m Using aapt.exe from C:\Users\apershina\.katalon\tools\android_sdk\build-tools\28.0.3\aapt.exe
[35m[AndroidDriver][39m setDeviceLanguageCountry requires language or country.
[35m[AndroidDriver][39m Got language: 'null' and country: 'null'
[35m[ADB][39m com.android.settings contains no permissions available for granting.
[35m[UiAutomator2][39m Starting uiautomator2 server 1.12.0
[35m[UiAutomator2][39m Using UIAutomator2 server from 'C:\Users\apershina\AppData\Roaming\npm\node_modules\appium\node_modules\appium-uiautomator2-server\apks\appium-uiautomator2-server-v1.12.0.apk' and test from 'C:\Users\apershina\AppData\Roaming\npm\node_modules\appium\node_modules\appium-uiautomator2-server\apks\appium-uiautomator2-server-debug-androidTest.apk'
[35m[UiAutomator2][39m Running command: 'adb -s 5200502e5b11c491 shell am instrument -w io.appium.uiautomator2.server.test/android.support.test.runner.AndroidJUnitRunner'
[35m[UiAutomator2][39m Waiting up to 20000ms for UiAutomator2 to be online...
[35m[AndroidDriver][39m Screen already unlocked, doing nothing
[35m[UiAutomator2][39m UiAutomator2 did not start the activity we were waiting for, 'com.android.settings/.Settings'. Starting it ourselves
[35m[Appium][39m New AndroidUiautomator2Driver session created successfully, session 0c887060-058e-458e-8d52-8b236ef24d4d added to master session list
[35m[HTTP][39m [37m<-- POST /wd/hub/session [39m[32m200[39m [90m28607 ms - 1121[39m
[35m[HTTP][39m [90m[39m
[35m[HTTP][39m [37m-->[39m [37mGET[39m [37m/wd/hub/session/0c887060-058e-458e-8d52-8b236ef24d4d[39m
[35m[HTTP][39m [90m{}[39m
[35m[HTTP][39m [37m<-- GET /wd/hub/session/0c887060-058e-458e-8d52-8b236ef24d4d [39m[32m200[39m [90m40 ms - 1053[39m
[35m[HTTP][39m [90m[39m
[35m[HTTP][39m [37m-->[39m [37mGET[39m [37m/wd/hub/session/0c887060-058e-458e-8d52-8b236ef24d4d[39m
[35m[HTTP][39m [90m{}[39m
[35m[HTTP][39m [37m<-- GET /wd/hub/session/0c887060-058e-458e-8d52-8b236ef24d4d [39m[32m200[39m [90m39 ms - 1053[39m
[35m[HTTP][39m [90m[39m
[35m[HTTP][39m [37m-->[39m [37mGET[39m [37m/wd/hub/status[39m
[35m[HTTP][39m [90m{}[39m
[35m[HTTP][39m [37m<-- GET /wd/hub/status [39m[32m200[39m [90m7 ms - 55[39m
[35m[HTTP][39m [90m[39m
[35m[HTTP][39m [37m-->[39m [37mPOST[39m [37m/wd/hub/session/0c887060-058e-458e-8d52-8b236ef24d4d/timeouts[39m
[35m[HTTP][39m [90m{"implicit":30000}[39m
[35m[HTTP][39m [37m<-- POST /wd/hub/session/0c887060-058e-458e-8d52-8b236ef24d4d/timeouts [39m[32m200[39m [90m10 ms - 14[39m
[35m[HTTP][39m [90m[39m
[35m[HTTP][39m [37m-->[39m [37mPOST[39m [37m/wd/hub/session/0c887060-058e-458e-8d52-8b236ef24d4d/appium/device/activate_app[39m
[35m[HTTP][39m [90m{"bundleId":"com.msteam.floors.nsu"}[39m
[35m[HTTP][39m [37m<-- POST /wd/hub/session/0c887060-058e-458e-8d52-8b236ef24d4d/appium/device/activate_app [39m[32m200[39m [90m1425 ms - 14[39m
[35m[HTTP][39m [90m[39m
[35m[HTTP][39m [37m-->[39m [37mPOST[39m [37m/wd/hub/session/0c887060-058e-458e-8d52-8b236ef24d4d/timeouts[39m
[35m[HTTP][39m [90m{"implicit":50}[39m
[35m[HTTP][39m [37m<-- POST /wd/hub/session/0c887060-058e-458e-8d52-8b236ef24d4d/timeouts [39m[32m200[39m [90m5 ms - 14[39m
[35m[HTTP][39m [90m[39m
[35m[HTTP][39m [37m-->[39m [37mGET[39m [37m/wd/hub/session/0c887060-058e-458e-8d52-8b236ef24d4d/window/rect[39m
[35m[HTTP][39m [90m{}[39m
[35m[HTTP][39m [37m<-- GET /wd/hub/session/0c887060-058e-458e-8d52-8b236ef24d4d/window/rect [39m[32m200[39m [90m77 ms - 50[39m
[35m[HTTP][39m [90m[39m
[35m[HTTP][39m [37m-->[39m [37mPOST[39m [37m/wd/hub/session/0c887060-058e-458e-8d52-8b236ef24d4d/elements[39m
[35m[HTTP][39m [90m{"using":"-android uiautomator","value":"new UiSelector().className(\"android.widget.ImageView\").resourceId(\"com.msteam.floors.nsu:id/imageView_arrow_back\").instance(0)"}[39m
[35m[HTTP][39m [37m<-- POST /wd/hub/session/0c887060-058e-458e-8d52-8b236ef24d4d/elements [39m[32m200[39m [90m82 ms - 12[39m
[35m[HTTP][39m [90m[39m
[35m[HTTP][39m [37m-->[39m [37mPOST[39m [37m/wd/hub/session/0c887060-058e-458e-8d52-8b236ef24d4d/elements[39m
[35m[HTTP][39m [90m{"using":"-android uiautomator","value":"new UiSelector().className(\"android.widget.ImageView\").resourceId(\"com.msteam.floors.nsu:id/imageView_arrow_back\").instance(0)"}[39m
[35m[HTTP][39m [37m<-- POST /wd/hub/session/0c887060-058e-458e-8d52-8b236ef24d4d/elements [39m[32m200[39m [90m626 ms - 12[39m
[35m[HTTP][39m [90m[39m
[35m[HTTP][39m [37m-->[39m [37mPOST[39m [37m/wd/hub/session/0c887060-058e-458e-8d52-8b236ef24d4d/elements[39m
[35m[HTTP][39m [90m{"using":"-android uiautomator","value":"new UiSelector().className(\"android.widget.ImageView\").resourceId(\"com.msteam.floors.nsu:id/imageView_arrow_back\").instance(0)"}[39m
[35m[HTTP][39m [37m<-- POST /wd/hub/session/0c887060-058e-458e-8d52-8b236ef24d4d/elements [39m[32m200[39m [90m87 ms - 12[39m
[35m[HTTP][39m [90m[39m
[35m[HTTP][39m [37m-->[39m [37mPOST[39m [37m/wd/hub/session/0c887060-058e-458e-8d52-8b236ef24d4d/elements[39m
[35m[HTTP][39m [90m{"using":"-android uiautomator","value":"new UiSelector().className(\"android.widget.ImageView\").resourceId(\"com.msteam.floors.nsu:id/imageView_arrow_back\").instance(0)"}[39m
[35m[HTTP][39m [37m<-- POST /wd/hub/session/0c887060-058e-458e-8d52-8b236ef24d4d/elements [39m[32m200[39m [90m85 ms - 12[39m
[35m[HTTP][39m [90m[39m
[35m[HTTP][39m [37m-->[39m [37mPOST[39m [37m/wd/hub/session/0c887060-058e-458e-8d52-8b236ef24d4d/elements[39m
[35m[HTTP][39m [90m{"using":"-android uiautomator","value":"new UiSelector().className(\"android.widget.ImageView\").resourceId(\"com.msteam.floors.nsu:id/imageView_arrow_back\").instance(0)"}[39m
[35m[HTTP][39m [37m<-- POST /wd/hub/session/0c887060-058e-458e-8d52-8b236ef24d4d/elements [39m[32m200[39m [90m99 ms - 12[39m
[35m[HTTP][39m [90m[39m
[35m[HTTP][39m [37m-->[39m [37mPOST[39m [37m/wd/hub/session/0c887060-058e-458e-8d52-8b236ef24d4d/elements[39m
[35m[HTTP][39m [90m{"using":"-android uiautomator","value":"new UiSelector().className(\"android.widget.ImageView\").resourceId(\"com.msteam.floors.nsu:id/imageView_arrow_back\").instance(0)"}[39m
[35m[HTTP][39m [37m<-- POST /wd/hub/session/0c887060-058e-458e-8d52-8b236ef24d4d/elements [39m[32m200[39m [90m91 ms - 12[39m
[35m[HTTP][39m [90m[39m
[35m[HTTP][39m [37m-->[39m [37mPOST[39m [37m/wd/hub/session/0c887060-058e-458e-8d52-8b236ef24d4d/elements[39m
[35m[HTTP][39m [90m{"using":"-android uiautomator","value":"new UiSelector().className(\"android.widget.ImageView\").resourceId(\"com.msteam.floors.nsu:id/imageView_arrow_back\").instance(0)"}[39m
[35m[HTTP][39m [37m<-- POST /wd/hub/session/0c887060-058e-458e-8d52-8b236ef24d4d/elements [39m[32m200[39m [90m79 ms - 12[39m
[35m[HTTP][39m [90m[39m
[35m[HTTP][39m [37m-->[39m [37mPOST[39m [37m/wd/hub/session/0c887060-058e-458e-8d52-8b236ef24d4d/elements[39m
[35m[HTTP][39m [90m{"using":"-android uiautomator","value":"new UiSelector().className(\"android.widget.ImageView\").resourceId(\"com.msteam.floors.nsu:id/imageView_arrow_back\").instance(0)"}[39m
[35m[HTTP][39m [37m<-- POST /wd/hub/session/0c887060-058e-458e-8d52-8b236ef24d4d/elements [39m[32m200[39m [90m73 ms - 12[39m
[35m[HTTP][39m [90m[39m
[35m[HTTP][39m [37m-->[39m [37mPOST[39m [37m/wd/hub/session/0c887060-058e-458e-8d52-8b236ef24d4d/elements[39m
[35m[HTTP][39m [90m{"using":"-android uiautomator","value":"new UiSelector().className(\"android.widget.ImageView\").resourceId(\"com.msteam.floors.nsu:id/imageView_arrow_back\").instance(0)"}[39m
[35m[HTTP][39m [37m<-- POST /wd/hub/session/0c887060-058e-458e-8d52-8b236ef24d4d/elements [39m[32m200[39m [90m75 ms - 12[39m
[35m[HTTP][39m [90m[39m
[35m[HTTP][39m [37m-->[39m [37mPOST[39m [37m/wd/hub/session/0c887060-058e-458e-8d52-8b236ef24d4d/elements[39m
[35m[HTTP][39m [90m{"using":"-android uiautomator","value":"new UiSelector().className(\"android.widget.ImageView\").resourceId(\"com.msteam.floors.nsu:id/imageView_arrow_back\").instance(0)"}[39m
[35m[HTTP][39m [37m<-- POST /wd/hub/session/0c887060-058e-458e-8d52-8b236ef24d4d/elements [39m[32m200[39m [90m80 ms - 12[39m
[35m[HTTP][39m [90m[39m
[35m[HTTP][39m [37m-->[39m [37mPOST[39m [37m/wd/hub/session/0c887060-058e-458e-8d52-8b236ef24d4d/elements[39m
[35m[HTTP][39m [90m{"using":"-android uiautomator","value":"new UiSelector().className(\"android.widget.ImageView\").resourceId(\"com.msteam.floors.nsu:id/imageView_arrow_back\").instance(0)"}[39m
[35m[HTTP][39m [37m<-- POST /wd/hub/session/0c887060-058e-458e-8d52-8b236ef24d4d/elements [39m[32m200[39m [90m1061 ms - 12[39m
[35m[HTTP][39m [90m[39m
[35m[HTTP][39m [37m-->[39m [37mPOST[39m [37m/wd/hub/session/0c887060-058e-458e-8d52-8b236ef24d4d/elements[39m
[35m[HTTP][39m [90m{"using":"-android uiautomator","value":"new UiSelector().className(\"android.widget.ImageView\").resourceId(\"com.msteam.floors.nsu:id/imageView_arrow_back\").instance(0)"}[39m
[35m[HTTP][39m [37m<-- POST /wd/hub/session/0c887060-058e-458e-8d52-8b236ef24d4d/elements [39m[32m200[39m [90m453 ms - 12[39m
[35m[HTTP][39m [90m[39m
[35m[HTTP][39m [37m-->[39m [37mPOST[39m [37m/wd/hub/session/0c887060-058e-458e-8d52-8b236ef24d4d/elements[39m
[35m[HTTP][39m [90m{"using":"-android uiautomator","value":"new UiSelector().className(\"android.widget.ImageView\").resourceId(\"com.msteam.floors.nsu:id/imageView_arrow_back\").instance(0)"}[39m
[35m[HTTP][39m [37m<-- POST /wd/hub/session/0c887060-058e-458e-8d52-8b236ef24d4d/elements [39m[32m200[39m [90m1540 ms - 90[39m
[35m[HTTP][39m [90m[39m
[35m[HTTP][39m [37m-->[39m [37mGET[39m [37m/wd/hub/session/0c887060-058e-458e-8d52-8b236ef24d4d/element/e5721485-7ee1-423d-8bad-a2b7b0d59d20/location[39m
[35m[HTTP][39m [90m{}[39m
[35m[W3C][39m Driver proxy active, passing request on via HTTP proxy
[35m[JSONWP Proxy][39m Replacing sessionId 2fb04be2-dabe-4915-8d6b-a3f0907cc9df with 0c887060-058e-458e-8d52-8b236ef24d4d
[35m[HTTP][39m [37m<-- GET /wd/hub/session/0c887060-058e-458e-8d52-8b236ef24d4d/element/e5721485-7ee1-423d-8bad-a2b7b0d59d20/location [39m[32m200[39m [90m108 ms - 87[39m
[35m[HTTP][39m [90m[39m
[35m[HTTP][39m [37m-->[39m [37mPOST[39m [37m/wd/hub/session/0c887060-058e-458e-8d52-8b236ef24d4d/timeouts[39m
[35m[HTTP][39m [90m{"implicit":30000}[39m
[35m[HTTP][39m [37m<-- POST /wd/hub/session/0c887060-058e-458e-8d52-8b236ef24d4d/timeouts [39m[32m200[39m [90m2 ms - 14[39m
[35m[HTTP][39m [90m[39m
[35m[HTTP][39m [37m-->[39m [37mPOST[39m [37m/wd/hub/session/0c887060-058e-458e-8d52-8b236ef24d4d/touch/perform[39m
[35m[HTTP][39m [90m{"actions":[{"action":"tap","options":{"x":1,"y":1,"element":"e5721485-7ee1-423d-8bad-a2b7b0d59d20"}},{"action":"release","options":{}}]}[39m
[35m[UiAutomator2][39m calling get location: e5721485-7ee1-423d-8bad-a2b7b0d59d20
[35m[HTTP][39m [37m<-- POST /wd/hub/session/0c887060-058e-458e-8d52-8b236ef24d4d/touch/perform [39m[32m200[39m [90m1298 ms - 14[39m
[35m[HTTP][39m [90m[39m
[35m[HTTP][39m [37m-->[39m [37mPOST[39m [37m/wd/hub/session/0c887060-058e-458e-8d52-8b236ef24d4d/timeouts[39m
[35m[HTTP][39m [90m{"implicit":50}[39m
[35m[HTTP][39m [37m<-- POST /wd/hub/session/0c887060-058e-458e-8d52-8b236ef24d4d/timeouts [39m[32m200[39m [90m2 ms - 14[39m
[35m[HTTP][39m [90m[39m
[35m[HTTP][39m [37m-->[39m [37mGET[39m [37m/wd/hub/session/0c887060-058e-458e-8d52-8b236ef24d4d/window/rect[39m
[35m[HTTP][39m [90m{}[39m
[35m[HTTP][39m [37m<-- GET /wd/hub/session/0c887060-058e-458e-8d52-8b236ef24d4d/window/rect [39m[32m200[39m [90m44 ms - 50[39m
[35m[HTTP][39m [90m[39m
[35m[HTTP][39m [37m-->[39m [37mPOST[39m [37m/wd/hub/session/0c887060-058e-458e-8d52-8b236ef24d4d/elements[39m
[35m[HTTP][39m [90m{"using":"-android uiautomator","value":"new UiSelector().className(\"android.support.v7.widget.LinearLayoutCompat\").instance(1)"}[39m
[35m[HTTP][39m [37m<-- POST /wd/hub/session/0c887060-058e-458e-8d52-8b236ef24d4d/elements [39m[32m200[39m [90m162 ms - 90[39m
[35m[HTTP][39m [90m[39m
[35m[HTTP][39m [37m-->[39m [37mGET[39m [37m/wd/hub/session/0c887060-058e-458e-8d52-8b236ef24d4d/element/68e23f25-8a69-48df-a6bc-a89e569ca962/location[39m
[35m[HTTP][39m [90m{}[39m
[35m[W3C][39m Driver proxy active, passing request on via HTTP proxy
[35m[JSONWP Proxy][39m Replacing sessionId 2fb04be2-dabe-4915-8d6b-a3f0907cc9df with 0c887060-058e-458e-8d52-8b236ef24d4d
[35m[HTTP][39m [37m<-- GET /wd/hub/session/0c887060-058e-458e-8d52-8b236ef24d4d/element/68e23f25-8a69-48df-a6bc-a89e569ca962/location [39m[32m200[39m [90m84 ms - 87[39m
[35m[HTTP][39m [90m[39m
[35m[HTTP][39m [37m-->[39m [37mPOST[39m [37m/wd/hub/session/0c887060-058e-458e-8d52-8b236ef24d4d/timeouts[39m
[35m[HTTP][39m [90m{"implicit":30000}[39m
[35m[HTTP][39m [37m<-- POST /wd/hub/session/0c887060-058e-458e-8d52-8b236ef24d4d/timeouts [39m[32m200[39m [90m3 ms - 14[39m
[35m[HTTP][39m [90m[39m
[35m[HTTP][39m [37m-->[39m [37mPOST[39m [37m/wd/hub/session/0c887060-058e-458e-8d52-8b236ef24d4d/touch/perform[39m
[35m[HTTP][39m [90m{"actions":[{"action":"tap","options":{"x":1,"y":1,"element":"68e23f25-8a69-48df-a6bc-a89e569ca962"}},{"action":"release","options":{}}]}[39m
[35m[UiAutomator2][39m calling get location: 68e23f25-8a69-48df-a6bc-a89e569ca962
[35m[HTTP][39m [37m<-- POST /wd/hub/session/0c887060-058e-458e-8d52-8b236ef24d4d/touch/perform [39m[32m200[39m [90m1254 ms - 14[39m
[35m[HTTP][39m [90m[39m
[35m[HTTP][39m [37m-->[39m [37mPOST[39m [37m/wd/hub/session/0c887060-058e-458e-8d52-8b236ef24d4d/timeouts[39m
[35m[HTTP][39m [90m{"implicit":50}[39m
[35m[HTTP][39m [37m<-- POST /wd/hub/session/0c887060-058e-458e-8d52-8b236ef24d4d/timeouts [39m[32m200[39m [90m4 ms - 14[39m
[35m[HTTP][39m [90m[39m
[35m[HTTP][39m [37m-->[39m [37mGET[39m [37m/wd/hub/session/0c887060-058e-458e-8d52-8b236ef24d4d/window/rect[39m
[35m[HTTP][39m [90m{}[39m
[35m[HTTP][39m [37m<-- GET /wd/hub/session/0c887060-058e-458e-8d52-8b236ef24d4d/window/rect [39m[32m200[39m [90m81 ms - 50[39m
[35m[HTTP][39m [90m[39m
[35m[HTTP][39m [37m-->[39m [37mPOST[39m [37m/wd/hub/session/0c887060-058e-458e-8d52-8b236ef24d4d/elements[39m
[35m[HTTP][39m [90m{"using":"-android uiautomator","value":"new UiSelector().className(\"android.widget.EditText\").text(\"Search\").resourceId(\"com.msteam.floors.nsu:id/searchEditText_input\").instance(0)"}[39m
[35m[HTTP][39m [37m<-- POST /wd/hub/session/0c887060-058e-458e-8d52-8b236ef24d4d/elements [39m[32m200[39m [90m195 ms - 90[39m
[35m[HTTP][39m [90m[39m
[35m[HTTP][39m [37m-->[39m [37mGET[39m [37m/wd/hub/session/0c887060-058e-458e-8d52-8b236ef24d4d/element/3dfe8f2d-3e65-4416-b268-6bf74ebbec7e/location[39m
[35m[HTTP][39m [90m{}[39m
[35m[W3C][39m Driver proxy active, passing request on via HTTP proxy
[35m[JSONWP Proxy][39m Replacing sessionId 2fb04be2-dabe-4915-8d6b-a3f0907cc9df with 0c887060-058e-458e-8d52-8b236ef24d4d
[35m[HTTP][39m [37m<-- GET /wd/hub/session/0c887060-058e-458e-8d52-8b236ef24d4d/element/3dfe8f2d-3e65-4416-b268-6bf74ebbec7e/location [39m[32m200[39m [90m66 ms - 88[39m
[35m[HTTP][39m [90m[39m
[35m[HTTP][39m [37m-->[39m [37mPOST[39m [37m/wd/hub/session/0c887060-058e-458e-8d52-8b236ef24d4d/timeouts[39m
[35m[HTTP][39m [90m{"implicit":30000}[39m
[35m[HTTP][39m [37m<-- POST /wd/hub/session/0c887060-058e-458e-8d52-8b236ef24d4d/timeouts [39m[32m200[39m [90m4 ms - 14[39m
[35m[HTTP][39m [90m[39m
[35m[HTTP][39m [37m-->[39m [37mPOST[39m [37m/wd/hub/session/0c887060-058e-458e-8d52-8b236ef24d4d/touch/perform[39m
[35m[HTTP][39m [90m{"actions":[{"action":"tap","options":{"x":1,"y":1,"element":"3dfe8f2d-3e65-4416-b268-6bf74ebbec7e"}},{"action":"release","options":{}}]}[39m
[35m[UiAutomator2][39m calling get location: 3dfe8f2d-3e65-4416-b268-6bf74ebbec7e
[35m[HTTP][39m [37m<-- POST /wd/hub/session/0c887060-058e-458e-8d52-8b236ef24d4d/touch/perform [39m[32m200[39m [90m1454 ms - 14[39m
[35m[HTTP][39m [90m[39m
[35m[HTTP][39m [37m-->[39m [37mPOST[39m [37m/wd/hub/session/0c887060-058e-458e-8d52-8b236ef24d4d/timeouts[39m
[35m[HTTP][39m [90m{"implicit":50}[39m
[35m[HTTP][39m [37m<-- POST /wd/hub/session/0c887060-058e-458e-8d52-8b236ef24d4d/timeouts [39m[32m200[39m [90m4 ms - 14[39m
[35m[HTTP][39m [90m[39m
[35m[HTTP][39m [37m-->[39m [37mGET[39m [37m/wd/hub/session/0c887060-058e-458e-8d52-8b236ef24d4d/window/rect[39m
[35m[HTTP][39m [90m{}[39m
[35m[HTTP][39m [37m<-- GET /wd/hub/session/0c887060-058e-458e-8d52-8b236ef24d4d/window/rect [39m[32m200[39m [90m85 ms - 50[39m
[35m[HTTP][39m [90m[39m
[35m[HTTP][39m [37m-->[39m [37mPOST[39m [37m/wd/hub/session/0c887060-058e-458e-8d52-8b236ef24d4d/elements[39m
[35m[HTTP][39m [90m{"using":"-android uiautomator","value":"new UiSelector().className(\"android.widget.EditText\").text(\"Search\").resourceId(\"com.msteam.floors.nsu:id/searchEditText_input\").instance(0)"}[39m
[35m[HTTP][39m [37m<-- POST /wd/hub/session/0c887060-058e-458e-8d52-8b236ef24d4d/elements [39m[32m200[39m [90m203 ms - 90[39m
[35m[HTTP][39m [90m[39m
[35m[HTTP][39m [37m-->[39m [37mGET[39m [37m/wd/hub/session/0c887060-058e-458e-8d52-8b236ef24d4d/element/e78af271-ceb0-4951-b9d9-26dd83dc2d4d/location[39m
[35m[HTTP][39m [90m{}[39m
[35m[W3C][39m Driver proxy active, passing request on via HTTP proxy
[35m[JSONWP Proxy][39m Replacing sessionId 2fb04be2-dabe-4915-8d6b-a3f0907cc9df with 0c887060-058e-458e-8d52-8b236ef24d4d
[35m[HTTP][39m [37m<-- GET /wd/hub/session/0c887060-058e-458e-8d52-8b236ef24d4d/element/e78af271-ceb0-4951-b9d9-26dd83dc2d4d/location [39m[32m200[39m [90m65 ms - 88[39m
[35m[HTTP][39m [90m[39m
[35m[HTTP][39m [37m-->[39m [37mPOST[39m [37m/wd/hub/session/0c887060-058e-458e-8d52-8b236ef24d4d/timeouts[39m
[35m[HTTP][39m [90m{"implicit":30000}[39m
[35m[HTTP][39m [37m<-- POST /wd/hub/session/0c887060-058e-458e-8d52-8b236ef24d4d/timeouts [39m[32m200[39m [90m3 ms - 14[39m
[35m[HTTP][39m [90m[39m
[35m[HTTP][39m [37m-->[39m [37mPOST[39m [37m/wd/hub/session/0c887060-058e-458e-8d52-8b236ef24d4d/element/e78af271-ceb0-4951-b9d9-26dd83dc2d4d/clear[39m
[35m[HTTP][39m [90m{"id":"e78af271-ceb0-4951-b9d9-26dd83dc2d4d"}[39m
[35m[HTTP][39m [37m<-- POST /wd/hub/session/0c887060-058e-458e-8d52-8b236ef24d4d/element/e78af271-ceb0-4951-b9d9-26dd83dc2d4d/clear [39m[32m200[39m [90m153 ms - 27[39m
[35m[HTTP][39m [90m[39m
[35m[HTTP][39m [37m-->[39m [37mPOST[39m [37m/wd/hub/session/0c887060-058e-458e-8d52-8b236ef24d4d/element/e78af271-ceb0-4951-b9d9-26dd83dc2d4d/value[39m
[35m[HTTP][39m [90m{"id":"e78af271-ceb0-4951-b9d9-26dd83dc2d4d","text":"310 lab","value":["3","1","0"," ","l","a","b"]}[39m
[35m[HTTP][39m [37m<-- POST /wd/hub/session/0c887060-058e-458e-8d52-8b236ef24d4d/element/e78af271-ceb0-4951-b9d9-26dd83dc2d4d/value [39m[32m200[39m [90m1816 ms - 12[39m
[35m[HTTP][39m [90m[39m
[35m[HTTP][39m [37m-->[39m [37mPOST[39m [37m/wd/hub/session/0c887060-058e-458e-8d52-8b236ef24d4d/timeouts[39m
[35m[HTTP][39m [90m{"implicit":50}[39m
[35m[HTTP][39m [37m<-- POST /wd/hub/session/0c887060-058e-458e-8d52-8b236ef24d4d/timeouts [39m[32m200[39m [90m4 ms - 14[39m
[35m[HTTP][39m [90m[39m
[35m[HTTP][39m [37m-->[39m [37mGET[39m [37m/wd/hub/session/0c887060-058e-458e-8d52-8b236ef24d4d/window/rect[39m
[35m[HTTP][39m [90m{}[39m
[35m[HTTP][39m [37m<-- GET /wd/hub/session/0c887060-058e-458e-8d52-8b236ef24d4d/window/rect [39m[32m200[39m [90m42 ms - 50[39m
[35m[HTTP][39m [90m[39m
[35m[HTTP][39m [37m-->[39m [37mPOST[39m [37m/wd/hub/session/0c887060-058e-458e-8d52-8b236ef24d4d/elements[39m
[35m[HTTP][39m [90m{"using":"-android uiautomator","value":"new UiSelector().className(\"android.widget.LinearLayout\").resourceId(\"com.msteam.floors.nsu:id/search_view_item\").instance(6)"}[39m
[35m[HTTP][39m [37m<-- POST /wd/hub/session/0c887060-058e-458e-8d52-8b236ef24d4d/elements [39m[32m200[39m [90m633 ms - 90[39m
[35m[HTTP][39m [90m[39m
[35m[HTTP][39m [37m-->[39m [37mGET[39m [37m/wd/hub/session/0c887060-058e-458e-8d52-8b236ef24d4d/element/62c7042a-d50c-4b89-8bd1-26db8b3a3dab/location[39m
[35m[HTTP][39m [90m{}[39m
[35m[W3C][39m Driver proxy active, passing request on via HTTP proxy
[35m[JSONWP Proxy][39m Replacing sessionId 2fb04be2-dabe-4915-8d6b-a3f0907cc9df with 0c887060-058e-458e-8d52-8b236ef24d4d
[35m[HTTP][39m [37m<-- GET /wd/hub/session/0c887060-058e-458e-8d52-8b236ef24d4d/element/62c7042a-d50c-4b89-8bd1-26db8b3a3dab/location [39m[32m200[39m [90m65 ms - 88[39m
[35m[HTTP][39m [90m[39m
[35m[HTTP][39m [37m-->[39m [37mPOST[39m [37m/wd/hub/session/0c887060-058e-458e-8d52-8b236ef24d4d/timeouts[39m
[35m[HTTP][39m [90m{"implicit":30000}[39m
[35m[HTTP][39m [37m<-- POST /wd/hub/session/0c887060-058e-458e-8d52-8b236ef24d4d/timeouts [39m[32m200[39m [90m3 ms - 14[39m
[35m[HTTP][39m [90m[39m
[35m[HTTP][39m [37m-->[39m [37mPOST[39m [37m/wd/hub/session/0c887060-058e-458e-8d52-8b236ef24d4d/touch/perform[39m
[35m[HTTP][39m [90m{"actions":[{"action":"tap","options":{"x":1,"y":1,"element":"62c7042a-d50c-4b89-8bd1-26db8b3a3dab"}},{"action":"release","options":{}}]}[39m
[35m[UiAutomator2][39m calling get location: 62c7042a-d50c-4b89-8bd1-26db8b3a3dab
[35m[HTTP][39m [37m<-- POST /wd/hub/session/0c887060-058e-458e-8d52-8b236ef24d4d/touch/perform [39m[32m200[39m [90m1335 ms - 14[39m
[35m[HTTP][39m [90m[39m
