[35m[Appium][39m Welcome to Appium v1.8.1
[35m[Appium][39m Non-default server args:
[35m[Appium][39m   port: 52263
[35m[Appium][39m   loglevel: info
[35m[Appium][39m   chromeDriverPort: 52266
[35m[Appium][39m   tmpDir: C:\Users\APERSH~1\AppData\Local\Temp\\Katalon\Appium\Temp1575461580291
[35m[Appium][39m Appium REST http interface listener started on 0.0.0.0:52263
[35m[HTTP][39m [37m-->[39m [37mGET[39m [37m/wd/hub/status[39m
[35m[HTTP][39m [90m{}[39m
[35m[HTTP][39m [37m<-- GET /wd/hub/status [39m[32m200[39m [90m21 ms - 83[39m
[35m[HTTP][39m [90m[39m
[35m[HTTP][39m [37m-->[39m [37mPOST[39m [37m/wd/hub/session[39m
[35m[HTTP][39m [90m{"desiredCapabilities":{"appActivity":".Settings","appPackage":"com.android.settings","newCommandTimeout":1800,"platformVersion":"9","automationName":"uiautomator2","autoGrantPermissions":true,"platformName":"Android","udid":"5200502e5b11c491","deviceName":"samsung SM-A530F (Android 9)","platform":"ANDROID","systemPort":8235},"capabilities":{"firstMatch":[{"appium:appActivity":".Settings","appium:appPackage":"com.android.settings","appium:autoGrantPermissions":true,"appium:automationName":"uiautomator2","appium:deviceName":"samsung SM-A530F (Android 9)","appium:newCommandTimeout":1800,"platform":"ANDROID","platformName":"android","appium:platformVersion":"9","appium:systemPort":8235,"appium:udid":"5200502e5b11c491"}]}}[39m
[35m[BaseDriver][39m The capabilities ["platform"] are not standard capabilities and should have an extension prefix
[35m[Appium][39m Creating new AndroidUiautomator2Driver (v1.12.0) session
[35m[Appium][39m Capabilities:
[35m[Appium][39m   platform: ANDROID
[35m[Appium][39m   platformName: android
[35m[Appium][39m   appActivity: .Settings
[35m[Appium][39m   appPackage: com.android.settings
[35m[Appium][39m   autoGrantPermissions: true
[35m[Appium][39m   automationName: uiautomator2
[35m[Appium][39m   deviceName: samsung SM-A530F (Android 9)
[35m[Appium][39m   newCommandTimeout: 1800
[35m[Appium][39m   platformVersion: 9
[35m[Appium][39m   systemPort: 8235
[35m[Appium][39m   udid: 5200502e5b11c491
[35m[BaseDriver][39m The following capabilities were provided, but are not recognized by appium: platform.
[35m[BaseDriver][39m Session created with session id: e1bfd197-a7e3-4a90-8eb5-49ba490167e3
[35m[AndroidDriver][39m Java version is: 1.8.0_181
[35m[ADB][39m Checking whether adb is present
[35m[ADB][39m Found 1 'build-tools' folders under 'C:\Users\apershina\.katalon\tools\android_sdk' (newest first):
[35m[ADB][39m     C:/Users/apershina/.katalon/tools/android_sdk/build-tools/28.0.3
[35m[ADB][39m Using adb.exe from C:\Users\apershina\.katalon\tools\android_sdk\platform-tools\adb.exe
[35m[AndroidDriver][39m Retrieving device list
[35m[AndroidDriver][39m Using device: 5200502e5b11c491
[35m[AndroidDriver][39m No app sent in, not parsing package/activity
[35m[ADB][39m Getting device platform version
[35m[ADB][39m Using apksigner.bat from C:\Users\apershina\.katalon\tools\android_sdk\build-tools\28.0.3\apksigner.bat
[35m[ADB][39m Checking whether zipalign is present
[35m[ADB][39m Using zipalign.exe from C:\Users\apershina\.katalon\tools\android_sdk\build-tools\28.0.3\zipalign.exe
[35m[ADB][39m io.appium.uiautomator2.server was successfully uninstalled
[35m[ADB][39m io.appium.uiautomator2.server.test was successfully uninstalled
[35m[ADB][39m Checking whether aapt is present
[35m[ADB][39m Using aapt.exe from C:\Users\apershina\.katalon\tools\android_sdk\build-tools\28.0.3\aapt.exe
[35m[AndroidDriver][39m setDeviceLanguageCountry requires language or country.
[35m[AndroidDriver][39m Got language: 'null' and country: 'null'
[35m[ADB][39m com.android.settings contains no permissions available for granting.
[35m[UiAutomator2][39m Starting uiautomator2 server 1.12.0
[35m[UiAutomator2][39m Using UIAutomator2 server from 'C:\Users\apershina\AppData\Roaming\npm\node_modules\appium\node_modules\appium-uiautomator2-server\apks\appium-uiautomator2-server-v1.12.0.apk' and test from 'C:\Users\apershina\AppData\Roaming\npm\node_modules\appium\node_modules\appium-uiautomator2-server\apks\appium-uiautomator2-server-debug-androidTest.apk'
[35m[UiAutomator2][39m Running command: 'adb -s 5200502e5b11c491 shell am instrument -w io.appium.uiautomator2.server.test/android.support.test.runner.AndroidJUnitRunner'
[35m[UiAutomator2][39m Waiting up to 20000ms for UiAutomator2 to be online...
[35m[AndroidDriver][39m Screen already unlocked, doing nothing
[35m[UiAutomator2][39m UiAutomator2 did not start the activity we were waiting for, 'com.android.settings/.Settings'. Starting it ourselves
[35m[Appium][39m New AndroidUiautomator2Driver session created successfully, session e1bfd197-a7e3-4a90-8eb5-49ba490167e3 added to master session list
[35m[HTTP][39m [37m<-- POST /wd/hub/session [39m[32m200[39m [90m24575 ms - 1121[39m
[35m[HTTP][39m [90m[39m
[35m[HTTP][39m [37m-->[39m [37mGET[39m [37m/wd/hub/session/e1bfd197-a7e3-4a90-8eb5-49ba490167e3[39m
[35m[HTTP][39m [90m{}[39m
[35m[HTTP][39m [37m<-- GET /wd/hub/session/e1bfd197-a7e3-4a90-8eb5-49ba490167e3 [39m[32m200[39m [90m49 ms - 1053[39m
[35m[HTTP][39m [90m[39m
[35m[HTTP][39m [37m-->[39m [37mGET[39m [37m/wd/hub/session/e1bfd197-a7e3-4a90-8eb5-49ba490167e3[39m
[35m[HTTP][39m [90m{}[39m
[35m[HTTP][39m [37m<-- GET /wd/hub/session/e1bfd197-a7e3-4a90-8eb5-49ba490167e3 [39m[32m200[39m [90m37 ms - 1053[39m
[35m[HTTP][39m [90m[39m
[35m[HTTP][39m [37m-->[39m [37mGET[39m [37m/wd/hub/status[39m
[35m[HTTP][39m [90m{}[39m
[35m[HTTP][39m [37m<-- GET /wd/hub/status [39m[32m200[39m [90m7 ms - 55[39m
[35m[HTTP][39m [90m[39m
[35m[HTTP][39m [37m-->[39m [37mPOST[39m [37m/wd/hub/session/e1bfd197-a7e3-4a90-8eb5-49ba490167e3/timeouts[39m
[35m[HTTP][39m [90m{"implicit":30000}[39m
[35m[HTTP][39m [37m<-- POST /wd/hub/session/e1bfd197-a7e3-4a90-8eb5-49ba490167e3/timeouts [39m[32m200[39m [90m8 ms - 14[39m
[35m[HTTP][39m [90m[39m
[35m[HTTP][39m [37m-->[39m [37mPOST[39m [37m/wd/hub/session/e1bfd197-a7e3-4a90-8eb5-49ba490167e3/appium/device/activate_app[39m
[35m[HTTP][39m [90m{"bundleId":"com.msteam.floors.nsu"}[39m
[35m[HTTP][39m [37m<-- POST /wd/hub/session/e1bfd197-a7e3-4a90-8eb5-49ba490167e3/appium/device/activate_app [39m[32m200[39m [90m1462 ms - 14[39m
[35m[HTTP][39m [90m[39m
[35m[HTTP][39m [37m-->[39m [37mPOST[39m [37m/wd/hub/session/e1bfd197-a7e3-4a90-8eb5-49ba490167e3/timeouts[39m
[35m[HTTP][39m [90m{"implicit":50}[39m
[35m[HTTP][39m [37m<-- POST /wd/hub/session/e1bfd197-a7e3-4a90-8eb5-49ba490167e3/timeouts [39m[32m200[39m [90m4 ms - 14[39m
[35m[HTTP][39m [90m[39m
[35m[HTTP][39m [37m-->[39m [37mGET[39m [37m/wd/hub/session/e1bfd197-a7e3-4a90-8eb5-49ba490167e3/window/rect[39m
[35m[HTTP][39m [90m{}[39m
[35m[HTTP][39m [37m<-- GET /wd/hub/session/e1bfd197-a7e3-4a90-8eb5-49ba490167e3/window/rect [39m[32m200[39m [90m57 ms - 50[39m
[35m[HTTP][39m [90m[39m
[35m[HTTP][39m [37m-->[39m [37mPOST[39m [37m/wd/hub/session/e1bfd197-a7e3-4a90-8eb5-49ba490167e3/elements[39m
[35m[HTTP][39m [90m{"using":"-android uiautomator","value":"new UiSelector().className(\"android.widget.EditText\").text(\"Search\").resourceId(\"com.msteam.floors.nsu:id/searchEditText_input\").instance(0)"}[39m
[35m[HTTP][39m [37m<-- POST /wd/hub/session/e1bfd197-a7e3-4a90-8eb5-49ba490167e3/elements [39m[32m200[39m [90m136 ms - 12[39m
[35m[HTTP][39m [90m[39m
[35m[HTTP][39m [37m-->[39m [37mPOST[39m [37m/wd/hub/session/e1bfd197-a7e3-4a90-8eb5-49ba490167e3/elements[39m
[35m[HTTP][39m [90m{"using":"-android uiautomator","value":"new UiSelector().className(\"android.widget.EditText\").text(\"Search\").resourceId(\"com.msteam.floors.nsu:id/searchEditText_input\").instance(0)"}[39m
[35m[HTTP][39m [37m<-- POST /wd/hub/session/e1bfd197-a7e3-4a90-8eb5-49ba490167e3/elements [39m[32m200[39m [90m646 ms - 12[39m
[35m[HTTP][39m [90m[39m
[35m[HTTP][39m [37m-->[39m [37mPOST[39m [37m/wd/hub/session/e1bfd197-a7e3-4a90-8eb5-49ba490167e3/elements[39m
[35m[HTTP][39m [90m{"using":"-android uiautomator","value":"new UiSelector().className(\"android.widget.EditText\").text(\"Search\").resourceId(\"com.msteam.floors.nsu:id/searchEditText_input\").instance(0)"}[39m
[35m[HTTP][39m [37m<-- POST /wd/hub/session/e1bfd197-a7e3-4a90-8eb5-49ba490167e3/elements [39m[32m200[39m [90m102 ms - 12[39m
[35m[HTTP][39m [90m[39m
[35m[HTTP][39m [37m-->[39m [37mPOST[39m [37m/wd/hub/session/e1bfd197-a7e3-4a90-8eb5-49ba490167e3/elements[39m
[35m[HTTP][39m [90m{"using":"-android uiautomator","value":"new UiSelector().className(\"android.widget.EditText\").text(\"Search\").resourceId(\"com.msteam.floors.nsu:id/searchEditText_input\").instance(0)"}[39m
[35m[HTTP][39m [37m<-- POST /wd/hub/session/e1bfd197-a7e3-4a90-8eb5-49ba490167e3/elements [39m[32m200[39m [90m99 ms - 12[39m
[35m[HTTP][39m [90m[39m
[35m[HTTP][39m [37m-->[39m [37mPOST[39m [37m/wd/hub/session/e1bfd197-a7e3-4a90-8eb5-49ba490167e3/elements[39m
[35m[HTTP][39m [90m{"using":"-android uiautomator","value":"new UiSelector().className(\"android.widget.EditText\").text(\"Search\").resourceId(\"com.msteam.floors.nsu:id/searchEditText_input\").instance(0)"}[39m
[35m[HTTP][39m [37m<-- POST /wd/hub/session/e1bfd197-a7e3-4a90-8eb5-49ba490167e3/elements [39m[32m200[39m [90m94 ms - 12[39m
[35m[HTTP][39m [90m[39m
[35m[HTTP][39m [37m-->[39m [37mPOST[39m [37m/wd/hub/session/e1bfd197-a7e3-4a90-8eb5-49ba490167e3/elements[39m
[35m[HTTP][39m [90m{"using":"-android uiautomator","value":"new UiSelector().className(\"android.widget.EditText\").text(\"Search\").resourceId(\"com.msteam.floors.nsu:id/searchEditText_input\").instance(0)"}[39m
[35m[HTTP][39m [37m<-- POST /wd/hub/session/e1bfd197-a7e3-4a90-8eb5-49ba490167e3/elements [39m[32m200[39m [90m89 ms - 12[39m
[35m[HTTP][39m [90m[39m
[35m[HTTP][39m [37m-->[39m [37mPOST[39m [37m/wd/hub/session/e1bfd197-a7e3-4a90-8eb5-49ba490167e3/elements[39m
[35m[HTTP][39m [90m{"using":"-android uiautomator","value":"new UiSelector().className(\"android.widget.EditText\").text(\"Search\").resourceId(\"com.msteam.floors.nsu:id/searchEditText_input\").instance(0)"}[39m
[35m[HTTP][39m [37m<-- POST /wd/hub/session/e1bfd197-a7e3-4a90-8eb5-49ba490167e3/elements [39m[32m200[39m [90m86 ms - 12[39m
[35m[HTTP][39m [90m[39m
[35m[HTTP][39m [37m-->[39m [37mPOST[39m [37m/wd/hub/session/e1bfd197-a7e3-4a90-8eb5-49ba490167e3/elements[39m
[35m[HTTP][39m [90m{"using":"-android uiautomator","value":"new UiSelector().className(\"android.widget.EditText\").text(\"Search\").resourceId(\"com.msteam.floors.nsu:id/searchEditText_input\").instance(0)"}[39m
[35m[HTTP][39m [37m<-- POST /wd/hub/session/e1bfd197-a7e3-4a90-8eb5-49ba490167e3/elements [39m[32m200[39m [90m80 ms - 12[39m
[35m[HTTP][39m [90m[39m
[35m[HTTP][39m [37m-->[39m [37mPOST[39m [37m/wd/hub/session/e1bfd197-a7e3-4a90-8eb5-49ba490167e3/elements[39m
[35m[HTTP][39m [90m{"using":"-android uiautomator","value":"new UiSelector().className(\"android.widget.EditText\").text(\"Search\").resourceId(\"com.msteam.floors.nsu:id/searchEditText_input\").instance(0)"}[39m
[35m[HTTP][39m [37m<-- POST /wd/hub/session/e1bfd197-a7e3-4a90-8eb5-49ba490167e3/elements [39m[32m200[39m [90m91 ms - 12[39m
[35m[HTTP][39m [90m[39m
[35m[HTTP][39m [37m-->[39m [37mPOST[39m [37m/wd/hub/session/e1bfd197-a7e3-4a90-8eb5-49ba490167e3/elements[39m
[35m[HTTP][39m [90m{"using":"-android uiautomator","value":"new UiSelector().className(\"android.widget.EditText\").text(\"Search\").resourceId(\"com.msteam.floors.nsu:id/searchEditText_input\").instance(0)"}[39m
[35m[HTTP][39m [37m<-- POST /wd/hub/session/e1bfd197-a7e3-4a90-8eb5-49ba490167e3/elements [39m[32m200[39m [90m1118 ms - 12[39m
[35m[HTTP][39m [90m[39m
[35m[HTTP][39m [37m-->[39m [37mPOST[39m [37m/wd/hub/session/e1bfd197-a7e3-4a90-8eb5-49ba490167e3/elements[39m
[35m[HTTP][39m [90m{"using":"-android uiautomator","value":"new UiSelector().className(\"android.widget.EditText\").text(\"Search\").resourceId(\"com.msteam.floors.nsu:id/searchEditText_input\").instance(0)"}[39m
[35m[HTTP][39m [37m<-- POST /wd/hub/session/e1bfd197-a7e3-4a90-8eb5-49ba490167e3/elements [39m[32m200[39m [90m455 ms - 12[39m
[35m[HTTP][39m [90m[39m
[35m[HTTP][39m [37m-->[39m [37mPOST[39m [37m/wd/hub/session/e1bfd197-a7e3-4a90-8eb5-49ba490167e3/elements[39m
[35m[HTTP][39m [90m{"using":"-android uiautomator","value":"new UiSelector().className(\"android.widget.EditText\").text(\"Search\").resourceId(\"com.msteam.floors.nsu:id/searchEditText_input\").instance(0)"}[39m
[35m[HTTP][39m [37m<-- POST /wd/hub/session/e1bfd197-a7e3-4a90-8eb5-49ba490167e3/elements [39m[32m200[39m [90m1583 ms - 90[39m
[35m[HTTP][39m [90m[39m
[35m[HTTP][39m [37m-->[39m [37mGET[39m [37m/wd/hub/session/e1bfd197-a7e3-4a90-8eb5-49ba490167e3/element/1e10f06a-59a1-465f-955e-6dcd0474e305/location[39m
[35m[HTTP][39m [90m{}[39m
[35m[W3C][39m Driver proxy active, passing request on via HTTP proxy
[35m[JSONWP Proxy][39m Replacing sessionId d766f9f4-1bf9-4f29-862b-5d7178751350 with e1bfd197-a7e3-4a90-8eb5-49ba490167e3
[35m[HTTP][39m [37m<-- GET /wd/hub/session/e1bfd197-a7e3-4a90-8eb5-49ba490167e3/element/1e10f06a-59a1-465f-955e-6dcd0474e305/location [39m[32m200[39m [90m94 ms - 88[39m
[35m[HTTP][39m [90m[39m
[35m[HTTP][39m [37m-->[39m [37mPOST[39m [37m/wd/hub/session/e1bfd197-a7e3-4a90-8eb5-49ba490167e3/timeouts[39m
[35m[HTTP][39m [90m{"implicit":30000}[39m
[35m[HTTP][39m [37m<-- POST /wd/hub/session/e1bfd197-a7e3-4a90-8eb5-49ba490167e3/timeouts [39m[32m200[39m [90m3 ms - 14[39m
[35m[HTTP][39m [90m[39m
[35m[HTTP][39m [37m-->[39m [37mPOST[39m [37m/wd/hub/session/e1bfd197-a7e3-4a90-8eb5-49ba490167e3/touch/perform[39m
[35m[HTTP][39m [90m{"actions":[{"action":"tap","options":{"x":1,"y":1,"element":"1e10f06a-59a1-465f-955e-6dcd0474e305"}},{"action":"release","options":{}}]}[39m
[35m[UiAutomator2][39m calling get location: 1e10f06a-59a1-465f-955e-6dcd0474e305
[35m[HTTP][39m [37m<-- POST /wd/hub/session/e1bfd197-a7e3-4a90-8eb5-49ba490167e3/touch/perform [39m[32m200[39m [90m1557 ms - 14[39m
[35m[HTTP][39m [90m[39m
[35m[HTTP][39m [37m-->[39m [37mPOST[39m [37m/wd/hub/session/e1bfd197-a7e3-4a90-8eb5-49ba490167e3/timeouts[39m
[35m[HTTP][39m [90m{"implicit":50}[39m
[35m[HTTP][39m [37m<-- POST /wd/hub/session/e1bfd197-a7e3-4a90-8eb5-49ba490167e3/timeouts [39m[32m200[39m [90m6 ms - 14[39m
[35m[HTTP][39m [90m[39m
[35m[HTTP][39m [37m-->[39m [37mGET[39m [37m/wd/hub/session/e1bfd197-a7e3-4a90-8eb5-49ba490167e3/window/rect[39m
[35m[HTTP][39m [90m{}[39m
[35m[HTTP][39m [37m<-- GET /wd/hub/session/e1bfd197-a7e3-4a90-8eb5-49ba490167e3/window/rect [39m[32m200[39m [90m49 ms - 50[39m
[35m[HTTP][39m [90m[39m
[35m[HTTP][39m [37m-->[39m [37mPOST[39m [37m/wd/hub/session/e1bfd197-a7e3-4a90-8eb5-49ba490167e3/elements[39m
[35m[HTTP][39m [90m{"using":"-android uiautomator","value":"new UiSelector().className(\"android.widget.EditText\").text(\"Search\").resourceId(\"com.msteam.floors.nsu:id/searchEditText_input\").instance(0)"}[39m
[35m[HTTP][39m [37m<-- POST /wd/hub/session/e1bfd197-a7e3-4a90-8eb5-49ba490167e3/elements [39m[32m200[39m [90m264 ms - 90[39m
[35m[HTTP][39m [90m[39m
[35m[HTTP][39m [37m-->[39m [37mGET[39m [37m/wd/hub/session/e1bfd197-a7e3-4a90-8eb5-49ba490167e3/element/5f53f958-0bb9-49ba-b364-f58d11a6f800/location[39m
[35m[HTTP][39m [90m{}[39m
[35m[W3C][39m Driver proxy active, passing request on via HTTP proxy
[35m[JSONWP Proxy][39m Replacing sessionId d766f9f4-1bf9-4f29-862b-5d7178751350 with e1bfd197-a7e3-4a90-8eb5-49ba490167e3
[35m[HTTP][39m [37m<-- GET /wd/hub/session/e1bfd197-a7e3-4a90-8eb5-49ba490167e3/element/5f53f958-0bb9-49ba-b364-f58d11a6f800/location [39m[32m200[39m [90m90 ms - 88[39m
[35m[HTTP][39m [90m[39m
[35m[HTTP][39m [37m-->[39m [37mPOST[39m [37m/wd/hub/session/e1bfd197-a7e3-4a90-8eb5-49ba490167e3/timeouts[39m
[35m[HTTP][39m [90m{"implicit":30000}[39m
[35m[HTTP][39m [37m<-- POST /wd/hub/session/e1bfd197-a7e3-4a90-8eb5-49ba490167e3/timeouts [39m[32m200[39m [90m2 ms - 14[39m
[35m[HTTP][39m [90m[39m
[35m[HTTP][39m [37m-->[39m [37mPOST[39m [37m/wd/hub/session/e1bfd197-a7e3-4a90-8eb5-49ba490167e3/element/5f53f958-0bb9-49ba-b364-f58d11a6f800/clear[39m
[35m[HTTP][39m [90m{"id":"5f53f958-0bb9-49ba-b364-f58d11a6f800"}[39m
[35m[HTTP][39m [37m<-- POST /wd/hub/session/e1bfd197-a7e3-4a90-8eb5-49ba490167e3/element/5f53f958-0bb9-49ba-b364-f58d11a6f800/clear [39m[32m200[39m [90m158 ms - 27[39m
[35m[HTTP][39m [90m[39m
[35m[HTTP][39m [37m-->[39m [37mPOST[39m [37m/wd/hub/session/e1bfd197-a7e3-4a90-8eb5-49ba490167e3/element/5f53f958-0bb9-49ba-b364-f58d11a6f800/value[39m
[35m[HTTP][39m [90m{"id":"5f53f958-0bb9-49ba-b364-f58d11a6f800","text":"3319","value":["3","3","1","9"]}[39m
[35m[HTTP][39m [37m<-- POST /wd/hub/session/e1bfd197-a7e3-4a90-8eb5-49ba490167e3/element/5f53f958-0bb9-49ba-b364-f58d11a6f800/value [39m[32m200[39m [90m1917 ms - 12[39m
[35m[HTTP][39m [90m[39m
[35m[HTTP][39m [37m-->[39m [37mPOST[39m [37m/wd/hub/session/e1bfd197-a7e3-4a90-8eb5-49ba490167e3/timeouts[39m
[35m[HTTP][39m [90m{"implicit":50}[39m
[35m[HTTP][39m [37m<-- POST /wd/hub/session/e1bfd197-a7e3-4a90-8eb5-49ba490167e3/timeouts [39m[32m200[39m [90m4 ms - 14[39m
[35m[HTTP][39m [90m[39m
[35m[HTTP][39m [37m-->[39m [37mGET[39m [37m/wd/hub/session/e1bfd197-a7e3-4a90-8eb5-49ba490167e3/window/rect[39m
[35m[HTTP][39m [90m{}[39m
[35m[HTTP][39m [37m<-- GET /wd/hub/session/e1bfd197-a7e3-4a90-8eb5-49ba490167e3/window/rect [39m[32m200[39m [90m43 ms - 50[39m
[35m[HTTP][39m [90m[39m
[35m[HTTP][39m [37m-->[39m [37mPOST[39m [37m/wd/hub/session/e1bfd197-a7e3-4a90-8eb5-49ba490167e3/elements[39m
[35m[HTTP][39m [90m{"using":"-android uiautomator","value":"new UiSelector().className(\"android.widget.LinearLayout\").resourceId(\"com.msteam.floors.nsu:id/search_view_item\").instance(6)"}[39m
[35m[HTTP][39m [37m<-- POST /wd/hub/session/e1bfd197-a7e3-4a90-8eb5-49ba490167e3/elements [39m[32m200[39m [90m688 ms - 90[39m
[35m[HTTP][39m [90m[39m
[35m[HTTP][39m [37m-->[39m [37mGET[39m [37m/wd/hub/session/e1bfd197-a7e3-4a90-8eb5-49ba490167e3/element/d33ade8d-1176-4a7a-aaae-940343278b45/location[39m
[35m[HTTP][39m [90m{}[39m
[35m[W3C][39m Driver proxy active, passing request on via HTTP proxy
[35m[JSONWP Proxy][39m Replacing sessionId d766f9f4-1bf9-4f29-862b-5d7178751350 with e1bfd197-a7e3-4a90-8eb5-49ba490167e3
[35m[HTTP][39m [37m<-- GET /wd/hub/session/e1bfd197-a7e3-4a90-8eb5-49ba490167e3/element/d33ade8d-1176-4a7a-aaae-940343278b45/location [39m[32m200[39m [90m65 ms - 88[39m
[35m[HTTP][39m [90m[39m
[35m[HTTP][39m [37m-->[39m [37mPOST[39m [37m/wd/hub/session/e1bfd197-a7e3-4a90-8eb5-49ba490167e3/timeouts[39m
[35m[HTTP][39m [90m{"implicit":30000}[39m
[35m[HTTP][39m [37m<-- POST /wd/hub/session/e1bfd197-a7e3-4a90-8eb5-49ba490167e3/timeouts [39m[32m200[39m [90m3 ms - 14[39m
[35m[HTTP][39m [90m[39m
[35m[HTTP][39m [37m-->[39m [37mPOST[39m [37m/wd/hub/session/e1bfd197-a7e3-4a90-8eb5-49ba490167e3/touch/perform[39m
[35m[HTTP][39m [90m{"actions":[{"action":"tap","options":{"x":1,"y":1,"element":"d33ade8d-1176-4a7a-aaae-940343278b45"}},{"action":"release","options":{}}]}[39m
[35m[UiAutomator2][39m calling get location: d33ade8d-1176-4a7a-aaae-940343278b45
[35m[HTTP][39m [37m<-- POST /wd/hub/session/e1bfd197-a7e3-4a90-8eb5-49ba490167e3/touch/perform [39m[32m200[39m [90m1471 ms - 14[39m
[35m[HTTP][39m [90m[39m
[35m[HTTP][39m [37m-->[39m [37mPOST[39m [37m/wd/hub/session/e1bfd197-a7e3-4a90-8eb5-49ba490167e3/timeouts[39m
[35m[HTTP][39m [90m{"implicit":50}[39m
[35m[HTTP][39m [37m<-- POST /wd/hub/session/e1bfd197-a7e3-4a90-8eb5-49ba490167e3/timeouts [39m[32m200[39m [90m4 ms - 14[39m
[35m[HTTP][39m [90m[39m
[35m[HTTP][39m [37m-->[39m [37mGET[39m [37m/wd/hub/session/e1bfd197-a7e3-4a90-8eb5-49ba490167e3/window/rect[39m
[35m[HTTP][39m [90m{}[39m
[35m[HTTP][39m [37m<-- GET /wd/hub/session/e1bfd197-a7e3-4a90-8eb5-49ba490167e3/window/rect [39m[32m200[39m [90m55 ms - 50[39m
[35m[HTTP][39m [90m[39m
[35m[HTTP][39m [37m-->[39m [37mPOST[39m [37m/wd/hub/session/e1bfd197-a7e3-4a90-8eb5-49ba490167e3/elements[39m
[35m[HTTP][39m [90m{"using":"-android uiautomator","value":"new UiSelector().className(\"android.widget.Button\").text(\"ROUTE TO\").instance(0)"}[39m
[35m[HTTP][39m [37m<-- POST /wd/hub/session/e1bfd197-a7e3-4a90-8eb5-49ba490167e3/elements [39m[32m200[39m [90m1295 ms - 90[39m
[35m[HTTP][39m [90m[39m
[35m[HTTP][39m [37m-->[39m [37mGET[39m [37m/wd/hub/session/e1bfd197-a7e3-4a90-8eb5-49ba490167e3/element/1892f9e4-2ca7-420a-a95d-165e86fcf6cf/location[39m
[35m[HTTP][39m [90m{}[39m
[35m[W3C][39m Driver proxy active, passing request on via HTTP proxy
[35m[JSONWP Proxy][39m Replacing sessionId d766f9f4-1bf9-4f29-862b-5d7178751350 with e1bfd197-a7e3-4a90-8eb5-49ba490167e3
[35m[HTTP][39m [37m<-- GET /wd/hub/session/e1bfd197-a7e3-4a90-8eb5-49ba490167e3/element/1892f9e4-2ca7-420a-a95d-165e86fcf6cf/location [39m[32m200[39m [90m66 ms - 90[39m
[35m[HTTP][39m [90m[39m
[35m[HTTP][39m [37m-->[39m [37mPOST[39m [37m/wd/hub/session/e1bfd197-a7e3-4a90-8eb5-49ba490167e3/timeouts[39m
[35m[HTTP][39m [90m{"implicit":30000}[39m
[35m[HTTP][39m [37m<-- POST /wd/hub/session/e1bfd197-a7e3-4a90-8eb5-49ba490167e3/timeouts [39m[32m200[39m [90m2 ms - 14[39m
[35m[HTTP][39m [90m[39m
[35m[HTTP][39m [37m-->[39m [37mPOST[39m [37m/wd/hub/session/e1bfd197-a7e3-4a90-8eb5-49ba490167e3/touch/perform[39m
[35m[HTTP][39m [90m{"actions":[{"action":"tap","options":{"x":1,"y":1,"element":"1892f9e4-2ca7-420a-a95d-165e86fcf6cf"}},{"action":"release","options":{}}]}[39m
[35m[UiAutomator2][39m calling get location: 1892f9e4-2ca7-420a-a95d-165e86fcf6cf
[35m[HTTP][39m [37m<-- POST /wd/hub/session/e1bfd197-a7e3-4a90-8eb5-49ba490167e3/touch/perform [39m[32m200[39m [90m1298 ms - 14[39m
[35m[HTTP][39m [90m[39m
[35m[HTTP][39m [37m-->[39m [37mPOST[39m [37m/wd/hub/session/e1bfd197-a7e3-4a90-8eb5-49ba490167e3/timeouts[39m
[35m[HTTP][39m [90m{"implicit":50}[39m
[35m[HTTP][39m [37m<-- POST /wd/hub/session/e1bfd197-a7e3-4a90-8eb5-49ba490167e3/timeouts [39m[32m200[39m [90m4 ms - 14[39m
[35m[HTTP][39m [90m[39m
[35m[HTTP][39m [37m-->[39m [37mGET[39m [37m/wd/hub/session/e1bfd197-a7e3-4a90-8eb5-49ba490167e3/window/rect[39m
[35m[HTTP][39m [90m{}[39m
[35m[HTTP][39m [37m<-- GET /wd/hub/session/e1bfd197-a7e3-4a90-8eb5-49ba490167e3/window/rect [39m[32m200[39m [90m40 ms - 50[39m
[35m[HTTP][39m [90m[39m
[35m[HTTP][39m [37m-->[39m [37mPOST[39m [37m/wd/hub/session/e1bfd197-a7e3-4a90-8eb5-49ba490167e3/elements[39m
[35m[HTTP][39m [90m{"using":"-android uiautomator","value":"new UiSelector().className(\"android.widget.EditText\").resourceId(\"com.msteam.floors.nsu:id/labelFrom\").instance(1)"}[39m
[35m[HTTP][39m [37m<-- POST /wd/hub/session/e1bfd197-a7e3-4a90-8eb5-49ba490167e3/elements [39m[32m200[39m [90m160 ms - 90[39m
[35m[HTTP][39m [90m[39m
[35m[HTTP][39m [37m-->[39m [37mGET[39m [37m/wd/hub/session/e1bfd197-a7e3-4a90-8eb5-49ba490167e3/element/58ccd3c7-05fd-4630-8150-4222e426eb9d/location[39m
[35m[HTTP][39m [90m{}[39m
[35m[W3C][39m Driver proxy active, passing request on via HTTP proxy
[35m[JSONWP Proxy][39m Replacing sessionId d766f9f4-1bf9-4f29-862b-5d7178751350 with e1bfd197-a7e3-4a90-8eb5-49ba490167e3
[35m[HTTP][39m [37m<-- GET /wd/hub/session/e1bfd197-a7e3-4a90-8eb5-49ba490167e3/element/58ccd3c7-05fd-4630-8150-4222e426eb9d/location [39m[32m200[39m [90m74 ms - 90[39m
[35m[HTTP][39m [90m[39m
[35m[HTTP][39m [37m-->[39m [37mPOST[39m [37m/wd/hub/session/e1bfd197-a7e3-4a90-8eb5-49ba490167e3/timeouts[39m
[35m[HTTP][39m [90m{"implicit":30000}[39m
[35m[HTTP][39m [37m<-- POST /wd/hub/session/e1bfd197-a7e3-4a90-8eb5-49ba490167e3/timeouts [39m[32m200[39m [90m2 ms - 14[39m
[35m[HTTP][39m [90m[39m
[35m[HTTP][39m [37m-->[39m [37mPOST[39m [37m/wd/hub/session/e1bfd197-a7e3-4a90-8eb5-49ba490167e3/touch/perform[39m
[35m[HTTP][39m [90m{"actions":[{"action":"tap","options":{"x":1,"y":1,"element":"58ccd3c7-05fd-4630-8150-4222e426eb9d"}},{"action":"release","options":{}}]}[39m
[35m[UiAutomator2][39m calling get location: 58ccd3c7-05fd-4630-8150-4222e426eb9d
[35m[HTTP][39m [37m<-- POST /wd/hub/session/e1bfd197-a7e3-4a90-8eb5-49ba490167e3/touch/perform [39m[32m200[39m [90m1327 ms - 14[39m
[35m[HTTP][39m [90m[39m
[35m[HTTP][39m [37m-->[39m [37mPOST[39m [37m/wd/hub/session/e1bfd197-a7e3-4a90-8eb5-49ba490167e3/timeouts[39m
[35m[HTTP][39m [90m{"implicit":50}[39m
[35m[HTTP][39m [37m<-- POST /wd/hub/session/e1bfd197-a7e3-4a90-8eb5-49ba490167e3/timeouts [39m[32m200[39m [90m4 ms - 14[39m
[35m[HTTP][39m [90m[39m
[35m[HTTP][39m [37m-->[39m [37mGET[39m [37m/wd/hub/session/e1bfd197-a7e3-4a90-8eb5-49ba490167e3/window/rect[39m
[35m[HTTP][39m [90m{}[39m
[35m[HTTP][39m [37m<-- GET /wd/hub/session/e1bfd197-a7e3-4a90-8eb5-49ba490167e3/window/rect [39m[32m200[39m [90m38 ms - 50[39m
[35m[HTTP][39m [90m[39m
[35m[HTTP][39m [37m-->[39m [37mPOST[39m [37m/wd/hub/session/e1bfd197-a7e3-4a90-8eb5-49ba490167e3/elements[39m
[35m[HTTP][39m [90m{"using":"-android uiautomator","value":"new UiSelector().className(\"android.widget.EditText\").resourceId(\"com.msteam.floors.nsu:id/labelFrom\").instance(1)"}[39m
[35m[HTTP][39m [37m<-- POST /wd/hub/session/e1bfd197-a7e3-4a90-8eb5-49ba490167e3/elements [39m[32m200[39m [90m189 ms - 90[39m
[35m[HTTP][39m [90m[39m
[35m[HTTP][39m [37m-->[39m [37mGET[39m [37m/wd/hub/session/e1bfd197-a7e3-4a90-8eb5-49ba490167e3/element/8bd15189-6573-40a1-bce7-0c0fdb9c3e94/location[39m
[35m[HTTP][39m [90m{}[39m
[35m[W3C][39m Driver proxy active, passing request on via HTTP proxy
[35m[JSONWP Proxy][39m Replacing sessionId d766f9f4-1bf9-4f29-862b-5d7178751350 with e1bfd197-a7e3-4a90-8eb5-49ba490167e3
[35m[HTTP][39m [37m<-- GET /wd/hub/session/e1bfd197-a7e3-4a90-8eb5-49ba490167e3/element/8bd15189-6573-40a1-bce7-0c0fdb9c3e94/location [39m[32m200[39m [90m77 ms - 89[39m
[35m[HTTP][39m [90m[39m
[35m[HTTP][39m [37m-->[39m [37mPOST[39m [37m/wd/hub/session/e1bfd197-a7e3-4a90-8eb5-49ba490167e3/timeouts[39m
[35m[HTTP][39m [90m{"implicit":30000}[39m
[35m[HTTP][39m [37m<-- POST /wd/hub/session/e1bfd197-a7e3-4a90-8eb5-49ba490167e3/timeouts [39m[32m200[39m [90m3 ms - 14[39m
[35m[HTTP][39m [90m[39m
[35m[HTTP][39m [37m-->[39m [37mPOST[39m [37m/wd/hub/session/e1bfd197-a7e3-4a90-8eb5-49ba490167e3/element/8bd15189-6573-40a1-bce7-0c0fdb9c3e94/clear[39m
[35m[HTTP][39m [90m{"id":"8bd15189-6573-40a1-bce7-0c0fdb9c3e94"}[39m
[35m[HTTP][39m [37m<-- POST /wd/hub/session/e1bfd197-a7e3-4a90-8eb5-49ba490167e3/element/8bd15189-6573-40a1-bce7-0c0fdb9c3e94/clear [39m[32m200[39m [90m107 ms - 27[39m
[35m[HTTP][39m [90m[39m
[35m[HTTP][39m [37m-->[39m [37mPOST[39m [37m/wd/hub/session/e1bfd197-a7e3-4a90-8eb5-49ba490167e3/element/8bd15189-6573-40a1-bce7-0c0fdb9c3e94/value[39m
[35m[HTTP][39m [90m{"id":"8bd15189-6573-40a1-bce7-0c0fdb9c3e94","text":"canteen 1, 3 fl","value":["c","a","n","t","e","e","n"," ","1",","," ","3"," ","f","l"]}[39m
[35m[HTTP][39m [37m<-- POST /wd/hub/session/e1bfd197-a7e3-4a90-8eb5-49ba490167e3/element/8bd15189-6573-40a1-bce7-0c0fdb9c3e94/value [39m[32m200[39m [90m1027 ms - 12[39m
[35m[HTTP][39m [90m[39m
[35m[HTTP][39m [37m-->[39m [37mPOST[39m [37m/wd/hub/session/e1bfd197-a7e3-4a90-8eb5-49ba490167e3/timeouts[39m
[35m[HTTP][39m [90m{"implicit":50}[39m
[35m[HTTP][39m [37m<-- POST /wd/hub/session/e1bfd197-a7e3-4a90-8eb5-49ba490167e3/timeouts [39m[32m200[39m [90m4 ms - 14[39m
[35m[HTTP][39m [90m[39m
[35m[HTTP][39m [37m-->[39m [37mGET[39m [37m/wd/hub/session/e1bfd197-a7e3-4a90-8eb5-49ba490167e3/window/rect[39m
[35m[HTTP][39m [90m{}[39m
[35m[HTTP][39m [37m<-- GET /wd/hub/session/e1bfd197-a7e3-4a90-8eb5-49ba490167e3/window/rect [39m[32m200[39m [90m43 ms - 50[39m
[35m[HTTP][39m [90m[39m
[35m[HTTP][39m [37m-->[39m [37mPOST[39m [37m/wd/hub/session/e1bfd197-a7e3-4a90-8eb5-49ba490167e3/elements[39m
[35m[HTTP][39m [90m{"using":"-android uiautomator","value":"new UiSelector().className(\"android.widget.FrameLayout\").instance(9)"}[39m
[35m[HTTP][39m [37m<-- POST /wd/hub/session/e1bfd197-a7e3-4a90-8eb5-49ba490167e3/elements [39m[32m200[39m [90m748 ms - 90[39m
[35m[HTTP][39m [90m[39m
[35m[HTTP][39m [37m-->[39m [37mGET[39m [37m/wd/hub/session/e1bfd197-a7e3-4a90-8eb5-49ba490167e3/element/eb29e419-1303-402c-a7d6-1e738295d7ff/location[39m
[35m[HTTP][39m [90m{}[39m
[35m[W3C][39m Driver proxy active, passing request on via HTTP proxy
[35m[JSONWP Proxy][39m Replacing sessionId d766f9f4-1bf9-4f29-862b-5d7178751350 with e1bfd197-a7e3-4a90-8eb5-49ba490167e3
[35m[HTTP][39m [37m<-- GET /wd/hub/session/e1bfd197-a7e3-4a90-8eb5-49ba490167e3/element/eb29e419-1303-402c-a7d6-1e738295d7ff/location [39m[32m200[39m [90m69 ms - 88[39m
[35m[HTTP][39m [90m[39m
[35m[HTTP][39m [37m-->[39m [37mPOST[39m [37m/wd/hub/session/e1bfd197-a7e3-4a90-8eb5-49ba490167e3/timeouts[39m
[35m[HTTP][39m [90m{"implicit":30000}[39m
[35m[HTTP][39m [37m<-- POST /wd/hub/session/e1bfd197-a7e3-4a90-8eb5-49ba490167e3/timeouts [39m[32m200[39m [90m3 ms - 14[39m
[35m[HTTP][39m [90m[39m
[35m[HTTP][39m [37m-->[39m [37mPOST[39m [37m/wd/hub/session/e1bfd197-a7e3-4a90-8eb5-49ba490167e3/touch/perform[39m
[35m[HTTP][39m [90m{"actions":[{"action":"tap","options":{"x":1,"y":1,"element":"eb29e419-1303-402c-a7d6-1e738295d7ff"}},{"action":"release","options":{}}]}[39m
[35m[UiAutomator2][39m calling get location: eb29e419-1303-402c-a7d6-1e738295d7ff
[35m[HTTP][39m [37m<-- POST /wd/hub/session/e1bfd197-a7e3-4a90-8eb5-49ba490167e3/touch/perform [39m[32m200[39m [90m1192 ms - 14[39m
[35m[HTTP][39m [90m[39m
