[35m[Appium][39m Welcome to Appium v1.8.1
[35m[Appium][39m Non-default server args:
[35m[Appium][39m   port: 50104
[35m[Appium][39m   loglevel: info
[35m[Appium][39m   chromeDriverPort: 50112
[35m[Appium][39m   tmpDir: C:\Users\APERSH~1\AppData\Local\Temp\\Katalon\Appium\Temp1575460792388
[35m[Appium][39m Appium REST http interface listener started on 0.0.0.0:50104
[35m[HTTP][39m [37m-->[39m [37mGET[39m [37m/wd/hub/status[39m
[35m[HTTP][39m [90m{}[39m
[35m[HTTP][39m [37m<-- GET /wd/hub/status [39m[32m200[39m [90m12 ms - 83[39m
[35m[HTTP][39m [90m[39m
[35m[HTTP][39m [37m-->[39m [37mPOST[39m [37m/wd/hub/session[39m
[35m[HTTP][39m [90m{"desiredCapabilities":{"appActivity":".Settings","appPackage":"com.android.settings","newCommandTimeout":1800,"platformVersion":"9","automationName":"uiautomator2","autoGrantPermissions":true,"platformName":"Android","udid":"5200502e5b11c491","deviceName":"samsung SM-A530F (Android 9)","platform":"ANDROID","systemPort":8235},"capabilities":{"firstMatch":[{"appium:appActivity":".Settings","appium:appPackage":"com.android.settings","appium:autoGrantPermissions":true,"appium:automationName":"uiautomator2","appium:deviceName":"samsung SM-A530F (Android 9)","appium:newCommandTimeout":1800,"platform":"ANDROID","platformName":"android","appium:platformVersion":"9","appium:systemPort":8235,"appium:udid":"5200502e5b11c491"}]}}[39m
[35m[BaseDriver][39m The capabilities ["platform"] are not standard capabilities and should have an extension prefix
[35m[Appium][39m Creating new AndroidUiautomator2Driver (v1.12.0) session
[35m[Appium][39m Capabilities:
[35m[Appium][39m   platform: ANDROID
[35m[Appium][39m   platformName: android
[35m[Appium][39m   appActivity: .Settings
[35m[Appium][39m   appPackage: com.android.settings
[35m[Appium][39m   autoGrantPermissions: true
[35m[Appium][39m   automationName: uiautomator2
[35m[Appium][39m   deviceName: samsung SM-A530F (Android 9)
[35m[Appium][39m   newCommandTimeout: 1800
[35m[Appium][39m   platformVersion: 9
[35m[Appium][39m   systemPort: 8235
[35m[Appium][39m   udid: 5200502e5b11c491
[35m[BaseDriver][39m The following capabilities were provided, but are not recognized by appium: platform.
[35m[BaseDriver][39m Session created with session id: ec189a3a-6d55-4d5b-9911-369278c43ddd
[35m[AndroidDriver][39m Java version is: 1.8.0_181
[35m[ADB][39m Checking whether adb is present
[35m[ADB][39m Found 1 'build-tools' folders under 'C:\Users\apershina\.katalon\tools\android_sdk' (newest first):
[35m[ADB][39m     C:/Users/apershina/.katalon/tools/android_sdk/build-tools/28.0.3
[35m[ADB][39m Using adb.exe from C:\Users\apershina\.katalon\tools\android_sdk\platform-tools\adb.exe
[35m[AndroidDriver][39m Retrieving device list
[35m[AndroidDriver][39m Using device: 5200502e5b11c491
[35m[AndroidDriver][39m No app sent in, not parsing package/activity
[35m[ADB][39m Getting device platform version
[35m[ADB][39m Using apksigner.bat from C:\Users\apershina\.katalon\tools\android_sdk\build-tools\28.0.3\apksigner.bat
[35m[ADB][39m Checking whether zipalign is present
[35m[ADB][39m Using zipalign.exe from C:\Users\apershina\.katalon\tools\android_sdk\build-tools\28.0.3\zipalign.exe
[35m[ADB][39m io.appium.uiautomator2.server was successfully uninstalled
[35m[ADB][39m io.appium.uiautomator2.server.test was successfully uninstalled
[35m[ADB][39m Checking whether aapt is present
[35m[ADB][39m Using aapt.exe from C:\Users\apershina\.katalon\tools\android_sdk\build-tools\28.0.3\aapt.exe
[35m[AndroidDriver][39m setDeviceLanguageCountry requires language or country.
[35m[AndroidDriver][39m Got language: 'null' and country: 'null'
[35m[ADB][39m com.android.settings contains no permissions available for granting.
[35m[UiAutomator2][39m Starting uiautomator2 server 1.12.0
[35m[UiAutomator2][39m Using UIAutomator2 server from 'C:\Users\apershina\AppData\Roaming\npm\node_modules\appium\node_modules\appium-uiautomator2-server\apks\appium-uiautomator2-server-v1.12.0.apk' and test from 'C:\Users\apershina\AppData\Roaming\npm\node_modules\appium\node_modules\appium-uiautomator2-server\apks\appium-uiautomator2-server-debug-androidTest.apk'
[35m[UiAutomator2][39m Running command: 'adb -s 5200502e5b11c491 shell am instrument -w io.appium.uiautomator2.server.test/android.support.test.runner.AndroidJUnitRunner'
[35m[UiAutomator2][39m Waiting up to 20000ms for UiAutomator2 to be online...
[35m[AndroidDriver][39m Screen already unlocked, doing nothing
[35m[UiAutomator2][39m UiAutomator2 did not start the activity we were waiting for, 'com.android.settings/.Settings'. Starting it ourselves
[35m[Appium][39m New AndroidUiautomator2Driver session created successfully, session ec189a3a-6d55-4d5b-9911-369278c43ddd added to master session list
[35m[HTTP][39m [37m<-- POST /wd/hub/session [39m[32m200[39m [90m22575 ms - 1121[39m
[35m[HTTP][39m [90m[39m
[35m[HTTP][39m [37m-->[39m [37mGET[39m [37m/wd/hub/session/ec189a3a-6d55-4d5b-9911-369278c43ddd[39m
[35m[HTTP][39m [90m{}[39m
[35m[HTTP][39m [37m<-- GET /wd/hub/session/ec189a3a-6d55-4d5b-9911-369278c43ddd [39m[32m200[39m [90m46 ms - 1053[39m
[35m[HTTP][39m [90m[39m
[35m[HTTP][39m [37m-->[39m [37mGET[39m [37m/wd/hub/session/ec189a3a-6d55-4d5b-9911-369278c43ddd[39m
[35m[HTTP][39m [90m{}[39m
[35m[HTTP][39m [37m<-- GET /wd/hub/session/ec189a3a-6d55-4d5b-9911-369278c43ddd [39m[32m200[39m [90m26 ms - 1053[39m
[35m[HTTP][39m [90m[39m
[35m[HTTP][39m [37m-->[39m [37mGET[39m [37m/wd/hub/status[39m
[35m[HTTP][39m [90m{}[39m
[35m[HTTP][39m [37m<-- GET /wd/hub/status [39m[32m200[39m [90m5 ms - 55[39m
[35m[HTTP][39m [90m[39m
[35m[HTTP][39m [37m-->[39m [37mPOST[39m [37m/wd/hub/session/ec189a3a-6d55-4d5b-9911-369278c43ddd/timeouts[39m
[35m[HTTP][39m [90m{"implicit":30000}[39m
[35m[HTTP][39m [37m<-- POST /wd/hub/session/ec189a3a-6d55-4d5b-9911-369278c43ddd/timeouts [39m[32m200[39m [90m9 ms - 14[39m
[35m[HTTP][39m [90m[39m
[35m[HTTP][39m [37m-->[39m [37mPOST[39m [37m/wd/hub/session/ec189a3a-6d55-4d5b-9911-369278c43ddd/appium/device/activate_app[39m
[35m[HTTP][39m [90m{"bundleId":"com.msteam.floors.nsu"}[39m
[35m[HTTP][39m [37m<-- POST /wd/hub/session/ec189a3a-6d55-4d5b-9911-369278c43ddd/appium/device/activate_app [39m[32m200[39m [90m1539 ms - 14[39m
[35m[HTTP][39m [90m[39m
[35m[HTTP][39m [37m-->[39m [37mPOST[39m [37m/wd/hub/session/ec189a3a-6d55-4d5b-9911-369278c43ddd/timeouts[39m
[35m[HTTP][39m [90m{"implicit":50}[39m
[35m[HTTP][39m [37m<-- POST /wd/hub/session/ec189a3a-6d55-4d5b-9911-369278c43ddd/timeouts [39m[32m200[39m [90m4 ms - 14[39m
[35m[HTTP][39m [90m[39m
[35m[HTTP][39m [37m-->[39m [37mGET[39m [37m/wd/hub/session/ec189a3a-6d55-4d5b-9911-369278c43ddd/window/rect[39m
[35m[HTTP][39m [90m{}[39m
[35m[HTTP][39m [37m<-- GET /wd/hub/session/ec189a3a-6d55-4d5b-9911-369278c43ddd/window/rect [39m[32m200[39m [90m36 ms - 50[39m
[35m[HTTP][39m [90m[39m
[35m[HTTP][39m [37m-->[39m [37mPOST[39m [37m/wd/hub/session/ec189a3a-6d55-4d5b-9911-369278c43ddd/elements[39m
[35m[HTTP][39m [90m{"using":"-android uiautomator","value":"new UiSelector().className(\"android.widget.ImageButton\").resourceId(\"com.msteam.floors.nsu:id/qr_fab\").instance(8)"}[39m
[35m[HTTP][39m [37m<-- POST /wd/hub/session/ec189a3a-6d55-4d5b-9911-369278c43ddd/elements [39m[32m200[39m [90m74 ms - 12[39m
[35m[HTTP][39m [90m[39m
[35m[HTTP][39m [37m-->[39m [37mPOST[39m [37m/wd/hub/session/ec189a3a-6d55-4d5b-9911-369278c43ddd/elements[39m
[35m[HTTP][39m [90m{"using":"-android uiautomator","value":"new UiSelector().className(\"android.widget.ImageButton\").resourceId(\"com.msteam.floors.nsu:id/qr_fab\").instance(8)"}[39m
[35m[HTTP][39m [37m<-- POST /wd/hub/session/ec189a3a-6d55-4d5b-9911-369278c43ddd/elements [39m[32m200[39m [90m100 ms - 12[39m
[35m[HTTP][39m [90m[39m
[35m[HTTP][39m [37m-->[39m [37mPOST[39m [37m/wd/hub/session/ec189a3a-6d55-4d5b-9911-369278c43ddd/elements[39m
[35m[HTTP][39m [90m{"using":"-android uiautomator","value":"new UiSelector().className(\"android.widget.ImageButton\").resourceId(\"com.msteam.floors.nsu:id/qr_fab\").instance(8)"}[39m
[35m[HTTP][39m [37m<-- POST /wd/hub/session/ec189a3a-6d55-4d5b-9911-369278c43ddd/elements [39m[32m200[39m [90m101 ms - 12[39m
[35m[HTTP][39m [90m[39m
[35m[HTTP][39m [37m-->[39m [37mPOST[39m [37m/wd/hub/session/ec189a3a-6d55-4d5b-9911-369278c43ddd/elements[39m
[35m[HTTP][39m [90m{"using":"-android uiautomator","value":"new UiSelector().className(\"android.widget.ImageButton\").resourceId(\"com.msteam.floors.nsu:id/qr_fab\").instance(8)"}[39m
[35m[HTTP][39m [37m<-- POST /wd/hub/session/ec189a3a-6d55-4d5b-9911-369278c43ddd/elements [39m[32m200[39m [90m103 ms - 12[39m
[35m[HTTP][39m [90m[39m
[35m[HTTP][39m [37m-->[39m [37mPOST[39m [37m/wd/hub/session/ec189a3a-6d55-4d5b-9911-369278c43ddd/elements[39m
[35m[HTTP][39m [90m{"using":"-android uiautomator","value":"new UiSelector().className(\"android.widget.ImageButton\").resourceId(\"com.msteam.floors.nsu:id/qr_fab\").instance(8)"}[39m
[35m[HTTP][39m [37m<-- POST /wd/hub/session/ec189a3a-6d55-4d5b-9911-369278c43ddd/elements [39m[32m200[39m [90m109 ms - 12[39m
[35m[HTTP][39m [90m[39m
[35m[HTTP][39m [37m-->[39m [37mPOST[39m [37m/wd/hub/session/ec189a3a-6d55-4d5b-9911-369278c43ddd/elements[39m
[35m[HTTP][39m [90m{"using":"-android uiautomator","value":"new UiSelector().className(\"android.widget.ImageButton\").resourceId(\"com.msteam.floors.nsu:id/qr_fab\").instance(8)"}[39m
[35m[HTTP][39m [37m<-- POST /wd/hub/session/ec189a3a-6d55-4d5b-9911-369278c43ddd/elements [39m[32m200[39m [90m95 ms - 12[39m
[35m[HTTP][39m [90m[39m
[35m[HTTP][39m [37m-->[39m [37mPOST[39m [37m/wd/hub/session/ec189a3a-6d55-4d5b-9911-369278c43ddd/elements[39m
[35m[HTTP][39m [90m{"using":"-android uiautomator","value":"new UiSelector().className(\"android.widget.ImageButton\").resourceId(\"com.msteam.floors.nsu:id/qr_fab\").instance(8)"}[39m
[35m[HTTP][39m [37m<-- POST /wd/hub/session/ec189a3a-6d55-4d5b-9911-369278c43ddd/elements [39m[32m200[39m [90m91 ms - 12[39m
[35m[HTTP][39m [90m[39m
[35m[HTTP][39m [37m-->[39m [37mPOST[39m [37m/wd/hub/session/ec189a3a-6d55-4d5b-9911-369278c43ddd/elements[39m
[35m[HTTP][39m [90m{"using":"-android uiautomator","value":"new UiSelector().className(\"android.widget.ImageButton\").resourceId(\"com.msteam.floors.nsu:id/qr_fab\").instance(8)"}[39m
[35m[HTTP][39m [37m<-- POST /wd/hub/session/ec189a3a-6d55-4d5b-9911-369278c43ddd/elements [39m[32m200[39m [90m88 ms - 12[39m
[35m[HTTP][39m [90m[39m
[35m[HTTP][39m [37m-->[39m [37mPOST[39m [37m/wd/hub/session/ec189a3a-6d55-4d5b-9911-369278c43ddd/elements[39m
[35m[HTTP][39m [90m{"using":"-android uiautomator","value":"new UiSelector().className(\"android.widget.ImageButton\").resourceId(\"com.msteam.floors.nsu:id/qr_fab\").instance(8)"}[39m
[35m[HTTP][39m [37m<-- POST /wd/hub/session/ec189a3a-6d55-4d5b-9911-369278c43ddd/elements [39m[32m200[39m [90m83 ms - 12[39m
[35m[HTTP][39m [90m[39m
[35m[HTTP][39m [37m-->[39m [37mPOST[39m [37m/wd/hub/session/ec189a3a-6d55-4d5b-9911-369278c43ddd/elements[39m
[35m[HTTP][39m [90m{"using":"-android uiautomator","value":"new UiSelector().className(\"android.widget.ImageButton\").resourceId(\"com.msteam.floors.nsu:id/qr_fab\").instance(8)"}[39m
[35m[HTTP][39m [37m<-- POST /wd/hub/session/ec189a3a-6d55-4d5b-9911-369278c43ddd/elements [39m[32m200[39m [90m81 ms - 12[39m
[35m[HTTP][39m [90m[39m
[35m[HTTP][39m [37m-->[39m [37mPOST[39m [37m/wd/hub/session/ec189a3a-6d55-4d5b-9911-369278c43ddd/elements[39m
[35m[HTTP][39m [90m{"using":"-android uiautomator","value":"new UiSelector().className(\"android.widget.ImageButton\").resourceId(\"com.msteam.floors.nsu:id/qr_fab\").instance(8)"}[39m
[35m[HTTP][39m [37m<-- POST /wd/hub/session/ec189a3a-6d55-4d5b-9911-369278c43ddd/elements [39m[32m200[39m [90m83 ms - 12[39m
[35m[HTTP][39m [90m[39m
[35m[HTTP][39m [37m-->[39m [37mPOST[39m [37m/wd/hub/session/ec189a3a-6d55-4d5b-9911-369278c43ddd/elements[39m
[35m[HTTP][39m [90m{"using":"-android uiautomator","value":"new UiSelector().className(\"android.widget.ImageButton\").resourceId(\"com.msteam.floors.nsu:id/qr_fab\").instance(8)"}[39m
[35m[HTTP][39m [37m<-- POST /wd/hub/session/ec189a3a-6d55-4d5b-9911-369278c43ddd/elements [39m[32m200[39m [90m106 ms - 12[39m
[35m[HTTP][39m [90m[39m
[35m[HTTP][39m [37m-->[39m [37mPOST[39m [37m/wd/hub/session/ec189a3a-6d55-4d5b-9911-369278c43ddd/elements[39m
[35m[HTTP][39m [90m{"using":"-android uiautomator","value":"new UiSelector().className(\"android.widget.ImageButton\").resourceId(\"com.msteam.floors.nsu:id/qr_fab\").instance(8)"}[39m
[35m[HTTP][39m [37m<-- POST /wd/hub/session/ec189a3a-6d55-4d5b-9911-369278c43ddd/elements [39m[32m200[39m [90m1103 ms - 12[39m
[35m[HTTP][39m [90m[39m
[35m[HTTP][39m [37m-->[39m [37mPOST[39m [37m/wd/hub/session/ec189a3a-6d55-4d5b-9911-369278c43ddd/elements[39m
[35m[HTTP][39m [90m{"using":"-android uiautomator","value":"new UiSelector().className(\"android.widget.ImageButton\").resourceId(\"com.msteam.floors.nsu:id/qr_fab\").instance(8)"}[39m
[35m[HTTP][39m [37m<-- POST /wd/hub/session/ec189a3a-6d55-4d5b-9911-369278c43ddd/elements [39m[32m200[39m [90m483 ms - 12[39m
[35m[HTTP][39m [90m[39m
[35m[HTTP][39m [37m-->[39m [37mPOST[39m [37m/wd/hub/session/ec189a3a-6d55-4d5b-9911-369278c43ddd/elements[39m
[35m[HTTP][39m [90m{"using":"-android uiautomator","value":"new UiSelector().className(\"android.widget.ImageButton\").resourceId(\"com.msteam.floors.nsu:id/qr_fab\").instance(8)"}[39m
[35m[HTTP][39m [37m<-- POST /wd/hub/session/ec189a3a-6d55-4d5b-9911-369278c43ddd/elements [39m[32m200[39m [90m1516 ms - 90[39m
[35m[HTTP][39m [90m[39m
[35m[HTTP][39m [37m-->[39m [37mGET[39m [37m/wd/hub/session/ec189a3a-6d55-4d5b-9911-369278c43ddd/element/fd155c31-6992-4f5e-8e2e-f4464e192096/location[39m
[35m[HTTP][39m [90m{}[39m
[35m[W3C][39m Driver proxy active, passing request on via HTTP proxy
[35m[JSONWP Proxy][39m Replacing sessionId 18aa441a-19e9-468a-acd6-331dc351600b with ec189a3a-6d55-4d5b-9911-369278c43ddd
[35m[HTTP][39m [37m<-- GET /wd/hub/session/ec189a3a-6d55-4d5b-9911-369278c43ddd/element/fd155c31-6992-4f5e-8e2e-f4464e192096/location [39m[32m200[39m [90m105 ms - 90[39m
[35m[HTTP][39m [90m[39m
[35m[HTTP][39m [37m-->[39m [37mPOST[39m [37m/wd/hub/session/ec189a3a-6d55-4d5b-9911-369278c43ddd/timeouts[39m
[35m[HTTP][39m [90m{"implicit":30000}[39m
[35m[HTTP][39m [37m<-- POST /wd/hub/session/ec189a3a-6d55-4d5b-9911-369278c43ddd/timeouts [39m[32m200[39m [90m5 ms - 14[39m
[35m[HTTP][39m [90m[39m
[35m[HTTP][39m [37m-->[39m [37mPOST[39m [37m/wd/hub/session/ec189a3a-6d55-4d5b-9911-369278c43ddd/touch/perform[39m
[35m[HTTP][39m [90m{"actions":[{"action":"tap","options":{"x":1,"y":1,"element":"fd155c31-6992-4f5e-8e2e-f4464e192096"}},{"action":"release","options":{}}]}[39m
[35m[UiAutomator2][39m calling get location: fd155c31-6992-4f5e-8e2e-f4464e192096
[35m[HTTP][39m [37m<-- POST /wd/hub/session/ec189a3a-6d55-4d5b-9911-369278c43ddd/touch/perform [39m[32m200[39m [90m1905 ms - 14[39m
[35m[HTTP][39m [90m[39m
[35m[HTTP][39m [37m-->[39m [37mPOST[39m [37m/wd/hub/session/ec189a3a-6d55-4d5b-9911-369278c43ddd/timeouts[39m
[35m[HTTP][39m [90m{"implicit":50}[39m
[35m[HTTP][39m [37m<-- POST /wd/hub/session/ec189a3a-6d55-4d5b-9911-369278c43ddd/timeouts [39m[32m200[39m [90m4 ms - 14[39m
[35m[HTTP][39m [90m[39m
[35m[HTTP][39m [37m-->[39m [37mGET[39m [37m/wd/hub/session/ec189a3a-6d55-4d5b-9911-369278c43ddd/window/rect[39m
[35m[HTTP][39m [90m{}[39m
[35m[HTTP][39m [37m<-- GET /wd/hub/session/ec189a3a-6d55-4d5b-9911-369278c43ddd/window/rect [39m[32m200[39m [90m57 ms - 50[39m
[35m[HTTP][39m [90m[39m
[35m[HTTP][39m [37m-->[39m [37mPOST[39m [37m/wd/hub/session/ec189a3a-6d55-4d5b-9911-369278c43ddd/elements[39m
[35m[HTTP][39m [90m{"using":"-android uiautomator","value":"new UiSelector().className(\"android.widget.Button\").text(\"Deny\").resourceId(\"com.android.packageinstaller:id/permission_deny_button\").instance(0)"}[39m
[35m[HTTP][39m [37m<-- POST /wd/hub/session/ec189a3a-6d55-4d5b-9911-369278c43ddd/elements [39m[32m200[39m [90m126 ms - 90[39m
[35m[HTTP][39m [90m[39m
[35m[HTTP][39m [37m-->[39m [37mGET[39m [37m/wd/hub/session/ec189a3a-6d55-4d5b-9911-369278c43ddd/element/5a1ddd70-7b72-45e7-9fa7-2bcffee89d83/location[39m
[35m[HTTP][39m [90m{}[39m
[35m[W3C][39m Driver proxy active, passing request on via HTTP proxy
[35m[JSONWP Proxy][39m Replacing sessionId 18aa441a-19e9-468a-acd6-331dc351600b with ec189a3a-6d55-4d5b-9911-369278c43ddd
[35m[HTTP][39m [37m<-- GET /wd/hub/session/ec189a3a-6d55-4d5b-9911-369278c43ddd/element/5a1ddd70-7b72-45e7-9fa7-2bcffee89d83/location [39m[32m200[39m [90m67 ms - 90[39m
[35m[HTTP][39m [90m[39m
[35m[HTTP][39m [37m-->[39m [37mPOST[39m [37m/wd/hub/session/ec189a3a-6d55-4d5b-9911-369278c43ddd/timeouts[39m
[35m[HTTP][39m [90m{"implicit":30000}[39m
[35m[HTTP][39m [37m<-- POST /wd/hub/session/ec189a3a-6d55-4d5b-9911-369278c43ddd/timeouts [39m[32m200[39m [90m2 ms - 14[39m
[35m[HTTP][39m [90m[39m
[35m[HTTP][39m [37m-->[39m [37mPOST[39m [37m/wd/hub/session/ec189a3a-6d55-4d5b-9911-369278c43ddd/touch/perform[39m
[35m[HTTP][39m [90m{"actions":[{"action":"tap","options":{"x":1,"y":1,"element":"5a1ddd70-7b72-45e7-9fa7-2bcffee89d83"}},{"action":"release","options":{}}]}[39m
[35m[UiAutomator2][39m calling get location: 5a1ddd70-7b72-45e7-9fa7-2bcffee89d83
[35m[HTTP][39m [37m<-- POST /wd/hub/session/ec189a3a-6d55-4d5b-9911-369278c43ddd/touch/perform [39m[32m200[39m [90m3248 ms - 14[39m
[35m[HTTP][39m [90m[39m
[35m[HTTP][39m [37m-->[39m [37mPOST[39m [37m/wd/hub/session/ec189a3a-6d55-4d5b-9911-369278c43ddd/timeouts[39m
[35m[HTTP][39m [90m{"implicit":50}[39m
[35m[HTTP][39m [37m<-- POST /wd/hub/session/ec189a3a-6d55-4d5b-9911-369278c43ddd/timeouts [39m[32m200[39m [90m5 ms - 14[39m
[35m[HTTP][39m [90m[39m
[35m[HTTP][39m [37m-->[39m [37mGET[39m [37m/wd/hub/session/ec189a3a-6d55-4d5b-9911-369278c43ddd/window/rect[39m
[35m[HTTP][39m [90m{}[39m
[35m[HTTP][39m [37m<-- GET /wd/hub/session/ec189a3a-6d55-4d5b-9911-369278c43ddd/window/rect [39m[32m200[39m [90m43 ms - 50[39m
[35m[HTTP][39m [90m[39m
[35m[HTTP][39m [37m-->[39m [37mPOST[39m [37m/wd/hub/session/ec189a3a-6d55-4d5b-9911-369278c43ddd/elements[39m
[35m[HTTP][39m [90m{"using":"-android uiautomator","value":"new UiSelector().className(\"android.widget.Button\").text(\"OK\").resourceId(\"android:id/button1\").instance(0)"}[39m
[35m[HTTP][39m [37m<-- POST /wd/hub/session/ec189a3a-6d55-4d5b-9911-369278c43ddd/elements [39m[32m200[39m [90m130 ms - 90[39m
[35m[HTTP][39m [90m[39m
[35m[HTTP][39m [37m-->[39m [37mGET[39m [37m/wd/hub/session/ec189a3a-6d55-4d5b-9911-369278c43ddd/element/00b6ef2b-b099-4a8f-97ea-ad6ee94d602f/location[39m
[35m[HTTP][39m [90m{}[39m
[35m[W3C][39m Driver proxy active, passing request on via HTTP proxy
[35m[JSONWP Proxy][39m Replacing sessionId 18aa441a-19e9-468a-acd6-331dc351600b with ec189a3a-6d55-4d5b-9911-369278c43ddd
[35m[HTTP][39m [37m<-- GET /wd/hub/session/ec189a3a-6d55-4d5b-9911-369278c43ddd/element/00b6ef2b-b099-4a8f-97ea-ad6ee94d602f/location [39m[32m200[39m [90m59 ms - 89[39m
[35m[HTTP][39m [90m[39m
[35m[HTTP][39m [37m-->[39m [37mPOST[39m [37m/wd/hub/session/ec189a3a-6d55-4d5b-9911-369278c43ddd/timeouts[39m
[35m[HTTP][39m [90m{"implicit":30000}[39m
[35m[HTTP][39m [37m<-- POST /wd/hub/session/ec189a3a-6d55-4d5b-9911-369278c43ddd/timeouts [39m[32m200[39m [90m2 ms - 14[39m
[35m[HTTP][39m [90m[39m
[35m[HTTP][39m [37m-->[39m [37mPOST[39m [37m/wd/hub/session/ec189a3a-6d55-4d5b-9911-369278c43ddd/touch/perform[39m
[35m[HTTP][39m [90m{"actions":[{"action":"tap","options":{"x":1,"y":1,"element":"00b6ef2b-b099-4a8f-97ea-ad6ee94d602f"}},{"action":"release","options":{}}]}[39m
[35m[UiAutomator2][39m calling get location: 00b6ef2b-b099-4a8f-97ea-ad6ee94d602f
[35m[HTTP][39m [37m<-- POST /wd/hub/session/ec189a3a-6d55-4d5b-9911-369278c43ddd/touch/perform [39m[32m200[39m [90m1366 ms - 14[39m
[35m[HTTP][39m [90m[39m
