[35m[Appium][39m Welcome to Appium v1.8.1
[35m[Appium][39m Non-default server args:
[35m[Appium][39m   port: 52679
[35m[Appium][39m   loglevel: info
[35m[Appium][39m   chromeDriverPort: 52681
[35m[Appium][39m   tmpDir: C:\Users\APERSH~1\AppData\Local\Temp\\Katalon\Appium\Temp1575011315650
[35m[Appium][39m Appium REST http interface listener started on 0.0.0.0:52679
[35m[HTTP][39m [37m-->[39m [37mGET[39m [37m/wd/hub/status[39m
[35m[HTTP][39m [90m{}[39m
[35m[HTTP][39m [37m<-- GET /wd/hub/status [39m[32m200[39m [90m13 ms - 83[39m
[35m[HTTP][39m [90m[39m
[35m[HTTP][39m [37m-->[39m [37mPOST[39m [37m/wd/hub/session[39m
[35m[HTTP][39m [90m{"desiredCapabilities":{"app":"C:\\Users\\apershina\\Desktop\\Projects\\Floors\\FloorsApp\\app\\build\\outputs\\apk\\debug\\app-debug.apk","autoGrantPermissions":true,"automationName":"uiautomator2","deviceName":"samsung SM-A530F (Android 9)","fullReset":false,"newCommandTimeout":1800,"noReset":true,"platform":"ANDROID","platformName":"Android","udid":"5200502e5b11c491"},"capabilities":{"desiredCapabilities":{"app":"C:\\Users\\apershina\\Desktop\\Projects\\Floors\\FloorsApp\\app\\build\\outputs\\apk\\debug\\app-debug.apk","autoGrantPermissions":true,"automationName":"uiautomator2","deviceName":"samsung SM-A530F (Android 9)","fullReset":false,"newCommandTimeout":1800,"noReset":true,"platform":"ANDROID","platformName":"Android","udid":"5200502e5b11c491"},"firstMatch":[{"platformName":"android"}]}}[39m
[35m[Appium][39m Could not parse W3C capabilities: 'deviceName' can't be blank. Falling back to JSONWP protocol.
[35m[Appium][39m The following capabilities were provided in the JSONWP desired capabilities that are missing in W3C capabilities: ["app","autoGrantPermissions","automationName","deviceName","fullReset","newCommandTimeout","noReset","platform","platformName","udid"]. Falling back to JSONWP protocol.
[35m[Appium][39m Creating new AndroidUiautomator2Driver (v1.12.0) session
[35m[Appium][39m Capabilities:
[35m[Appium][39m   app: C:\Users\apershina\Desktop\Projects\Floors\FloorsApp\app\build\outputs\apk\debug\app-debug.apk
[35m[Appium][39m   autoGrantPermissions: true
[35m[Appium][39m   automationName: uiautomator2
[35m[Appium][39m   deviceName: samsung SM-A530F (Android 9)
[35m[Appium][39m   fullReset: false
[35m[Appium][39m   newCommandTimeout: 1800
[35m[Appium][39m   noReset: true
[35m[Appium][39m   platform: ANDROID
[35m[Appium][39m   platformName: Android
[35m[Appium][39m   udid: 5200502e5b11c491
[35m[BaseDriver][39m The following capabilities were provided, but are not recognized by appium: platform.
[35m[BaseDriver][39m Session created with session id: 7de2eba3-4d9f-40c1-bfc6-54f3d97c69ae
[35m[BaseDriver][39m Using local app 'C:\Users\apershina\Desktop\Projects\Floors\FloorsApp\app\build\outputs\apk\debug\app-debug.apk'
[35m[AndroidDriver][39m Java version is: 1.8.0_181
[35m[ADB][39m Checking whether adb is present
[35m[ADB][39m Found 1 'build-tools' folders under 'C:\Users\apershina\.katalon\tools\android_sdk' (newest first):
[35m[ADB][39m     C:/Users/apershina/.katalon/tools/android_sdk/build-tools/28.0.3
[35m[ADB][39m Using adb.exe from C:\Users\apershina\.katalon\tools\android_sdk\platform-tools\adb.exe
[35m[AndroidDriver][39m Retrieving device list
[35m[AndroidDriver][39m Using device: 5200502e5b11c491
[35m[ADB][39m Using the alternative activity name detection method because of: Could not find apkanalyzer.bat in C:\Users\apershina\.katalon\tools\android_sdk\platform-tools\apkanalyzer.bat,C:\Users\apershina\.katalon\tools\android_sdk\emulator\apkanalyzer.bat,C:\Users\apershina\.katalon\tools\android_sdk\tools\apkanalyzer.bat,C:\Users\apershina\.katalon\tools\android_sdk\tools\bin\apkanalyzer.bat,C:\Users\apershina\.katalon\tools\android_sdk\build-tools\28.0.3\apkanalyzer.bat. Do you have the Android SDK installed at 'C:\Users\apershina\.katalon\tools\android_sdk'?
[35m[ADB][39m Checking whether aapt is present
[35m[ADB][39m Using aapt.exe from C:\Users\apershina\.katalon\tools\android_sdk\build-tools\28.0.3\aapt.exe
[35m[ADB][39m Extracting package and launch activity from manifest
[35m[ADB][39m Package name: 'com.msteam.floors.nsu'
[35m[ADB][39m Main activity name: 'com.msteam.floors.SplashActivity'
[35m[ADB][39m Getting device platform version
[35m[ADB][39m Using apksigner.bat from C:\Users\apershina\.katalon\tools\android_sdk\build-tools\28.0.3\apksigner.bat
[35m[ADB][39m Checking whether zipalign is present
[35m[ADB][39m Using zipalign.exe from C:\Users\apershina\.katalon\tools\android_sdk\build-tools\28.0.3\zipalign.exe
[35m[ADB][39m io.appium.uiautomator2.server was successfully uninstalled
[35m[ADB][39m io.appium.uiautomator2.server.test was successfully uninstalled
[35m[AndroidDriver][39m setDeviceLanguageCountry requires language or country.
[35m[AndroidDriver][39m Got language: 'null' and country: 'null'
[35m[ADB][39m Successfully extracted 132 strings from 'C:\Users\apershina\Desktop\Projects\Floors\FloorsApp\app\build\outputs\apk\debug\app-debug.apk' resources for '(default)' configuration
[35m[UiAutomator2][39m Starting uiautomator2 server 1.12.0
[35m[UiAutomator2][39m Using UIAutomator2 server from 'C:\Users\apershina\AppData\Roaming\npm\node_modules\appium\node_modules\appium-uiautomator2-server\apks\appium-uiautomator2-server-v1.12.0.apk' and test from 'C:\Users\apershina\AppData\Roaming\npm\node_modules\appium\node_modules\appium-uiautomator2-server\apks\appium-uiautomator2-server-debug-androidTest.apk'
[35m[UiAutomator2][39m Running command: 'adb -s 5200502e5b11c491 shell am instrument -w io.appium.uiautomator2.server.test/android.support.test.runner.AndroidJUnitRunner'
[35m[UiAutomator2][39m Waiting up to 20000ms for UiAutomator2 to be online...
[35m[AndroidDriver][39m Screen already unlocked, doing nothing
[35m[UiAutomator2][39m UiAutomator2 did not start the activity we were waiting for, 'com.msteam.floors.nsu/com.msteam.floors.SplashActivity'. Starting it ourselves
[35m[Appium][39m New AndroidUiautomator2Driver session created successfully, session 7de2eba3-4d9f-40c1-bfc6-54f3d97c69ae added to master session list
[35m[HTTP][39m [37m<-- POST /wd/hub/session [39m[32m200[39m [90m21929 ms - 1266[39m
[35m[HTTP][39m [90m[39m
[35m[HTTP][39m [37m-->[39m [37mGET[39m [37m/wd/hub/status[39m
[35m[HTTP][39m [90m{}[39m
[35m[HTTP][39m [37m<-- GET /wd/hub/status [39m[32m200[39m [90m7 ms - 55[39m
[35m[HTTP][39m [90m[39m
[35m[HTTP][39m [37m-->[39m [37mPOST[39m [37m/wd/hub/session/7de2eba3-4d9f-40c1-bfc6-54f3d97c69ae/timeouts[39m
[35m[HTTP][39m [90m{"type":"implicit","ms":30000}[39m
[35m[HTTP][39m [37m<-- POST /wd/hub/session/7de2eba3-4d9f-40c1-bfc6-54f3d97c69ae/timeouts [39m[33m400[39m [90m25 ms - 5332[39m
[35m[HTTP][39m [90m[39m
[35m[HTTP][39m [37m-->[39m [37mGET[39m [37m/wd/hub/session/7de2eba3-4d9f-40c1-bfc6-54f3d97c69ae/window/current/size[39m
[35m[HTTP][39m [90m{}[39m
[35m[W3C][39m Driver proxy active, passing request on via HTTP proxy
[35m[JSONWP Proxy][39m Replacing sessionId bfcdfa56-9e4f-4ba0-9cb5-63ef2253823a with 7de2eba3-4d9f-40c1-bfc6-54f3d97c69ae
[35m[HTTP][39m [37m<-- GET /wd/hub/session/7de2eba3-4d9f-40c1-bfc6-54f3d97c69ae/window/current/size [39m[32m200[39m [90m66 ms - 100[39m
[35m[HTTP][39m [90m[39m
[35m[HTTP][39m [37m-->[39m [37mPOST[39m [37m/wd/hub/session/7de2eba3-4d9f-40c1-bfc6-54f3d97c69ae/elements[39m
[35m[HTTP][39m [90m{"using":"-android uiautomator","value":"new UiSelector().className(\"android.widget.ImageView\").resourceId(\"com.msteam.floors.nsu:id/imageView_arrow_back\").instance(0)"}[39m
[35m[HTTP][39m [37m<-- POST /wd/hub/session/7de2eba3-4d9f-40c1-bfc6-54f3d97c69ae/elements [39m[32m200[39m [90m127 ms - 74[39m
[35m[HTTP][39m [90m[39m
[35m[HTTP][39m [37m-->[39m [37mPOST[39m [37m/wd/hub/session/7de2eba3-4d9f-40c1-bfc6-54f3d97c69ae/elements[39m
[35m[HTTP][39m [90m{"using":"-android uiautomator","value":"new UiSelector().className(\"android.widget.ImageView\").resourceId(\"com.msteam.floors.nsu:id/imageView_arrow_back\").instance(0)"}[39m
[35m[HTTP][39m [37m<-- POST /wd/hub/session/7de2eba3-4d9f-40c1-bfc6-54f3d97c69ae/elements [39m[32m200[39m [90m98 ms - 74[39m
[35m[HTTP][39m [90m[39m
[35m[HTTP][39m [37m-->[39m [37mPOST[39m [37m/wd/hub/session/7de2eba3-4d9f-40c1-bfc6-54f3d97c69ae/elements[39m
[35m[HTTP][39m [90m{"using":"-android uiautomator","value":"new UiSelector().className(\"android.widget.ImageView\").resourceId(\"com.msteam.floors.nsu:id/imageView_arrow_back\").instance(0)"}[39m
[35m[HTTP][39m [37m<-- POST /wd/hub/session/7de2eba3-4d9f-40c1-bfc6-54f3d97c69ae/elements [39m[32m200[39m [90m90 ms - 74[39m
[35m[HTTP][39m [90m[39m
[35m[HTTP][39m [37m-->[39m [37mPOST[39m [37m/wd/hub/session/7de2eba3-4d9f-40c1-bfc6-54f3d97c69ae/elements[39m
[35m[HTTP][39m [90m{"using":"-android uiautomator","value":"new UiSelector().className(\"android.widget.ImageView\").resourceId(\"com.msteam.floors.nsu:id/imageView_arrow_back\").instance(0)"}[39m
[35m[HTTP][39m [37m<-- POST /wd/hub/session/7de2eba3-4d9f-40c1-bfc6-54f3d97c69ae/elements [39m[32m200[39m [90m92 ms - 74[39m
[35m[HTTP][39m [90m[39m
[35m[HTTP][39m [37m-->[39m [37mPOST[39m [37m/wd/hub/session/7de2eba3-4d9f-40c1-bfc6-54f3d97c69ae/elements[39m
[35m[HTTP][39m [90m{"using":"-android uiautomator","value":"new UiSelector().className(\"android.widget.ImageView\").resourceId(\"com.msteam.floors.nsu:id/imageView_arrow_back\").instance(0)"}[39m
[35m[HTTP][39m [37m<-- POST /wd/hub/session/7de2eba3-4d9f-40c1-bfc6-54f3d97c69ae/elements [39m[32m200[39m [90m84 ms - 74[39m
[35m[HTTP][39m [90m[39m
[35m[HTTP][39m [37m-->[39m [37mPOST[39m [37m/wd/hub/session/7de2eba3-4d9f-40c1-bfc6-54f3d97c69ae/elements[39m
[35m[HTTP][39m [90m{"using":"-android uiautomator","value":"new UiSelector().className(\"android.widget.ImageView\").resourceId(\"com.msteam.floors.nsu:id/imageView_arrow_back\").instance(0)"}[39m
[35m[HTTP][39m [37m<-- POST /wd/hub/session/7de2eba3-4d9f-40c1-bfc6-54f3d97c69ae/elements [39m[32m200[39m [90m86 ms - 74[39m
[35m[HTTP][39m [90m[39m
[35m[HTTP][39m [37m-->[39m [37mPOST[39m [37m/wd/hub/session/7de2eba3-4d9f-40c1-bfc6-54f3d97c69ae/elements[39m
[35m[HTTP][39m [90m{"using":"-android uiautomator","value":"new UiSelector().className(\"android.widget.ImageView\").resourceId(\"com.msteam.floors.nsu:id/imageView_arrow_back\").instance(0)"}[39m
[35m[HTTP][39m [37m<-- POST /wd/hub/session/7de2eba3-4d9f-40c1-bfc6-54f3d97c69ae/elements [39m[32m200[39m [90m93 ms - 74[39m
[35m[HTTP][39m [90m[39m
[35m[HTTP][39m [37m-->[39m [37mPOST[39m [37m/wd/hub/session/7de2eba3-4d9f-40c1-bfc6-54f3d97c69ae/elements[39m
[35m[HTTP][39m [90m{"using":"-android uiautomator","value":"new UiSelector().className(\"android.widget.ImageView\").resourceId(\"com.msteam.floors.nsu:id/imageView_arrow_back\").instance(0)"}[39m
[35m[HTTP][39m [37m<-- POST /wd/hub/session/7de2eba3-4d9f-40c1-bfc6-54f3d97c69ae/elements [39m[32m200[39m [90m68 ms - 74[39m
[35m[HTTP][39m [90m[39m
[35m[HTTP][39m [37m-->[39m [37mPOST[39m [37m/wd/hub/session/7de2eba3-4d9f-40c1-bfc6-54f3d97c69ae/elements[39m
[35m[HTTP][39m [90m{"using":"-android uiautomator","value":"new UiSelector().className(\"android.widget.ImageView\").resourceId(\"com.msteam.floors.nsu:id/imageView_arrow_back\").instance(0)"}[39m
[35m[HTTP][39m [37m<-- POST /wd/hub/session/7de2eba3-4d9f-40c1-bfc6-54f3d97c69ae/elements [39m[32m200[39m [90m1170 ms - 74[39m
[35m[HTTP][39m [90m[39m
[35m[HTTP][39m [37m-->[39m [37mPOST[39m [37m/wd/hub/session/7de2eba3-4d9f-40c1-bfc6-54f3d97c69ae/elements[39m
[35m[HTTP][39m [90m{"using":"-android uiautomator","value":"new UiSelector().className(\"android.widget.ImageView\").resourceId(\"com.msteam.floors.nsu:id/imageView_arrow_back\").instance(0)"}[39m
[35m[HTTP][39m [37m<-- POST /wd/hub/session/7de2eba3-4d9f-40c1-bfc6-54f3d97c69ae/elements [39m[32m200[39m [90m450 ms - 74[39m
[35m[HTTP][39m [90m[39m
[35m[HTTP][39m [37m-->[39m [37mPOST[39m [37m/wd/hub/session/7de2eba3-4d9f-40c1-bfc6-54f3d97c69ae/elements[39m
[35m[HTTP][39m [90m{"using":"-android uiautomator","value":"new UiSelector().className(\"android.widget.ImageView\").resourceId(\"com.msteam.floors.nsu:id/imageView_arrow_back\").instance(0)"}[39m
[35m[HTTP][39m [37m<-- POST /wd/hub/session/7de2eba3-4d9f-40c1-bfc6-54f3d97c69ae/elements [39m[32m200[39m [90m1516 ms - 124[39m
[35m[HTTP][39m [90m[39m
[35m[HTTP][39m [37m-->[39m [37mGET[39m [37m/wd/hub/session/7de2eba3-4d9f-40c1-bfc6-54f3d97c69ae[39m
[35m[HTTP][39m [90m{}[39m
[35m[HTTP][39m [37m<-- GET /wd/hub/session/7de2eba3-4d9f-40c1-bfc6-54f3d97c69ae [39m[32m200[39m [90m32 ms - 1266[39m
[35m[HTTP][39m [90m[39m
[35m[HTTP][39m [37m-->[39m [37mGET[39m [37m/wd/hub/session/7de2eba3-4d9f-40c1-bfc6-54f3d97c69ae[39m
[35m[HTTP][39m [90m{}[39m
[35m[HTTP][39m [37m<-- GET /wd/hub/session/7de2eba3-4d9f-40c1-bfc6-54f3d97c69ae [39m[32m200[39m [90m29 ms - 1266[39m
[35m[HTTP][39m [90m[39m
[35m[HTTP][39m [37m-->[39m [37mGET[39m [37m/wd/hub/session/7de2eba3-4d9f-40c1-bfc6-54f3d97c69ae[39m
[35m[HTTP][39m [90m{}[39m
[35m[HTTP][39m [37m<-- GET /wd/hub/session/7de2eba3-4d9f-40c1-bfc6-54f3d97c69ae [39m[32m200[39m [90m28 ms - 1266[39m
[35m[HTTP][39m [90m[39m
[35m[HTTP][39m [37m-->[39m [37mGET[39m [37m/wd/hub/session/7de2eba3-4d9f-40c1-bfc6-54f3d97c69ae[39m
[35m[HTTP][39m [90m{}[39m
[35m[HTTP][39m [37m<-- GET /wd/hub/session/7de2eba3-4d9f-40c1-bfc6-54f3d97c69ae [39m[32m200[39m [90m31 ms - 1266[39m
[35m[HTTP][39m [90m[39m
[35m[HTTP][39m [37m-->[39m [37mGET[39m [37m/wd/hub/session/7de2eba3-4d9f-40c1-bfc6-54f3d97c69ae/element/6aaa2a16-9e7d-41a4-ad95-72a49577b83a/location[39m
[35m[HTTP][39m [90m{}[39m
[35m[W3C][39m Driver proxy active, passing request on via HTTP proxy
[35m[JSONWP Proxy][39m Replacing sessionId bfcdfa56-9e4f-4ba0-9cb5-63ef2253823a with 7de2eba3-4d9f-40c1-bfc6-54f3d97c69ae
[35m[HTTP][39m [37m<-- GET /wd/hub/session/7de2eba3-4d9f-40c1-bfc6-54f3d97c69ae/element/6aaa2a16-9e7d-41a4-ad95-72a49577b83a/location [39m[32m200[39m [90m106 ms - 87[39m
[35m[HTTP][39m [90m[39m
[35m[HTTP][39m [37m-->[39m [37mPOST[39m [37m/wd/hub/session/7de2eba3-4d9f-40c1-bfc6-54f3d97c69ae/touch/perform[39m
[35m[HTTP][39m [90m{"actions":[{"action":"tap","options":{"element":"6aaa2a16-9e7d-41a4-ad95-72a49577b83a","x":1,"y":1}}]}[39m
[35m[UiAutomator2][39m calling get location: 6aaa2a16-9e7d-41a4-ad95-72a49577b83a
[35m[HTTP][39m [37m<-- POST /wd/hub/session/7de2eba3-4d9f-40c1-bfc6-54f3d97c69ae/touch/perform [39m[32m200[39m [90m1274 ms - 76[39m
[35m[HTTP][39m [90m[39m
[35m[HTTP][39m [37m-->[39m [37mGET[39m [37m/wd/hub/session/7de2eba3-4d9f-40c1-bfc6-54f3d97c69ae/window/current/size[39m
[35m[HTTP][39m [90m{}[39m
[35m[W3C][39m Driver proxy active, passing request on via HTTP proxy
[35m[JSONWP Proxy][39m Replacing sessionId bfcdfa56-9e4f-4ba0-9cb5-63ef2253823a with 7de2eba3-4d9f-40c1-bfc6-54f3d97c69ae
[35m[HTTP][39m [37m<-- GET /wd/hub/session/7de2eba3-4d9f-40c1-bfc6-54f3d97c69ae/window/current/size [39m[32m200[39m [90m82 ms - 100[39m
[35m[HTTP][39m [90m[39m
[35m[HTTP][39m [37m-->[39m [37mPOST[39m [37m/wd/hub/session/7de2eba3-4d9f-40c1-bfc6-54f3d97c69ae/elements[39m
[35m[HTTP][39m [90m{"using":"-android uiautomator","value":"new UiSelector().className(\"android.support.v7.widget.LinearLayoutCompat\").instance(0)"}[39m
[35m[HTTP][39m [37m<-- POST /wd/hub/session/7de2eba3-4d9f-40c1-bfc6-54f3d97c69ae/elements [39m[32m200[39m [90m161 ms - 124[39m
[35m[HTTP][39m [90m[39m
[35m[HTTP][39m [37m-->[39m [37mGET[39m [37m/wd/hub/session/7de2eba3-4d9f-40c1-bfc6-54f3d97c69ae[39m
[35m[HTTP][39m [90m{}[39m
[35m[HTTP][39m [37m<-- GET /wd/hub/session/7de2eba3-4d9f-40c1-bfc6-54f3d97c69ae [39m[32m200[39m [90m31 ms - 1266[39m
[35m[HTTP][39m [90m[39m
[35m[HTTP][39m [37m-->[39m [37mGET[39m [37m/wd/hub/session/7de2eba3-4d9f-40c1-bfc6-54f3d97c69ae[39m
[35m[HTTP][39m [90m{}[39m
[35m[HTTP][39m [37m<-- GET /wd/hub/session/7de2eba3-4d9f-40c1-bfc6-54f3d97c69ae [39m[32m200[39m [90m28 ms - 1266[39m
[35m[HTTP][39m [90m[39m
[35m[HTTP][39m [37m-->[39m [37mGET[39m [37m/wd/hub/session/7de2eba3-4d9f-40c1-bfc6-54f3d97c69ae[39m
[35m[HTTP][39m [90m{}[39m
[35m[HTTP][39m [37m<-- GET /wd/hub/session/7de2eba3-4d9f-40c1-bfc6-54f3d97c69ae [39m[32m200[39m [90m27 ms - 1266[39m
[35m[HTTP][39m [90m[39m
[35m[HTTP][39m [37m-->[39m [37mGET[39m [37m/wd/hub/session/7de2eba3-4d9f-40c1-bfc6-54f3d97c69ae[39m
[35m[HTTP][39m [90m{}[39m
[35m[HTTP][39m [37m<-- GET /wd/hub/session/7de2eba3-4d9f-40c1-bfc6-54f3d97c69ae [39m[32m200[39m [90m31 ms - 1266[39m
[35m[HTTP][39m [90m[39m
[35m[HTTP][39m [37m-->[39m [37mGET[39m [37m/wd/hub/session/7de2eba3-4d9f-40c1-bfc6-54f3d97c69ae/element/7a97788a-f776-4e88-a8c2-8a7ff1d5c0c2/location[39m
[35m[HTTP][39m [90m{}[39m
[35m[W3C][39m Driver proxy active, passing request on via HTTP proxy
[35m[JSONWP Proxy][39m Replacing sessionId bfcdfa56-9e4f-4ba0-9cb5-63ef2253823a with 7de2eba3-4d9f-40c1-bfc6-54f3d97c69ae
[35m[HTTP][39m [37m<-- GET /wd/hub/session/7de2eba3-4d9f-40c1-bfc6-54f3d97c69ae/element/7a97788a-f776-4e88-a8c2-8a7ff1d5c0c2/location [39m[32m200[39m [90m75 ms - 87[39m
[35m[HTTP][39m [90m[39m
[35m[HTTP][39m [37m-->[39m [37mPOST[39m [37m/wd/hub/session/7de2eba3-4d9f-40c1-bfc6-54f3d97c69ae/touch/perform[39m
[35m[HTTP][39m [90m{"actions":[{"action":"tap","options":{"element":"7a97788a-f776-4e88-a8c2-8a7ff1d5c0c2","x":1,"y":1}}]}[39m
[35m[UiAutomator2][39m calling get location: 7a97788a-f776-4e88-a8c2-8a7ff1d5c0c2
[35m[HTTP][39m [37m<-- POST /wd/hub/session/7de2eba3-4d9f-40c1-bfc6-54f3d97c69ae/touch/perform [39m[32m200[39m [90m1208 ms - 76[39m
[35m[HTTP][39m [90m[39m
[35m[HTTP][39m [37m-->[39m [37mGET[39m [37m/wd/hub/session/7de2eba3-4d9f-40c1-bfc6-54f3d97c69ae/window/current/size[39m
[35m[HTTP][39m [90m{}[39m
[35m[W3C][39m Driver proxy active, passing request on via HTTP proxy
[35m[JSONWP Proxy][39m Replacing sessionId bfcdfa56-9e4f-4ba0-9cb5-63ef2253823a with 7de2eba3-4d9f-40c1-bfc6-54f3d97c69ae
[35m[HTTP][39m [37m<-- GET /wd/hub/session/7de2eba3-4d9f-40c1-bfc6-54f3d97c69ae/window/current/size [39m[32m200[39m [90m39 ms - 100[39m
[35m[HTTP][39m [90m[39m
[35m[HTTP][39m [37m-->[39m [37mPOST[39m [37m/wd/hub/session/7de2eba3-4d9f-40c1-bfc6-54f3d97c69ae/elements[39m
[35m[HTTP][39m [90m{"using":"-android uiautomator","value":"new UiSelector().className(\"android.widget.EditText\").text(\"Искать\").resourceId(\"com.msteam.floors.nsu:id/searchEditText_input\").instance(0)"}[39m
[35m[HTTP][39m [37m<-- POST /wd/hub/session/7de2eba3-4d9f-40c1-bfc6-54f3d97c69ae/elements [39m[32m200[39m [90m189 ms - 124[39m
[35m[HTTP][39m [90m[39m
[35m[HTTP][39m [37m-->[39m [37mGET[39m [37m/wd/hub/session/7de2eba3-4d9f-40c1-bfc6-54f3d97c69ae[39m
[35m[HTTP][39m [90m{}[39m
[35m[HTTP][39m [37m<-- GET /wd/hub/session/7de2eba3-4d9f-40c1-bfc6-54f3d97c69ae [39m[32m200[39m [90m26 ms - 1266[39m
[35m[HTTP][39m [90m[39m
[35m[HTTP][39m [37m-->[39m [37mGET[39m [37m/wd/hub/session/7de2eba3-4d9f-40c1-bfc6-54f3d97c69ae[39m
[35m[HTTP][39m [90m{}[39m
[35m[HTTP][39m [37m<-- GET /wd/hub/session/7de2eba3-4d9f-40c1-bfc6-54f3d97c69ae [39m[32m200[39m [90m26 ms - 1266[39m
[35m[HTTP][39m [90m[39m
[35m[HTTP][39m [37m-->[39m [37mGET[39m [37m/wd/hub/session/7de2eba3-4d9f-40c1-bfc6-54f3d97c69ae[39m
[35m[HTTP][39m [90m{}[39m
[35m[HTTP][39m [37m<-- GET /wd/hub/session/7de2eba3-4d9f-40c1-bfc6-54f3d97c69ae [39m[32m200[39m [90m25 ms - 1266[39m
[35m[HTTP][39m [90m[39m
[35m[HTTP][39m [37m-->[39m [37mGET[39m [37m/wd/hub/session/7de2eba3-4d9f-40c1-bfc6-54f3d97c69ae[39m
[35m[HTTP][39m [90m{}[39m
[35m[HTTP][39m [37m<-- GET /wd/hub/session/7de2eba3-4d9f-40c1-bfc6-54f3d97c69ae [39m[32m200[39m [90m26 ms - 1266[39m
[35m[HTTP][39m [90m[39m
[35m[HTTP][39m [37m-->[39m [37mGET[39m [37m/wd/hub/session/7de2eba3-4d9f-40c1-bfc6-54f3d97c69ae/element/34b999e3-f57d-4a5c-bb47-8ddb8a08747c/location[39m
[35m[HTTP][39m [90m{}[39m
[35m[W3C][39m Driver proxy active, passing request on via HTTP proxy
[35m[JSONWP Proxy][39m Replacing sessionId bfcdfa56-9e4f-4ba0-9cb5-63ef2253823a with 7de2eba3-4d9f-40c1-bfc6-54f3d97c69ae
[35m[HTTP][39m [37m<-- GET /wd/hub/session/7de2eba3-4d9f-40c1-bfc6-54f3d97c69ae/element/34b999e3-f57d-4a5c-bb47-8ddb8a08747c/location [39m[32m200[39m [90m61 ms - 88[39m
[35m[HTTP][39m [90m[39m
[35m[HTTP][39m [37m-->[39m [37mPOST[39m [37m/wd/hub/session/7de2eba3-4d9f-40c1-bfc6-54f3d97c69ae/touch/perform[39m
[35m[HTTP][39m [90m{"actions":[{"action":"tap","options":{"element":"34b999e3-f57d-4a5c-bb47-8ddb8a08747c","x":1,"y":1}}]}[39m
[35m[UiAutomator2][39m calling get location: 34b999e3-f57d-4a5c-bb47-8ddb8a08747c
[35m[HTTP][39m [37m<-- POST /wd/hub/session/7de2eba3-4d9f-40c1-bfc6-54f3d97c69ae/touch/perform [39m[32m200[39m [90m1458 ms - 76[39m
[35m[HTTP][39m [90m[39m
[35m[HTTP][39m [37m-->[39m [37mGET[39m [37m/wd/hub/session/7de2eba3-4d9f-40c1-bfc6-54f3d97c69ae/window/current/size[39m
[35m[HTTP][39m [90m{}[39m
[35m[W3C][39m Driver proxy active, passing request on via HTTP proxy
[35m[JSONWP Proxy][39m Replacing sessionId bfcdfa56-9e4f-4ba0-9cb5-63ef2253823a with 7de2eba3-4d9f-40c1-bfc6-54f3d97c69ae
[35m[HTTP][39m [37m<-- GET /wd/hub/session/7de2eba3-4d9f-40c1-bfc6-54f3d97c69ae/window/current/size [39m[32m200[39m [90m79 ms - 100[39m
[35m[HTTP][39m [90m[39m
[35m[HTTP][39m [37m-->[39m [37mPOST[39m [37m/wd/hub/session/7de2eba3-4d9f-40c1-bfc6-54f3d97c69ae/elements[39m
[35m[HTTP][39m [90m{"using":"-android uiautomator","value":"new UiSelector().className(\"android.widget.EditText\").text(\"Искать\").resourceId(\"com.msteam.floors.nsu:id/searchEditText_input\").instance(0)"}[39m
[35m[HTTP][39m [37m<-- POST /wd/hub/session/7de2eba3-4d9f-40c1-bfc6-54f3d97c69ae/elements [39m[32m200[39m [90m210 ms - 124[39m
[35m[HTTP][39m [90m[39m
[35m[HTTP][39m [37m-->[39m [37mGET[39m [37m/wd/hub/session/7de2eba3-4d9f-40c1-bfc6-54f3d97c69ae[39m
[35m[HTTP][39m [90m{}[39m
[35m[HTTP][39m [37m<-- GET /wd/hub/session/7de2eba3-4d9f-40c1-bfc6-54f3d97c69ae [39m[32m200[39m [90m27 ms - 1266[39m
[35m[HTTP][39m [90m[39m
[35m[HTTP][39m [37m-->[39m [37mGET[39m [37m/wd/hub/session/7de2eba3-4d9f-40c1-bfc6-54f3d97c69ae[39m
[35m[HTTP][39m [90m{}[39m
[35m[HTTP][39m [37m<-- GET /wd/hub/session/7de2eba3-4d9f-40c1-bfc6-54f3d97c69ae [39m[32m200[39m [90m26 ms - 1266[39m
[35m[HTTP][39m [90m[39m
[35m[HTTP][39m [37m-->[39m [37mGET[39m [37m/wd/hub/session/7de2eba3-4d9f-40c1-bfc6-54f3d97c69ae[39m
[35m[HTTP][39m [90m{}[39m
[35m[HTTP][39m [37m<-- GET /wd/hub/session/7de2eba3-4d9f-40c1-bfc6-54f3d97c69ae [39m[32m200[39m [90m26 ms - 1266[39m
[35m[HTTP][39m [90m[39m
[35m[HTTP][39m [37m-->[39m [37mGET[39m [37m/wd/hub/session/7de2eba3-4d9f-40c1-bfc6-54f3d97c69ae[39m
[35m[HTTP][39m [90m{}[39m
[35m[HTTP][39m [37m<-- GET /wd/hub/session/7de2eba3-4d9f-40c1-bfc6-54f3d97c69ae [39m[32m200[39m [90m26 ms - 1266[39m
[35m[HTTP][39m [90m[39m
[35m[HTTP][39m [37m-->[39m [37mGET[39m [37m/wd/hub/session/7de2eba3-4d9f-40c1-bfc6-54f3d97c69ae/element/3f53667c-c093-4684-b958-dc56360dcb14/location[39m
[35m[HTTP][39m [90m{}[39m
[35m[W3C][39m Driver proxy active, passing request on via HTTP proxy
[35m[JSONWP Proxy][39m Replacing sessionId bfcdfa56-9e4f-4ba0-9cb5-63ef2253823a with 7de2eba3-4d9f-40c1-bfc6-54f3d97c69ae
[35m[HTTP][39m [37m<-- GET /wd/hub/session/7de2eba3-4d9f-40c1-bfc6-54f3d97c69ae/element/3f53667c-c093-4684-b958-dc56360dcb14/location [39m[32m200[39m [90m66 ms - 88[39m
[35m[HTTP][39m [90m[39m
[35m[HTTP][39m [37m-->[39m [37mPOST[39m [37m/wd/hub/session/7de2eba3-4d9f-40c1-bfc6-54f3d97c69ae/element/3f53667c-c093-4684-b958-dc56360dcb14/clear[39m
[35m[HTTP][39m [90m{"id":"3f53667c-c093-4684-b958-dc56360dcb14"}[39m
[35m[HTTP][39m [37m<-- POST /wd/hub/session/7de2eba3-4d9f-40c1-bfc6-54f3d97c69ae/element/3f53667c-c093-4684-b958-dc56360dcb14/clear [39m[32m200[39m [90m143 ms - 89[39m
[35m[HTTP][39m [90m[39m
[35m[HTTP][39m [37m-->[39m [37mPOST[39m [37m/wd/hub/session/7de2eba3-4d9f-40c1-bfc6-54f3d97c69ae/element/3f53667c-c093-4684-b958-dc56360dcb14/value[39m
[35m[HTTP][39m [90m{"id":"3f53667c-c093-4684-b958-dc56360dcb14","value":["3260"]}[39m
[35m[HTTP][39m [37m<-- POST /wd/hub/session/7de2eba3-4d9f-40c1-bfc6-54f3d97c69ae/element/3f53667c-c093-4684-b958-dc56360dcb14/value [39m[32m200[39m [90m1931 ms - 74[39m
[35m[HTTP][39m [90m[39m
[35m[HTTP][39m [37m-->[39m [37mGET[39m [37m/wd/hub/session/7de2eba3-4d9f-40c1-bfc6-54f3d97c69ae/window/current/size[39m
[35m[HTTP][39m [90m{}[39m
[35m[W3C][39m Driver proxy active, passing request on via HTTP proxy
[35m[JSONWP Proxy][39m Replacing sessionId bfcdfa56-9e4f-4ba0-9cb5-63ef2253823a with 7de2eba3-4d9f-40c1-bfc6-54f3d97c69ae
[35m[HTTP][39m [37m<-- GET /wd/hub/session/7de2eba3-4d9f-40c1-bfc6-54f3d97c69ae/window/current/size [39m[32m200[39m [90m49 ms - 100[39m
[35m[HTTP][39m [90m[39m
[35m[HTTP][39m [37m-->[39m [37mPOST[39m [37m/wd/hub/session/7de2eba3-4d9f-40c1-bfc6-54f3d97c69ae/elements[39m
[35m[HTTP][39m [90m{"using":"-android uiautomator","value":"new UiSelector().className(\"android.widget.LinearLayout\").resourceId(\"com.msteam.floors.nsu:id/search_view_item\").instance(5)"}[39m
[35m[HTTP][39m [37m<-- POST /wd/hub/session/7de2eba3-4d9f-40c1-bfc6-54f3d97c69ae/elements [39m[32m200[39m [90m705 ms - 124[39m
[35m[HTTP][39m [90m[39m
[35m[HTTP][39m [37m-->[39m [37mGET[39m [37m/wd/hub/session/7de2eba3-4d9f-40c1-bfc6-54f3d97c69ae[39m
[35m[HTTP][39m [90m{}[39m
[35m[HTTP][39m [37m<-- GET /wd/hub/session/7de2eba3-4d9f-40c1-bfc6-54f3d97c69ae [39m[32m200[39m [90m30 ms - 1266[39m
[35m[HTTP][39m [90m[39m
[35m[HTTP][39m [37m-->[39m [37mGET[39m [37m/wd/hub/session/7de2eba3-4d9f-40c1-bfc6-54f3d97c69ae[39m
[35m[HTTP][39m [90m{}[39m
[35m[HTTP][39m [37m<-- GET /wd/hub/session/7de2eba3-4d9f-40c1-bfc6-54f3d97c69ae [39m[32m200[39m [90m27 ms - 1266[39m
[35m[HTTP][39m [90m[39m
[35m[HTTP][39m [37m-->[39m [37mGET[39m [37m/wd/hub/session/7de2eba3-4d9f-40c1-bfc6-54f3d97c69ae[39m
[35m[HTTP][39m [90m{}[39m
[35m[HTTP][39m [37m<-- GET /wd/hub/session/7de2eba3-4d9f-40c1-bfc6-54f3d97c69ae [39m[32m200[39m [90m26 ms - 1266[39m
[35m[HTTP][39m [90m[39m
[35m[HTTP][39m [37m-->[39m [37mGET[39m [37m/wd/hub/session/7de2eba3-4d9f-40c1-bfc6-54f3d97c69ae[39m
[35m[HTTP][39m [90m{}[39m
[35m[HTTP][39m [37m<-- GET /wd/hub/session/7de2eba3-4d9f-40c1-bfc6-54f3d97c69ae [39m[32m200[39m [90m24 ms - 1266[39m
[35m[HTTP][39m [90m[39m
[35m[HTTP][39m [37m-->[39m [37mGET[39m [37m/wd/hub/session/7de2eba3-4d9f-40c1-bfc6-54f3d97c69ae/element/2a804f44-85ac-4ecb-8dc9-a9387bf42f64/location[39m
[35m[HTTP][39m [90m{}[39m
[35m[W3C][39m Driver proxy active, passing request on via HTTP proxy
[35m[JSONWP Proxy][39m Replacing sessionId bfcdfa56-9e4f-4ba0-9cb5-63ef2253823a with 7de2eba3-4d9f-40c1-bfc6-54f3d97c69ae
[35m[HTTP][39m [37m<-- GET /wd/hub/session/7de2eba3-4d9f-40c1-bfc6-54f3d97c69ae/element/2a804f44-85ac-4ecb-8dc9-a9387bf42f64/location [39m[32m200[39m [90m62 ms - 88[39m
[35m[HTTP][39m [90m[39m
[35m[HTTP][39m [37m-->[39m [37mPOST[39m [37m/wd/hub/session/7de2eba3-4d9f-40c1-bfc6-54f3d97c69ae/touch/perform[39m
[35m[HTTP][39m [90m{"actions":[{"action":"tap","options":{"element":"2a804f44-85ac-4ecb-8dc9-a9387bf42f64","x":1,"y":1}}]}[39m
[35m[UiAutomator2][39m calling get location: 2a804f44-85ac-4ecb-8dc9-a9387bf42f64
[35m[HTTP][39m [37m<-- POST /wd/hub/session/7de2eba3-4d9f-40c1-bfc6-54f3d97c69ae/touch/perform [39m[32m200[39m [90m1536 ms - 76[39m
[35m[HTTP][39m [90m[39m
[35m[HTTP][39m [37m-->[39m [37mGET[39m [37m/wd/hub/session/7de2eba3-4d9f-40c1-bfc6-54f3d97c69ae/window/current/size[39m
[35m[HTTP][39m [90m{}[39m
[35m[W3C][39m Driver proxy active, passing request on via HTTP proxy
[35m[JSONWP Proxy][39m Replacing sessionId bfcdfa56-9e4f-4ba0-9cb5-63ef2253823a with 7de2eba3-4d9f-40c1-bfc6-54f3d97c69ae
[35m[HTTP][39m [37m<-- GET /wd/hub/session/7de2eba3-4d9f-40c1-bfc6-54f3d97c69ae/window/current/size [39m[32m200[39m [90m63 ms - 100[39m
[35m[HTTP][39m [90m[39m
[35m[HTTP][39m [37m-->[39m [37mPOST[39m [37m/wd/hub/session/7de2eba3-4d9f-40c1-bfc6-54f3d97c69ae/elements[39m
[35m[HTTP][39m [90m{"using":"-android uiautomator","value":"new UiSelector().className(\"android.widget.EditText\").text(\"Искать\").resourceId(\"com.msteam.floors.nsu:id/searchEditText_input\").instance(0)"}[39m
[35m[HTTP][39m [37m<-- POST /wd/hub/session/7de2eba3-4d9f-40c1-bfc6-54f3d97c69ae/elements [39m[32m200[39m [90m588 ms - 124[39m
[35m[HTTP][39m [90m[39m
[35m[HTTP][39m [37m-->[39m [37mGET[39m [37m/wd/hub/session/7de2eba3-4d9f-40c1-bfc6-54f3d97c69ae[39m
[35m[HTTP][39m [90m{}[39m
[35m[HTTP][39m [37m<-- GET /wd/hub/session/7de2eba3-4d9f-40c1-bfc6-54f3d97c69ae [39m[32m200[39m [90m29 ms - 1266[39m
[35m[HTTP][39m [90m[39m
[35m[HTTP][39m [37m-->[39m [37mGET[39m [37m/wd/hub/session/7de2eba3-4d9f-40c1-bfc6-54f3d97c69ae[39m
[35m[HTTP][39m [90m{}[39m
[35m[HTTP][39m [37m<-- GET /wd/hub/session/7de2eba3-4d9f-40c1-bfc6-54f3d97c69ae [39m[32m200[39m [90m31 ms - 1266[39m
[35m[HTTP][39m [90m[39m
[35m[HTTP][39m [37m-->[39m [37mGET[39m [37m/wd/hub/session/7de2eba3-4d9f-40c1-bfc6-54f3d97c69ae[39m
[35m[HTTP][39m [90m{}[39m
[35m[HTTP][39m [37m<-- GET /wd/hub/session/7de2eba3-4d9f-40c1-bfc6-54f3d97c69ae [39m[32m200[39m [90m29 ms - 1266[39m
[35m[HTTP][39m [90m[39m
[35m[HTTP][39m [37m-->[39m [37mGET[39m [37m/wd/hub/session/7de2eba3-4d9f-40c1-bfc6-54f3d97c69ae[39m
[35m[HTTP][39m [90m{}[39m
[35m[HTTP][39m [37m<-- GET /wd/hub/session/7de2eba3-4d9f-40c1-bfc6-54f3d97c69ae [39m[32m200[39m [90m30 ms - 1266[39m
[35m[HTTP][39m [90m[39m
[35m[HTTP][39m [37m-->[39m [37mGET[39m [37m/wd/hub/session/7de2eba3-4d9f-40c1-bfc6-54f3d97c69ae/element/8ae493ed-4d6e-466d-9511-0e6f328c2422/location[39m
[35m[HTTP][39m [90m{}[39m
[35m[W3C][39m Driver proxy active, passing request on via HTTP proxy
[35m[JSONWP Proxy][39m Replacing sessionId bfcdfa56-9e4f-4ba0-9cb5-63ef2253823a with 7de2eba3-4d9f-40c1-bfc6-54f3d97c69ae
[35m[HTTP][39m [37m<-- GET /wd/hub/session/7de2eba3-4d9f-40c1-bfc6-54f3d97c69ae/element/8ae493ed-4d6e-466d-9511-0e6f328c2422/location [39m[32m200[39m [90m68 ms - 88[39m
[35m[HTTP][39m [90m[39m
[35m[HTTP][39m [37m-->[39m [37mPOST[39m [37m/wd/hub/session/7de2eba3-4d9f-40c1-bfc6-54f3d97c69ae/touch/perform[39m
[35m[HTTP][39m [90m{"actions":[{"action":"tap","options":{"element":"8ae493ed-4d6e-466d-9511-0e6f328c2422","x":1,"y":1}}]}[39m
[35m[UiAutomator2][39m calling get location: 8ae493ed-4d6e-466d-9511-0e6f328c2422
[35m[HTTP][39m [37m<-- POST /wd/hub/session/7de2eba3-4d9f-40c1-bfc6-54f3d97c69ae/touch/perform [39m[32m200[39m [90m1489 ms - 76[39m
[35m[HTTP][39m [90m[39m
[35m[HTTP][39m [37m-->[39m [37mGET[39m [37m/wd/hub/session/7de2eba3-4d9f-40c1-bfc6-54f3d97c69ae/window/current/size[39m
[35m[HTTP][39m [90m{}[39m
[35m[W3C][39m Driver proxy active, passing request on via HTTP proxy
[35m[JSONWP Proxy][39m Replacing sessionId bfcdfa56-9e4f-4ba0-9cb5-63ef2253823a with 7de2eba3-4d9f-40c1-bfc6-54f3d97c69ae
[35m[HTTP][39m [37m<-- GET /wd/hub/session/7de2eba3-4d9f-40c1-bfc6-54f3d97c69ae/window/current/size [39m[32m200[39m [90m76 ms - 100[39m
[35m[HTTP][39m [90m[39m
[35m[HTTP][39m [37m-->[39m [37mPOST[39m [37m/wd/hub/session/7de2eba3-4d9f-40c1-bfc6-54f3d97c69ae/elements[39m
[35m[HTTP][39m [90m{"using":"-android uiautomator","value":"new UiSelector().className(\"android.widget.EditText\").text(\"Искать\").resourceId(\"com.msteam.floors.nsu:id/searchEditText_input\").instance(0)"}[39m
[35m[HTTP][39m [37m<-- POST /wd/hub/session/7de2eba3-4d9f-40c1-bfc6-54f3d97c69ae/elements [39m[32m200[39m [90m184 ms - 124[39m
[35m[HTTP][39m [90m[39m
[35m[HTTP][39m [37m-->[39m [37mGET[39m [37m/wd/hub/session/7de2eba3-4d9f-40c1-bfc6-54f3d97c69ae[39m
[35m[HTTP][39m [90m{}[39m
[35m[HTTP][39m [37m<-- GET /wd/hub/session/7de2eba3-4d9f-40c1-bfc6-54f3d97c69ae [39m[32m200[39m [90m27 ms - 1266[39m
[35m[HTTP][39m [90m[39m
[35m[HTTP][39m [37m-->[39m [37mGET[39m [37m/wd/hub/session/7de2eba3-4d9f-40c1-bfc6-54f3d97c69ae[39m
[35m[HTTP][39m [90m{}[39m
[35m[HTTP][39m [37m<-- GET /wd/hub/session/7de2eba3-4d9f-40c1-bfc6-54f3d97c69ae [39m[32m200[39m [90m26 ms - 1266[39m
[35m[HTTP][39m [90m[39m
[35m[HTTP][39m [37m-->[39m [37mGET[39m [37m/wd/hub/session/7de2eba3-4d9f-40c1-bfc6-54f3d97c69ae[39m
[35m[HTTP][39m [90m{}[39m
[35m[HTTP][39m [37m<-- GET /wd/hub/session/7de2eba3-4d9f-40c1-bfc6-54f3d97c69ae [39m[32m200[39m [90m26 ms - 1266[39m
[35m[HTTP][39m [90m[39m
[35m[HTTP][39m [37m-->[39m [37mGET[39m [37m/wd/hub/session/7de2eba3-4d9f-40c1-bfc6-54f3d97c69ae[39m
[35m[HTTP][39m [90m{}[39m
[35m[HTTP][39m [37m<-- GET /wd/hub/session/7de2eba3-4d9f-40c1-bfc6-54f3d97c69ae [39m[32m200[39m [90m27 ms - 1266[39m
[35m[HTTP][39m [90m[39m
[35m[HTTP][39m [37m-->[39m [37mGET[39m [37m/wd/hub/session/7de2eba3-4d9f-40c1-bfc6-54f3d97c69ae/element/4e019223-30e8-4349-b5c5-9d59d1378729/location[39m
[35m[HTTP][39m [90m{}[39m
[35m[W3C][39m Driver proxy active, passing request on via HTTP proxy
[35m[JSONWP Proxy][39m Replacing sessionId bfcdfa56-9e4f-4ba0-9cb5-63ef2253823a with 7de2eba3-4d9f-40c1-bfc6-54f3d97c69ae
[35m[HTTP][39m [37m<-- GET /wd/hub/session/7de2eba3-4d9f-40c1-bfc6-54f3d97c69ae/element/4e019223-30e8-4349-b5c5-9d59d1378729/location [39m[32m200[39m [90m63 ms - 88[39m
[35m[HTTP][39m [90m[39m
[35m[HTTP][39m [37m-->[39m [37mPOST[39m [37m/wd/hub/session/7de2eba3-4d9f-40c1-bfc6-54f3d97c69ae/element/4e019223-30e8-4349-b5c5-9d59d1378729/clear[39m
[35m[HTTP][39m [90m{"id":"4e019223-30e8-4349-b5c5-9d59d1378729"}[39m
[35m[HTTP][39m [37m<-- POST /wd/hub/session/7de2eba3-4d9f-40c1-bfc6-54f3d97c69ae/element/4e019223-30e8-4349-b5c5-9d59d1378729/clear [39m[32m200[39m [90m116 ms - 89[39m
[35m[HTTP][39m [90m[39m
[35m[HTTP][39m [37m-->[39m [37mPOST[39m [37m/wd/hub/session/7de2eba3-4d9f-40c1-bfc6-54f3d97c69ae/element/4e019223-30e8-4349-b5c5-9d59d1378729/value[39m
[35m[HTTP][39m [90m{"id":"4e019223-30e8-4349-b5c5-9d59d1378729","value":["3314"]}[39m
[35m[HTTP][39m [37m<-- POST /wd/hub/session/7de2eba3-4d9f-40c1-bfc6-54f3d97c69ae/element/4e019223-30e8-4349-b5c5-9d59d1378729/value [39m[32m200[39m [90m1804 ms - 74[39m
[35m[HTTP][39m [90m[39m
[35m[HTTP][39m [37m-->[39m [37mGET[39m [37m/wd/hub/session/7de2eba3-4d9f-40c1-bfc6-54f3d97c69ae/window/current/size[39m
[35m[HTTP][39m [90m{}[39m
[35m[W3C][39m Driver proxy active, passing request on via HTTP proxy
[35m[JSONWP Proxy][39m Replacing sessionId bfcdfa56-9e4f-4ba0-9cb5-63ef2253823a with 7de2eba3-4d9f-40c1-bfc6-54f3d97c69ae
[35m[HTTP][39m [37m<-- GET /wd/hub/session/7de2eba3-4d9f-40c1-bfc6-54f3d97c69ae/window/current/size [39m[32m200[39m [90m45 ms - 100[39m
[35m[HTTP][39m [90m[39m
[35m[HTTP][39m [37m-->[39m [37mPOST[39m [37m/wd/hub/session/7de2eba3-4d9f-40c1-bfc6-54f3d97c69ae/elements[39m
[35m[HTTP][39m [90m{"using":"-android uiautomator","value":"new UiSelector().className(\"android.widget.LinearLayout\").resourceId(\"com.msteam.floors.nsu:id/search_view_item\").instance(5)"}[39m
[35m[HTTP][39m [37m<-- POST /wd/hub/session/7de2eba3-4d9f-40c1-bfc6-54f3d97c69ae/elements [39m[32m200[39m [90m701 ms - 124[39m
[35m[HTTP][39m [90m[39m
[35m[HTTP][39m [37m-->[39m [37mGET[39m [37m/wd/hub/session/7de2eba3-4d9f-40c1-bfc6-54f3d97c69ae[39m
[35m[HTTP][39m [90m{}[39m
[35m[HTTP][39m [37m<-- GET /wd/hub/session/7de2eba3-4d9f-40c1-bfc6-54f3d97c69ae [39m[32m200[39m [90m27 ms - 1266[39m
[35m[HTTP][39m [90m[39m
[35m[HTTP][39m [37m-->[39m [37mGET[39m [37m/wd/hub/session/7de2eba3-4d9f-40c1-bfc6-54f3d97c69ae[39m
[35m[HTTP][39m [90m{}[39m
[35m[HTTP][39m [37m<-- GET /wd/hub/session/7de2eba3-4d9f-40c1-bfc6-54f3d97c69ae [39m[32m200[39m [90m26 ms - 1266[39m
[35m[HTTP][39m [90m[39m
[35m[HTTP][39m [37m-->[39m [37mGET[39m [37m/wd/hub/session/7de2eba3-4d9f-40c1-bfc6-54f3d97c69ae[39m
[35m[HTTP][39m [90m{}[39m
[35m[HTTP][39m [37m<-- GET /wd/hub/session/7de2eba3-4d9f-40c1-bfc6-54f3d97c69ae [39m[32m200[39m [90m27 ms - 1266[39m
[35m[HTTP][39m [90m[39m
[35m[HTTP][39m [37m-->[39m [37mGET[39m [37m/wd/hub/session/7de2eba3-4d9f-40c1-bfc6-54f3d97c69ae[39m
[35m[HTTP][39m [90m{}[39m
[35m[HTTP][39m [37m<-- GET /wd/hub/session/7de2eba3-4d9f-40c1-bfc6-54f3d97c69ae [39m[32m200[39m [90m26 ms - 1266[39m
[35m[HTTP][39m [90m[39m
[35m[HTTP][39m [37m-->[39m [37mGET[39m [37m/wd/hub/session/7de2eba3-4d9f-40c1-bfc6-54f3d97c69ae/element/d43ee0c1-eee3-4455-a28f-63e44c8da593/location[39m
[35m[HTTP][39m [90m{}[39m
[35m[W3C][39m Driver proxy active, passing request on via HTTP proxy
[35m[JSONWP Proxy][39m Replacing sessionId bfcdfa56-9e4f-4ba0-9cb5-63ef2253823a with 7de2eba3-4d9f-40c1-bfc6-54f3d97c69ae
[35m[HTTP][39m [37m<-- GET /wd/hub/session/7de2eba3-4d9f-40c1-bfc6-54f3d97c69ae/element/d43ee0c1-eee3-4455-a28f-63e44c8da593/location [39m[32m200[39m [90m58 ms - 88[39m
[35m[HTTP][39m [90m[39m
[35m[HTTP][39m [37m-->[39m [37mPOST[39m [37m/wd/hub/session/7de2eba3-4d9f-40c1-bfc6-54f3d97c69ae/touch/perform[39m
[35m[HTTP][39m [90m{"actions":[{"action":"tap","options":{"element":"d43ee0c1-eee3-4455-a28f-63e44c8da593","x":1,"y":1}}]}[39m
[35m[UiAutomator2][39m calling get location: d43ee0c1-eee3-4455-a28f-63e44c8da593
[35m[HTTP][39m [37m<-- POST /wd/hub/session/7de2eba3-4d9f-40c1-bfc6-54f3d97c69ae/touch/perform [39m[32m200[39m [90m1588 ms - 76[39m
[35m[HTTP][39m [90m[39m
[35m[HTTP][39m [37m-->[39m [37mGET[39m [37m/wd/hub/session/7de2eba3-4d9f-40c1-bfc6-54f3d97c69ae/window/current/size[39m
[35m[HTTP][39m [90m{}[39m
[35m[W3C][39m Driver proxy active, passing request on via HTTP proxy
[35m[JSONWP Proxy][39m Replacing sessionId bfcdfa56-9e4f-4ba0-9cb5-63ef2253823a with 7de2eba3-4d9f-40c1-bfc6-54f3d97c69ae
[35m[HTTP][39m [37m<-- GET /wd/hub/session/7de2eba3-4d9f-40c1-bfc6-54f3d97c69ae/window/current/size [39m[32m200[39m [90m48 ms - 100[39m
[35m[HTTP][39m [90m[39m
[35m[HTTP][39m [37m-->[39m [37mPOST[39m [37m/wd/hub/session/7de2eba3-4d9f-40c1-bfc6-54f3d97c69ae/elements[39m
[35m[HTTP][39m [90m{"using":"-android uiautomator","value":"new UiSelector().className(\"android.widget.Button\").text(\"МАРШРУТ\").instance(0)"}[39m
[35m[HTTP][39m [37m<-- POST /wd/hub/session/7de2eba3-4d9f-40c1-bfc6-54f3d97c69ae/elements [39m[32m200[39m [90m1292 ms - 124[39m
[35m[HTTP][39m [90m[39m
[35m[HTTP][39m [37m-->[39m [37mGET[39m [37m/wd/hub/session/7de2eba3-4d9f-40c1-bfc6-54f3d97c69ae[39m
[35m[HTTP][39m [90m{}[39m
[35m[HTTP][39m [37m<-- GET /wd/hub/session/7de2eba3-4d9f-40c1-bfc6-54f3d97c69ae [39m[32m200[39m [90m29 ms - 1266[39m
[35m[HTTP][39m [90m[39m
[35m[HTTP][39m [37m-->[39m [37mGET[39m [37m/wd/hub/session/7de2eba3-4d9f-40c1-bfc6-54f3d97c69ae[39m
[35m[HTTP][39m [90m{}[39m
[35m[HTTP][39m [37m<-- GET /wd/hub/session/7de2eba3-4d9f-40c1-bfc6-54f3d97c69ae [39m[32m200[39m [90m28 ms - 1266[39m
[35m[HTTP][39m [90m[39m
[35m[HTTP][39m [37m-->[39m [37mGET[39m [37m/wd/hub/session/7de2eba3-4d9f-40c1-bfc6-54f3d97c69ae[39m
[35m[HTTP][39m [90m{}[39m
[35m[HTTP][39m [37m<-- GET /wd/hub/session/7de2eba3-4d9f-40c1-bfc6-54f3d97c69ae [39m[32m200[39m [90m31 ms - 1266[39m
[35m[HTTP][39m [90m[39m
[35m[HTTP][39m [37m-->[39m [37mGET[39m [37m/wd/hub/session/7de2eba3-4d9f-40c1-bfc6-54f3d97c69ae[39m
[35m[HTTP][39m [90m{}[39m
[35m[HTTP][39m [37m<-- GET /wd/hub/session/7de2eba3-4d9f-40c1-bfc6-54f3d97c69ae [39m[32m200[39m [90m27 ms - 1266[39m
[35m[HTTP][39m [90m[39m
[35m[HTTP][39m [37m-->[39m [37mGET[39m [37m/wd/hub/session/7de2eba3-4d9f-40c1-bfc6-54f3d97c69ae/element/efc32c48-9bcb-404c-88a0-aa959790782f/location[39m
[35m[HTTP][39m [90m{}[39m
[35m[W3C][39m Driver proxy active, passing request on via HTTP proxy
[35m[JSONWP Proxy][39m Replacing sessionId bfcdfa56-9e4f-4ba0-9cb5-63ef2253823a with 7de2eba3-4d9f-40c1-bfc6-54f3d97c69ae
[35m[HTTP][39m [37m<-- GET /wd/hub/session/7de2eba3-4d9f-40c1-bfc6-54f3d97c69ae/element/efc32c48-9bcb-404c-88a0-aa959790782f/location [39m[32m200[39m [90m65 ms - 90[39m
[35m[HTTP][39m [90m[39m
[35m[HTTP][39m [37m-->[39m [37mPOST[39m [37m/wd/hub/session/7de2eba3-4d9f-40c1-bfc6-54f3d97c69ae/touch/perform[39m
[35m[HTTP][39m [90m{"actions":[{"action":"tap","options":{"element":"efc32c48-9bcb-404c-88a0-aa959790782f","x":1,"y":1}}]}[39m
[35m[UiAutomator2][39m calling get location: efc32c48-9bcb-404c-88a0-aa959790782f
[35m[HTTP][39m [37m<-- POST /wd/hub/session/7de2eba3-4d9f-40c1-bfc6-54f3d97c69ae/touch/perform [39m[32m200[39m [90m1113 ms - 76[39m
[35m[HTTP][39m [90m[39m
[35m[HTTP][39m [37m-->[39m [37mGET[39m [37m/wd/hub/session/7de2eba3-4d9f-40c1-bfc6-54f3d97c69ae/window/current/size[39m
[35m[HTTP][39m [90m{}[39m
[35m[W3C][39m Driver proxy active, passing request on via HTTP proxy
[35m[JSONWP Proxy][39m Replacing sessionId bfcdfa56-9e4f-4ba0-9cb5-63ef2253823a with 7de2eba3-4d9f-40c1-bfc6-54f3d97c69ae
[35m[HTTP][39m [37m<-- GET /wd/hub/session/7de2eba3-4d9f-40c1-bfc6-54f3d97c69ae/window/current/size [39m[32m200[39m [90m40 ms - 100[39m
[35m[HTTP][39m [90m[39m
[35m[HTTP][39m [37m-->[39m [37mPOST[39m [37m/wd/hub/session/7de2eba3-4d9f-40c1-bfc6-54f3d97c69ae/elements[39m
[35m[HTTP][39m [90m{"using":"-android uiautomator","value":"new UiSelector().className(\"TextInputLayout\").text(\"Начало маршрута\").resourceId(\"com.msteam.floors.nsu:id/tilFrom\").instance(0)"}[39m
[35m[HTTP][39m [37m<-- POST /wd/hub/session/7de2eba3-4d9f-40c1-bfc6-54f3d97c69ae/elements [39m[32m200[39m [90m158 ms - 124[39m
[35m[HTTP][39m [90m[39m
[35m[HTTP][39m [37m-->[39m [37mGET[39m [37m/wd/hub/session/7de2eba3-4d9f-40c1-bfc6-54f3d97c69ae[39m
[35m[HTTP][39m [90m{}[39m
[35m[HTTP][39m [37m<-- GET /wd/hub/session/7de2eba3-4d9f-40c1-bfc6-54f3d97c69ae [39m[32m200[39m [90m29 ms - 1266[39m
[35m[HTTP][39m [90m[39m
[35m[HTTP][39m [37m-->[39m [37mGET[39m [37m/wd/hub/session/7de2eba3-4d9f-40c1-bfc6-54f3d97c69ae[39m
[35m[HTTP][39m [90m{}[39m
[35m[HTTP][39m [37m<-- GET /wd/hub/session/7de2eba3-4d9f-40c1-bfc6-54f3d97c69ae [39m[32m200[39m [90m29 ms - 1266[39m
[35m[HTTP][39m [90m[39m
[35m[HTTP][39m [37m-->[39m [37mGET[39m [37m/wd/hub/session/7de2eba3-4d9f-40c1-bfc6-54f3d97c69ae[39m
[35m[HTTP][39m [90m{}[39m
[35m[HTTP][39m [37m<-- GET /wd/hub/session/7de2eba3-4d9f-40c1-bfc6-54f3d97c69ae [39m[32m200[39m [90m30 ms - 1266[39m
[35m[HTTP][39m [90m[39m
[35m[HTTP][39m [37m-->[39m [37mGET[39m [37m/wd/hub/session/7de2eba3-4d9f-40c1-bfc6-54f3d97c69ae[39m
[35m[HTTP][39m [90m{}[39m
[35m[HTTP][39m [37m<-- GET /wd/hub/session/7de2eba3-4d9f-40c1-bfc6-54f3d97c69ae [39m[32m200[39m [90m30 ms - 1266[39m
[35m[HTTP][39m [90m[39m
[35m[HTTP][39m [37m-->[39m [37mGET[39m [37m/wd/hub/session/7de2eba3-4d9f-40c1-bfc6-54f3d97c69ae/element/a7c56ef9-5056-4502-8267-f31a1700dfe3/location[39m
[35m[HTTP][39m [90m{}[39m
[35m[W3C][39m Driver proxy active, passing request on via HTTP proxy
[35m[JSONWP Proxy][39m Replacing sessionId bfcdfa56-9e4f-4ba0-9cb5-63ef2253823a with 7de2eba3-4d9f-40c1-bfc6-54f3d97c69ae
[35m[HTTP][39m [37m<-- GET /wd/hub/session/7de2eba3-4d9f-40c1-bfc6-54f3d97c69ae/element/a7c56ef9-5056-4502-8267-f31a1700dfe3/location [39m[32m200[39m [90m64 ms - 90[39m
[35m[HTTP][39m [90m[39m
[35m[HTTP][39m [37m-->[39m [37mPOST[39m [37m/wd/hub/session/7de2eba3-4d9f-40c1-bfc6-54f3d97c69ae/touch/perform[39m
[35m[HTTP][39m [90m{"actions":[{"action":"tap","options":{"element":"a7c56ef9-5056-4502-8267-f31a1700dfe3","x":1,"y":1}}]}[39m
[35m[UiAutomator2][39m calling get location: a7c56ef9-5056-4502-8267-f31a1700dfe3
[35m[HTTP][39m [37m<-- POST /wd/hub/session/7de2eba3-4d9f-40c1-bfc6-54f3d97c69ae/touch/perform [39m[32m200[39m [90m1267 ms - 76[39m
[35m[HTTP][39m [90m[39m
[35m[HTTP][39m [37m-->[39m [37mGET[39m [37m/wd/hub/session/7de2eba3-4d9f-40c1-bfc6-54f3d97c69ae/window/current/size[39m
[35m[HTTP][39m [90m{}[39m
[35m[W3C][39m Driver proxy active, passing request on via HTTP proxy
[35m[JSONWP Proxy][39m Replacing sessionId bfcdfa56-9e4f-4ba0-9cb5-63ef2253823a with 7de2eba3-4d9f-40c1-bfc6-54f3d97c69ae
[35m[HTTP][39m [37m<-- GET /wd/hub/session/7de2eba3-4d9f-40c1-bfc6-54f3d97c69ae/window/current/size [39m[32m200[39m [90m65 ms - 100[39m
[35m[HTTP][39m [90m[39m
[35m[HTTP][39m [37m-->[39m [37mPOST[39m [37m/wd/hub/session/7de2eba3-4d9f-40c1-bfc6-54f3d97c69ae/elements[39m
[35m[HTTP][39m [90m{"using":"-android uiautomator","value":"new UiSelector().className(\"android.widget.EditText\").resourceId(\"com.msteam.floors.nsu:id/labelFrom\").instance(1)"}[39m
[35m[HTTP][39m [37m<-- POST /wd/hub/session/7de2eba3-4d9f-40c1-bfc6-54f3d97c69ae/elements [39m[32m200[39m [90m156 ms - 124[39m
[35m[HTTP][39m [90m[39m
[35m[HTTP][39m [37m-->[39m [37mGET[39m [37m/wd/hub/session/7de2eba3-4d9f-40c1-bfc6-54f3d97c69ae[39m
[35m[HTTP][39m [90m{}[39m
[35m[HTTP][39m [37m<-- GET /wd/hub/session/7de2eba3-4d9f-40c1-bfc6-54f3d97c69ae [39m[32m200[39m [90m28 ms - 1266[39m
[35m[HTTP][39m [90m[39m
[35m[HTTP][39m [37m-->[39m [37mGET[39m [37m/wd/hub/session/7de2eba3-4d9f-40c1-bfc6-54f3d97c69ae[39m
[35m[HTTP][39m [90m{}[39m
[35m[HTTP][39m [37m<-- GET /wd/hub/session/7de2eba3-4d9f-40c1-bfc6-54f3d97c69ae [39m[32m200[39m [90m27 ms - 1266[39m
[35m[HTTP][39m [90m[39m
[35m[HTTP][39m [37m-->[39m [37mGET[39m [37m/wd/hub/session/7de2eba3-4d9f-40c1-bfc6-54f3d97c69ae[39m
[35m[HTTP][39m [90m{}[39m
[35m[HTTP][39m [37m<-- GET /wd/hub/session/7de2eba3-4d9f-40c1-bfc6-54f3d97c69ae [39m[32m200[39m [90m25 ms - 1266[39m
[35m[HTTP][39m [90m[39m
[35m[HTTP][39m [37m-->[39m [37mGET[39m [37m/wd/hub/session/7de2eba3-4d9f-40c1-bfc6-54f3d97c69ae[39m
[35m[HTTP][39m [90m{}[39m
[35m[HTTP][39m [37m<-- GET /wd/hub/session/7de2eba3-4d9f-40c1-bfc6-54f3d97c69ae [39m[32m200[39m [90m30 ms - 1266[39m
[35m[HTTP][39m [90m[39m
[35m[HTTP][39m [37m-->[39m [37mGET[39m [37m/wd/hub/session/7de2eba3-4d9f-40c1-bfc6-54f3d97c69ae/element/3709d7fe-8005-4e3c-9cbb-3e5bc2a6845c/location[39m
[35m[HTTP][39m [90m{}[39m
[35m[W3C][39m Driver proxy active, passing request on via HTTP proxy
[35m[JSONWP Proxy][39m Replacing sessionId bfcdfa56-9e4f-4ba0-9cb5-63ef2253823a with 7de2eba3-4d9f-40c1-bfc6-54f3d97c69ae
[35m[HTTP][39m [37m<-- GET /wd/hub/session/7de2eba3-4d9f-40c1-bfc6-54f3d97c69ae/element/3709d7fe-8005-4e3c-9cbb-3e5bc2a6845c/location [39m[32m200[39m [90m68 ms - 89[39m
[35m[HTTP][39m [90m[39m
[35m[HTTP][39m [37m-->[39m [37mPOST[39m [37m/wd/hub/session/7de2eba3-4d9f-40c1-bfc6-54f3d97c69ae/element/3709d7fe-8005-4e3c-9cbb-3e5bc2a6845c/clear[39m
[35m[HTTP][39m [90m{"id":"3709d7fe-8005-4e3c-9cbb-3e5bc2a6845c"}[39m
[35m[HTTP][39m [37m<-- POST /wd/hub/session/7de2eba3-4d9f-40c1-bfc6-54f3d97c69ae/element/3709d7fe-8005-4e3c-9cbb-3e5bc2a6845c/clear [39m[32m200[39m [90m114 ms - 89[39m
[35m[HTTP][39m [90m[39m
[35m[HTTP][39m [37m-->[39m [37mPOST[39m [37m/wd/hub/session/7de2eba3-4d9f-40c1-bfc6-54f3d97c69ae/element/3709d7fe-8005-4e3c-9cbb-3e5bc2a6845c/value[39m
[35m[HTTP][39m [90m{"id":"3709d7fe-8005-4e3c-9cbb-3e5bc2a6845c","value":["1245"]}[39m
[35m[HTTP][39m [37m<-- POST /wd/hub/session/7de2eba3-4d9f-40c1-bfc6-54f3d97c69ae/element/3709d7fe-8005-4e3c-9cbb-3e5bc2a6845c/value [39m[32m200[39m [90m928 ms - 74[39m
[35m[HTTP][39m [90m[39m
[35m[HTTP][39m [37m-->[39m [37mGET[39m [37m/wd/hub/session/7de2eba3-4d9f-40c1-bfc6-54f3d97c69ae/window/current/size[39m
[35m[HTTP][39m [90m{}[39m
[35m[W3C][39m Driver proxy active, passing request on via HTTP proxy
[35m[JSONWP Proxy][39m Replacing sessionId bfcdfa56-9e4f-4ba0-9cb5-63ef2253823a with 7de2eba3-4d9f-40c1-bfc6-54f3d97c69ae
[35m[HTTP][39m [37m<-- GET /wd/hub/session/7de2eba3-4d9f-40c1-bfc6-54f3d97c69ae/window/current/size [39m[32m200[39m [90m38 ms - 100[39m
[35m[HTTP][39m [90m[39m
[35m[HTTP][39m [37m-->[39m [37mPOST[39m [37m/wd/hub/session/7de2eba3-4d9f-40c1-bfc6-54f3d97c69ae/elements[39m
[35m[HTTP][39m [90m{"using":"-android uiautomator","value":"new UiSelector().className(\"android.widget.FrameLayout\").instance(9)"}[39m
[35m[HTTP][39m [37m<-- POST /wd/hub/session/7de2eba3-4d9f-40c1-bfc6-54f3d97c69ae/elements [39m[32m200[39m [90m898 ms - 124[39m
[35m[HTTP][39m [90m[39m
[35m[HTTP][39m [37m-->[39m [37mGET[39m [37m/wd/hub/session/7de2eba3-4d9f-40c1-bfc6-54f3d97c69ae[39m
[35m[HTTP][39m [90m{}[39m
[35m[HTTP][39m [37m<-- GET /wd/hub/session/7de2eba3-4d9f-40c1-bfc6-54f3d97c69ae [39m[32m200[39m [90m32 ms - 1266[39m
[35m[HTTP][39m [90m[39m
[35m[HTTP][39m [37m-->[39m [37mGET[39m [37m/wd/hub/session/7de2eba3-4d9f-40c1-bfc6-54f3d97c69ae[39m
[35m[HTTP][39m [90m{}[39m
[35m[HTTP][39m [37m<-- GET /wd/hub/session/7de2eba3-4d9f-40c1-bfc6-54f3d97c69ae [39m[32m200[39m [90m33 ms - 1266[39m
[35m[HTTP][39m [90m[39m
[35m[HTTP][39m [37m-->[39m [37mGET[39m [37m/wd/hub/session/7de2eba3-4d9f-40c1-bfc6-54f3d97c69ae[39m
[35m[HTTP][39m [90m{}[39m
[35m[HTTP][39m [37m<-- GET /wd/hub/session/7de2eba3-4d9f-40c1-bfc6-54f3d97c69ae [39m[32m200[39m [90m25 ms - 1266[39m
[35m[HTTP][39m [90m[39m
[35m[HTTP][39m [37m-->[39m [37mGET[39m [37m/wd/hub/session/7de2eba3-4d9f-40c1-bfc6-54f3d97c69ae[39m
[35m[HTTP][39m [90m{}[39m
[35m[HTTP][39m [37m<-- GET /wd/hub/session/7de2eba3-4d9f-40c1-bfc6-54f3d97c69ae [39m[32m200[39m [90m27 ms - 1266[39m
[35m[HTTP][39m [90m[39m
[35m[HTTP][39m [37m-->[39m [37mGET[39m [37m/wd/hub/session/7de2eba3-4d9f-40c1-bfc6-54f3d97c69ae/element/cfddc8df-f55c-420c-b4fb-9635f4f3b328/location[39m
[35m[HTTP][39m [90m{}[39m
[35m[W3C][39m Driver proxy active, passing request on via HTTP proxy
[35m[JSONWP Proxy][39m Replacing sessionId bfcdfa56-9e4f-4ba0-9cb5-63ef2253823a with 7de2eba3-4d9f-40c1-bfc6-54f3d97c69ae
[35m[HTTP][39m [37m<-- GET /wd/hub/session/7de2eba3-4d9f-40c1-bfc6-54f3d97c69ae/element/cfddc8df-f55c-420c-b4fb-9635f4f3b328/location [39m[32m200[39m [90m59 ms - 88[39m
[35m[HTTP][39m [90m[39m
[35m[HTTP][39m [37m-->[39m [37mPOST[39m [37m/wd/hub/session/7de2eba3-4d9f-40c1-bfc6-54f3d97c69ae/touch/perform[39m
[35m[HTTP][39m [90m{"actions":[{"action":"tap","options":{"element":"cfddc8df-f55c-420c-b4fb-9635f4f3b328","x":1,"y":1}}]}[39m
[35m[UiAutomator2][39m calling get location: cfddc8df-f55c-420c-b4fb-9635f4f3b328
[35m[HTTP][39m [37m<-- POST /wd/hub/session/7de2eba3-4d9f-40c1-bfc6-54f3d97c69ae/touch/perform [39m[32m200[39m [90m1973 ms - 76[39m
[35m[HTTP][39m [90m[39m
[35m[HTTP][39m [37m-->[39m [37mGET[39m [37m/wd/hub/session/7de2eba3-4d9f-40c1-bfc6-54f3d97c69ae/window/current/size[39m
[35m[HTTP][39m [90m{}[39m
[35m[W3C][39m Driver proxy active, passing request on via HTTP proxy
[35m[JSONWP Proxy][39m Replacing sessionId bfcdfa56-9e4f-4ba0-9cb5-63ef2253823a with 7de2eba3-4d9f-40c1-bfc6-54f3d97c69ae
[35m[HTTP][39m [37m<-- GET /wd/hub/session/7de2eba3-4d9f-40c1-bfc6-54f3d97c69ae/window/current/size [39m[32m200[39m [90m45 ms - 100[39m
[35m[HTTP][39m [90m[39m
[35m[HTTP][39m [37m-->[39m [37mPOST[39m [37m/wd/hub/session/7de2eba3-4d9f-40c1-bfc6-54f3d97c69ae/elements[39m
[35m[HTTP][39m [90m{"using":"-android uiautomator","value":"new UiSelector().className(\"android.widget.ImageButton\").resourceId(\"com.msteam.floors.nsu:id/fab\").instance(8)"}[39m
[35m[HTTP][39m [37m<-- POST /wd/hub/session/7de2eba3-4d9f-40c1-bfc6-54f3d97c69ae/elements [39m[32m200[39m [90m143 ms - 124[39m
[35m[HTTP][39m [90m[39m
[35m[HTTP][39m [37m-->[39m [37mGET[39m [37m/wd/hub/session/7de2eba3-4d9f-40c1-bfc6-54f3d97c69ae[39m
[35m[HTTP][39m [90m{}[39m
[35m[HTTP][39m [37m<-- GET /wd/hub/session/7de2eba3-4d9f-40c1-bfc6-54f3d97c69ae [39m[32m200[39m [90m27 ms - 1266[39m
[35m[HTTP][39m [90m[39m
[35m[HTTP][39m [37m-->[39m [37mGET[39m [37m/wd/hub/session/7de2eba3-4d9f-40c1-bfc6-54f3d97c69ae[39m
[35m[HTTP][39m [90m{}[39m
[35m[HTTP][39m [37m<-- GET /wd/hub/session/7de2eba3-4d9f-40c1-bfc6-54f3d97c69ae [39m[32m200[39m [90m31 ms - 1266[39m
[35m[HTTP][39m [90m[39m
[35m[HTTP][39m [37m-->[39m [37mGET[39m [37m/wd/hub/session/7de2eba3-4d9f-40c1-bfc6-54f3d97c69ae[39m
[35m[HTTP][39m [90m{}[39m
[35m[HTTP][39m [37m<-- GET /wd/hub/session/7de2eba3-4d9f-40c1-bfc6-54f3d97c69ae [39m[32m200[39m [90m25 ms - 1266[39m
[35m[HTTP][39m [90m[39m
[35m[HTTP][39m [37m-->[39m [37mGET[39m [37m/wd/hub/session/7de2eba3-4d9f-40c1-bfc6-54f3d97c69ae[39m
[35m[HTTP][39m [90m{}[39m
[35m[HTTP][39m [37m<-- GET /wd/hub/session/7de2eba3-4d9f-40c1-bfc6-54f3d97c69ae [39m[32m200[39m [90m26 ms - 1266[39m
[35m[HTTP][39m [90m[39m
[35m[HTTP][39m [37m-->[39m [37mGET[39m [37m/wd/hub/session/7de2eba3-4d9f-40c1-bfc6-54f3d97c69ae/element/1012dbc6-8318-47eb-97bc-5ee6561b2861/location[39m
[35m[HTTP][39m [90m{}[39m
[35m[W3C][39m Driver proxy active, passing request on via HTTP proxy
[35m[JSONWP Proxy][39m Replacing sessionId bfcdfa56-9e4f-4ba0-9cb5-63ef2253823a with 7de2eba3-4d9f-40c1-bfc6-54f3d97c69ae
[35m[HTTP][39m [37m<-- GET /wd/hub/session/7de2eba3-4d9f-40c1-bfc6-54f3d97c69ae/element/1012dbc6-8318-47eb-97bc-5ee6561b2861/location [39m[32m200[39m [90m53 ms - 90[39m
[35m[HTTP][39m [90m[39m
[35m[HTTP][39m [37m-->[39m [37mPOST[39m [37m/wd/hub/session/7de2eba3-4d9f-40c1-bfc6-54f3d97c69ae/touch/perform[39m
[35m[HTTP][39m [90m{"actions":[{"action":"tap","options":{"element":"1012dbc6-8318-47eb-97bc-5ee6561b2861","x":1,"y":1}}]}[39m
[35m[UiAutomator2][39m calling get location: 1012dbc6-8318-47eb-97bc-5ee6561b2861
[35m[HTTP][39m [37m<-- POST /wd/hub/session/7de2eba3-4d9f-40c1-bfc6-54f3d97c69ae/touch/perform [39m[32m200[39m [90m1289 ms - 76[39m
[35m[HTTP][39m [90m[39m
[35m[BaseDriver][39m Shutting down because we waited 1800 seconds for a command
[35m[Appium][39m Closing session, cause was 'New Command Timeout of 1800 seconds expired. Try customizing the timeout using the 'newCommandTimeout' desired capability'
[35m[Appium][39m Removing session 7de2eba3-4d9f-40c1-bfc6-54f3d97c69ae from our master session list
[35m[UiAutomator2][39m Did not get confirmation UiAutomator2 deleteSession worked; Error was: ProxyRequestError: Could not proxy command to remote server. Original error: Error: read ECONNRESET
